<?xml version="1.0" encoding="UTF-8"?>
<testsuites xmlns:a="http://www.gallio.org/" xmlns:functx="http://www.functx.com">
   <testsuite skipped="0" failures="0" errors="0" time="0" tests="2"
              name="iCRM.Framework.Test.Converters.ViewModeToVisibilityConverterTest">
      <testcase time="0" name="ViewModeToVisibilityConverterConvertBackTest"
                classname="iCRM.Framework.Test.Converters.ViewModeToVisibilityConverterTest"/>
      <testcase time="0" name="ViewModeToVisibilityConverterConvertTest"
                classname="iCRM.Framework.Test.Converters.ViewModeToVisibilityConverterTest"/>
   </testsuite>
   <testsuite skipped="0" failures="0" errors="0" time="0" tests="3"
              name="iCRM.Framework.Test.iCRMGoogleGeoServiceTest">
      <testcase time="0" name="GoToTest"
                classname="iCRM.Framework.Test.iCRMGoogleGeoServiceTest"/>
      <testcase time="0" name="iCRMGoogleGeoServiceConstructorTest"
                classname="iCRM.Framework.Test.iCRMGoogleGeoServiceTest"/>
      <testcase time="0" name="PrepareAddressTest"
                classname="iCRM.Framework.Test.iCRMGoogleGeoServiceTest"/>
   </testsuite>
   <testsuite skipped="0" failures="0" errors="0" time="0" tests="6"
              name="iCRM.Framework.Test.Services.iCRMLoggerTest">
      <testcase time="0" name="ILoggerAccessDeniedTest"
                classname="iCRM.Framework.Test.Services.iCRMLoggerTest"/>
      <testcase time="0" name="ILoggerPerformanceServiceTest"
                classname="iCRM.Framework.Test.Services.iCRMLoggerTest"/>
      <testcase time="0" name="ILoggerFailureServiceTest"
                classname="iCRM.Framework.Test.Services.iCRMLoggerTest"/>
      <testcase time="0" name="ILoggerPerformanceCommandTest"
                classname="iCRM.Framework.Test.Services.iCRMLoggerTest"/>
      <testcase time="0" name="ILoggerErrorMemberTest"
                classname="iCRM.Framework.Test.Services.iCRMLoggerTest"/>
      <testcase time="0" name="ILoggerFailureCommandTest"
                classname="iCRM.Framework.Test.Services.iCRMLoggerTest"/>
   </testsuite>
   <testsuite skipped="0" failures="0" errors="0" time="0" tests="2"
              name="iCRM.Framework.Test.Converters.BoolToVisibilityConverterTest">
      <testcase time="0" name="BoolToVisibilityConverterConvertBackTest"
                classname="iCRM.Framework.Test.Converters.BoolToVisibilityConverterTest"/>
      <testcase time="0" name="BoolToVisibilityConverterConvertTest"
                classname="iCRM.Framework.Test.Converters.BoolToVisibilityConverterTest"/>
   </testsuite>
   <testsuite skipped="0" failures="0" errors="0" time="0" tests="2"
              name="iCRM.Framework.Test.Converters.BoolToOrientationHorizontalConverterTest">
      <testcase time="0" name="BoolToOrientationHorizontalConverterConvertBackTest"
                classname="iCRM.Framework.Test.Converters.BoolToOrientationHorizontalConverterTest"/>
      <testcase time="0" name="BoolToOrientationHorizontalConverterConvertTest"
                classname="iCRM.Framework.Test.Converters.BoolToOrientationHorizontalConverterTest"/>
   </testsuite>
   <testsuite skipped="0" failures="0" errors="0" time="0" tests="2"
              name="iCRM.Framework.Test.Converters.NullToHiddenConverterTest">
      <testcase time="0" name="NullToHiddenConverterConvertBackTest"
                classname="iCRM.Framework.Test.Converters.NullToHiddenConverterTest"/>
      <testcase time="0" name="NullToHiddenConverterConvertTest"
                classname="iCRM.Framework.Test.Converters.NullToHiddenConverterTest"/>
   </testsuite>
   <testsuite skipped="0" failures="0" errors="0" time="0" tests="12"
              name="iCRM.Framework.Test.ConfigurationElementCollectionTest">
      <testcase time="0" name="AddTest"
                classname="iCRM.Framework.Test.ConfigurationElementCollectionTest"/>
      <testcase time="0" name="CountTest"
                classname="iCRM.Framework.Test.ConfigurationElementCollectionTest"/>
      <testcase time="0" name="CreateNewElementTest"
                classname="iCRM.Framework.Test.ConfigurationElementCollectionTest"/>
      <testcase time="0" name="GetElementKeyTest"
                classname="iCRM.Framework.Test.ConfigurationElementCollectionTest"/>
      <testcase time="0" name="BaseAddTest"
                classname="iCRM.Framework.Test.ConfigurationElementCollectionTest"/>
      <testcase time="0" name="RemoveAtTest"
                classname="iCRM.Framework.Test.ConfigurationElementCollectionTest"/>
      <testcase time="0" name="ConfigurationElementCollectionConstructorTest"
                classname="iCRM.Framework.Test.ConfigurationElementCollectionTest"/>
      <testcase time="0" name="ItemByIndexTest"
                classname="iCRM.Framework.Test.ConfigurationElementCollectionTest"/>
      <testcase time="0" name="ClearTest"
                classname="iCRM.Framework.Test.ConfigurationElementCollectionTest"/>
      <testcase time="0" name="IndexOfTest"
                classname="iCRM.Framework.Test.ConfigurationElementCollectionTest"/>
      <testcase time="0" name="RemoveTest"
                classname="iCRM.Framework.Test.ConfigurationElementCollectionTest"/>
      <testcase time="0" name="ItemTest"
                classname="iCRM.Framework.Test.ConfigurationElementCollectionTest"/>
   </testsuite>
   <testsuite skipped="0" failures="0" errors="0" time="0" tests="2"
              name="iCRM.Framework.Test.Converters.FallbackValueConverterTest">
      <testcase time="0" name="FallbackValueConverterConvertBackTest"
                classname="iCRM.Framework.Test.Converters.FallbackValueConverterTest"/>
      <testcase time="0" name="FallbackValueConverterConvertTest"
                classname="iCRM.Framework.Test.Converters.FallbackValueConverterTest"/>
   </testsuite>
   <testsuite skipped="0" failures="0" errors="0" time="0" tests="2"
              name="iCRM.Framework.Test.Converters.ComputeRightDateConverterTest">
      <testcase time="0" name="ComputeRightDateConverterConvertBackTest"
                classname="iCRM.Framework.Test.Converters.ComputeRightDateConverterTest"/>
      <testcase time="0" name="ComputeRightDateConverterConvertTest"
                classname="iCRM.Framework.Test.Converters.ComputeRightDateConverterTest"/>
   </testsuite>
   <testsuite skipped="0" failures="0" errors="0" time="0" tests="2"
              name="iCRM.Framework.Test.Converters.NotNullToVisibilityConverterTest">
      <testcase time="0" name="NotNullToVisibilityConverterConvertBackTest"
                classname="iCRM.Framework.Test.Converters.NotNullToVisibilityConverterTest"/>
      <testcase time="0" name="NotNullToVisibilityConverterConvertTest"
                classname="iCRM.Framework.Test.Converters.NotNullToVisibilityConverterTest"/>
   </testsuite>
   <testsuite skipped="0" failures="0" errors="0" time="0" tests="2"
              name="iCRM.Framework.Test.Converters.NullOrEmptyStringToBoolConverterTest">
      <testcase time="0" name="NullOrEmptyStringToBoolConverterConvertBackTest"
                classname="iCRM.Framework.Test.Converters.NullOrEmptyStringToBoolConverterTest"/>
      <testcase time="0" name="NullOrEmptyStringToBoolConverterConvertTest"
                classname="iCRM.Framework.Test.Converters.NullOrEmptyStringToBoolConverterTest"/>
   </testsuite>
   <testsuite skipped="0" failures="0" errors="0" time="0" tests="2"
              name="iCRM.Framework.Test.Converters.BoolToBoldConverterTest">
      <testcase time="0" name="BoolToBoldConverterTestConvertTest"
                classname="iCRM.Framework.Test.Converters.BoolToBoldConverterTest"/>
      <testcase time="0" name="BoolToBoldConverterConvertBackTest"
                classname="iCRM.Framework.Test.Converters.BoolToBoldConverterTest"/>
   </testsuite>
   <testsuite skipped="0" failures="0" errors="0" time="0" tests="2"
              name="iCRM.Framework.Test.Converters.LogicalAndConverterTest">
      <testcase time="0" name="LogicalAndConverterConvertBackTest"
                classname="iCRM.Framework.Test.Converters.LogicalAndConverterTest"/>
      <testcase time="0" name="LogicalAndConverterConvertTest"
                classname="iCRM.Framework.Test.Converters.LogicalAndConverterTest"/>
   </testsuite>
   <testsuite skipped="0" failures="0" errors="0" time="0" tests="5"
              name="iCRM.Framework.Test.Models.ModelTest">
      <testcase time="0" name="ErrorTest" classname="iCRM.Framework.Test.Models.ModelTest"/>
      <testcase time="0" name="EntityNameTest" classname="iCRM.Framework.Test.Models.ModelTest"/>
      <testcase time="0" name="CancelEditTest" classname="iCRM.Framework.Test.Models.ModelTest"/>
      <testcase time="0" name="TestGetHachecode"
                classname="iCRM.Framework.Test.Models.ModelTest"/>
      <testcase time="0" name="IsValidTest" classname="iCRM.Framework.Test.Models.ModelTest"/>
   </testsuite>
   <testsuite skipped="0" failures="0" errors="0" time="0" tests="3"
              name="iCRM.Framework.Test.iCRMBingGeoServiceTest">
      <testcase time="0" name="PrepareAddressTest"
                classname="iCRM.Framework.Test.iCRMBingGeoServiceTest"/>
      <testcase time="0" name="GoToTest" classname="iCRM.Framework.Test.iCRMBingGeoServiceTest"/>
      <testcase time="0" name="iCRMBingGeoServiceConstructorTest"
                classname="iCRM.Framework.Test.iCRMBingGeoServiceTest"/>
   </testsuite>
   <testsuite skipped="0" failures="0" errors="0" time="0" tests="3"
              name="iCRM.Framework.Test.ValidationRules.CheckApplicationRexexSimpleTest">
      <testcase time="0" name="CorrectTest"
                classname="iCRM.Framework.Test.ValidationRules.CheckApplicationRexexSimpleTest"/>
      <testcase time="0" name="InCorrectTest"
                classname="iCRM.Framework.Test.ValidationRules.CheckApplicationRexexSimpleTest"/>
      <testcase time="0" name="NotTreatedTest"
                classname="iCRM.Framework.Test.ValidationRules.CheckApplicationRexexSimpleTest"/>
   </testsuite>
   <testsuite skipped="0" failures="0" errors="0" time="0" tests="2"
              name="iCRM.Framework.Test.Converters.DataWrapperConverterTest">
      <testcase time="0" name="DataWrapperConverterConvertTest"
                classname="iCRM.Framework.Test.Converters.DataWrapperConverterTest"/>
      <testcase time="0" name="DataWrapperConverterConvertBackTest"
                classname="iCRM.Framework.Test.Converters.DataWrapperConverterTest"/>
   </testsuite>
   <testsuite skipped="0" failures="0" errors="0" time="0" tests="2"
              name="iCRM.Framework.Test.Converters.DebugConverterTest">
      <testcase time="0" name="CDebugConverterConvertTest"
                classname="iCRM.Framework.Test.Converters.DebugConverterTest"/>
      <testcase time="0" name="DebugConverterConvertBackTest"
                classname="iCRM.Framework.Test.Converters.DebugConverterTest"/>
   </testsuite>
   <testsuite skipped="0" failures="0" errors="0" time="0" tests="2"
              name="iCRM.Framework.Test.Converters.ViewModeToBoolConverterTest">
      <testcase time="0" name="ViewModeToBoolConverterConvertTest"
                classname="iCRM.Framework.Test.Converters.ViewModeToBoolConverterTest"/>
      <testcase time="0" name="ViewModeToBoolConverterConvertBackTest"
                classname="iCRM.Framework.Test.Converters.ViewModeToBoolConverterTest"/>
   </testsuite>
   <testsuite skipped="0" failures="0" errors="0" time="0" tests="3"
              name="iCRM.Framework.Test.ContextProviderTest">
      <testcase time="0" name="ContextProviderConstructorTestWithKey"
                classname="iCRM.Framework.Test.ContextProviderTest"/>
      <testcase time="0" name="ContextProviderConstructorTest"
                classname="iCRM.Framework.Test.ContextProviderTest"/>
      <testcase time="0" name="IsDefaultTest"
                classname="iCRM.Framework.Test.ContextProviderTest"/>
   </testsuite>
   <testsuite skipped="0" failures="0" errors="0" time="0" tests="2"
              name="iCRM.Framework.Test.Converters.GetTypeConverterTest">
      <testcase time="0" name="GetTypeConverterConvertTest"
                classname="iCRM.Framework.Test.Converters.GetTypeConverterTest"/>
      <testcase time="0" name="GetTypeConverterConvertBackTest"
                classname="iCRM.Framework.Test.Converters.GetTypeConverterTest"/>
   </testsuite>
   <testsuite skipped="0" failures="0" errors="0" time="0" tests="3"
              name="iCRM.Framework.Test.ValidationRules.CheckApplicationRuleSimpleTest">
      <testcase time="0" name="CorrectTest"
                classname="iCRM.Framework.Test.ValidationRules.CheckApplicationRuleSimpleTest"/>
      <testcase time="0" name="NotTreatedTest"
                classname="iCRM.Framework.Test.ValidationRules.CheckApplicationRuleSimpleTest"/>
      <testcase time="0" name="IncorrectTest"
                classname="iCRM.Framework.Test.ValidationRules.CheckApplicationRuleSimpleTest"/>
   </testsuite>
   <testsuite skipped="0" failures="0" errors="0" time="0" tests="2"
              name="iCRM.Framework.Test.Converters.DisplayDateConverterTest">
      <testcase time="0" name="DisplayDateConverterConvertTest"
                classname="iCRM.Framework.Test.Converters.DisplayDateConverterTest"/>
      <testcase time="0" name="DisplayDateConverterConvertBackTest"
                classname="iCRM.Framework.Test.Converters.DisplayDateConverterTest"/>
   </testsuite>
   <testsuite skipped="0" failures="0" errors="0" time="0" tests="2"
              name="iCRM.Framework.Test.Converters.CheckBoxConverterTest">
      <testcase time="0" name="CheckBoxConverterConvertTest"
                classname="iCRM.Framework.Test.Converters.CheckBoxConverterTest"/>
      <testcase time="0" name="CheckBoxConverterConvertBackTest"
                classname="iCRM.Framework.Test.Converters.CheckBoxConverterTest"/>
   </testsuite>
   <testsuite skipped="0" failures="0" errors="0" time="0" tests="2"
              name="iCRM.Framework.Test.Converters.MenuIconConverterTest">
      <testcase time="0" name="MenuIconConverterConvertBackTest"
                classname="iCRM.Framework.Test.Converters.MenuIconConverterTest"/>
      <testcase time="0" name="MenuIconConverterConvertTest"
                classname="iCRM.Framework.Test.Converters.MenuIconConverterTest"/>
   </testsuite>
   <testsuite skipped="0" failures="0" errors="0" time="0" tests="2"
              name="iCRM.Framework.Test.Converters.DecimalToKilosMegasStringConverterTest">
      <testcase time="0" name="CDecimalToKilosMegasStringConverterConvertTest"
                classname="iCRM.Framework.Test.Converters.DecimalToKilosMegasStringConverterTest"/>
      <testcase time="0" name="DecimalToKilosMegasStringConverterConvertBackTest"
                classname="iCRM.Framework.Test.Converters.DecimalToKilosMegasStringConverterTest"/>
   </testsuite>
   <testsuite skipped="0" failures="0" errors="0" time="0" tests="1"
              name="iCRM.Framework.Test.Application.ApplicationInfoTest">
      <testcase time="0" name="GetApplicationInfoTest"
                classname="iCRM.Framework.Test.Application.ApplicationInfoTest"/>
   </testsuite>
   <testsuite skipped="0" failures="0" errors="0" time="0" tests="2"
              name="iCRM.Framework.Test.Converters.StringEmptyToNullConverterTest">
      <testcase time="0" name="StringEmptyToNullConverterConvertBackTest"
                classname="iCRM.Framework.Test.Converters.StringEmptyToNullConverterTest"/>
      <testcase time="0" name="StringEmptyToNullConverterConvertTest"
                classname="iCRM.Framework.Test.Converters.StringEmptyToNullConverterTest"/>
   </testsuite>
   <testsuite skipped="0" failures="0" errors="0" time="0" tests="2"
              name="iCRM.Framework.Test.Converters.BoolToToolBarSizeConverterTest">
      <testcase time="0" name="BoolToToolBarSizeConverterConvertBackTest"
                classname="iCRM.Framework.Test.Converters.BoolToToolBarSizeConverterTest"/>
      <testcase time="0" name="BoolToToolBarSizeConverterConvertTest"
                classname="iCRM.Framework.Test.Converters.BoolToToolBarSizeConverterTest"/>
   </testsuite>
   <testsuite skipped="0" failures="0" errors="0" time="0" tests="2"
              name="iCRM.Framework.Test.Converters.NullOrEmptyToStringConverterTest">
      <testcase time="0" name="NullOrEmptyToStringConverterConvertBackTest"
                classname="iCRM.Framework.Test.Converters.NullOrEmptyToStringConverterTest"/>
      <testcase time="0" name="NullOrEmptyToStringConverterConvertTest"
                classname="iCRM.Framework.Test.Converters.NullOrEmptyToStringConverterTest"/>
   </testsuite>
   <testsuite skipped="0" failures="0" errors="0" time="0" tests="2"
              name="iCRM.Framework.Test.Converters.BoolInverterConverterTest">
      <testcase time="0" name="BoolInverterConverterConvertTest"
                classname="iCRM.Framework.Test.Converters.BoolInverterConverterTest"/>
      <testcase time="0" name="BoolInverterConverterConvertBackTest"
                classname="iCRM.Framework.Test.Converters.BoolInverterConverterTest"/>
   </testsuite>
   <testsuite skipped="0" failures="0" errors="0" time="0" tests="2"
              name="iCRM.Framework.Test.Converters.NullToBoolConverterTest">
      <testcase time="0" name="NullToBoolConverterConvertTest"
                classname="iCRM.Framework.Test.Converters.NullToBoolConverterTest"/>
      <testcase time="0" name="NullToBoolConverterConvertBackTest"
                classname="iCRM.Framework.Test.Converters.NullToBoolConverterTest"/>
   </testsuite>
   <testsuite skipped="0" failures="0" errors="0" time="0" tests="1"
              name="iCRM.Framework.Test.Commanding.iCRMSimpleCommandTest">
      <testcase time="0" name="TestSimpleTest"
                classname="iCRM.Framework.Test.Commanding.iCRMSimpleCommandTest"/>
   </testsuite>
   <testsuite skipped="0" failures="0" errors="0" time="0" tests="8"
              name="iCRM.Models.Test.DealModelTest">
      <testcase time="0" name="TestAdvisoryStatus" classname="iCRM.Models.Test.DealModelTest"/>
      <testcase time="0" name="CheckGCMPricingForExecutedDeals"
                classname="iCRM.Models.Test.DealModelTest"/>
      <testcase time="0" name="CheckGCMSuccessProbability"
                classname="iCRM.Models.Test.DealModelTest"/>
      <testcase time="0" name="TestOtherProductMandatory"
                classname="iCRM.Models.Test.DealModelTest"/>
      <testcase time="0" name="CheckGCMStatus" classname="iCRM.Models.Test.DealModelTest"/>
      <testcase time="0" name="TestAdvisoryClosedReason"
                classname="iCRM.Models.Test.DealModelTest"/>
      <testcase time="0" name="TestDealStageManagement"
                classname="iCRM.Models.Test.DealModelTest"/>
      <testcase time="0" name="CheckGCMType" classname="iCRM.Models.Test.DealModelTest"/>
   </testsuite>
   <testsuite skipped="0" failures="0" errors="0" time="0" tests="1"
              name="iCRM.Models.IsMandatoryTest">
      <testcase time="0" name="MandatoryTest" classname="iCRM.Models.IsMandatoryTest"/>
   </testsuite>
   <testsuite skipped="0" failures="0" errors="0" time="0" tests="3"
              name="iCRM.Models.IsDirtyTest">
      <testcase time="0" name="IsDirtyForSimplePropertiesTest"
                classname="iCRM.Models.IsDirtyTest"/>
      <testcase time="0" name="CancelTest" classname="iCRM.Models.IsDirtyTest"/>
      <testcase time="0" name="IsDirtyForModelPropertiesTest"
                classname="iCRM.Models.IsDirtyTest"/>
   </testsuite>
   <testsuite skipped="0" failures="0" errors="0" time="0" tests="1"
              name="iCRM.Framework.Test.ValidationRules.CheckValidationRuleTest">
      <testcase time="0" name="CheckChildRuleTest"
                classname="iCRM.Framework.Test.ValidationRules.CheckValidationRuleTest"/>
   </testsuite>
   <testsuite skipped="0" failures="40" errors="0" time="0" tests="45"
              name="iCRM.Services.CRM.Test.DealTest">
      <testcase time="0" name="GetDealUserModels" classname="iCRM.Services.CRM.Test.DealTest">
         <failure message="Test method iCRM.Services.CRM.Test.DealTest.GetDealUserModels threw exception: &#xA;System.Exception: Assigning the value False on property new_isfeg entity Microsoft.Xrm.Client.CrmEntity to raise an exception. ---&gt; System.ArgumentException: The property logical name 'new_isfeg' does not exist. Ensure you have typed the name correctly or review your CRM schema.&#xA;Parameter name: propertyLogicalName&#xA;    at Microsoft.Xrm.Client.CrmEntity.SetPropertyValue(String propertyLogicalName, Object value)&#xA;   at Microsoft.Xrm.Client.CrmEntity.Microsoft.Xrm.Client.ICrmEntity.SetPropertyValue(String propertyLogicalName, Object value)&#xA;   at iCRM.Services.CRM.Extensions.ICrmEntityExtensions.iCrmSetPropertyValue(ICrmEntity entity, String propertyLogicalName, Object value) in d:\Applis\Jenkins\workspace\crm client main continuous\iCRM\iCRM\iCRM.Services.CRM\Helper\ICrmEntityExtensions.cs:line 149&#xA; --- End of inner exception stack trace ---&#xA;    at iCRM.Services.CRM.Extensions.ICrmEntityExtensions.iCrmSetPropertyValue(ICrmEntity entity, String propertyLogicalName, Object value) in d:\Applis\Jenkins\workspace\crm client main continuous\iCRM\iCRM\iCRM.Services.CRM\Helper\ICrmEntityExtensions.cs:line 153&#xA;   at iCRM.Services.CRM.Extensions.ICrmEntityExtensions.SetByModelStandardAttributes(ICrmEntity entity, DealModel model) in d:\Applis\Jenkins\workspace\crm client main continuous\iCRM\iCRM\iCRM.Services.CRM\Helper\ICrmEntityExtensions.Deal.cs:line 1090&#xA;   at iCRM.Services.CRM.Extensions.ICrmEntityExtensions.SetByModel(ICrmEntity entity, DealModel model, Boolean entityIdRequired) in d:\Applis\Jenkins\workspace\crm client main continuous\iCRM\iCRM\iCRM.Services.CRM\Helper\ICrmEntityExtensions.Deal.cs:line 1067&#xA;   at iCRM.Services.CRM.iCRMDealService.CreateDeal(DealModel DealToCreate) in d:\Applis\Jenkins\workspace\crm client main continuous\iCRM\iCRM\iCRM.Services.CRM\Modules\Deals\iCRMDealService.Deal.cs:line 1856&#xA;   at iCRM.Services.CRM.Test.DealTest.GetDealUserModels() in d:\Applis\Jenkins\workspace\crm client main continuous\iCRM\iCRM\iCRM.Services.CRM.Test\Deals\DealTest.cs:line 880&#xA;"/>
      </testcase>
      <testcase time="0" name="CreatePersonalNoteForDeal"
                classname="iCRM.Services.CRM.Test.DealTest">
         <failure message="Test method iCRM.Services.CRM.Test.DealTest.CreatePersonalNoteForDeal threw exception: &#xA;System.Exception: Assigning the value False on property new_isfeg entity Microsoft.Xrm.Client.CrmEntity to raise an exception. ---&gt; System.ArgumentException: The property logical name 'new_isfeg' does not exist. Ensure you have typed the name correctly or review your CRM schema.&#xA;Parameter name: propertyLogicalName&#xA;    at Microsoft.Xrm.Client.CrmEntity.SetPropertyValue(String propertyLogicalName, Object value)&#xA;   at Microsoft.Xrm.Client.CrmEntity.Microsoft.Xrm.Client.ICrmEntity.SetPropertyValue(String propertyLogicalName, Object value)&#xA;   at iCRM.Services.CRM.Extensions.ICrmEntityExtensions.iCrmSetPropertyValue(ICrmEntity entity, String propertyLogicalName, Object value) in d:\Applis\Jenkins\workspace\crm client main continuous\iCRM\iCRM\iCRM.Services.CRM\Helper\ICrmEntityExtensions.cs:line 149&#xA; --- End of inner exception stack trace ---&#xA;    at iCRM.Services.CRM.Extensions.ICrmEntityExtensions.iCrmSetPropertyValue(ICrmEntity entity, String propertyLogicalName, Object value) in d:\Applis\Jenkins\workspace\crm client main continuous\iCRM\iCRM\iCRM.Services.CRM\Helper\ICrmEntityExtensions.cs:line 153&#xA;   at iCRM.Services.CRM.Extensions.ICrmEntityExtensions.SetByModelStandardAttributes(ICrmEntity entity, DealModel model) in d:\Applis\Jenkins\workspace\crm client main continuous\iCRM\iCRM\iCRM.Services.CRM\Helper\ICrmEntityExtensions.Deal.cs:line 1090&#xA;   at iCRM.Services.CRM.Extensions.ICrmEntityExtensions.SetByModel(ICrmEntity entity, DealModel model, Boolean entityIdRequired) in d:\Applis\Jenkins\workspace\crm client main continuous\iCRM\iCRM\iCRM.Services.CRM\Helper\ICrmEntityExtensions.Deal.cs:line 1067&#xA;   at iCRM.Services.CRM.iCRMDealService.CreateDeal(DealModel DealToCreate) in d:\Applis\Jenkins\workspace\crm client main continuous\iCRM\iCRM\iCRM.Services.CRM\Modules\Deals\iCRMDealService.Deal.cs:line 1856&#xA;   at iCRM.Services.CRM.Test.DealTest.CreatePersonalNoteForDeal() in d:\Applis\Jenkins\workspace\crm client main continuous\iCRM\iCRM\iCRM.Services.CRM.Test\Deals\DealTest.cs:line 1136&#xA;"/>
      </testcase>
      <testcase time="0" name="ActivateDeactivateDeal"
                classname="iCRM.Services.CRM.Test.DealTest">
         <failure message="Assert.Fail failed. An error has occured : Assigning the value False on property new_isfeg entity Microsoft.Xrm.Client.CrmEntity to raise an exception.,   at iCRM.Services.CRM.Extensions.ICrmEntityExtensions.iCrmSetPropertyValue(ICrmEntity entity, String propertyLogicalName, Object value) in d:\Applis\Jenkins\workspace\crm client main continuous\iCRM\iCRM\iCRM.Services.CRM\Helper\ICrmEntityExtensions.cs:line 153&#xA;   at iCRM.Services.CRM.Extensions.ICrmEntityExtensions.SetByModelStandardAttributes(ICrmEntity entity, DealModel model) in d:\Applis\Jenkins\workspace\crm client main continuous\iCRM\iCRM\iCRM.Services.CRM\Helper\ICrmEntityExtensions.Deal.cs:line 1090&#xA;   at iCRM.Services.CRM.Extensions.ICrmEntityExtensions.SetByModel(ICrmEntity entity, DealModel model, Boolean entityIdRequired) in d:\Applis\Jenkins\workspace\crm client main continuous\iCRM\iCRM\iCRM.Services.CRM\Helper\ICrmEntityExtensions.Deal.cs:line 1067&#xA;   at iCRM.Services.CRM.iCRMDealService.CreateDeal(DealModel DealToCreate) in d:\Applis\Jenkins\workspace\crm client main continuous\iCRM\iCRM\iCRM.Services.CRM\Modules\Deals\iCRMDealService.Deal.cs:line 1856&#xA;   at iCRM.Services.CRM.iCRMDealService.SaveCore(DealModel entity) in d:\Applis\Jenkins\workspace\crm client main continuous\iCRM\iCRM\iCRM.Services.CRM\Modules\Deals\iCRMDealService.Generic.cs:line 58&#xA;   at iCRM.Services.CRM.CrmServiceBase`1.Save(TModel entity) in d:\Applis\Jenkins\workspace\crm client main continuous\iCRM\iCRM\iCRM.Services.CRM\CrmServiceBase.Generic.cs:line 119&#xA;   at iCRM.Services.CRM.Test.DealTest.ActivateDeactivateDeal() in d:\Applis\Jenkins\workspace\crm client main continuous\iCRM\iCRM\iCRM.Services.CRM.Test\Deals\DealTest.cs:line 1286&#xA;   at iCRM.Services.CRM.Test.DealTest.ActivateDeactivateDeal() in d:\Applis\Jenkins\workspace\crm client main continuous\iCRM\iCRM\iCRM.Services.CRM.Test\Deals\DealTest.cs:line 1295&#xA;"/>
      </testcase>
      <testcase time="0" name="DetachContact" classname="iCRM.Services.CRM.Test.DealTest">
         <failure message="Test method iCRM.Services.CRM.Test.DealTest.DetachContact threw exception: &#xA;System.Exception: Assigning the value False on property new_isfeg entity Microsoft.Xrm.Client.CrmEntity to raise an exception. ---&gt; System.ArgumentException: The property logical name 'new_isfeg' does not exist. Ensure you have typed the name correctly or review your CRM schema.&#xA;Parameter name: propertyLogicalName&#xA;    at Microsoft.Xrm.Client.CrmEntity.SetPropertyValue(String propertyLogicalName, Object value)&#xA;   at Microsoft.Xrm.Client.CrmEntity.Microsoft.Xrm.Client.ICrmEntity.SetPropertyValue(String propertyLogicalName, Object value)&#xA;   at iCRM.Services.CRM.Extensions.ICrmEntityExtensions.iCrmSetPropertyValue(ICrmEntity entity, String propertyLogicalName, Object value) in d:\Applis\Jenkins\workspace\crm client main continuous\iCRM\iCRM\iCRM.Services.CRM\Helper\ICrmEntityExtensions.cs:line 149&#xA; --- End of inner exception stack trace ---&#xA;    at iCRM.Services.CRM.Extensions.ICrmEntityExtensions.iCrmSetPropertyValue(ICrmEntity entity, String propertyLogicalName, Object value) in d:\Applis\Jenkins\workspace\crm client main continuous\iCRM\iCRM\iCRM.Services.CRM\Helper\ICrmEntityExtensions.cs:line 153&#xA;   at iCRM.Services.CRM.Extensions.ICrmEntityExtensions.SetByModelStandardAttributes(ICrmEntity entity, DealModel model) in d:\Applis\Jenkins\workspace\crm client main continuous\iCRM\iCRM\iCRM.Services.CRM\Helper\ICrmEntityExtensions.Deal.cs:line 1090&#xA;   at iCRM.Services.CRM.Extensions.ICrmEntityExtensions.SetByModel(ICrmEntity entity, DealModel model, Boolean entityIdRequired) in d:\Applis\Jenkins\workspace\crm client main continuous\iCRM\iCRM\iCRM.Services.CRM\Helper\ICrmEntityExtensions.Deal.cs:line 1067&#xA;   at iCRM.Services.CRM.iCRMDealService.CreateDeal(DealModel DealToCreate) in d:\Applis\Jenkins\workspace\crm client main continuous\iCRM\iCRM\iCRM.Services.CRM\Modules\Deals\iCRMDealService.Deal.cs:line 1856&#xA;   at iCRM.Services.CRM.Test.DealTest.DetachContact() in d:\Applis\Jenkins\workspace\crm client main continuous\iCRM\iCRM\iCRM.Services.CRM.Test\Deals\DealTest.cs:line 330&#xA;"/>
      </testcase>
      <testcase time="0" name="DeleteDealContactRelationCore"
                classname="iCRM.Services.CRM.Test.DealTest">
         <failure message="Test method iCRM.Services.CRM.Test.DealTest.DeleteDealContactRelationCore threw exception: &#xA;System.Exception: Assigning the value False on property new_isfeg entity Microsoft.Xrm.Client.CrmEntity to raise an exception. ---&gt; System.ArgumentException: The property logical name 'new_isfeg' does not exist. Ensure you have typed the name correctly or review your CRM schema.&#xA;Parameter name: propertyLogicalName&#xA;    at Microsoft.Xrm.Client.CrmEntity.SetPropertyValue(String propertyLogicalName, Object value)&#xA;   at Microsoft.Xrm.Client.CrmEntity.Microsoft.Xrm.Client.ICrmEntity.SetPropertyValue(String propertyLogicalName, Object value)&#xA;   at iCRM.Services.CRM.Extensions.ICrmEntityExtensions.iCrmSetPropertyValue(ICrmEntity entity, String propertyLogicalName, Object value) in d:\Applis\Jenkins\workspace\crm client main continuous\iCRM\iCRM\iCRM.Services.CRM\Helper\ICrmEntityExtensions.cs:line 149&#xA; --- End of inner exception stack trace ---&#xA;    at iCRM.Services.CRM.Extensions.ICrmEntityExtensions.iCrmSetPropertyValue(ICrmEntity entity, String propertyLogicalName, Object value) in d:\Applis\Jenkins\workspace\crm client main continuous\iCRM\iCRM\iCRM.Services.CRM\Helper\ICrmEntityExtensions.cs:line 153&#xA;   at iCRM.Services.CRM.Extensions.ICrmEntityExtensions.SetByModelStandardAttributes(ICrmEntity entity, DealModel model) in d:\Applis\Jenkins\workspace\crm client main continuous\iCRM\iCRM\iCRM.Services.CRM\Helper\ICrmEntityExtensions.Deal.cs:line 1090&#xA;   at iCRM.Services.CRM.Extensions.ICrmEntityExtensions.SetByModel(ICrmEntity entity, DealModel model, Boolean entityIdRequired) in d:\Applis\Jenkins\workspace\crm client main continuous\iCRM\iCRM\iCRM.Services.CRM\Helper\ICrmEntityExtensions.Deal.cs:line 1067&#xA;   at iCRM.Services.CRM.iCRMDealService.CreateDeal(DealModel DealToCreate) in d:\Applis\Jenkins\workspace\crm client main continuous\iCRM\iCRM\iCRM.Services.CRM\Modules\Deals\iCRMDealService.Deal.cs:line 1856&#xA;   at iCRM.Services.CRM.Test.DealTest.DeleteDealContactRelationCore() in d:\Applis\Jenkins\workspace\crm client main continuous\iCRM\iCRM\iCRM.Services.CRM.Test\Deals\DealTest.cs:line 615&#xA;"/>
      </testcase>
      <testcase time="0" name="GetAllDeals" classname="iCRM.Services.CRM.Test.DealTest"/>
      <testcase time="0" name="TestGetPortfolioDeals"
                classname="iCRM.Services.CRM.Test.DealTest"/>
      <testcase time="0" name="GetUsersContacts" classname="iCRM.Services.CRM.Test.DealTest">
         <failure message="Test method iCRM.Services.CRM.Test.DealTest.GetUsersContacts threw exception: &#xA;System.Exception: Assigning the value False on property new_isfeg entity Microsoft.Xrm.Client.CrmEntity to raise an exception. ---&gt; System.ArgumentException: The property logical name 'new_isfeg' does not exist. Ensure you have typed the name correctly or review your CRM schema.&#xA;Parameter name: propertyLogicalName&#xA;    at Microsoft.Xrm.Client.CrmEntity.SetPropertyValue(String propertyLogicalName, Object value)&#xA;   at Microsoft.Xrm.Client.CrmEntity.Microsoft.Xrm.Client.ICrmEntity.SetPropertyValue(String propertyLogicalName, Object value)&#xA;   at iCRM.Services.CRM.Extensions.ICrmEntityExtensions.iCrmSetPropertyValue(ICrmEntity entity, String propertyLogicalName, Object value) in d:\Applis\Jenkins\workspace\crm client main continuous\iCRM\iCRM\iCRM.Services.CRM\Helper\ICrmEntityExtensions.cs:line 149&#xA; --- End of inner exception stack trace ---&#xA;    at iCRM.Services.CRM.Extensions.ICrmEntityExtensions.iCrmSetPropertyValue(ICrmEntity entity, String propertyLogicalName, Object value) in d:\Applis\Jenkins\workspace\crm client main continuous\iCRM\iCRM\iCRM.Services.CRM\Helper\ICrmEntityExtensions.cs:line 153&#xA;   at iCRM.Services.CRM.Extensions.ICrmEntityExtensions.SetByModelStandardAttributes(ICrmEntity entity, DealModel model) in d:\Applis\Jenkins\workspace\crm client main continuous\iCRM\iCRM\iCRM.Services.CRM\Helper\ICrmEntityExtensions.Deal.cs:line 1090&#xA;   at iCRM.Services.CRM.Extensions.ICrmEntityExtensions.SetByModel(ICrmEntity entity, DealModel model, Boolean entityIdRequired) in d:\Applis\Jenkins\workspace\crm client main continuous\iCRM\iCRM\iCRM.Services.CRM\Helper\ICrmEntityExtensions.Deal.cs:line 1067&#xA;   at iCRM.Services.CRM.iCRMDealService.CreateDeal(DealModel DealToCreate) in d:\Applis\Jenkins\workspace\crm client main continuous\iCRM\iCRM\iCRM.Services.CRM\Modules\Deals\iCRMDealService.Deal.cs:line 1856&#xA;   at iCRM.Services.CRM.Test.DealTest.GetUsersContacts() in d:\Applis\Jenkins\workspace\crm client main continuous\iCRM\iCRM\iCRM.Services.CRM.Test\Deals\DealTest.cs:line 362&#xA;"/>
      </testcase>
      <testcase time="0" name="GetMyDealContactModels"
                classname="iCRM.Services.CRM.Test.DealTest">
         <failure message="Test method iCRM.Services.CRM.Test.DealTest.GetMyDealContactModels threw exception: &#xA;System.Exception: Assigning the value False on property new_isfeg entity Microsoft.Xrm.Client.CrmEntity to raise an exception. ---&gt; System.ArgumentException: The property logical name 'new_isfeg' does not exist. Ensure you have typed the name correctly or review your CRM schema.&#xA;Parameter name: propertyLogicalName&#xA;    at Microsoft.Xrm.Client.CrmEntity.SetPropertyValue(String propertyLogicalName, Object value)&#xA;   at Microsoft.Xrm.Client.CrmEntity.Microsoft.Xrm.Client.ICrmEntity.SetPropertyValue(String propertyLogicalName, Object value)&#xA;   at iCRM.Services.CRM.Extensions.ICrmEntityExtensions.iCrmSetPropertyValue(ICrmEntity entity, String propertyLogicalName, Object value) in d:\Applis\Jenkins\workspace\crm client main continuous\iCRM\iCRM\iCRM.Services.CRM\Helper\ICrmEntityExtensions.cs:line 149&#xA; --- End of inner exception stack trace ---&#xA;    at iCRM.Services.CRM.Extensions.ICrmEntityExtensions.iCrmSetPropertyValue(ICrmEntity entity, String propertyLogicalName, Object value) in d:\Applis\Jenkins\workspace\crm client main continuous\iCRM\iCRM\iCRM.Services.CRM\Helper\ICrmEntityExtensions.cs:line 153&#xA;   at iCRM.Services.CRM.Extensions.ICrmEntityExtensions.SetByModelStandardAttributes(ICrmEntity entity, DealModel model) in d:\Applis\Jenkins\workspace\crm client main continuous\iCRM\iCRM\iCRM.Services.CRM\Helper\ICrmEntityExtensions.Deal.cs:line 1090&#xA;   at iCRM.Services.CRM.Extensions.ICrmEntityExtensions.SetByModel(ICrmEntity entity, DealModel model, Boolean entityIdRequired) in d:\Applis\Jenkins\workspace\crm client main continuous\iCRM\iCRM\iCRM.Services.CRM\Helper\ICrmEntityExtensions.Deal.cs:line 1067&#xA;   at iCRM.Services.CRM.iCRMDealService.CreateDeal(DealModel DealToCreate) in d:\Applis\Jenkins\workspace\crm client main continuous\iCRM\iCRM\iCRM.Services.CRM\Modules\Deals\iCRMDealService.Deal.cs:line 1856&#xA;   at iCRM.Services.CRM.Test.DealTest.GetMyDealContactModels() in d:\Applis\Jenkins\workspace\crm client main continuous\iCRM\iCRM\iCRM.Services.CRM.Test\Deals\DealTest.cs:line 519&#xA;"/>
      </testcase>
      <testcase time="0" name="GetMyTeamDealContactModelsAsync"
                classname="iCRM.Services.CRM.Test.DealTest">
         <failure message="Test method iCRM.Services.CRM.Test.DealTest.GetMyTeamDealContactModelsAsync threw exception: &#xA;System.Exception: Assigning the value False on property new_isfeg entity Microsoft.Xrm.Client.CrmEntity to raise an exception. ---&gt; System.ArgumentException: The property logical name 'new_isfeg' does not exist. Ensure you have typed the name correctly or review your CRM schema.&#xA;Parameter name: propertyLogicalName&#xA;    at Microsoft.Xrm.Client.CrmEntity.SetPropertyValue(String propertyLogicalName, Object value)&#xA;   at Microsoft.Xrm.Client.CrmEntity.Microsoft.Xrm.Client.ICrmEntity.SetPropertyValue(String propertyLogicalName, Object value)&#xA;   at iCRM.Services.CRM.Extensions.ICrmEntityExtensions.iCrmSetPropertyValue(ICrmEntity entity, String propertyLogicalName, Object value) in d:\Applis\Jenkins\workspace\crm client main continuous\iCRM\iCRM\iCRM.Services.CRM\Helper\ICrmEntityExtensions.cs:line 149&#xA; --- End of inner exception stack trace ---&#xA;    at iCRM.Services.CRM.Extensions.ICrmEntityExtensions.iCrmSetPropertyValue(ICrmEntity entity, String propertyLogicalName, Object value) in d:\Applis\Jenkins\workspace\crm client main continuous\iCRM\iCRM\iCRM.Services.CRM\Helper\ICrmEntityExtensions.cs:line 153&#xA;   at iCRM.Services.CRM.Extensions.ICrmEntityExtensions.SetByModelStandardAttributes(ICrmEntity entity, DealModel model) in d:\Applis\Jenkins\workspace\crm client main continuous\iCRM\iCRM\iCRM.Services.CRM\Helper\ICrmEntityExtensions.Deal.cs:line 1090&#xA;   at iCRM.Services.CRM.Extensions.ICrmEntityExtensions.SetByModel(ICrmEntity entity, DealModel model, Boolean entityIdRequired) in d:\Applis\Jenkins\workspace\crm client main continuous\iCRM\iCRM\iCRM.Services.CRM\Helper\ICrmEntityExtensions.Deal.cs:line 1067&#xA;   at iCRM.Services.CRM.iCRMDealService.CreateDeal(DealModel DealToCreate) in d:\Applis\Jenkins\workspace\crm client main continuous\iCRM\iCRM\iCRM.Services.CRM\Modules\Deals\iCRMDealService.Deal.cs:line 1856&#xA;   at iCRM.Services.CRM.Test.DealTest.GetMyTeamDealContactModelsAsync() in d:\Applis\Jenkins\workspace\crm client main continuous\iCRM\iCRM\iCRM.Services.CRM.Test\Deals\DealTest.cs:line 1377&#xA;"/>
      </testcase>
      <testcase time="0" name="UpdateMinute" classname="iCRM.Services.CRM.Test.DealTest">
         <failure message="Test method iCRM.Services.CRM.Test.DealTest.UpdateMinute threw exception: &#xA;System.Exception: Assigning the value False on property new_isfeg entity Microsoft.Xrm.Client.CrmEntity to raise an exception. ---&gt; System.ArgumentException: The property logical name 'new_isfeg' does not exist. Ensure you have typed the name correctly or review your CRM schema.&#xA;Parameter name: propertyLogicalName&#xA;    at Microsoft.Xrm.Client.CrmEntity.SetPropertyValue(String propertyLogicalName, Object value)&#xA;   at Microsoft.Xrm.Client.CrmEntity.Microsoft.Xrm.Client.ICrmEntity.SetPropertyValue(String propertyLogicalName, Object value)&#xA;   at iCRM.Services.CRM.Extensions.ICrmEntityExtensions.iCrmSetPropertyValue(ICrmEntity entity, String propertyLogicalName, Object value) in d:\Applis\Jenkins\workspace\crm client main continuous\iCRM\iCRM\iCRM.Services.CRM\Helper\ICrmEntityExtensions.cs:line 149&#xA; --- End of inner exception stack trace ---&#xA;    at iCRM.Services.CRM.Extensions.ICrmEntityExtensions.iCrmSetPropertyValue(ICrmEntity entity, String propertyLogicalName, Object value) in d:\Applis\Jenkins\workspace\crm client main continuous\iCRM\iCRM\iCRM.Services.CRM\Helper\ICrmEntityExtensions.cs:line 153&#xA;   at iCRM.Services.CRM.Extensions.ICrmEntityExtensions.SetByModelStandardAttributes(ICrmEntity entity, DealModel model) in d:\Applis\Jenkins\workspace\crm client main continuous\iCRM\iCRM\iCRM.Services.CRM\Helper\ICrmEntityExtensions.Deal.cs:line 1090&#xA;   at iCRM.Services.CRM.Extensions.ICrmEntityExtensions.SetByModel(ICrmEntity entity, DealModel model, Boolean entityIdRequired) in d:\Applis\Jenkins\workspace\crm client main continuous\iCRM\iCRM\iCRM.Services.CRM\Helper\ICrmEntityExtensions.Deal.cs:line 1067&#xA;   at iCRM.Services.CRM.iCRMDealService.CreateDeal(DealModel DealToCreate) in d:\Applis\Jenkins\workspace\crm client main continuous\iCRM\iCRM\iCRM.Services.CRM\Modules\Deals\iCRMDealService.Deal.cs:line 1856&#xA;   at iCRM.Services.CRM.Test.DealTest.UpdateMinute() in d:\Applis\Jenkins\workspace\crm client main continuous\iCRM\iCRM\iCRM.Services.CRM.Test\Deals\DealTest.cs:line 747&#xA;"/>
      </testcase>
      <testcase time="0" name="DeleteAllContactsFormDeal"
                classname="iCRM.Services.CRM.Test.DealTest">
         <failure message="Test method iCRM.Services.CRM.Test.DealTest.DeleteAllContactsFormDeal threw exception: &#xA;System.Exception: Assigning the value False on property new_isfeg entity Microsoft.Xrm.Client.CrmEntity to raise an exception. ---&gt; System.ArgumentException: The property logical name 'new_isfeg' does not exist. Ensure you have typed the name correctly or review your CRM schema.&#xA;Parameter name: propertyLogicalName&#xA;    at Microsoft.Xrm.Client.CrmEntity.SetPropertyValue(String propertyLogicalName, Object value)&#xA;   at Microsoft.Xrm.Client.CrmEntity.Microsoft.Xrm.Client.ICrmEntity.SetPropertyValue(String propertyLogicalName, Object value)&#xA;   at iCRM.Services.CRM.Extensions.ICrmEntityExtensions.iCrmSetPropertyValue(ICrmEntity entity, String propertyLogicalName, Object value) in d:\Applis\Jenkins\workspace\crm client main continuous\iCRM\iCRM\iCRM.Services.CRM\Helper\ICrmEntityExtensions.cs:line 149&#xA; --- End of inner exception stack trace ---&#xA;    at iCRM.Services.CRM.Extensions.ICrmEntityExtensions.iCrmSetPropertyValue(ICrmEntity entity, String propertyLogicalName, Object value) in d:\Applis\Jenkins\workspace\crm client main continuous\iCRM\iCRM\iCRM.Services.CRM\Helper\ICrmEntityExtensions.cs:line 153&#xA;   at iCRM.Services.CRM.Extensions.ICrmEntityExtensions.SetByModelStandardAttributes(ICrmEntity entity, DealModel model) in d:\Applis\Jenkins\workspace\crm client main continuous\iCRM\iCRM\iCRM.Services.CRM\Helper\ICrmEntityExtensions.Deal.cs:line 1090&#xA;   at iCRM.Services.CRM.Extensions.ICrmEntityExtensions.SetByModel(ICrmEntity entity, DealModel model, Boolean entityIdRequired) in d:\Applis\Jenkins\workspace\crm client main continuous\iCRM\iCRM\iCRM.Services.CRM\Helper\ICrmEntityExtensions.Deal.cs:line 1067&#xA;   at iCRM.Services.CRM.iCRMDealService.CreateDeal(DealModel DealToCreate) in d:\Applis\Jenkins\workspace\crm client main continuous\iCRM\iCRM\iCRM.Services.CRM\Modules\Deals\iCRMDealService.Deal.cs:line 1856&#xA;   at iCRM.Services.CRM.Test.DealTest.DeleteAllContactsFormDeal() in d:\Applis\Jenkins\workspace\crm client main continuous\iCRM\iCRM\iCRM.Services.CRM.Test\Deals\DealTest.cs:line 230&#xA;"/>
      </testcase>
      <testcase time="0" name="GetDealPersonalNotesAsyncTest"
                classname="iCRM.Services.CRM.Test.DealTest">
         <failure message="Test method iCRM.Services.CRM.Test.DealTest.GetDealPersonalNotesAsyncTest threw exception: &#xA;System.Exception: Assigning the value False on property new_isfeg entity Microsoft.Xrm.Client.CrmEntity to raise an exception. ---&gt; System.ArgumentException: The property logical name 'new_isfeg' does not exist. Ensure you have typed the name correctly or review your CRM schema.&#xA;Parameter name: propertyLogicalName&#xA;    at Microsoft.Xrm.Client.CrmEntity.SetPropertyValue(String propertyLogicalName, Object value)&#xA;   at Microsoft.Xrm.Client.CrmEntity.Microsoft.Xrm.Client.ICrmEntity.SetPropertyValue(String propertyLogicalName, Object value)&#xA;   at iCRM.Services.CRM.Extensions.ICrmEntityExtensions.iCrmSetPropertyValue(ICrmEntity entity, String propertyLogicalName, Object value) in d:\Applis\Jenkins\workspace\crm client main continuous\iCRM\iCRM\iCRM.Services.CRM\Helper\ICrmEntityExtensions.cs:line 149&#xA; --- End of inner exception stack trace ---&#xA;    at iCRM.Services.CRM.Extensions.ICrmEntityExtensions.iCrmSetPropertyValue(ICrmEntity entity, String propertyLogicalName, Object value) in d:\Applis\Jenkins\workspace\crm client main continuous\iCRM\iCRM\iCRM.Services.CRM\Helper\ICrmEntityExtensions.cs:line 153&#xA;   at iCRM.Services.CRM.Extensions.ICrmEntityExtensions.SetByModelStandardAttributes(ICrmEntity entity, DealModel model) in d:\Applis\Jenkins\workspace\crm client main continuous\iCRM\iCRM\iCRM.Services.CRM\Helper\ICrmEntityExtensions.Deal.cs:line 1090&#xA;   at iCRM.Services.CRM.Extensions.ICrmEntityExtensions.SetByModel(ICrmEntity entity, DealModel model, Boolean entityIdRequired) in d:\Applis\Jenkins\workspace\crm client main continuous\iCRM\iCRM\iCRM.Services.CRM\Helper\ICrmEntityExtensions.Deal.cs:line 1067&#xA;   at iCRM.Services.CRM.iCRMDealService.CreateDeal(DealModel DealToCreate) in d:\Applis\Jenkins\workspace\crm client main continuous\iCRM\iCRM\iCRM.Services.CRM\Modules\Deals\iCRMDealService.Deal.cs:line 1856&#xA;   at iCRM.Services.CRM.Test.DealTest.GetDealPersonalNotesAsyncTest() in d:\Applis\Jenkins\workspace\crm client main continuous\iCRM\iCRM\iCRM.Services.CRM.Test\Deals\DealTest.cs:line 1319&#xA;"/>
      </testcase>
      <testcase time="0" name="GetDealUserTeamTasks"
                classname="iCRM.Services.CRM.Test.DealTest">
         <failure message="Test method iCRM.Services.CRM.Test.DealTest.GetDealUserTeamTasks threw exception: &#xA;System.Exception: Assigning the value False on property new_isfeg entity Microsoft.Xrm.Client.CrmEntity to raise an exception. ---&gt; System.ArgumentException: The property logical name 'new_isfeg' does not exist. Ensure you have typed the name correctly or review your CRM schema.&#xA;Parameter name: propertyLogicalName&#xA;    at Microsoft.Xrm.Client.CrmEntity.SetPropertyValue(String propertyLogicalName, Object value)&#xA;   at Microsoft.Xrm.Client.CrmEntity.Microsoft.Xrm.Client.ICrmEntity.SetPropertyValue(String propertyLogicalName, Object value)&#xA;   at iCRM.Services.CRM.Extensions.ICrmEntityExtensions.iCrmSetPropertyValue(ICrmEntity entity, String propertyLogicalName, Object value) in d:\Applis\Jenkins\workspace\crm client main continuous\iCRM\iCRM\iCRM.Services.CRM\Helper\ICrmEntityExtensions.cs:line 149&#xA; --- End of inner exception stack trace ---&#xA;    at iCRM.Services.CRM.Extensions.ICrmEntityExtensions.iCrmSetPropertyValue(ICrmEntity entity, String propertyLogicalName, Object value) in d:\Applis\Jenkins\workspace\crm client main continuous\iCRM\iCRM\iCRM.Services.CRM\Helper\ICrmEntityExtensions.cs:line 153&#xA;   at iCRM.Services.CRM.Extensions.ICrmEntityExtensions.SetByModelStandardAttributes(ICrmEntity entity, DealModel model) in d:\Applis\Jenkins\workspace\crm client main continuous\iCRM\iCRM\iCRM.Services.CRM\Helper\ICrmEntityExtensions.Deal.cs:line 1090&#xA;   at iCRM.Services.CRM.Extensions.ICrmEntityExtensions.SetByModel(ICrmEntity entity, DealModel model, Boolean entityIdRequired) in d:\Applis\Jenkins\workspace\crm client main continuous\iCRM\iCRM\iCRM.Services.CRM\Helper\ICrmEntityExtensions.Deal.cs:line 1067&#xA;   at iCRM.Services.CRM.iCRMDealService.CreateDeal(DealModel DealToCreate) in d:\Applis\Jenkins\workspace\crm client main continuous\iCRM\iCRM\iCRM.Services.CRM\Modules\Deals\iCRMDealService.Deal.cs:line 1856&#xA;   at iCRM.Services.CRM.Test.DealTest.GetDealUserTeamTasks() in d:\Applis\Jenkins\workspace\crm client main continuous\iCRM\iCRM\iCRM.Services.CRM.Test\Deals\DealTest.cs:line 1082&#xA;"/>
      </testcase>
      <testcase time="0" name="GetDealModelById" classname="iCRM.Services.CRM.Test.DealTest">
         <failure message="Test method iCRM.Services.CRM.Test.DealTest.GetDealModelById threw exception: &#xA;System.Exception: Assigning the value False on property new_isfeg entity Microsoft.Xrm.Client.CrmEntity to raise an exception. ---&gt; System.ArgumentException: The property logical name 'new_isfeg' does not exist. Ensure you have typed the name correctly or review your CRM schema.&#xA;Parameter name: propertyLogicalName&#xA;    at Microsoft.Xrm.Client.CrmEntity.SetPropertyValue(String propertyLogicalName, Object value)&#xA;   at Microsoft.Xrm.Client.CrmEntity.Microsoft.Xrm.Client.ICrmEntity.SetPropertyValue(String propertyLogicalName, Object value)&#xA;   at iCRM.Services.CRM.Extensions.ICrmEntityExtensions.iCrmSetPropertyValue(ICrmEntity entity, String propertyLogicalName, Object value) in d:\Applis\Jenkins\workspace\crm client main continuous\iCRM\iCRM\iCRM.Services.CRM\Helper\ICrmEntityExtensions.cs:line 149&#xA; --- End of inner exception stack trace ---&#xA;    at iCRM.Services.CRM.Extensions.ICrmEntityExtensions.iCrmSetPropertyValue(ICrmEntity entity, String propertyLogicalName, Object value) in d:\Applis\Jenkins\workspace\crm client main continuous\iCRM\iCRM\iCRM.Services.CRM\Helper\ICrmEntityExtensions.cs:line 153&#xA;   at iCRM.Services.CRM.Extensions.ICrmEntityExtensions.SetByModelStandardAttributes(ICrmEntity entity, DealModel model) in d:\Applis\Jenkins\workspace\crm client main continuous\iCRM\iCRM\iCRM.Services.CRM\Helper\ICrmEntityExtensions.Deal.cs:line 1090&#xA;   at iCRM.Services.CRM.Extensions.ICrmEntityExtensions.SetByModel(ICrmEntity entity, DealModel model, Boolean entityIdRequired) in d:\Applis\Jenkins\workspace\crm client main continuous\iCRM\iCRM\iCRM.Services.CRM\Helper\ICrmEntityExtensions.Deal.cs:line 1067&#xA;   at iCRM.Services.CRM.iCRMDealService.CreateDeal(DealModel DealToCreate) in d:\Applis\Jenkins\workspace\crm client main continuous\iCRM\iCRM\iCRM.Services.CRM\Modules\Deals\iCRMDealService.Deal.cs:line 1856&#xA;   at iCRM.Services.CRM.Test.DealTest.GetDealModelById() in d:\Applis\Jenkins\workspace\crm client main continuous\iCRM\iCRM\iCRM.Services.CRM.Test\Deals\DealTest.cs:line 853&#xA;"/>
      </testcase>
      <testcase time="0" name="GenericUpdateDealContact"
                classname="iCRM.Services.CRM.Test.DealTest">
         <failure message="Assert.Fail failed. An error has occured : Assigning the value False on property new_isfeg entity Microsoft.Xrm.Client.CrmEntity to raise an exception.,   at iCRM.Services.CRM.Extensions.ICrmEntityExtensions.iCrmSetPropertyValue(ICrmEntity entity, String propertyLogicalName, Object value) in d:\Applis\Jenkins\workspace\crm client main continuous\iCRM\iCRM\iCRM.Services.CRM\Helper\ICrmEntityExtensions.cs:line 153&#xA;   at iCRM.Services.CRM.Extensions.ICrmEntityExtensions.SetByModelStandardAttributes(ICrmEntity entity, DealModel model) in d:\Applis\Jenkins\workspace\crm client main continuous\iCRM\iCRM\iCRM.Services.CRM\Helper\ICrmEntityExtensions.Deal.cs:line 1090&#xA;   at iCRM.Services.CRM.Extensions.ICrmEntityExtensions.SetByModel(ICrmEntity entity, DealModel model, Boolean entityIdRequired) in d:\Applis\Jenkins\workspace\crm client main continuous\iCRM\iCRM\iCRM.Services.CRM\Helper\ICrmEntityExtensions.Deal.cs:line 1067&#xA;   at iCRM.Services.CRM.iCRMDealService.CreateDeal(DealModel DealToCreate) in d:\Applis\Jenkins\workspace\crm client main continuous\iCRM\iCRM\iCRM.Services.CRM\Modules\Deals\iCRMDealService.Deal.cs:line 1856&#xA;   at iCRM.Services.CRM.Test.DealTest.GenericUpdateDealContact() in d:\Applis\Jenkins\workspace\crm client main continuous\iCRM\iCRM\iCRM.Services.CRM.Test\Deals\DealTest.cs:line 105&#xA;   at iCRM.Services.CRM.Test.DealTest.GenericUpdateDealContact() in d:\Applis\Jenkins\workspace\crm client main continuous\iCRM\iCRM\iCRM.Services.CRM.Test\Deals\DealTest.cs:line 126&#xA;"/>
      </testcase>
      <testcase time="0" name="GetDealPersonalNotes"
                classname="iCRM.Services.CRM.Test.DealTest">
         <failure message="Test method iCRM.Services.CRM.Test.DealTest.GetDealPersonalNotes threw exception: &#xA;System.Exception: Assigning the value False on property new_isfeg entity Microsoft.Xrm.Client.CrmEntity to raise an exception. ---&gt; System.ArgumentException: The property logical name 'new_isfeg' does not exist. Ensure you have typed the name correctly or review your CRM schema.&#xA;Parameter name: propertyLogicalName&#xA;    at Microsoft.Xrm.Client.CrmEntity.SetPropertyValue(String propertyLogicalName, Object value)&#xA;   at Microsoft.Xrm.Client.CrmEntity.Microsoft.Xrm.Client.ICrmEntity.SetPropertyValue(String propertyLogicalName, Object value)&#xA;   at iCRM.Services.CRM.Extensions.ICrmEntityExtensions.iCrmSetPropertyValue(ICrmEntity entity, String propertyLogicalName, Object value) in d:\Applis\Jenkins\workspace\crm client main continuous\iCRM\iCRM\iCRM.Services.CRM\Helper\ICrmEntityExtensions.cs:line 149&#xA; --- End of inner exception stack trace ---&#xA;    at iCRM.Services.CRM.Extensions.ICrmEntityExtensions.iCrmSetPropertyValue(ICrmEntity entity, String propertyLogicalName, Object value) in d:\Applis\Jenkins\workspace\crm client main continuous\iCRM\iCRM\iCRM.Services.CRM\Helper\ICrmEntityExtensions.cs:line 153&#xA;   at iCRM.Services.CRM.Extensions.ICrmEntityExtensions.SetByModelStandardAttributes(ICrmEntity entity, DealModel model) in d:\Applis\Jenkins\workspace\crm client main continuous\iCRM\iCRM\iCRM.Services.CRM\Helper\ICrmEntityExtensions.Deal.cs:line 1090&#xA;   at iCRM.Services.CRM.Extensions.ICrmEntityExtensions.SetByModel(ICrmEntity entity, DealModel model, Boolean entityIdRequired) in d:\Applis\Jenkins\workspace\crm client main continuous\iCRM\iCRM\iCRM.Services.CRM\Helper\ICrmEntityExtensions.Deal.cs:line 1067&#xA;   at iCRM.Services.CRM.iCRMDealService.CreateDeal(DealModel DealToCreate) in d:\Applis\Jenkins\workspace\crm client main continuous\iCRM\iCRM\iCRM.Services.CRM\Modules\Deals\iCRMDealService.Deal.cs:line 1856&#xA;   at iCRM.Services.CRM.Test.DealTest.GetDealPersonalNotes() in d:\Applis\Jenkins\workspace\crm client main continuous\iCRM\iCRM\iCRM.Services.CRM.Test\Deals\DealTest.cs:line 1214&#xA;"/>
      </testcase>
      <testcase time="0" name="SaveChild" classname="iCRM.Services.CRM.Test.DealTest"/>
      <testcase time="0" name="UpdateDeal" classname="iCRM.Services.CRM.Test.DealTest">
         <failure message="Assert.Fail failed. An error has occured : Assigning the value False on property new_isfeg entity Microsoft.Xrm.Client.CrmEntity to raise an exception.,   at iCRM.Services.CRM.Extensions.ICrmEntityExtensions.iCrmSetPropertyValue(ICrmEntity entity, String propertyLogicalName, Object value) in d:\Applis\Jenkins\workspace\crm client main continuous\iCRM\iCRM\iCRM.Services.CRM\Helper\ICrmEntityExtensions.cs:line 153&#xA;   at iCRM.Services.CRM.Extensions.ICrmEntityExtensions.SetByModelStandardAttributes(ICrmEntity entity, DealModel model) in d:\Applis\Jenkins\workspace\crm client main continuous\iCRM\iCRM\iCRM.Services.CRM\Helper\ICrmEntityExtensions.Deal.cs:line 1090&#xA;   at iCRM.Services.CRM.Extensions.ICrmEntityExtensions.SetByModel(ICrmEntity entity, DealModel model, Boolean entityIdRequired) in d:\Applis\Jenkins\workspace\crm client main continuous\iCRM\iCRM\iCRM.Services.CRM\Helper\ICrmEntityExtensions.Deal.cs:line 1067&#xA;   at iCRM.Services.CRM.iCRMDealService.CreateDeal(DealModel DealToCreate) in d:\Applis\Jenkins\workspace\crm client main continuous\iCRM\iCRM\iCRM.Services.CRM\Modules\Deals\iCRMDealService.Deal.cs:line 1856&#xA;   at iCRM.Services.CRM.iCRMDealService.SaveCore(DealModel entity) in d:\Applis\Jenkins\workspace\crm client main continuous\iCRM\iCRM\iCRM.Services.CRM\Modules\Deals\iCRMDealService.Generic.cs:line 58&#xA;   at iCRM.Services.CRM.CrmServiceBase`1.Save(TModel entity) in d:\Applis\Jenkins\workspace\crm client main continuous\iCRM\iCRM\iCRM.Services.CRM\CrmServiceBase.Generic.cs:line 119&#xA;   at iCRM.Services.CRM.Test.DealTest.UpdateDeal() in d:\Applis\Jenkins\workspace\crm client main continuous\iCRM\iCRM\iCRM.Services.CRM.Test\Deals\DealTest.cs:line 173&#xA;   at iCRM.Services.CRM.Test.DealTest.UpdateDeal() in d:\Applis\Jenkins\workspace\crm client main continuous\iCRM\iCRM\iCRM.Services.CRM.Test\Deals\DealTest.cs:line 182&#xA;"/>
      </testcase>
      <testcase time="0" name="GetUsersContactsAndFavorites"
                classname="iCRM.Services.CRM.Test.DealTest">
         <failure message="Test method iCRM.Services.CRM.Test.DealTest.GetUsersContactsAndFavorites threw exception: &#xA;System.Exception: Assigning the value False on property new_isfeg entity Microsoft.Xrm.Client.CrmEntity to raise an exception. ---&gt; System.ArgumentException: The property logical name 'new_isfeg' does not exist. Ensure you have typed the name correctly or review your CRM schema.&#xA;Parameter name: propertyLogicalName&#xA;    at Microsoft.Xrm.Client.CrmEntity.SetPropertyValue(String propertyLogicalName, Object value)&#xA;   at Microsoft.Xrm.Client.CrmEntity.Microsoft.Xrm.Client.ICrmEntity.SetPropertyValue(String propertyLogicalName, Object value)&#xA;   at iCRM.Services.CRM.Extensions.ICrmEntityExtensions.iCrmSetPropertyValue(ICrmEntity entity, String propertyLogicalName, Object value) in d:\Applis\Jenkins\workspace\crm client main continuous\iCRM\iCRM\iCRM.Services.CRM\Helper\ICrmEntityExtensions.cs:line 149&#xA; --- End of inner exception stack trace ---&#xA;    at iCRM.Services.CRM.Extensions.ICrmEntityExtensions.iCrmSetPropertyValue(ICrmEntity entity, String propertyLogicalName, Object value) in d:\Applis\Jenkins\workspace\crm client main continuous\iCRM\iCRM\iCRM.Services.CRM\Helper\ICrmEntityExtensions.cs:line 153&#xA;   at iCRM.Services.CRM.Extensions.ICrmEntityExtensions.SetByModelStandardAttributes(ICrmEntity entity, DealModel model) in d:\Applis\Jenkins\workspace\crm client main continuous\iCRM\iCRM\iCRM.Services.CRM\Helper\ICrmEntityExtensions.Deal.cs:line 1090&#xA;   at iCRM.Services.CRM.Extensions.ICrmEntityExtensions.SetByModel(ICrmEntity entity, DealModel model, Boolean entityIdRequired) in d:\Applis\Jenkins\workspace\crm client main continuous\iCRM\iCRM\iCRM.Services.CRM\Helper\ICrmEntityExtensions.Deal.cs:line 1067&#xA;   at iCRM.Services.CRM.iCRMDealService.CreateDeal(DealModel DealToCreate) in d:\Applis\Jenkins\workspace\crm client main continuous\iCRM\iCRM\iCRM.Services.CRM\Modules\Deals\iCRMDealService.Deal.cs:line 1856&#xA;   at iCRM.Services.CRM.Test.DealTest.GetUsersContactsAndFavorites() in d:\Applis\Jenkins\workspace\crm client main continuous\iCRM\iCRM\iCRM.Services.CRM.Test\Deals\DealTest.cs:line 426&#xA;"/>
      </testcase>
      <testcase time="0" name="GetChildEntities" classname="iCRM.Services.CRM.Test.DealTest">
         <failure message="Test method iCRM.Services.CRM.Test.DealTest.GetChildEntities threw exception: &#xA;System.Exception: Assigning the value False on property new_isfeg entity Microsoft.Xrm.Client.CrmEntity to raise an exception. ---&gt; System.ArgumentException: The property logical name 'new_isfeg' does not exist. Ensure you have typed the name correctly or review your CRM schema.&#xA;Parameter name: propertyLogicalName&#xA;    at Microsoft.Xrm.Client.CrmEntity.SetPropertyValue(String propertyLogicalName, Object value)&#xA;   at Microsoft.Xrm.Client.CrmEntity.Microsoft.Xrm.Client.ICrmEntity.SetPropertyValue(String propertyLogicalName, Object value)&#xA;   at iCRM.Services.CRM.Extensions.ICrmEntityExtensions.iCrmSetPropertyValue(ICrmEntity entity, String propertyLogicalName, Object value) in d:\Applis\Jenkins\workspace\crm client main continuous\iCRM\iCRM\iCRM.Services.CRM\Helper\ICrmEntityExtensions.cs:line 149&#xA; --- End of inner exception stack trace ---&#xA;    at iCRM.Services.CRM.Extensions.ICrmEntityExtensions.iCrmSetPropertyValue(ICrmEntity entity, String propertyLogicalName, Object value) in d:\Applis\Jenkins\workspace\crm client main continuous\iCRM\iCRM\iCRM.Services.CRM\Helper\ICrmEntityExtensions.cs:line 153&#xA;   at iCRM.Services.CRM.Extensions.ICrmEntityExtensions.SetByModelStandardAttributes(ICrmEntity entity, DealModel model) in d:\Applis\Jenkins\workspace\crm client main continuous\iCRM\iCRM\iCRM.Services.CRM\Helper\ICrmEntityExtensions.Deal.cs:line 1090&#xA;   at iCRM.Services.CRM.Extensions.ICrmEntityExtensions.SetByModel(ICrmEntity entity, DealModel model, Boolean entityIdRequired) in d:\Applis\Jenkins\workspace\crm client main continuous\iCRM\iCRM\iCRM.Services.CRM\Helper\ICrmEntityExtensions.Deal.cs:line 1067&#xA;   at iCRM.Services.CRM.iCRMDealService.CreateDeal(DealModel DealToCreate) in d:\Applis\Jenkins\workspace\crm client main continuous\iCRM\iCRM\iCRM.Services.CRM\Modules\Deals\iCRMDealService.Deal.cs:line 1856&#xA;   at iCRM.Services.CRM.Test.DealTest.GetChildEntities() in d:\Applis\Jenkins\workspace\crm client main continuous\iCRM\iCRM\iCRM.Services.CRM.Test\Deals\DealTest.cs:line 198&#xA;"/>
      </testcase>
      <testcase time="0" name="TestAllDeals" classname="iCRM.Services.CRM.Test.DealTest"/>
      <testcase time="0" name="GetLightContactsByDealId"
                classname="iCRM.Services.CRM.Test.DealTest">
         <failure message="Test method iCRM.Services.CRM.Test.DealTest.GetLightContactsByDealId threw exception: &#xA;System.Exception: Assigning the value False on property new_isfeg entity Microsoft.Xrm.Client.CrmEntity to raise an exception. ---&gt; System.ArgumentException: The property logical name 'new_isfeg' does not exist. Ensure you have typed the name correctly or review your CRM schema.&#xA;Parameter name: propertyLogicalName&#xA;    at Microsoft.Xrm.Client.CrmEntity.SetPropertyValue(String propertyLogicalName, Object value)&#xA;   at Microsoft.Xrm.Client.CrmEntity.Microsoft.Xrm.Client.ICrmEntity.SetPropertyValue(String propertyLogicalName, Object value)&#xA;   at iCRM.Services.CRM.Extensions.ICrmEntityExtensions.iCrmSetPropertyValue(ICrmEntity entity, String propertyLogicalName, Object value) in d:\Applis\Jenkins\workspace\crm client main continuous\iCRM\iCRM\iCRM.Services.CRM\Helper\ICrmEntityExtensions.cs:line 149&#xA; --- End of inner exception stack trace ---&#xA;    at iCRM.Services.CRM.Extensions.ICrmEntityExtensions.iCrmSetPropertyValue(ICrmEntity entity, String propertyLogicalName, Object value) in d:\Applis\Jenkins\workspace\crm client main continuous\iCRM\iCRM\iCRM.Services.CRM\Helper\ICrmEntityExtensions.cs:line 153&#xA;   at iCRM.Services.CRM.Extensions.ICrmEntityExtensions.SetByModelStandardAttributes(ICrmEntity entity, DealModel model) in d:\Applis\Jenkins\workspace\crm client main continuous\iCRM\iCRM\iCRM.Services.CRM\Helper\ICrmEntityExtensions.Deal.cs:line 1090&#xA;   at iCRM.Services.CRM.Extensions.ICrmEntityExtensions.SetByModel(ICrmEntity entity, DealModel model, Boolean entityIdRequired) in d:\Applis\Jenkins\workspace\crm client main continuous\iCRM\iCRM\iCRM.Services.CRM\Helper\ICrmEntityExtensions.Deal.cs:line 1067&#xA;   at iCRM.Services.CRM.iCRMDealService.CreateDeal(DealModel DealToCreate) in d:\Applis\Jenkins\workspace\crm client main continuous\iCRM\iCRM\iCRM.Services.CRM\Modules\Deals\iCRMDealService.Deal.cs:line 1856&#xA;   at iCRM.Services.CRM.Test.DealTest.GetLightContactsByDealId() in d:\Applis\Jenkins\workspace\crm client main continuous\iCRM\iCRM\iCRM.Services.CRM.Test\Deals\DealTest.cs:line 583&#xA;"/>
      </testcase>
      <testcase time="0" name="GetMinutesForDeal" classname="iCRM.Services.CRM.Test.DealTest">
         <failure message="Test method iCRM.Services.CRM.Test.DealTest.GetMinutesForDeal threw exception: &#xA;System.Exception: Assigning the value False on property new_isfeg entity Microsoft.Xrm.Client.CrmEntity to raise an exception. ---&gt; System.ArgumentException: The property logical name 'new_isfeg' does not exist. Ensure you have typed the name correctly or review your CRM schema.&#xA;Parameter name: propertyLogicalName&#xA;    at Microsoft.Xrm.Client.CrmEntity.SetPropertyValue(String propertyLogicalName, Object value)&#xA;   at Microsoft.Xrm.Client.CrmEntity.Microsoft.Xrm.Client.ICrmEntity.SetPropertyValue(String propertyLogicalName, Object value)&#xA;   at iCRM.Services.CRM.Extensions.ICrmEntityExtensions.iCrmSetPropertyValue(ICrmEntity entity, String propertyLogicalName, Object value) in d:\Applis\Jenkins\workspace\crm client main continuous\iCRM\iCRM\iCRM.Services.CRM\Helper\ICrmEntityExtensions.cs:line 149&#xA; --- End of inner exception stack trace ---&#xA;    at iCRM.Services.CRM.Extensions.ICrmEntityExtensions.iCrmSetPropertyValue(ICrmEntity entity, String propertyLogicalName, Object value) in d:\Applis\Jenkins\workspace\crm client main continuous\iCRM\iCRM\iCRM.Services.CRM\Helper\ICrmEntityExtensions.cs:line 153&#xA;   at iCRM.Services.CRM.Extensions.ICrmEntityExtensions.SetByModelStandardAttributes(ICrmEntity entity, DealModel model) in d:\Applis\Jenkins\workspace\crm client main continuous\iCRM\iCRM\iCRM.Services.CRM\Helper\ICrmEntityExtensions.Deal.cs:line 1090&#xA;   at iCRM.Services.CRM.Extensions.ICrmEntityExtensions.SetByModel(ICrmEntity entity, DealModel model, Boolean entityIdRequired) in d:\Applis\Jenkins\workspace\crm client main continuous\iCRM\iCRM\iCRM.Services.CRM\Helper\ICrmEntityExtensions.Deal.cs:line 1067&#xA;   at iCRM.Services.CRM.iCRMDealService.CreateDeal(DealModel DealToCreate) in d:\Applis\Jenkins\workspace\crm client main continuous\iCRM\iCRM\iCRM.Services.CRM\Modules\Deals\iCRMDealService.Deal.cs:line 1856&#xA;   at iCRM.Services.CRM.Test.DealTest.GetMinutesForDeal() in d:\Applis\Jenkins\workspace\crm client main continuous\iCRM\iCRM\iCRM.Services.CRM.Test\Deals\DealTest.cs:line 685&#xA;"/>
      </testcase>
      <testcase time="0" name="GetMinuteModelById" classname="iCRM.Services.CRM.Test.DealTest">
         <failure message="Test method iCRM.Services.CRM.Test.DealTest.GetMinuteModelById threw exception: &#xA;System.Exception: Assigning the value False on property new_isfeg entity Microsoft.Xrm.Client.CrmEntity to raise an exception. ---&gt; System.ArgumentException: The property logical name 'new_isfeg' does not exist. Ensure you have typed the name correctly or review your CRM schema.&#xA;Parameter name: propertyLogicalName&#xA;    at Microsoft.Xrm.Client.CrmEntity.SetPropertyValue(String propertyLogicalName, Object value)&#xA;   at Microsoft.Xrm.Client.CrmEntity.Microsoft.Xrm.Client.ICrmEntity.SetPropertyValue(String propertyLogicalName, Object value)&#xA;   at iCRM.Services.CRM.Extensions.ICrmEntityExtensions.iCrmSetPropertyValue(ICrmEntity entity, String propertyLogicalName, Object value) in d:\Applis\Jenkins\workspace\crm client main continuous\iCRM\iCRM\iCRM.Services.CRM\Helper\ICrmEntityExtensions.cs:line 149&#xA; --- End of inner exception stack trace ---&#xA;    at iCRM.Services.CRM.Extensions.ICrmEntityExtensions.iCrmSetPropertyValue(ICrmEntity entity, String propertyLogicalName, Object value) in d:\Applis\Jenkins\workspace\crm client main continuous\iCRM\iCRM\iCRM.Services.CRM\Helper\ICrmEntityExtensions.cs:line 153&#xA;   at iCRM.Services.CRM.Extensions.ICrmEntityExtensions.SetByModelStandardAttributes(ICrmEntity entity, DealModel model) in d:\Applis\Jenkins\workspace\crm client main continuous\iCRM\iCRM\iCRM.Services.CRM\Helper\ICrmEntityExtensions.Deal.cs:line 1090&#xA;   at iCRM.Services.CRM.Extensions.ICrmEntityExtensions.SetByModel(ICrmEntity entity, DealModel model, Boolean entityIdRequired) in d:\Applis\Jenkins\workspace\crm client main continuous\iCRM\iCRM\iCRM.Services.CRM\Helper\ICrmEntityExtensions.Deal.cs:line 1067&#xA;   at iCRM.Services.CRM.iCRMDealService.CreateDeal(DealModel DealToCreate) in d:\Applis\Jenkins\workspace\crm client main continuous\iCRM\iCRM\iCRM.Services.CRM\Modules\Deals\iCRMDealService.Deal.cs:line 1856&#xA;   at iCRM.Services.CRM.Test.DealTest.GetMinuteModelById() in d:\Applis\Jenkins\workspace\crm client main continuous\iCRM\iCRM\iCRM.Services.CRM.Test\Deals\DealTest.cs:line 716&#xA;"/>
      </testcase>
      <testcase time="0" name="GetDealContactModels"
                classname="iCRM.Services.CRM.Test.DealTest">
         <failure message="Test method iCRM.Services.CRM.Test.DealTest.GetDealContactModels threw exception: &#xA;System.Exception: Assigning the value False on property new_isfeg entity Microsoft.Xrm.Client.CrmEntity to raise an exception. ---&gt; System.ArgumentException: The property logical name 'new_isfeg' does not exist. Ensure you have typed the name correctly or review your CRM schema.&#xA;Parameter name: propertyLogicalName&#xA;    at Microsoft.Xrm.Client.CrmEntity.SetPropertyValue(String propertyLogicalName, Object value)&#xA;   at Microsoft.Xrm.Client.CrmEntity.Microsoft.Xrm.Client.ICrmEntity.SetPropertyValue(String propertyLogicalName, Object value)&#xA;   at iCRM.Services.CRM.Extensions.ICrmEntityExtensions.iCrmSetPropertyValue(ICrmEntity entity, String propertyLogicalName, Object value) in d:\Applis\Jenkins\workspace\crm client main continuous\iCRM\iCRM\iCRM.Services.CRM\Helper\ICrmEntityExtensions.cs:line 149&#xA; --- End of inner exception stack trace ---&#xA;    at iCRM.Services.CRM.Extensions.ICrmEntityExtensions.iCrmSetPropertyValue(ICrmEntity entity, String propertyLogicalName, Object value) in d:\Applis\Jenkins\workspace\crm client main continuous\iCRM\iCRM\iCRM.Services.CRM\Helper\ICrmEntityExtensions.cs:line 153&#xA;   at iCRM.Services.CRM.Extensions.ICrmEntityExtensions.SetByModelStandardAttributes(ICrmEntity entity, DealModel model) in d:\Applis\Jenkins\workspace\crm client main continuous\iCRM\iCRM\iCRM.Services.CRM\Helper\ICrmEntityExtensions.Deal.cs:line 1090&#xA;   at iCRM.Services.CRM.Extensions.ICrmEntityExtensions.SetByModel(ICrmEntity entity, DealModel model, Boolean entityIdRequired) in d:\Applis\Jenkins\workspace\crm client main continuous\iCRM\iCRM\iCRM.Services.CRM\Helper\ICrmEntityExtensions.Deal.cs:line 1067&#xA;   at iCRM.Services.CRM.iCRMDealService.CreateDeal(DealModel DealToCreate) in d:\Applis\Jenkins\workspace\crm client main continuous\iCRM\iCRM\iCRM.Services.CRM\Modules\Deals\iCRMDealService.Deal.cs:line 1856&#xA;   at iCRM.Services.CRM.Test.DealTest.GetDealContactModels() in d:\Applis\Jenkins\workspace\crm client main continuous\iCRM\iCRM\iCRM.Services.CRM.Test\Deals\DealTest.cs:line 551&#xA;"/>
      </testcase>
      <testcase time="0" name="GetDealContactsAsyncTest"
                classname="iCRM.Services.CRM.Test.DealTest">
         <failure message="Test method iCRM.Services.CRM.Test.DealTest.GetDealContactsAsyncTest threw exception: &#xA;System.Exception: Assigning the value False on property new_isfeg entity Microsoft.Xrm.Client.CrmEntity to raise an exception. ---&gt; System.ArgumentException: The property logical name 'new_isfeg' does not exist. Ensure you have typed the name correctly or review your CRM schema.&#xA;Parameter name: propertyLogicalName&#xA;    at Microsoft.Xrm.Client.CrmEntity.SetPropertyValue(String propertyLogicalName, Object value)&#xA;   at Microsoft.Xrm.Client.CrmEntity.Microsoft.Xrm.Client.ICrmEntity.SetPropertyValue(String propertyLogicalName, Object value)&#xA;   at iCRM.Services.CRM.Extensions.ICrmEntityExtensions.iCrmSetPropertyValue(ICrmEntity entity, String propertyLogicalName, Object value) in d:\Applis\Jenkins\workspace\crm client main continuous\iCRM\iCRM\iCRM.Services.CRM\Helper\ICrmEntityExtensions.cs:line 149&#xA; --- End of inner exception stack trace ---&#xA;    at iCRM.Services.CRM.Extensions.ICrmEntityExtensions.iCrmSetPropertyValue(ICrmEntity entity, String propertyLogicalName, Object value) in d:\Applis\Jenkins\workspace\crm client main continuous\iCRM\iCRM\iCRM.Services.CRM\Helper\ICrmEntityExtensions.cs:line 153&#xA;   at iCRM.Services.CRM.Extensions.ICrmEntityExtensions.SetByModelStandardAttributes(ICrmEntity entity, DealModel model) in d:\Applis\Jenkins\workspace\crm client main continuous\iCRM\iCRM\iCRM.Services.CRM\Helper\ICrmEntityExtensions.Deal.cs:line 1090&#xA;   at iCRM.Services.CRM.Extensions.ICrmEntityExtensions.SetByModel(ICrmEntity entity, DealModel model, Boolean entityIdRequired) in d:\Applis\Jenkins\workspace\crm client main continuous\iCRM\iCRM\iCRM.Services.CRM\Helper\ICrmEntityExtensions.Deal.cs:line 1067&#xA;   at iCRM.Services.CRM.iCRMDealService.CreateDeal(DealModel DealToCreate) in d:\Applis\Jenkins\workspace\crm client main continuous\iCRM\iCRM\iCRM.Services.CRM\Modules\Deals\iCRMDealService.Deal.cs:line 1856&#xA;   at iCRM.Services.CRM.Test.DealTest.GetDealContactsAsyncTest() in d:\Applis\Jenkins\workspace\crm client main continuous\iCRM\iCRM\iCRM.Services.CRM.Test\Deals\DealTest.cs:line 1348&#xA;"/>
      </testcase>
      <testcase time="0" name="GetContactModelById" classname="iCRM.Services.CRM.Test.DealTest">
         <failure message="Test method iCRM.Services.CRM.Test.DealTest.GetContactModelById threw exception: &#xA;System.Exception: Assigning the value False on property new_isfeg entity Microsoft.Xrm.Client.CrmEntity to raise an exception. ---&gt; System.ArgumentException: The property logical name 'new_isfeg' does not exist. Ensure you have typed the name correctly or review your CRM schema.&#xA;Parameter name: propertyLogicalName&#xA;    at Microsoft.Xrm.Client.CrmEntity.SetPropertyValue(String propertyLogicalName, Object value)&#xA;   at Microsoft.Xrm.Client.CrmEntity.Microsoft.Xrm.Client.ICrmEntity.SetPropertyValue(String propertyLogicalName, Object value)&#xA;   at iCRM.Services.CRM.Extensions.ICrmEntityExtensions.iCrmSetPropertyValue(ICrmEntity entity, String propertyLogicalName, Object value) in d:\Applis\Jenkins\workspace\crm client main continuous\iCRM\iCRM\iCRM.Services.CRM\Helper\ICrmEntityExtensions.cs:line 149&#xA; --- End of inner exception stack trace ---&#xA;    at iCRM.Services.CRM.Extensions.ICrmEntityExtensions.iCrmSetPropertyValue(ICrmEntity entity, String propertyLogicalName, Object value) in d:\Applis\Jenkins\workspace\crm client main continuous\iCRM\iCRM\iCRM.Services.CRM\Helper\ICrmEntityExtensions.cs:line 153&#xA;   at iCRM.Services.CRM.Extensions.ICrmEntityExtensions.SetByModelStandardAttributes(ICrmEntity entity, DealModel model) in d:\Applis\Jenkins\workspace\crm client main continuous\iCRM\iCRM\iCRM.Services.CRM\Helper\ICrmEntityExtensions.Deal.cs:line 1090&#xA;   at iCRM.Services.CRM.Extensions.ICrmEntityExtensions.SetByModel(ICrmEntity entity, DealModel model, Boolean entityIdRequired) in d:\Applis\Jenkins\workspace\crm client main continuous\iCRM\iCRM\iCRM.Services.CRM\Helper\ICrmEntityExtensions.Deal.cs:line 1067&#xA;   at iCRM.Services.CRM.iCRMDealService.CreateDeal(DealModel DealToCreate) in d:\Applis\Jenkins\workspace\crm client main continuous\iCRM\iCRM\iCRM.Services.CRM\Modules\Deals\iCRMDealService.Deal.cs:line 1856&#xA;   at iCRM.Services.CRM.Test.DealTest.GetContactModelById() in d:\Applis\Jenkins\workspace\crm client main continuous\iCRM\iCRM\iCRM.Services.CRM.Test\Deals\DealTest.cs:line 298&#xA;"/>
      </testcase>
      <testcase time="0" name="GetFavoriteDealContactModelsAsync"
                classname="iCRM.Services.CRM.Test.DealTest">
         <failure message="Test method iCRM.Services.CRM.Test.DealTest.GetFavoriteDealContactModelsAsync threw exception: &#xA;System.Exception: Assigning the value False on property new_isfeg entity Microsoft.Xrm.Client.CrmEntity to raise an exception. ---&gt; System.ArgumentException: The property logical name 'new_isfeg' does not exist. Ensure you have typed the name correctly or review your CRM schema.&#xA;Parameter name: propertyLogicalName&#xA;    at Microsoft.Xrm.Client.CrmEntity.SetPropertyValue(String propertyLogicalName, Object value)&#xA;   at Microsoft.Xrm.Client.CrmEntity.Microsoft.Xrm.Client.ICrmEntity.SetPropertyValue(String propertyLogicalName, Object value)&#xA;   at iCRM.Services.CRM.Extensions.ICrmEntityExtensions.iCrmSetPropertyValue(ICrmEntity entity, String propertyLogicalName, Object value) in d:\Applis\Jenkins\workspace\crm client main continuous\iCRM\iCRM\iCRM.Services.CRM\Helper\ICrmEntityExtensions.cs:line 149&#xA; --- End of inner exception stack trace ---&#xA;    at iCRM.Services.CRM.Extensions.ICrmEntityExtensions.iCrmSetPropertyValue(ICrmEntity entity, String propertyLogicalName, Object value) in d:\Applis\Jenkins\workspace\crm client main continuous\iCRM\iCRM\iCRM.Services.CRM\Helper\ICrmEntityExtensions.cs:line 153&#xA;   at iCRM.Services.CRM.Extensions.ICrmEntityExtensions.SetByModelStandardAttributes(ICrmEntity entity, DealModel model) in d:\Applis\Jenkins\workspace\crm client main continuous\iCRM\iCRM\iCRM.Services.CRM\Helper\ICrmEntityExtensions.Deal.cs:line 1090&#xA;   at iCRM.Services.CRM.Extensions.ICrmEntityExtensions.SetByModel(ICrmEntity entity, DealModel model, Boolean entityIdRequired) in d:\Applis\Jenkins\workspace\crm client main continuous\iCRM\iCRM\iCRM.Services.CRM\Helper\ICrmEntityExtensions.Deal.cs:line 1067&#xA;   at iCRM.Services.CRM.iCRMDealService.CreateDeal(DealModel DealToCreate) in d:\Applis\Jenkins\workspace\crm client main continuous\iCRM\iCRM\iCRM.Services.CRM\Modules\Deals\iCRMDealService.Deal.cs:line 1856&#xA;   at iCRM.Services.CRM.Test.DealTest.GetFavoriteDealContactModelsAsync() in d:\Applis\Jenkins\workspace\crm client main continuous\iCRM\iCRM\iCRM.Services.CRM.Test\Deals\DealTest.cs:line 489&#xA;"/>
      </testcase>
      <testcase time="0" name="GetFavoriteDealContactModels"
                classname="iCRM.Services.CRM.Test.DealTest">
         <failure message="Test method iCRM.Services.CRM.Test.DealTest.GetFavoriteDealContactModels threw exception: &#xA;System.Exception: Assigning the value False on property new_isfeg entity Microsoft.Xrm.Client.CrmEntity to raise an exception. ---&gt; System.ArgumentException: The property logical name 'new_isfeg' does not exist. Ensure you have typed the name correctly or review your CRM schema.&#xA;Parameter name: propertyLogicalName&#xA;    at Microsoft.Xrm.Client.CrmEntity.SetPropertyValue(String propertyLogicalName, Object value)&#xA;   at Microsoft.Xrm.Client.CrmEntity.Microsoft.Xrm.Client.ICrmEntity.SetPropertyValue(String propertyLogicalName, Object value)&#xA;   at iCRM.Services.CRM.Extensions.ICrmEntityExtensions.iCrmSetPropertyValue(ICrmEntity entity, String propertyLogicalName, Object value) in d:\Applis\Jenkins\workspace\crm client main continuous\iCRM\iCRM\iCRM.Services.CRM\Helper\ICrmEntityExtensions.cs:line 149&#xA; --- End of inner exception stack trace ---&#xA;    at iCRM.Services.CRM.Extensions.ICrmEntityExtensions.iCrmSetPropertyValue(ICrmEntity entity, String propertyLogicalName, Object value) in d:\Applis\Jenkins\workspace\crm client main continuous\iCRM\iCRM\iCRM.Services.CRM\Helper\ICrmEntityExtensions.cs:line 153&#xA;   at iCRM.Services.CRM.Extensions.ICrmEntityExtensions.SetByModelStandardAttributes(ICrmEntity entity, DealModel model) in d:\Applis\Jenkins\workspace\crm client main continuous\iCRM\iCRM\iCRM.Services.CRM\Helper\ICrmEntityExtensions.Deal.cs:line 1090&#xA;   at iCRM.Services.CRM.Extensions.ICrmEntityExtensions.SetByModel(ICrmEntity entity, DealModel model, Boolean entityIdRequired) in d:\Applis\Jenkins\workspace\crm client main continuous\iCRM\iCRM\iCRM.Services.CRM\Helper\ICrmEntityExtensions.Deal.cs:line 1067&#xA;   at iCRM.Services.CRM.iCRMDealService.CreateDeal(DealModel DealToCreate) in d:\Applis\Jenkins\workspace\crm client main continuous\iCRM\iCRM\iCRM.Services.CRM\Modules\Deals\iCRMDealService.Deal.cs:line 1856&#xA;   at iCRM.Services.CRM.Test.DealTest.GetFavoriteDealContactModels() in d:\Applis\Jenkins\workspace\crm client main continuous\iCRM\iCRM\iCRM.Services.CRM.Test\Deals\DealTest.cs:line 458&#xA;"/>
      </testcase>
      <testcase time="0" name="GetUsersFavoriteContacts"
                classname="iCRM.Services.CRM.Test.DealTest">
         <failure message="Test method iCRM.Services.CRM.Test.DealTest.GetUsersFavoriteContacts threw exception: &#xA;System.Exception: Assigning the value False on property new_isfeg entity Microsoft.Xrm.Client.CrmEntity to raise an exception. ---&gt; System.ArgumentException: The property logical name 'new_isfeg' does not exist. Ensure you have typed the name correctly or review your CRM schema.&#xA;Parameter name: propertyLogicalName&#xA;    at Microsoft.Xrm.Client.CrmEntity.SetPropertyValue(String propertyLogicalName, Object value)&#xA;   at Microsoft.Xrm.Client.CrmEntity.Microsoft.Xrm.Client.ICrmEntity.SetPropertyValue(String propertyLogicalName, Object value)&#xA;   at iCRM.Services.CRM.Extensions.ICrmEntityExtensions.iCrmSetPropertyValue(ICrmEntity entity, String propertyLogicalName, Object value) in d:\Applis\Jenkins\workspace\crm client main continuous\iCRM\iCRM\iCRM.Services.CRM\Helper\ICrmEntityExtensions.cs:line 149&#xA; --- End of inner exception stack trace ---&#xA;    at iCRM.Services.CRM.Extensions.ICrmEntityExtensions.iCrmSetPropertyValue(ICrmEntity entity, String propertyLogicalName, Object value) in d:\Applis\Jenkins\workspace\crm client main continuous\iCRM\iCRM\iCRM.Services.CRM\Helper\ICrmEntityExtensions.cs:line 153&#xA;   at iCRM.Services.CRM.Extensions.ICrmEntityExtensions.SetByModelStandardAttributes(ICrmEntity entity, DealModel model) in d:\Applis\Jenkins\workspace\crm client main continuous\iCRM\iCRM\iCRM.Services.CRM\Helper\ICrmEntityExtensions.Deal.cs:line 1090&#xA;   at iCRM.Services.CRM.Extensions.ICrmEntityExtensions.SetByModel(ICrmEntity entity, DealModel model, Boolean entityIdRequired) in d:\Applis\Jenkins\workspace\crm client main continuous\iCRM\iCRM\iCRM.Services.CRM\Helper\ICrmEntityExtensions.Deal.cs:line 1067&#xA;   at iCRM.Services.CRM.iCRMDealService.CreateDeal(DealModel DealToCreate) in d:\Applis\Jenkins\workspace\crm client main continuous\iCRM\iCRM\iCRM.Services.CRM\Modules\Deals\iCRMDealService.Deal.cs:line 1856&#xA;   at iCRM.Services.CRM.Test.DealTest.GetUsersFavoriteContacts() in d:\Applis\Jenkins\workspace\crm client main continuous\iCRM\iCRM\iCRM.Services.CRM.Test\Deals\DealTest.cs:line 394&#xA;"/>
      </testcase>
      <testcase time="0" name="GetDealUserTasks" classname="iCRM.Services.CRM.Test.DealTest">
         <failure message="Test method iCRM.Services.CRM.Test.DealTest.GetDealUserTasks threw exception: &#xA;System.Exception: Assigning the value False on property new_isfeg entity Microsoft.Xrm.Client.CrmEntity to raise an exception. ---&gt; System.ArgumentException: The property logical name 'new_isfeg' does not exist. Ensure you have typed the name correctly or review your CRM schema.&#xA;Parameter name: propertyLogicalName&#xA;    at Microsoft.Xrm.Client.CrmEntity.SetPropertyValue(String propertyLogicalName, Object value)&#xA;   at Microsoft.Xrm.Client.CrmEntity.Microsoft.Xrm.Client.ICrmEntity.SetPropertyValue(String propertyLogicalName, Object value)&#xA;   at iCRM.Services.CRM.Extensions.ICrmEntityExtensions.iCrmSetPropertyValue(ICrmEntity entity, String propertyLogicalName, Object value) in d:\Applis\Jenkins\workspace\crm client main continuous\iCRM\iCRM\iCRM.Services.CRM\Helper\ICrmEntityExtensions.cs:line 149&#xA; --- End of inner exception stack trace ---&#xA;    at iCRM.Services.CRM.Extensions.ICrmEntityExtensions.iCrmSetPropertyValue(ICrmEntity entity, String propertyLogicalName, Object value) in d:\Applis\Jenkins\workspace\crm client main continuous\iCRM\iCRM\iCRM.Services.CRM\Helper\ICrmEntityExtensions.cs:line 153&#xA;   at iCRM.Services.CRM.Extensions.ICrmEntityExtensions.SetByModelStandardAttributes(ICrmEntity entity, DealModel model) in d:\Applis\Jenkins\workspace\crm client main continuous\iCRM\iCRM\iCRM.Services.CRM\Helper\ICrmEntityExtensions.Deal.cs:line 1090&#xA;   at iCRM.Services.CRM.Extensions.ICrmEntityExtensions.SetByModel(ICrmEntity entity, DealModel model, Boolean entityIdRequired) in d:\Applis\Jenkins\workspace\crm client main continuous\iCRM\iCRM\iCRM.Services.CRM\Helper\ICrmEntityExtensions.Deal.cs:line 1067&#xA;   at iCRM.Services.CRM.iCRMDealService.CreateDeal(DealModel DealToCreate) in d:\Applis\Jenkins\workspace\crm client main continuous\iCRM\iCRM\iCRM.Services.CRM\Modules\Deals\iCRMDealService.Deal.cs:line 1856&#xA;   at iCRM.Services.CRM.Test.DealTest.GetDealUserTasks() in d:\Applis\Jenkins\workspace\crm client main continuous\iCRM\iCRM\iCRM.Services.CRM.Test\Deals\DealTest.cs:line 985&#xA;"/>
      </testcase>
      <testcase time="0" name="DeactivateTest" classname="iCRM.Services.CRM.Test.DealTest">
         <failure message="Test method iCRM.Services.CRM.Test.DealTest.DeactivateTest threw exception: &#xA;System.Exception: Assigning the value False on property new_isfeg entity Microsoft.Xrm.Client.CrmEntity to raise an exception. ---&gt; System.ArgumentException: The property logical name 'new_isfeg' does not exist. Ensure you have typed the name correctly or review your CRM schema.&#xA;Parameter name: propertyLogicalName&#xA;    at Microsoft.Xrm.Client.CrmEntity.SetPropertyValue(String propertyLogicalName, Object value)&#xA;   at Microsoft.Xrm.Client.CrmEntity.Microsoft.Xrm.Client.ICrmEntity.SetPropertyValue(String propertyLogicalName, Object value)&#xA;   at iCRM.Services.CRM.Extensions.ICrmEntityExtensions.iCrmSetPropertyValue(ICrmEntity entity, String propertyLogicalName, Object value) in d:\Applis\Jenkins\workspace\crm client main continuous\iCRM\iCRM\iCRM.Services.CRM\Helper\ICrmEntityExtensions.cs:line 149&#xA; --- End of inner exception stack trace ---&#xA;    at iCRM.Services.CRM.Extensions.ICrmEntityExtensions.iCrmSetPropertyValue(ICrmEntity entity, String propertyLogicalName, Object value) in d:\Applis\Jenkins\workspace\crm client main continuous\iCRM\iCRM\iCRM.Services.CRM\Helper\ICrmEntityExtensions.cs:line 153&#xA;   at iCRM.Services.CRM.Extensions.ICrmEntityExtensions.SetByModelStandardAttributes(ICrmEntity entity, DealModel model) in d:\Applis\Jenkins\workspace\crm client main continuous\iCRM\iCRM\iCRM.Services.CRM\Helper\ICrmEntityExtensions.Deal.cs:line 1090&#xA;   at iCRM.Services.CRM.Extensions.ICrmEntityExtensions.SetByModel(ICrmEntity entity, DealModel model, Boolean entityIdRequired) in d:\Applis\Jenkins\workspace\crm client main continuous\iCRM\iCRM\iCRM.Services.CRM\Helper\ICrmEntityExtensions.Deal.cs:line 1067&#xA;   at iCRM.Services.CRM.iCRMDealService.CreateDeal(DealModel DealToCreate) in d:\Applis\Jenkins\workspace\crm client main continuous\iCRM\iCRM\iCRM.Services.CRM\Modules\Deals\iCRMDealService.Deal.cs:line 1856&#xA;   at iCRM.Services.CRM.Test.DealTest.DeactivateTest() in d:\Applis\Jenkins\workspace\crm client main continuous\iCRM\iCRM\iCRM.Services.CRM.Test\Deals\DealTest.cs:line 1422&#xA;"/>
      </testcase>
      <testcase time="0" name="DeleteDealMinuteRelationCore"
                classname="iCRM.Services.CRM.Test.DealTest">
         <failure message="Test method iCRM.Services.CRM.Test.DealTest.DeleteDealMinuteRelationCore threw exception: &#xA;System.Exception: Assigning the value False on property new_isfeg entity Microsoft.Xrm.Client.CrmEntity to raise an exception. ---&gt; System.ArgumentException: The property logical name 'new_isfeg' does not exist. Ensure you have typed the name correctly or review your CRM schema.&#xA;Parameter name: propertyLogicalName&#xA;    at Microsoft.Xrm.Client.CrmEntity.SetPropertyValue(String propertyLogicalName, Object value)&#xA;   at Microsoft.Xrm.Client.CrmEntity.Microsoft.Xrm.Client.ICrmEntity.SetPropertyValue(String propertyLogicalName, Object value)&#xA;   at iCRM.Services.CRM.Extensions.ICrmEntityExtensions.iCrmSetPropertyValue(ICrmEntity entity, String propertyLogicalName, Object value) in d:\Applis\Jenkins\workspace\crm client main continuous\iCRM\iCRM\iCRM.Services.CRM\Helper\ICrmEntityExtensions.cs:line 149&#xA; --- End of inner exception stack trace ---&#xA;    at iCRM.Services.CRM.Extensions.ICrmEntityExtensions.iCrmSetPropertyValue(ICrmEntity entity, String propertyLogicalName, Object value) in d:\Applis\Jenkins\workspace\crm client main continuous\iCRM\iCRM\iCRM.Services.CRM\Helper\ICrmEntityExtensions.cs:line 153&#xA;   at iCRM.Services.CRM.Extensions.ICrmEntityExtensions.SetByModelStandardAttributes(ICrmEntity entity, DealModel model) in d:\Applis\Jenkins\workspace\crm client main continuous\iCRM\iCRM\iCRM.Services.CRM\Helper\ICrmEntityExtensions.Deal.cs:line 1090&#xA;   at iCRM.Services.CRM.Extensions.ICrmEntityExtensions.SetByModel(ICrmEntity entity, DealModel model, Boolean entityIdRequired) in d:\Applis\Jenkins\workspace\crm client main continuous\iCRM\iCRM\iCRM.Services.CRM\Helper\ICrmEntityExtensions.Deal.cs:line 1067&#xA;   at iCRM.Services.CRM.iCRMDealService.CreateDeal(DealModel DealToCreate) in d:\Applis\Jenkins\workspace\crm client main continuous\iCRM\iCRM\iCRM.Services.CRM\Modules\Deals\iCRMDealService.Deal.cs:line 1856&#xA;   at iCRM.Services.CRM.Test.DealTest.DeleteDealMinuteRelationCore() in d:\Applis\Jenkins\workspace\crm client main continuous\iCRM\iCRM\iCRM.Services.CRM.Test\Deals\DealTest.cs:line 650&#xA;"/>
      </testcase>
      <testcase time="0" name="UpdatePersonalNote" classname="iCRM.Services.CRM.Test.DealTest">
         <failure message="Test method iCRM.Services.CRM.Test.DealTest.UpdatePersonalNote threw exception: &#xA;System.Exception: Assigning the value False on property new_isfeg entity Microsoft.Xrm.Client.CrmEntity to raise an exception. ---&gt; System.ArgumentException: The property logical name 'new_isfeg' does not exist. Ensure you have typed the name correctly or review your CRM schema.&#xA;Parameter name: propertyLogicalName&#xA;    at Microsoft.Xrm.Client.CrmEntity.SetPropertyValue(String propertyLogicalName, Object value)&#xA;   at Microsoft.Xrm.Client.CrmEntity.Microsoft.Xrm.Client.ICrmEntity.SetPropertyValue(String propertyLogicalName, Object value)&#xA;   at iCRM.Services.CRM.Extensions.ICrmEntityExtensions.iCrmSetPropertyValue(ICrmEntity entity, String propertyLogicalName, Object value) in d:\Applis\Jenkins\workspace\crm client main continuous\iCRM\iCRM\iCRM.Services.CRM\Helper\ICrmEntityExtensions.cs:line 149&#xA; --- End of inner exception stack trace ---&#xA;    at iCRM.Services.CRM.Extensions.ICrmEntityExtensions.iCrmSetPropertyValue(ICrmEntity entity, String propertyLogicalName, Object value) in d:\Applis\Jenkins\workspace\crm client main continuous\iCRM\iCRM\iCRM.Services.CRM\Helper\ICrmEntityExtensions.cs:line 153&#xA;   at iCRM.Services.CRM.Extensions.ICrmEntityExtensions.SetByModelStandardAttributes(ICrmEntity entity, DealModel model) in d:\Applis\Jenkins\workspace\crm client main continuous\iCRM\iCRM\iCRM.Services.CRM\Helper\ICrmEntityExtensions.Deal.cs:line 1090&#xA;   at iCRM.Services.CRM.Extensions.ICrmEntityExtensions.SetByModel(ICrmEntity entity, DealModel model, Boolean entityIdRequired) in d:\Applis\Jenkins\workspace\crm client main continuous\iCRM\iCRM\iCRM.Services.CRM\Helper\ICrmEntityExtensions.Deal.cs:line 1067&#xA;   at iCRM.Services.CRM.iCRMDealService.CreateDeal(DealModel DealToCreate) in d:\Applis\Jenkins\workspace\crm client main continuous\iCRM\iCRM\iCRM.Services.CRM\Modules\Deals\iCRMDealService.Deal.cs:line 1856&#xA;   at iCRM.Services.CRM.Test.DealTest.UpdatePersonalNote() in d:\Applis\Jenkins\workspace\crm client main continuous\iCRM\iCRM\iCRM.Services.CRM.Test\Deals\DealTest.cs:line 1171&#xA;"/>
      </testcase>
      <testcase time="0" name="CreateDeal" classname="iCRM.Services.CRM.Test.DealTest">
         <failure message="Assert.Fail failed. An error has occured : Assigning the value False on property new_isfeg entity Microsoft.Xrm.Client.CrmEntity to raise an exception.,   at iCRM.Services.CRM.Extensions.ICrmEntityExtensions.iCrmSetPropertyValue(ICrmEntity entity, String propertyLogicalName, Object value) in d:\Applis\Jenkins\workspace\crm client main continuous\iCRM\iCRM\iCRM.Services.CRM\Helper\ICrmEntityExtensions.cs:line 153&#xA;   at iCRM.Services.CRM.Extensions.ICrmEntityExtensions.SetByModelStandardAttributes(ICrmEntity entity, DealModel model) in d:\Applis\Jenkins\workspace\crm client main continuous\iCRM\iCRM\iCRM.Services.CRM\Helper\ICrmEntityExtensions.Deal.cs:line 1090&#xA;   at iCRM.Services.CRM.Extensions.ICrmEntityExtensions.SetByModel(ICrmEntity entity, DealModel model, Boolean entityIdRequired) in d:\Applis\Jenkins\workspace\crm client main continuous\iCRM\iCRM\iCRM.Services.CRM\Helper\ICrmEntityExtensions.Deal.cs:line 1067&#xA;   at iCRM.Services.CRM.iCRMDealService.CreateDeal(DealModel DealToCreate) in d:\Applis\Jenkins\workspace\crm client main continuous\iCRM\iCRM\iCRM.Services.CRM\Modules\Deals\iCRMDealService.Deal.cs:line 1856&#xA;   at iCRM.Services.CRM.iCRMDealService.SaveCore(DealModel entity) in d:\Applis\Jenkins\workspace\crm client main continuous\iCRM\iCRM\iCRM.Services.CRM\Modules\Deals\iCRMDealService.Generic.cs:line 58&#xA;   at iCRM.Services.CRM.CrmServiceBase`1.Save(TModel entity) in d:\Applis\Jenkins\workspace\crm client main continuous\iCRM\iCRM\iCRM.Services.CRM\CrmServiceBase.Generic.cs:line 119&#xA;   at iCRM.Services.CRM.Test.DealTest.CreateDeal() in d:\Applis\Jenkins\workspace\crm client main continuous\iCRM\iCRM\iCRM.Services.CRM.Test\Deals\DealTest.cs:line 147&#xA;   at iCRM.Services.CRM.Test.DealTest.CreateDeal() in d:\Applis\Jenkins\workspace\crm client main continuous\iCRM\iCRM\iCRM.Services.CRM.Test\Deals\DealTest.cs:line 158&#xA;"/>
      </testcase>
      <testcase time="0" name="GetDealUserCreatedTasks"
                classname="iCRM.Services.CRM.Test.DealTest">
         <failure message="Test method iCRM.Services.CRM.Test.DealTest.GetDealUserCreatedTasks threw exception: &#xA;System.Exception: Assigning the value False on property new_isfeg entity Microsoft.Xrm.Client.CrmEntity to raise an exception. ---&gt; System.ArgumentException: The property logical name 'new_isfeg' does not exist. Ensure you have typed the name correctly or review your CRM schema.&#xA;Parameter name: propertyLogicalName&#xA;    at Microsoft.Xrm.Client.CrmEntity.SetPropertyValue(String propertyLogicalName, Object value)&#xA;   at Microsoft.Xrm.Client.CrmEntity.Microsoft.Xrm.Client.ICrmEntity.SetPropertyValue(String propertyLogicalName, Object value)&#xA;   at iCRM.Services.CRM.Extensions.ICrmEntityExtensions.iCrmSetPropertyValue(ICrmEntity entity, String propertyLogicalName, Object value) in d:\Applis\Jenkins\workspace\crm client main continuous\iCRM\iCRM\iCRM.Services.CRM\Helper\ICrmEntityExtensions.cs:line 149&#xA; --- End of inner exception stack trace ---&#xA;    at iCRM.Services.CRM.Extensions.ICrmEntityExtensions.iCrmSetPropertyValue(ICrmEntity entity, String propertyLogicalName, Object value) in d:\Applis\Jenkins\workspace\crm client main continuous\iCRM\iCRM\iCRM.Services.CRM\Helper\ICrmEntityExtensions.cs:line 153&#xA;   at iCRM.Services.CRM.Extensions.ICrmEntityExtensions.SetByModelStandardAttributes(ICrmEntity entity, DealModel model) in d:\Applis\Jenkins\workspace\crm client main continuous\iCRM\iCRM\iCRM.Services.CRM\Helper\ICrmEntityExtensions.Deal.cs:line 1090&#xA;   at iCRM.Services.CRM.Extensions.ICrmEntityExtensions.SetByModel(ICrmEntity entity, DealModel model, Boolean entityIdRequired) in d:\Applis\Jenkins\workspace\crm client main continuous\iCRM\iCRM\iCRM.Services.CRM\Helper\ICrmEntityExtensions.Deal.cs:line 1067&#xA;   at iCRM.Services.CRM.iCRMDealService.CreateDeal(DealModel DealToCreate) in d:\Applis\Jenkins\workspace\crm client main continuous\iCRM\iCRM\iCRM.Services.CRM\Modules\Deals\iCRMDealService.Deal.cs:line 1856&#xA;   at iCRM.Services.CRM.Test.DealTest.GetDealUserCreatedTasks() in d:\Applis\Jenkins\workspace\crm client main continuous\iCRM\iCRM\iCRM.Services.CRM.Test\Deals\DealTest.cs:line 1049&#xA;"/>
      </testcase>
      <testcase time="0" name="SearchDeals" classname="iCRM.Services.CRM.Test.DealTest">
         <failure message="Test method iCRM.Services.CRM.Test.DealTest.SearchDeals threw exception: &#xA;System.Exception: Assigning the value False on property new_isfeg entity Microsoft.Xrm.Client.CrmEntity to raise an exception. ---&gt; System.ArgumentException: The property logical name 'new_isfeg' does not exist. Ensure you have typed the name correctly or review your CRM schema.&#xA;Parameter name: propertyLogicalName&#xA;    at Microsoft.Xrm.Client.CrmEntity.SetPropertyValue(String propertyLogicalName, Object value)&#xA;   at Microsoft.Xrm.Client.CrmEntity.Microsoft.Xrm.Client.ICrmEntity.SetPropertyValue(String propertyLogicalName, Object value)&#xA;   at iCRM.Services.CRM.Extensions.ICrmEntityExtensions.iCrmSetPropertyValue(ICrmEntity entity, String propertyLogicalName, Object value) in d:\Applis\Jenkins\workspace\crm client main continuous\iCRM\iCRM\iCRM.Services.CRM\Helper\ICrmEntityExtensions.cs:line 149&#xA; --- End of inner exception stack trace ---&#xA;    at iCRM.Services.CRM.Extensions.ICrmEntityExtensions.iCrmSetPropertyValue(ICrmEntity entity, String propertyLogicalName, Object value) in d:\Applis\Jenkins\workspace\crm client main continuous\iCRM\iCRM\iCRM.Services.CRM\Helper\ICrmEntityExtensions.cs:line 153&#xA;   at iCRM.Services.CRM.Extensions.ICrmEntityExtensions.SetByModelStandardAttributes(ICrmEntity entity, DealModel model) in d:\Applis\Jenkins\workspace\crm client main continuous\iCRM\iCRM\iCRM.Services.CRM\Helper\ICrmEntityExtensions.Deal.cs:line 1090&#xA;   at iCRM.Services.CRM.Extensions.ICrmEntityExtensions.SetByModel(ICrmEntity entity, DealModel model, Boolean entityIdRequired) in d:\Applis\Jenkins\workspace\crm client main continuous\iCRM\iCRM\iCRM.Services.CRM\Helper\ICrmEntityExtensions.Deal.cs:line 1067&#xA;   at iCRM.Services.CRM.iCRMDealService.CreateDeal(DealModel DealToCreate) in d:\Applis\Jenkins\workspace\crm client main continuous\iCRM\iCRM\iCRM.Services.CRM\Modules\Deals\iCRMDealService.Deal.cs:line 1856&#xA;   at iCRM.Services.CRM.Test.DealTest.SearchDeals() in d:\Applis\Jenkins\workspace\crm client main continuous\iCRM\iCRM\iCRM.Services.CRM.Test\Deals\DealTest.cs:line 826&#xA;"/>
      </testcase>
      <testcase time="0" name="DetachMinute" classname="iCRM.Services.CRM.Test.DealTest">
         <failure message="Test method iCRM.Services.CRM.Test.DealTest.DetachMinute threw exception: &#xA;System.Exception: Assigning the value False on property new_isfeg entity Microsoft.Xrm.Client.CrmEntity to raise an exception. ---&gt; System.ArgumentException: The property logical name 'new_isfeg' does not exist. Ensure you have typed the name correctly or review your CRM schema.&#xA;Parameter name: propertyLogicalName&#xA;    at Microsoft.Xrm.Client.CrmEntity.SetPropertyValue(String propertyLogicalName, Object value)&#xA;   at Microsoft.Xrm.Client.CrmEntity.Microsoft.Xrm.Client.ICrmEntity.SetPropertyValue(String propertyLogicalName, Object value)&#xA;   at iCRM.Services.CRM.Extensions.ICrmEntityExtensions.iCrmSetPropertyValue(ICrmEntity entity, String propertyLogicalName, Object value) in d:\Applis\Jenkins\workspace\crm client main continuous\iCRM\iCRM\iCRM.Services.CRM\Helper\ICrmEntityExtensions.cs:line 149&#xA; --- End of inner exception stack trace ---&#xA;    at iCRM.Services.CRM.Extensions.ICrmEntityExtensions.iCrmSetPropertyValue(ICrmEntity entity, String propertyLogicalName, Object value) in d:\Applis\Jenkins\workspace\crm client main continuous\iCRM\iCRM\iCRM.Services.CRM\Helper\ICrmEntityExtensions.cs:line 153&#xA;   at iCRM.Services.CRM.Extensions.ICrmEntityExtensions.SetByModelStandardAttributes(ICrmEntity entity, DealModel model) in d:\Applis\Jenkins\workspace\crm client main continuous\iCRM\iCRM\iCRM.Services.CRM\Helper\ICrmEntityExtensions.Deal.cs:line 1090&#xA;   at iCRM.Services.CRM.Extensions.ICrmEntityExtensions.SetByModel(ICrmEntity entity, DealModel model, Boolean entityIdRequired) in d:\Applis\Jenkins\workspace\crm client main continuous\iCRM\iCRM\iCRM.Services.CRM\Helper\ICrmEntityExtensions.Deal.cs:line 1067&#xA;   at iCRM.Services.CRM.iCRMDealService.CreateDeal(DealModel DealToCreate) in d:\Applis\Jenkins\workspace\crm client main continuous\iCRM\iCRM\iCRM.Services.CRM\Modules\Deals\iCRMDealService.Deal.cs:line 1856&#xA;   at iCRM.Services.CRM.Test.DealTest.DetachMinute() in d:\Applis\Jenkins\workspace\crm client main continuous\iCRM\iCRM\iCRM.Services.CRM.Test\Deals\DealTest.cs:line 789&#xA;"/>
      </testcase>
      <testcase time="0" name="GenericSaveDealContacts"
                classname="iCRM.Services.CRM.Test.DealTest">
         <failure message="Test method iCRM.Services.CRM.Test.DealTest.GenericSaveDealContacts threw exception: &#xA;System.Exception: Assigning the value False on property new_isfeg entity Microsoft.Xrm.Client.CrmEntity to raise an exception. ---&gt; System.ArgumentException: The property logical name 'new_isfeg' does not exist. Ensure you have typed the name correctly or review your CRM schema.&#xA;Parameter name: propertyLogicalName&#xA;    at Microsoft.Xrm.Client.CrmEntity.SetPropertyValue(String propertyLogicalName, Object value)&#xA;   at Microsoft.Xrm.Client.CrmEntity.Microsoft.Xrm.Client.ICrmEntity.SetPropertyValue(String propertyLogicalName, Object value)&#xA;   at iCRM.Services.CRM.Extensions.ICrmEntityExtensions.iCrmSetPropertyValue(ICrmEntity entity, String propertyLogicalName, Object value) in d:\Applis\Jenkins\workspace\crm client main continuous\iCRM\iCRM\iCRM.Services.CRM\Helper\ICrmEntityExtensions.cs:line 149&#xA; --- End of inner exception stack trace ---&#xA;    at iCRM.Services.CRM.Extensions.ICrmEntityExtensions.iCrmSetPropertyValue(ICrmEntity entity, String propertyLogicalName, Object value) in d:\Applis\Jenkins\workspace\crm client main continuous\iCRM\iCRM\iCRM.Services.CRM\Helper\ICrmEntityExtensions.cs:line 153&#xA;   at iCRM.Services.CRM.Extensions.ICrmEntityExtensions.SetByModelStandardAttributes(ICrmEntity entity, DealModel model) in d:\Applis\Jenkins\workspace\crm client main continuous\iCRM\iCRM\iCRM.Services.CRM\Helper\ICrmEntityExtensions.Deal.cs:line 1090&#xA;   at iCRM.Services.CRM.Extensions.ICrmEntityExtensions.SetByModel(ICrmEntity entity, DealModel model, Boolean entityIdRequired) in d:\Applis\Jenkins\workspace\crm client main continuous\iCRM\iCRM\iCRM.Services.CRM\Helper\ICrmEntityExtensions.Deal.cs:line 1067&#xA;   at iCRM.Services.CRM.iCRMDealService.CreateDeal(DealModel DealToCreate) in d:\Applis\Jenkins\workspace\crm client main continuous\iCRM\iCRM\iCRM.Services.CRM\Modules\Deals\iCRMDealService.Deal.cs:line 1856&#xA;   at iCRM.Services.CRM.Test.DealTest.GenericSaveDealContacts() in d:\Applis\Jenkins\workspace\crm client main continuous\iCRM\iCRM\iCRM.Services.CRM.Test\Deals\DealTest.cs:line 71&#xA;"/>
      </testcase>
      <testcase time="0" name="GetAllDealTypesTest" classname="iCRM.Services.CRM.Test.DealTest"/>
      <testcase time="0" name="GetUserDeals" classname="iCRM.Services.CRM.Test.DealTest">
         <failure message="Test method iCRM.Services.CRM.Test.DealTest.GetUserDeals threw exception: &#xA;System.Exception: Assigning the value False on property new_isfeg entity Microsoft.Xrm.Client.CrmEntity to raise an exception. ---&gt; System.ArgumentException: The property logical name 'new_isfeg' does not exist. Ensure you have typed the name correctly or review your CRM schema.&#xA;Parameter name: propertyLogicalName&#xA;    at Microsoft.Xrm.Client.CrmEntity.SetPropertyValue(String propertyLogicalName, Object value)&#xA;   at Microsoft.Xrm.Client.CrmEntity.Microsoft.Xrm.Client.ICrmEntity.SetPropertyValue(String propertyLogicalName, Object value)&#xA;   at iCRM.Services.CRM.Extensions.ICrmEntityExtensions.iCrmSetPropertyValue(ICrmEntity entity, String propertyLogicalName, Object value) in d:\Applis\Jenkins\workspace\crm client main continuous\iCRM\iCRM\iCRM.Services.CRM\Helper\ICrmEntityExtensions.cs:line 149&#xA; --- End of inner exception stack trace ---&#xA;    at iCRM.Services.CRM.Extensions.ICrmEntityExtensions.iCrmSetPropertyValue(ICrmEntity entity, String propertyLogicalName, Object value) in d:\Applis\Jenkins\workspace\crm client main continuous\iCRM\iCRM\iCRM.Services.CRM\Helper\ICrmEntityExtensions.cs:line 153&#xA;   at iCRM.Services.CRM.Extensions.ICrmEntityExtensions.SetByModelStandardAttributes(ICrmEntity entity, DealModel model) in d:\Applis\Jenkins\workspace\crm client main continuous\iCRM\iCRM\iCRM.Services.CRM\Helper\ICrmEntityExtensions.Deal.cs:line 1090&#xA;   at iCRM.Services.CRM.Extensions.ICrmEntityExtensions.SetByModel(ICrmEntity entity, DealModel model, Boolean entityIdRequired) in d:\Applis\Jenkins\workspace\crm client main continuous\iCRM\iCRM\iCRM.Services.CRM\Helper\ICrmEntityExtensions.Deal.cs:line 1067&#xA;   at iCRM.Services.CRM.iCRMDealService.CreateDeal(DealModel DealToCreate) in d:\Applis\Jenkins\workspace\crm client main continuous\iCRM\iCRM\iCRM.Services.CRM\Modules\Deals\iCRMDealService.Deal.cs:line 1856&#xA;   at iCRM.Services.CRM.Test.DealTest.GetUserDeals() in d:\Applis\Jenkins\workspace\crm client main continuous\iCRM\iCRM\iCRM.Services.CRM.Test\Deals\DealTest.cs:line 958&#xA;"/>
      </testcase>
      <testcase time="0" name="GetDealUserAssignedTasks"
                classname="iCRM.Services.CRM.Test.DealTest">
         <failure message="Test method iCRM.Services.CRM.Test.DealTest.GetDealUserAssignedTasks threw exception: &#xA;System.Exception: Assigning the value False on property new_isfeg entity Microsoft.Xrm.Client.CrmEntity to raise an exception. ---&gt; System.ArgumentException: The property logical name 'new_isfeg' does not exist. Ensure you have typed the name correctly or review your CRM schema.&#xA;Parameter name: propertyLogicalName&#xA;    at Microsoft.Xrm.Client.CrmEntity.SetPropertyValue(String propertyLogicalName, Object value)&#xA;   at Microsoft.Xrm.Client.CrmEntity.Microsoft.Xrm.Client.ICrmEntity.SetPropertyValue(String propertyLogicalName, Object value)&#xA;   at iCRM.Services.CRM.Extensions.ICrmEntityExtensions.iCrmSetPropertyValue(ICrmEntity entity, String propertyLogicalName, Object value) in d:\Applis\Jenkins\workspace\crm client main continuous\iCRM\iCRM\iCRM.Services.CRM\Helper\ICrmEntityExtensions.cs:line 149&#xA; --- End of inner exception stack trace ---&#xA;    at iCRM.Services.CRM.Extensions.ICrmEntityExtensions.iCrmSetPropertyValue(ICrmEntity entity, String propertyLogicalName, Object value) in d:\Applis\Jenkins\workspace\crm client main continuous\iCRM\iCRM\iCRM.Services.CRM\Helper\ICrmEntityExtensions.cs:line 153&#xA;   at iCRM.Services.CRM.Extensions.ICrmEntityExtensions.SetByModelStandardAttributes(ICrmEntity entity, DealModel model) in d:\Applis\Jenkins\workspace\crm client main continuous\iCRM\iCRM\iCRM.Services.CRM\Helper\ICrmEntityExtensions.Deal.cs:line 1090&#xA;   at iCRM.Services.CRM.Extensions.ICrmEntityExtensions.SetByModel(ICrmEntity entity, DealModel model, Boolean entityIdRequired) in d:\Applis\Jenkins\workspace\crm client main continuous\iCRM\iCRM\iCRM.Services.CRM\Helper\ICrmEntityExtensions.Deal.cs:line 1067&#xA;   at iCRM.Services.CRM.iCRMDealService.CreateDeal(DealModel DealToCreate) in d:\Applis\Jenkins\workspace\crm client main continuous\iCRM\iCRM\iCRM.Services.CRM\Modules\Deals\iCRMDealService.Deal.cs:line 1856&#xA;   at iCRM.Services.CRM.Test.DealTest.GetDealUserAssignedTasks() in d:\Applis\Jenkins\workspace\crm client main continuous\iCRM\iCRM\iCRM.Services.CRM.Test\Deals\DealTest.cs:line 1016&#xA;"/>
      </testcase>
      <testcase time="0" name="GetContactsForDeal" classname="iCRM.Services.CRM.Test.DealTest">
         <failure message="Test method iCRM.Services.CRM.Test.DealTest.GetContactsForDeal threw exception: &#xA;System.Exception: Assigning the value False on property new_isfeg entity Microsoft.Xrm.Client.CrmEntity to raise an exception. ---&gt; System.ArgumentException: The property logical name 'new_isfeg' does not exist. Ensure you have typed the name correctly or review your CRM schema.&#xA;Parameter name: propertyLogicalName&#xA;    at Microsoft.Xrm.Client.CrmEntity.SetPropertyValue(String propertyLogicalName, Object value)&#xA;   at Microsoft.Xrm.Client.CrmEntity.Microsoft.Xrm.Client.ICrmEntity.SetPropertyValue(String propertyLogicalName, Object value)&#xA;   at iCRM.Services.CRM.Extensions.ICrmEntityExtensions.iCrmSetPropertyValue(ICrmEntity entity, String propertyLogicalName, Object value) in d:\Applis\Jenkins\workspace\crm client main continuous\iCRM\iCRM\iCRM.Services.CRM\Helper\ICrmEntityExtensions.cs:line 149&#xA; --- End of inner exception stack trace ---&#xA;    at iCRM.Services.CRM.Extensions.ICrmEntityExtensions.iCrmSetPropertyValue(ICrmEntity entity, String propertyLogicalName, Object value) in d:\Applis\Jenkins\workspace\crm client main continuous\iCRM\iCRM\iCRM.Services.CRM\Helper\ICrmEntityExtensions.cs:line 153&#xA;   at iCRM.Services.CRM.Extensions.ICrmEntityExtensions.SetByModelStandardAttributes(ICrmEntity entity, DealModel model) in d:\Applis\Jenkins\workspace\crm client main continuous\iCRM\iCRM\iCRM.Services.CRM\Helper\ICrmEntityExtensions.Deal.cs:line 1090&#xA;   at iCRM.Services.CRM.Extensions.ICrmEntityExtensions.SetByModel(ICrmEntity entity, DealModel model, Boolean entityIdRequired) in d:\Applis\Jenkins\workspace\crm client main continuous\iCRM\iCRM\iCRM.Services.CRM\Helper\ICrmEntityExtensions.Deal.cs:line 1067&#xA;   at iCRM.Services.CRM.iCRMDealService.CreateDeal(DealModel DealToCreate) in d:\Applis\Jenkins\workspace\crm client main continuous\iCRM\iCRM\iCRM.Services.CRM\Modules\Deals\iCRMDealService.Deal.cs:line 1856&#xA;   at iCRM.Services.CRM.Test.DealTest.GetContactsForDeal() in d:\Applis\Jenkins\workspace\crm client main continuous\iCRM\iCRM\iCRM.Services.CRM.Test\Deals\DealTest.cs:line 266&#xA;"/>
      </testcase>
      <testcase time="0" name="UpdateFullDeal" classname="iCRM.Services.CRM.Test.DealTest">
         <failure message="Assert.Fail failed. An error has occured : Assigning the value False on property new_isfeg entity Microsoft.Xrm.Client.CrmEntity to raise an exception.,   at iCRM.Services.CRM.Extensions.ICrmEntityExtensions.iCrmSetPropertyValue(ICrmEntity entity, String propertyLogicalName, Object value) in d:\Applis\Jenkins\workspace\crm client main continuous\iCRM\iCRM\iCRM.Services.CRM\Helper\ICrmEntityExtensions.cs:line 153&#xA;   at iCRM.Services.CRM.Extensions.ICrmEntityExtensions.SetByModelStandardAttributes(ICrmEntity entity, DealModel model) in d:\Applis\Jenkins\workspace\crm client main continuous\iCRM\iCRM\iCRM.Services.CRM\Helper\ICrmEntityExtensions.Deal.cs:line 1090&#xA;   at iCRM.Services.CRM.Extensions.ICrmEntityExtensions.SetByModel(ICrmEntity entity, DealModel model, Boolean entityIdRequired) in d:\Applis\Jenkins\workspace\crm client main continuous\iCRM\iCRM\iCRM.Services.CRM\Helper\ICrmEntityExtensions.Deal.cs:line 1067&#xA;   at iCRM.Services.CRM.iCRMDealService.CreateDeal(DealModel DealToCreate) in d:\Applis\Jenkins\workspace\crm client main continuous\iCRM\iCRM\iCRM.Services.CRM\Modules\Deals\iCRMDealService.Deal.cs:line 1856&#xA;   at iCRM.Services.CRM.iCRMDealService.SaveCore(DealModel entity) in d:\Applis\Jenkins\workspace\crm client main continuous\iCRM\iCRM\iCRM.Services.CRM\Modules\Deals\iCRMDealService.Generic.cs:line 58&#xA;   at iCRM.Services.CRM.CrmServiceBase`1.Save(TModel entity) in d:\Applis\Jenkins\workspace\crm client main continuous\iCRM\iCRM\iCRM.Services.CRM\CrmServiceBase.Generic.cs:line 119&#xA;   at iCRM.Services.CRM.Test.DealTest.UpdateFullDeal() in d:\Applis\Jenkins\workspace\crm client main continuous\iCRM\iCRM\iCRM.Services.CRM.Test\Deals\DealTest.cs:line 1244&#xA;   at iCRM.Services.CRM.Test.DealTest.UpdateFullDeal() in d:\Applis\Jenkins\workspace\crm client main continuous\iCRM\iCRM\iCRM.Services.CRM.Test\Deals\DealTest.cs:line 1256&#xA;"/>
      </testcase>
   </testsuite>
   <testsuite skipped="0" failures="0" errors="0" time="0" tests="24"
              name="iCRM.Services.CRM.Test.ContactLightTest">
      <testcase time="0" name="SearchContactsFromShadow10"
                classname="iCRM.Services.CRM.Test.ContactLightTest"/>
      <testcase time="0" name="SearchContactsFromShadow9"
                classname="iCRM.Services.CRM.Test.ContactLightTest"/>
      <testcase time="0" name="GetUsersContactsAndFavorites"
                classname="iCRM.Services.CRM.Test.ContactLightTest"/>
      <testcase time="0" name="GetContactModelById"
                classname="iCRM.Services.CRM.Test.ContactLightTest"/>
      <testcase time="0" name="LoadManager" classname="iCRM.Services.CRM.Test.ContactLightTest"/>
      <testcase time="0" name="SearchContactsFromShadow3"
                classname="iCRM.Services.CRM.Test.ContactLightTest"/>
      <testcase time="0" name="SearchContacts"
                classname="iCRM.Services.CRM.Test.ContactLightTest"/>
      <testcase time="0" name="SearchContactsFromShadow41"
                classname="iCRM.Services.CRM.Test.ContactLightTest"/>
      <testcase time="0" name="SearchContactsFromShadow5"
                classname="iCRM.Services.CRM.Test.ContactLightTest"/>
      <testcase time="0" name="GetCustomerContactsMyContacts"
                classname="iCRM.Services.CRM.Test.ContactLightTest"/>
      <testcase time="0" name="SearchContactsFromShadow6"
                classname="iCRM.Services.CRM.Test.ContactLightTest"/>
      <testcase time="0" name="LoadAssistant"
                classname="iCRM.Services.CRM.Test.ContactLightTest"/>
      <testcase time="0" name="SearchContactsFromShadow1"
                classname="iCRM.Services.CRM.Test.ContactLightTest"/>
      <testcase time="0" name="SearchContactsFromShadow8"
                classname="iCRM.Services.CRM.Test.ContactLightTest"/>
      <testcase time="0" name="SearchContactsFromShadow7"
                classname="iCRM.Services.CRM.Test.ContactLightTest"/>
      <testcase time="0" name="SearchContactsFromShadow2"
                classname="iCRM.Services.CRM.Test.ContactLightTest"/>
      <testcase time="0" name="SearchContactsFromShadow11"
                classname="iCRM.Services.CRM.Test.ContactLightTest"/>
      <testcase time="0" name="GetCustomerContactsFavorites"
                classname="iCRM.Services.CRM.Test.ContactLightTest"/>
      <testcase time="0" name="SearchContactsFromShadow0"
                classname="iCRM.Services.CRM.Test.ContactLightTest"/>
      <testcase time="0" name="GetUsersContacts"
                classname="iCRM.Services.CRM.Test.ContactLightTest"/>
      <testcase time="0" name="SearchContactsFromShadow4"
                classname="iCRM.Services.CRM.Test.ContactLightTest"/>
      <testcase time="0" name="GetContactModelByLastName"
                classname="iCRM.Services.CRM.Test.ContactLightTest"/>
      <testcase time="0" name="GetCustomerContacts"
                classname="iCRM.Services.CRM.Test.ContactLightTest"/>
      <testcase time="0" name="GetMyTeamsContacts"
                classname="iCRM.Services.CRM.Test.ContactLightTest"/>
   </testsuite>
   <testsuite skipped="0" failures="0" errors="0" time="0" tests="67"
              name="iCRM.Services.CRM.Test.ContactTest">
      <testcase time="0" name="GetContactUserTeamTasks"
                classname="iCRM.Services.CRM.Test.ContactTest"/>
      <testcase time="0" name="CustomerServiceTest"
                classname="iCRM.Services.CRM.Test.ContactTest"/>
      <testcase time="0" name="GetUsersContactsAndFavorites"
                classname="iCRM.Services.CRM.Test.ContactTest"/>
      <testcase time="0" name="SaveChildCoreMinuteTest"
                classname="iCRM.Services.CRM.Test.ContactTest"/>
      <testcase time="0" name="CreateContactPersonalNote"
                classname="iCRM.Services.CRM.Test.ContactTest"/>
      <testcase time="0" name="GenericSavingPersonalNotepadChild"
                classname="iCRM.Services.CRM.Test.ContactTest"/>
      <testcase time="0" name="TestToContactModelAndSetByModelMethods"
                classname="iCRM.Services.CRM.Test.ContactTest"/>
      <testcase time="0" name="DeleteContact" classname="iCRM.Services.CRM.Test.ContactTest"/>
      <testcase time="0" name="GetCustomerContactsFavoritesTest"
                classname="iCRM.Services.CRM.Test.ContactTest"/>
      <testcase time="0" name="UpdateCanDealOnContactModel"
                classname="iCRM.Services.CRM.Test.ContactTest"/>
      <testcase time="0" name="GetUserFavoriteModelById"
                classname="iCRM.Services.CRM.Test.ContactTest"/>
      <testcase time="0" name="GetContactModelById"
                classname="iCRM.Services.CRM.Test.ContactTest"/>
      <testcase time="0" name="DeleteAllContactPersonalNote"
                classname="iCRM.Services.CRM.Test.ContactTest"/>
      <testcase time="0" name="UpdateContactPersonalNotes"
                classname="iCRM.Services.CRM.Test.ContactTest"/>
      <testcase time="0" name="CreateContactFavorite"
                classname="iCRM.Services.CRM.Test.ContactTest"/>
      <testcase time="0" name="CreateContactPreviousJob"
                classname="iCRM.Services.CRM.Test.ContactTest"/>
      <testcase time="0" name="GetCustomerContacts"
                classname="iCRM.Services.CRM.Test.ContactTest"/>
      <testcase time="0" name="QueryFieldsTest" classname="iCRM.Services.CRM.Test.ContactTest"/>
      <testcase time="0" name="GenericGetChildPersonalNotepad"
                classname="iCRM.Services.CRM.Test.ContactTest"/>
      <testcase time="0" name="LoadParentEntityCoreNotSupportedTest"
                classname="iCRM.Services.CRM.Test.ContactTest"/>
      <testcase time="0" name="GetAllContacts" classname="iCRM.Services.CRM.Test.ContactTest"/>
      <testcase time="0" name="GetModelByIdCoreTest"
                classname="iCRM.Services.CRM.Test.ContactTest"/>
      <testcase time="0" name="DeactivateTest" classname="iCRM.Services.CRM.Test.ContactTest"/>
      <testcase time="0" name="GetContactModelByIdTest"
                classname="iCRM.Services.CRM.Test.ContactTest"/>
      <testcase time="0" name="GetAllBusinessUnitsTest"
                classname="iCRM.Services.CRM.Test.ContactTest"/>
      <testcase time="0" name="UpdateContactTest"
                classname="iCRM.Services.CRM.Test.ContactTest"/>
      <testcase time="0" name="GetUserFavorites" classname="iCRM.Services.CRM.Test.ContactTest"/>
      <testcase time="0" name="DeleteRelationCoreNotSupportedTest"
                classname="iCRM.Services.CRM.Test.ContactTest"/>
      <testcase time="0" name="GenericGetChildMinutes"
                classname="iCRM.Services.CRM.Test.ContactTest"/>
      <testcase time="0" name="SearchNoFullName" classname="iCRM.Services.CRM.Test.ContactTest"/>
      <testcase time="0" name="GetUsersContactsAsyncTest"
                classname="iCRM.Services.CRM.Test.ContactTest"/>
      <testcase time="0" name="CreateContact" classname="iCRM.Services.CRM.Test.ContactTest"/>
      <testcase time="0" name="GetChildEntitiesCoreMeetingTest"
                classname="iCRM.Services.CRM.Test.ContactTest"/>
      <testcase time="0" name="DeactivateContactTest"
                classname="iCRM.Services.CRM.Test.ContactTest"/>
      <testcase time="0" name="GetChildEntitiesCoreNotSupportedTest"
                classname="iCRM.Services.CRM.Test.ContactTest"/>
      <testcase time="0" name="DeleteContactPersonalNotes"
                classname="iCRM.Services.CRM.Test.ContactTest"/>
      <testcase time="0" name="CreateMinute" classname="iCRM.Services.CRM.Test.ContactTest"/>
      <testcase time="0" name="SearchFavoriteContacts"
                classname="iCRM.Services.CRM.Test.ContactTest"/>
      <testcase time="0" name="SearchContactLight"
                classname="iCRM.Services.CRM.Test.ContactTest"/>
      <testcase time="0" name="LoadParentEntityCoreCustomerTest"
                classname="iCRM.Services.CRM.Test.ContactTest"/>
      <testcase time="0" name="GetCustomerContactsMyContactsTest"
                classname="iCRM.Services.CRM.Test.ContactTest"/>
      <testcase time="0" name="SearchCoreTest" classname="iCRM.Services.CRM.Test.ContactTest"/>
      <testcase time="0" name="GetContactModelByLastName"
                classname="iCRM.Services.CRM.Test.ContactTest"/>
      <testcase time="0" name="GetContactUserAssignedTasks"
                classname="iCRM.Services.CRM.Test.ContactTest"/>
      <testcase time="0" name="UpdateContact" classname="iCRM.Services.CRM.Test.ContactTest"/>
      <testcase time="0" name="SearchContactsTest"
                classname="iCRM.Services.CRM.Test.ContactTest"/>
      <testcase time="0" name="TestAlgoName" classname="iCRM.Services.CRM.Test.ContactTest"/>
      <testcase time="0" name="LoadParentEntityCoreJobTest"
                classname="iCRM.Services.CRM.Test.ContactTest"/>
      <testcase time="0" name="GetContactUserTasks"
                classname="iCRM.Services.CRM.Test.ContactTest"/>
      <testcase time="0" name="GetCountContactWithSameFirstNameAndLastNameTest"
                classname="iCRM.Services.CRM.Test.ContactTest"/>
      <testcase time="0" name="GetMyContacts" classname="iCRM.Services.CRM.Test.ContactTest"/>
      <testcase time="0" name="SaveContact" classname="iCRM.Services.CRM.Test.ContactTest"/>
      <testcase time="0" name="SaveChildCoreJobTest"
                classname="iCRM.Services.CRM.Test.ContactTest"/>
      <testcase time="0" name="LoadParentEntityCoreUserFavoriteTest"
                classname="iCRM.Services.CRM.Test.ContactTest"/>
      <testcase time="0" name="GetContactDealsTest"
                classname="iCRM.Services.CRM.Test.ContactTest"/>
      <testcase time="0" name="GetContactDealsAsyncTest"
                classname="iCRM.Services.CRM.Test.ContactTest"/>
      <testcase time="0" name="GetChildEntitiesAsyncCoreTest"
                classname="iCRM.Services.CRM.Test.ContactTest"/>
      <testcase time="0" name="SearchContact" classname="iCRM.Services.CRM.Test.ContactTest"/>
      <testcase time="0" name="DeactivateContact"
                classname="iCRM.Services.CRM.Test.ContactTest"/>
      <testcase time="0" name="GenericSavingMinutesChild"
                classname="iCRM.Services.CRM.Test.ContactTest"/>
      <testcase time="0" name="SaveChildCorePersonalNoteTest"
                classname="iCRM.Services.CRM.Test.ContactTest"/>
      <testcase time="0" name="DeleteUserFavorite"
                classname="iCRM.Services.CRM.Test.ContactTest"/>
      <testcase time="0" name="LoadModelPartiallyAsyncTest"
                classname="iCRM.Services.CRM.Test.ContactTest"/>
      <testcase time="0" name="GetContactUserCreatedTasks"
                classname="iCRM.Services.CRM.Test.ContactTest"/>
      <testcase time="0" name="GetContactPersonalNotes"
                classname="iCRM.Services.CRM.Test.ContactTest"/>
      <testcase time="0" name="GetFavoriteContacts"
                classname="iCRM.Services.CRM.Test.ContactTest"/>
      <testcase time="0" name="LoadParentEntityAsyncCoreNotSupportedTest"
                classname="iCRM.Services.CRM.Test.ContactTest"/>
   </testsuite>
   <testsuite skipped="0" failures="0" errors="0" time="0" tests="6"
              name="iCRM.Services.CRM.Test.DocumentVisibilityTest">
      <testcase time="0" name="CoreTest"
                classname="iCRM.Services.CRM.Test.DocumentVisibilityTest"/>
      <testcase time="0" name="GetDocumentsByModelTest"
                classname="iCRM.Services.CRM.Test.DocumentVisibilityTest"/>
      <testcase time="0" name="GetDocumentModelsTest"
                classname="iCRM.Services.CRM.Test.DocumentVisibilityTest"/>
      <testcase time="0" name="UpdateDocumentTest"
                classname="iCRM.Services.CRM.Test.DocumentVisibilityTest"/>
      <testcase time="0" name="DeleteDocumentByIdTest"
                classname="iCRM.Services.CRM.Test.DocumentVisibilityTest"/>
      <testcase time="0" name="CreateDocumentTest"
                classname="iCRM.Services.CRM.Test.DocumentVisibilityTest"/>
   </testsuite>
   <testsuite skipped="0" failures="0" errors="0" time="0" tests="12"
              name="iCRM.Services.CRM.Test.CustomerLightTest">
      <testcase time="0" name="GetUserCustomersTest"
                classname="iCRM.Services.CRM.Test.CustomerLightTest"/>
      <testcase time="0" name="SearchCustomersTest"
                classname="iCRM.Services.CRM.Test.CustomerLightTest"/>
      <testcase time="0" name="GetFundChildsTest"
                classname="iCRM.Services.CRM.Test.CustomerLightTest"/>
      <testcase time="0" name="GetCustomerModelByIdTest"
                classname="iCRM.Services.CRM.Test.CustomerLightTest"/>
      <testcase time="0" name="HasFundChildsTest"
                classname="iCRM.Services.CRM.Test.CustomerLightTest"/>
      <testcase time="0" name="SearchLookupCustomersTest"
                classname="iCRM.Services.CRM.Test.CustomerLightTest"/>
      <testcase time="0" name="SearchMyPortfolioCustomersTest"
                classname="iCRM.Services.CRM.Test.CustomerLightTest"/>
      <testcase time="0" name="CanParentTest"
                classname="iCRM.Services.CRM.Test.CustomerLightTest"/>
      <testcase time="0" name="GetCustomerModelByNameTest"
                classname="iCRM.Services.CRM.Test.CustomerLightTest"/>
      <testcase time="0" name="SearchMyTeamPortfolioCustomersTest"
                classname="iCRM.Services.CRM.Test.CustomerLightTest"/>
      <testcase time="0" name="GetClientTeamCustomersTest"
                classname="iCRM.Services.CRM.Test.CustomerLightTest"/>
      <testcase time="0" name="GetCustomerModelByBdrIdTest"
                classname="iCRM.Services.CRM.Test.CustomerLightTest"/>
   </testsuite>
   <testsuite skipped="0" failures="1" errors="0" time="0" tests="17"
              name="iCRM.Services.CRM.Test.NewsTest">
      <testcase time="0" name="GetNotesNewsForMyContacts"
                classname="iCRM.Services.CRM.Test.NewsTest"/>
      <testcase time="0" name="GetMeetingsNewsForMyDeals"
                classname="iCRM.Services.CRM.Test.NewsTest"/>
      <testcase time="0" name="GetMeetingsNewsForMyContacts"
                classname="iCRM.Services.CRM.Test.NewsTest"/>
      <testcase time="0" name="GetDocumentsNewsForMyPortfolio"
                classname="iCRM.Services.CRM.Test.NewsTest"/>
      <testcase time="0" name="GetDealsNewsForMyPortfolio"
                classname="iCRM.Services.CRM.Test.NewsTest"/>
      <testcase time="0" name="GetNotesNewsForMyPortfolio"
                classname="iCRM.Services.CRM.Test.NewsTest"/>
      <testcase time="0" name="GetMinutesNewsForMyPortfolio"
                classname="iCRM.Services.CRM.Test.NewsTest"/>
      <testcase time="0" name="GetMinutesNewsForMyContacts"
                classname="iCRM.Services.CRM.Test.NewsTest"/>
      <testcase time="0" name="GetPitchsNewsForMyPortfolio"
                classname="iCRM.Services.CRM.Test.NewsTest"/>
      <testcase time="0" name="GetDocumentsNewsForMyDeals"
                classname="iCRM.Services.CRM.Test.NewsTest"/>
      <testcase time="0" name="GetMeetingsNewsForMyPortfolio"
                classname="iCRM.Services.CRM.Test.NewsTest"/>
      <testcase time="0" name="GetDocumentsNewsForMyContacts"
                classname="iCRM.Services.CRM.Test.NewsTest"/>
      <testcase time="0" name="GetDealsNewsForMyContacts"
                classname="iCRM.Services.CRM.Test.NewsTest">
         <failure message="Test method iCRM.Services.CRM.Test.NewsTest.GetDealsNewsForMyContacts threw exception: &#xA;System.Exception: Assigning the value False on property new_isfeg entity Microsoft.Xrm.Client.CrmEntity to raise an exception. ---&gt; System.ArgumentException: The property logical name 'new_isfeg' does not exist. Ensure you have typed the name correctly or review your CRM schema.&#xA;Parameter name: propertyLogicalName&#xA;    at Microsoft.Xrm.Client.CrmEntity.SetPropertyValue(String propertyLogicalName, Object value)&#xA;   at Microsoft.Xrm.Client.CrmEntity.Microsoft.Xrm.Client.ICrmEntity.SetPropertyValue(String propertyLogicalName, Object value)&#xA;   at iCRM.Services.CRM.Extensions.ICrmEntityExtensions.iCrmSetPropertyValue(ICrmEntity entity, String propertyLogicalName, Object value) in d:\Applis\Jenkins\workspace\crm client main continuous\iCRM\iCRM\iCRM.Services.CRM\Helper\ICrmEntityExtensions.cs:line 149&#xA; --- End of inner exception stack trace ---&#xA;    at iCRM.Services.CRM.Extensions.ICrmEntityExtensions.iCrmSetPropertyValue(ICrmEntity entity, String propertyLogicalName, Object value) in d:\Applis\Jenkins\workspace\crm client main continuous\iCRM\iCRM\iCRM.Services.CRM\Helper\ICrmEntityExtensions.cs:line 153&#xA;   at iCRM.Services.CRM.Extensions.ICrmEntityExtensions.SetByModelStandardAttributes(ICrmEntity entity, DealModel model) in d:\Applis\Jenkins\workspace\crm client main continuous\iCRM\iCRM\iCRM.Services.CRM\Helper\ICrmEntityExtensions.Deal.cs:line 1090&#xA;   at iCRM.Services.CRM.Extensions.ICrmEntityExtensions.SetByModel(ICrmEntity entity, DealModel model, Boolean entityIdRequired) in d:\Applis\Jenkins\workspace\crm client main continuous\iCRM\iCRM\iCRM.Services.CRM\Helper\ICrmEntityExtensions.Deal.cs:line 1067&#xA;   at iCRM.Services.CRM.iCRMDealService.CreateDeal(DealModel DealToCreate) in d:\Applis\Jenkins\workspace\crm client main continuous\iCRM\iCRM\iCRM.Services.CRM\Modules\Deals\iCRMDealService.Deal.cs:line 1856&#xA;   at iCRM.Services.CRM.Test.NewsTest.GetDealsNewsForMyContacts() in d:\Applis\Jenkins\workspace\crm client main continuous\iCRM\iCRM\iCRM.Services.CRM.Test\News\NewsTest.cs:line 222&#xA;"/>
      </testcase>
      <testcase time="0" name="FetchNews" classname="iCRM.Services.CRM.Test.NewsTest"/>
      <testcase time="0" name="GetNotesNewsForMyDeals"
                classname="iCRM.Services.CRM.Test.NewsTest"/>
      <testcase time="0" name="GetMinutesNewsForMyDeals"
                classname="iCRM.Services.CRM.Test.NewsTest"/>
      <testcase time="0" name="GetPitchsNewsForMyContacts"
                classname="iCRM.Services.CRM.Test.NewsTest"/>
   </testsuite>
   <testsuite skipped="0" failures="0" errors="0" time="0" tests="9"
              name="iCRM.Services.CRM.Test.TestEmail">
      <testcase time="0" name="GetEmailModelById" classname="iCRM.Services.CRM.Test.TestEmail"/>
      <testcase time="0" name="SearchContactsFromShadowTest"
                classname="iCRM.Services.CRM.Test.TestEmail"/>
      <testcase time="0" name="GetEmailModels" classname="iCRM.Services.CRM.Test.TestEmail"/>
      <testcase time="0" name="GetEmailModelsByDealId"
                classname="iCRM.Services.CRM.Test.TestEmail"/>
      <testcase time="0" name="GetFirstEmail" classname="iCRM.Services.CRM.Test.TestEmail"/>
      <testcase time="0" name="GetEmailModelsbyCustomerId"
                classname="iCRM.Services.CRM.Test.TestEmail"/>
      <testcase time="0" name="GetEmails" classname="iCRM.Services.CRM.Test.TestEmail"/>
      <testcase time="0" name="GetEmailModelsByContactId"
                classname="iCRM.Services.CRM.Test.TestEmail"/>
      <testcase time="0" name="GetEmailModelBySubject"
                classname="iCRM.Services.CRM.Test.TestEmail"/>
   </testsuite>
   <testsuite skipped="0" failures="0" errors="0" time="0" tests="10"
              name="iCRM.Services.CRM.Test.PitchTest">
      <testcase time="0" name="GetPitchUserAssignedTasks"
                classname="iCRM.Services.CRM.Test.PitchTest"/>
      <testcase time="0" name="ConvertTest" classname="iCRM.Services.CRM.Test.PitchTest"/>
      <testcase time="0" name="UpdatePitch" classname="iCRM.Services.CRM.Test.PitchTest"/>
      <testcase time="0" name="GetPitchsModelForCustomer"
                classname="iCRM.Services.CRM.Test.PitchTest"/>
      <testcase time="0" name="GetFirstPitchForCustomer"
                classname="iCRM.Services.CRM.Test.PitchTest"/>
      <testcase time="0" name="GetPitchModelById" classname="iCRM.Services.CRM.Test.PitchTest"/>
      <testcase time="0" name="GetPitchUserTeamTasks"
                classname="iCRM.Services.CRM.Test.PitchTest"/>
      <testcase time="0" name="GetAllPitchs" classname="iCRM.Services.CRM.Test.PitchTest"/>
      <testcase time="0" name="GetPitchUserCreatedTasks"
                classname="iCRM.Services.CRM.Test.PitchTest"/>
      <testcase time="0" name="GetPitchUserTasks" classname="iCRM.Services.CRM.Test.PitchTest"/>
   </testsuite>
   <testsuite skipped="0" failures="0" errors="0" time="0" tests="15"
              name="iCRM.Services.CRM.Test.MeetingTest">
      <testcase time="0" name="GetMeetingModelById"
                classname="iCRM.Services.CRM.Test.MeetingTest"/>
      <testcase time="0" name="GetMeetingsForContactOwnedByUser"
                classname="iCRM.Services.CRM.Test.MeetingTest"/>
      <testcase time="0" name="GetFirstMeetingForCustomerOwnedByUser"
                classname="iCRM.Services.CRM.Test.MeetingTest"/>
      <testcase time="0" name="GetMeetings" classname="iCRM.Services.CRM.Test.MeetingTest"/>
      <testcase time="0" name="GetMeetingsForCustomerWithUser"
                classname="iCRM.Services.CRM.Test.MeetingTest"/>
      <testcase time="0" name="GetMeetingsForContactWithUser"
                classname="iCRM.Services.CRM.Test.MeetingTest"/>
      <testcase time="0" name="GetMeetingModelsByDealId"
                classname="iCRM.Services.CRM.Test.MeetingTest"/>
      <testcase time="0" name="GetMeetingModelBySubject"
                classname="iCRM.Services.CRM.Test.MeetingTest"/>
      <testcase time="0" name="GetMeetingModelsByContactId"
                classname="iCRM.Services.CRM.Test.MeetingTest"/>
      <testcase time="0" name="GetFirstMeetingForContactOwnedByUser"
                classname="iCRM.Services.CRM.Test.MeetingTest"/>
      <testcase time="0" name="GetFirstMeetingForCustomerWithUser"
                classname="iCRM.Services.CRM.Test.MeetingTest"/>
      <testcase time="0" name="GetFirstMeetingForContactWithUser"
                classname="iCRM.Services.CRM.Test.MeetingTest"/>
      <testcase time="0" name="GetMeetingModelsbyCustomerId"
                classname="iCRM.Services.CRM.Test.MeetingTest"/>
      <testcase time="0" name="GetMeetingsForCustomerOwnedByUser"
                classname="iCRM.Services.CRM.Test.MeetingTest"/>
      <testcase time="0" name="UpdateAndDeleteMeeting"
                classname="iCRM.Services.CRM.Test.MeetingTest"/>
   </testsuite>
   <testsuite skipped="0" failures="0" errors="0" time="0" tests="3"
              name="iCRM.Services.CRM.Test.Team.TeamTest">
      <testcase time="0" name="GetAllTeamsTest"
                classname="iCRM.Services.CRM.Test.Team.TeamTest"/>
      <testcase time="0" name="GetOrganizationTeamByIdTest"
                classname="iCRM.Services.CRM.Test.Team.TeamTest"/>
      <testcase time="0" name="GetTeamUsersTest"
                classname="iCRM.Services.CRM.Test.Team.TeamTest"/>
   </testsuite>
   <testsuite skipped="0" failures="0" errors="0" time="0" tests="8"
              name="iCRM.Services.CRM.Test.ProfileTest">
      <testcase time="0" name="IsAllowedToExecuteTest"
                classname="iCRM.Services.CRM.Test.ProfileTest"/>
      <testcase time="0" name="GetDelegation" classname="iCRM.Services.CRM.Test.ProfileTest"/>
      <testcase time="0" name="RevokeDelegationPrivilegesTest"
                classname="iCRM.Services.CRM.Test.ProfileTest"/>
      <testcase time="0" name="OverrideTests" classname="iCRM.Services.CRM.Test.ProfileTest"/>
      <testcase time="0" name="GrantDelegationPrivilegeTest"
                classname="iCRM.Services.CRM.Test.ProfileTest"/>
      <testcase time="0" name="IsUserInClientTeamTest"
                classname="iCRM.Services.CRM.Test.ProfileTest"/>
      <testcase time="0" name="ProfileMiscTest" classname="iCRM.Services.CRM.Test.ProfileTest"/>
      <testcase time="0" name="InitializeTest" classname="iCRM.Services.CRM.Test.ProfileTest"/>
   </testsuite>
   <testsuite skipped="0" failures="1" errors="0" time="0" tests="12"
              name="iCRM.Services.CRM.Test.MinuteTest">
      <testcase time="0" name="UpdateMinute" classname="iCRM.Services.CRM.Test.MinuteTest"/>
      <testcase time="0" name="GenericSavingContactChild"
                classname="iCRM.Services.CRM.Test.MinuteTest"/>
      <testcase time="0" name="CreateMinuteAndContact"
                classname="iCRM.Services.CRM.Test.MinuteTest"/>
      <testcase time="0" name="GetMinuteModelById"
                classname="iCRM.Services.CRM.Test.MinuteTest"/>
      <testcase time="0" name="GetMinutesModelsByContactId"
                classname="iCRM.Services.CRM.Test.MinuteTest"/>
      <testcase time="0" name="Search" classname="iCRM.Services.CRM.Test.MinuteTest"/>
      <testcase time="0" name="GenericGetChildUsers"
                classname="iCRM.Services.CRM.Test.MinuteTest"/>
      <testcase time="0" name="ExecuteOperationsOnDealMinute"
                classname="iCRM.Services.CRM.Test.MinuteTest">
         <failure message="Test method iCRM.Services.CRM.Test.MinuteTest.ExecuteOperationsOnDealMinute threw exception: &#xA;System.ArgumentException: The property logical name 'new_isfeg' does not exist. Ensure you have typed the name correctly or review your CRM schema.&#xA;Parameter name: propertyLogicalName&#xA;    at iCRM.Services.CRM.Test.ServiceTestBase.ShowExceptionRoot(Exception ex) in d:\Applis\Jenkins\workspace\crm client main continuous\iCRM\iCRM\iCRM.Services.CRM.Test\Base\ServiceTestBase.cs:line 200&#xA;   at iCRM.Services.CRM.Test.ServiceTestBase.ShowExceptionRoot(Exception ex) in d:\Applis\Jenkins\workspace\crm client main continuous\iCRM\iCRM\iCRM.Services.CRM.Test\Base\ServiceTestBase.cs:line 198&#xA;   at iCRM.Services.CRM.Test.MinuteTest.ExecuteOperationsOnDealMinute() in d:\Applis\Jenkins\workspace\crm client main continuous\iCRM\iCRM\iCRM.Services.CRM.Test\Minutes\MinuteTest.cs:line 612&#xA;"/>
      </testcase>
      <testcase time="0" name="GenericSavingUserChild"
                classname="iCRM.Services.CRM.Test.MinuteTest"/>
      <testcase time="0" name="GenericGetChildContacts"
                classname="iCRM.Services.CRM.Test.MinuteTest"/>
      <testcase time="0" name="CreateMinute" classname="iCRM.Services.CRM.Test.MinuteTest"/>
      <testcase time="0" name="SpecificSavingContactChild"
                classname="iCRM.Services.CRM.Test.MinuteTest"/>
   </testsuite>
   <testsuite skipped="0" failures="0" errors="0" time="0" tests="15"
              name="iCRM.Services.CRM.Test.UserTest">
      <testcase time="0" name="SearchUsers" classname="iCRM.Services.CRM.Test.UserTest"/>
      <testcase time="0" name="GetAllUsersInMyTeam" classname="iCRM.Services.CRM.Test.UserTest"/>
      <testcase time="0" name="GetUsersOfSalesAndSupportUser"
                classname="iCRM.Services.CRM.Test.UserTest"/>
      <testcase time="0" name="GetAllUsers" classname="iCRM.Services.CRM.Test.UserTest"/>
      <testcase time="0" name="GetUser" classname="iCRM.Services.CRM.Test.UserTest"/>
      <testcase time="0" name="GetUsersOfManagerUser"
                classname="iCRM.Services.CRM.Test.UserTest"/>
      <testcase time="0" name="GetUserManagers" classname="iCRM.Services.CRM.Test.UserTest"/>
      <testcase time="0" name="GetPricerUsers" classname="iCRM.Services.CRM.Test.UserTest"/>
      <testcase time="0" name="GetUsersOfSupportUser"
                classname="iCRM.Services.CRM.Test.UserTest"/>
      <testcase time="0" name="GetManagersOfUsers" classname="iCRM.Services.CRM.Test.UserTest"/>
      <testcase time="0" name="GetUsersByName" classname="iCRM.Services.CRM.Test.UserTest"/>
      <testcase time="0" name="AssignUserToEntity" classname="iCRM.Services.CRM.Test.UserTest"/>
      <testcase time="0" name="GetOwnerDelegatedUsers"
                classname="iCRM.Services.CRM.Test.UserTest"/>
      <testcase time="0" name="TestMethod1" classname="iCRM.Services.CRM.Test.UserTest"/>
      <testcase time="0" name="GetUserById" classname="iCRM.Services.CRM.Test.UserTest"/>
   </testsuite>
   <testsuite skipped="0" failures="0" errors="0" time="0" tests="6"
              name="iCRM.Services.CRM.Test.CTR.CTRTest">
      <testcase time="0" name="GetCTRModelByIdTest"
                classname="iCRM.Services.CRM.Test.CTR.CTRTest"/>
      <testcase time="0" name="GetCTRModelByANGLNGLIBCATTRSREGTest"
                classname="iCRM.Services.CRM.Test.CTR.CTRTest"/>
      <testcase time="0" name="GetCTRModelByFRALIBCATTREGSTest"
                classname="iCRM.Services.CRM.Test.CTR.CTRTest"/>
      <testcase time="0" name="GetCTRModelByANGLIBCATTRSREGTest"
                classname="iCRM.Services.CRM.Test.CTR.CTRTest"/>
      <testcase time="0" name="GetCTRModelByFRALNGLIBCATTRSREGTest"
                classname="iCRM.Services.CRM.Test.CTR.CTRTest"/>
      <testcase time="0" name="GetCTRModelByCODCATTRSREGTest"
                classname="iCRM.Services.CRM.Test.CTR.CTRTest"/>
   </testsuite>
   <testsuite skipped="0" failures="0" errors="0" time="0" tests="16"
              name="iCRM.Services.CRM.Test.CrmPickListTest">
      <testcase time="0" name="GetEmailAddressTypeCrmPickList"
                classname="iCRM.Services.CRM.Test.CrmPickListTest"/>
      <testcase time="0" name="GetContactOrganizationCrmPickList"
                classname="iCRM.Services.CRM.Test.CrmPickListTest"/>
      <testcase time="0" name="GetPreviousJobHierarchicalLevelCrmPickList"
                classname="iCRM.Services.CRM.Test.CrmPickListTest"/>
      <testcase time="0" name="GetPreviousJobOrganizationCrmPickList"
                classname="iCRM.Services.CRM.Test.CrmPickListTest"/>
      <testcase time="0" name="GetDefaultValue"
                classname="iCRM.Services.CRM.Test.CrmPickListTest"/>
      <testcase time="0" name="GetPhoneNumberTypeCrmPickList"
                classname="iCRM.Services.CRM.Test.CrmPickListTest"/>
      <testcase time="0" name="GetAddressObjectTypeCodeCrmPickList"
                classname="iCRM.Services.CRM.Test.CrmPickListTest"/>
      <testcase time="0" name="GetContactRoleCrmPickList"
                classname="iCRM.Services.CRM.Test.CrmPickListTest"/>
      <testcase time="0" name="GetPreviousJobRoleCrmPickList"
                classname="iCRM.Services.CRM.Test.CrmPickListTest"/>
      <testcase time="0" name="GetContactCivilityCrmPickList"
                classname="iCRM.Services.CRM.Test.CrmPickListTest"/>
      <testcase time="0" name="GetAddressPerimeterCrmPickList"
                classname="iCRM.Services.CRM.Test.CrmPickListTest"/>
      <testcase time="0" name="GetEmailAddressPerimeterCrmPickList"
                classname="iCRM.Services.CRM.Test.CrmPickListTest"/>
      <testcase time="0" name="GetAddressTypeCrmPickList"
                classname="iCRM.Services.CRM.Test.CrmPickListTest"/>
      <testcase time="0" name="GetPhoneNumberPerimeterCrmPickList"
                classname="iCRM.Services.CRM.Test.CrmPickListTest"/>
      <testcase time="0" name="GetContactHierarchicalLevelCrmPickList"
                classname="iCRM.Services.CRM.Test.CrmPickListTest"/>
      <testcase time="0" name="GetContactTitlesCrmPickList"
                classname="iCRM.Services.CRM.Test.CrmPickListTest"/>
   </testsuite>
   <testsuite skipped="0" failures="0" errors="0" time="0" tests="5"
              name="iCRM.Services.CRM.Test.CustomerTreeTest">
      <testcase time="0" name="GetMeetingModelsbyCustomerIdTest"
                classname="iCRM.Services.CRM.Test.CustomerTreeTest"/>
      <testcase time="0" name="GetContactConsolidatedViewForCustomerTest"
                classname="iCRM.Services.CRM.Test.CustomerTreeTest"/>
      <testcase time="0" name="GetCustomerTeamDealsManagerTest"
                classname="iCRM.Services.CRM.Test.CustomerTreeTest"/>
      <testcase time="0" name="GetMinutesModelsByCustomerIdTest"
                classname="iCRM.Services.CRM.Test.CustomerTreeTest"/>
      <testcase time="0" name="GetConsolidatedCustomerContactsFavoritesTest"
                classname="iCRM.Services.CRM.Test.CustomerTreeTest"/>
   </testsuite>
   <testsuite skipped="0" failures="0" errors="0" time="0" tests="7"
              name="iCRM.Services.CRM.Test.Country.CountryTest">
      <testcase time="0" name="GetModelByIdCoreTest"
                classname="iCRM.Services.CRM.Test.Country.CountryTest"/>
      <testcase time="0" name="UpdateCountryTest"
                classname="iCRM.Services.CRM.Test.Country.CountryTest"/>
      <testcase time="0" name="SaveCoreTest"
                classname="iCRM.Services.CRM.Test.Country.CountryTest"/>
      <testcase time="0" name="GetAllCountriesTest"
                classname="iCRM.Services.CRM.Test.Country.CountryTest"/>
      <testcase time="0" name="GetCountryByIso3Test"
                classname="iCRM.Services.CRM.Test.Country.CountryTest"/>
      <testcase time="0" name="SearchCoreTest"
                classname="iCRM.Services.CRM.Test.Country.CountryTest"/>
      <testcase time="0" name="DeactivateTest"
                classname="iCRM.Services.CRM.Test.Country.CountryTest"/>
   </testsuite>
   <testsuite skipped="0" failures="0" errors="0" time="0" tests="14"
              name="iCRM.Services.CRM.Test.CustomerTest">
      <testcase time="0" name="CreateCustomer" classname="iCRM.Services.CRM.Test.CustomerTest"/>
      <testcase time="0" name="GetCustomerUserCreatedTasksTest"
                classname="iCRM.Services.CRM.Test.CustomerTest"/>
      <testcase time="0" name="GetCustomerModelByBdrLegalIdTest"
                classname="iCRM.Services.CRM.Test.CustomerTest"/>
      <testcase time="0" name="GetCustomerSgTeamTest"
                classname="iCRM.Services.CRM.Test.CustomerTest"/>
      <testcase time="0" name="GetCommercialStructureFromCustomer"
                classname="iCRM.Services.CRM.Test.CustomerTest"/>
      <testcase time="0" name="GetFundChildsTest"
                classname="iCRM.Services.CRM.Test.CustomerTest"/>
      <testcase time="0" name="GetCustomerUserTeamTasksTest"
                classname="iCRM.Services.CRM.Test.CustomerTest"/>
      <testcase time="0" name="GetCustomerUserTasksTest"
                classname="iCRM.Services.CRM.Test.CustomerTest"/>
      <testcase time="0" name="DeactivateCustomer"
                classname="iCRM.Services.CRM.Test.CustomerTest"/>
      <testcase time="0" name="GetCustomerChildsTest"
                classname="iCRM.Services.CRM.Test.CustomerTest"/>
      <testcase time="0" name="GetCustomerDeals"
                classname="iCRM.Services.CRM.Test.CustomerTest"/>
      <testcase time="0" name="GetCustomerUserAssignedTasksTest"
                classname="iCRM.Services.CRM.Test.CustomerTest"/>
      <testcase time="0" name="ActivateCustomer"
                classname="iCRM.Services.CRM.Test.CustomerTest"/>
      <testcase time="0" name="GetCustomerPitchsTest"
                classname="iCRM.Services.CRM.Test.CustomerTest"/>
   </testsuite>
   <testsuite skipped="0" failures="0" errors="0" time="0" tests="14"
              name="iCRM.Services.CRM.Test.TestTask">
      <testcase time="0" name="SearchTasks" classname="iCRM.Services.CRM.Test.TestTask"/>
      <testcase time="0" name="GetContactUserCreatedTasks"
                classname="iCRM.Services.CRM.Test.TestTask"/>
      <testcase time="0" name="CreateTaskForContact"
                classname="iCRM.Services.CRM.Test.TestTask"/>
      <testcase time="0" name="GetContactUserTeamTasks"
                classname="iCRM.Services.CRM.Test.TestTask"/>
      <testcase time="0" name="UpdateTaskForContact"
                classname="iCRM.Services.CRM.Test.TestTask"/>
      <testcase time="0" name="GetTasksByContactId" classname="iCRM.Services.CRM.Test.TestTask"/>
      <testcase time="0" name="UpdateFullTask" classname="iCRM.Services.CRM.Test.TestTask"/>
      <testcase time="0" name="GetAllTasks" classname="iCRM.Services.CRM.Test.TestTask"/>
      <testcase time="0" name="GetUserCreatedTasks" classname="iCRM.Services.CRM.Test.TestTask"/>
      <testcase time="0" name="GetUserAssignedTasks"
                classname="iCRM.Services.CRM.Test.TestTask"/>
      <testcase time="0" name="GetTasksById" classname="iCRM.Services.CRM.Test.TestTask"/>
      <testcase time="0" name="DeactivateTask" classname="iCRM.Services.CRM.Test.TestTask"/>
      <testcase time="0" name="GetContactUserAssignedTasks"
                classname="iCRM.Services.CRM.Test.TestTask"/>
      <testcase time="0" name="ActivateTask" classname="iCRM.Services.CRM.Test.TestTask"/>
   </testsuite>
   <testsuite skipped="0" failures="0" errors="0" time="0" tests="11"
              name="iCRM.Services.CRM.Test.CustomListTest">
      <testcase time="0" name="CreateCustomList"
                classname="iCRM.Services.CRM.Test.CustomListTest"/>
      <testcase time="0" name="GetCustomListsCustomers"
                classname="iCRM.Services.CRM.Test.CustomListTest"/>
      <testcase time="0" name="GetMyCustomLists"
                classname="iCRM.Services.CRM.Test.CustomListTest"/>
      <testcase time="0" name="GetAllCustomLists"
                classname="iCRM.Services.CRM.Test.CustomListTest"/>
      <testcase time="0" name="GetCustomersCustomLists"
                classname="iCRM.Services.CRM.Test.CustomListTest"/>
      <testcase time="0" name="DeactivateCustomList"
                classname="iCRM.Services.CRM.Test.CustomListTest"/>
      <testcase time="0" name="GetAvailableApplicationPerimeters"
                classname="iCRM.Services.CRM.Test.CustomListTest"/>
      <testcase time="0" name="GetCustomListUserRoles"
                classname="iCRM.Services.CRM.Test.CustomListTest"/>
      <testcase time="0" name="GetCustomListChildrenLists"
                classname="iCRM.Services.CRM.Test.CustomListTest"/>
      <testcase time="0" name="UpdateCustomList"
                classname="iCRM.Services.CRM.Test.CustomListTest"/>
      <testcase time="0" name="GetMyPerimeterCustomListsTest"
                classname="iCRM.Services.CRM.Test.CustomListTest"/>
   </testsuite>
   <testsuite skipped="0" failures="0" errors="0" time="0" tests="2"
              name="iCRM.Services.CRM.Test.TeamQueryHelperTEst">
      <testcase time="0" name="TestMethod1"
                classname="iCRM.Services.CRM.Test.TeamQueryHelperTEst"/>
      <testcase time="0" name="TestMethod2"
                classname="iCRM.Services.CRM.Test.TeamQueryHelperTEst"/>
   </testsuite>
   <testsuite skipped="0" failures="0" errors="0" time="0" tests="1"
              name="iCRM.Services.CRM.Test.Pcru.PcruTest">
      <testcase time="0" name="GetPcruByIdfclssuiTest"
                classname="iCRM.Services.CRM.Test.Pcru.PcruTest"/>
   </testsuite>
   <testsuite skipped="0" failures="1" errors="0" time="0" tests="6"
              name="iCRM.Services.CRM.Test.TestNote">
      <testcase time="0" name="UpdateNoteForContact"
                classname="iCRM.Services.CRM.Test.TestNote"/>
      <testcase time="0" name="GetNotesByContactId" classname="iCRM.Services.CRM.Test.TestNote">
         <failure message="Test method iCRM.Services.CRM.Test.TestNote.GetNotesByContactId threw exception: &#xA;System.ApplicationException: &#xA;  0x80048408&#xA;  22 is not a valid status code for state code AsyncOperationState.Completed on asyncoperation.&#xA;  Platform&#xA; ---&gt; System.Web.Services.Protocols.SoapException: Server was unable to process request.&#xA;    at System.Web.Services.Protocols.SoapHttpClientProtocol.ReadResponse(SoapClientMessage message, WebResponse response, Stream responseStream, Boolean asyncCall)&#xA;   at System.Web.Services.Protocols.SoapHttpClientProtocol.Invoke(String methodName, Object[] parameters)&#xA;   at Microsoft.Crm.SdkTypeProxy.CrmService.Delete(String entityName, Guid id)&#xA;   at Microsoft.Xrm.Client.Services.CachedOrganizationService.Delete(String entityName, Guid id)&#xA;   at Microsoft.Xrm.Client.Data.Services.CrmDataContext.SaveChanges(IOrganizationService service)&#xA;   at Microsoft.Xrm.Client.Services.IOrganizationServiceExtensions.Using(Func`1 create, Action`1 action)&#xA; --- End of inner exception stack trace ---&#xA;    at Microsoft.Xrm.Client.Services.IOrganizationServiceExtensions.Using(Func`1 create, Action`1 action)&#xA;   at Microsoft.Xrm.Client.Data.Services.BaseDataContext.UsingService(Action`1 action)&#xA;   at Microsoft.Xrm.Client.Data.Services.CrmDataContext.SaveChanges()&#xA;   at iCRM.Services.CRM.iCRMNoteService.DeleteNote(Guid NoteId) in d:\Applis\Jenkins\workspace\crm client main continuous\iCRM\iCRM\iCRM.Services.CRM\Modules\Note\iCRMNoteService.Note.cs:line 422&#xA;   at iCRM.Services.CRM.iCRMNoteService.DeleteNoteById(Guid NoteId) in d:\Applis\Jenkins\workspace\crm client main continuous\iCRM\iCRM\iCRM.Services.CRM\Modules\Note\iCRMNoteService.Note.cs:line 237&#xA;   at iCRM.Services.CRM.Test.TestNote.&lt;DeleteNote&gt;b__3(NoteModel c) in d:\Applis\Jenkins\workspace\crm client main continuous\iCRM\iCRM\iCRM.Services.CRM.Test\Note\TestNote.cs:line 288&#xA;   at System.Collections.Generic.List`1.ForEach(Action`1 action)&#xA;   at iCRM.Services.CRM.Test.TestNote.DeleteNote(String subject) in d:\Applis\Jenkins\workspace\crm client main continuous\iCRM\iCRM\iCRM.Services.CRM.Test\Note\TestNote.cs:line 288&#xA;   at iCRM.Services.CRM.Test.TestNote.GetNotesByContactId() in d:\Applis\Jenkins\workspace\crm client main continuous\iCRM\iCRM\iCRM.Services.CRM.Test\Note\TestNote.cs:line 46&#xA;"/>
      </testcase>
      <testcase time="0" name="GetNoteModelsByParentIdTest"
                classname="iCRM.Services.CRM.Test.TestNote"/>
      <testcase time="0" name="GetNoteModelByIdTest"
                classname="iCRM.Services.CRM.Test.TestNote"/>
      <testcase time="0" name="CreateNoteForContact"
                classname="iCRM.Services.CRM.Test.TestNote"/>
      <testcase time="0" name="GetNoteModelBySubjectTest"
                classname="iCRM.Services.CRM.Test.TestNote"/>
   </testsuite>
   <testsuite skipped="0" failures="0" errors="0" time="0" tests="2"
              name="iCRM.Services.CRM.Test.TestBatch">
      <testcase time="0" name="GetLastValidBatchTest"
                classname="iCRM.Services.CRM.Test.TestBatch"/>
      <testcase time="0" name="GetCountLastValidBatchTest"
                classname="iCRM.Services.CRM.Test.TestBatch"/>
   </testsuite>
   <testsuite skipped="0" failures="0" errors="0" time="0" tests="1"
              name="iCRM.Services.CRM.Test.Connection.ConnectionTest">
      <testcase time="0" name="GetPcruByIdfclssuiTest"
                classname="iCRM.Services.CRM.Test.Connection.ConnectionTest"/>
   </testsuite>
   <testsuite skipped="0" failures="0" errors="0" time="0" tests="1"
              name="iCRM.Services.CRM.Test.WarmUpServicesTest">
      <testcase time="0" name="TestWarmUp"
                classname="iCRM.Services.CRM.Test.WarmUpServicesTest"/>
   </testsuite>
   <testsuite skipped="0" failures="0" errors="0" time="0" tests="1"
              name="iCRM.Services.CRM.Test.TestClientRisk">
      <testcase time="0" name="GetListOfClientRiskByBdrIDAndRiskTypeAndBatchIdTest"
                classname="iCRM.Services.CRM.Test.TestClientRisk"/>
   </testsuite>
   <testsuite skipped="0" failures="0" errors="0" time="0" tests="1"
              name="iCRM.Services.CRM.Test.TestOnBoarding">
      <testcase time="0" name="GetOnBoardingForMyPortfolio"
                classname="iCRM.Services.CRM.Test.TestOnBoarding"/>
   </testsuite>
   <testsuite skipped="0" failures="0" errors="0" time="0" tests="1"
              name="iCRM.Services.CRM.Test.Product.ProductTest">
      <testcase time="0" name="GetPcruByIdfclssuiTest"
                classname="iCRM.Services.CRM.Test.Product.ProductTest"/>
   </testsuite>
   <testsuite skipped="0" failures="0" errors="0" time="0" tests="3"
              name="iCRM.Services.JEDEAI.Test.iCRMJedeaiServiceTest">
      <testcase time="0" name="ContributeDocumentTest"
                classname="iCRM.Services.JEDEAI.Test.iCRMJedeaiServiceTest"/>
      <testcase time="0" name="GetDocumentsPropertiesByTypeAndContext"
                classname="iCRM.Services.JEDEAI.Test.iCRMJedeaiServiceTest"/>
      <testcase time="0" name="GetDocumentTest"
                classname="iCRM.Services.JEDEAI.Test.iCRMJedeaiServiceTest"/>
   </testsuite>
   <testsuite skipped="0" failures="0" errors="0" time="0" tests="3"
              name="iCRM.Services.JEDEAI.Test.iCRMDocumentServiceTest">
      <testcase time="0" name="SaveDocumentTest"
                classname="iCRM.Services.JEDEAI.Test.iCRMDocumentServiceTest"/>
      <testcase time="0" name="ReadDocumentTest"
                classname="iCRM.Services.JEDEAI.Test.iCRMDocumentServiceTest"/>
      <testcase time="0" name="DisplayDocumentTest"
                classname="iCRM.Services.JEDEAI.Test.iCRMDocumentServiceTest"/>
   </testsuite>
   <testsuite skipped="0" failures="0" errors="0" time="0" tests="11"
              name="iCRM.ViewModels.Test.ClientNewsViewModelTest">
      <testcase time="0" name="LaunchOpenTest"
                classname="iCRM.ViewModels.Test.ClientNewsViewModelTest"/>
      <testcase time="0" name="LaunchOpenCommandTest"
                classname="iCRM.ViewModels.Test.ClientNewsViewModelTest"/>
      <testcase time="0" name="ClientNewsViewModelConstructorTest"
                classname="iCRM.ViewModels.Test.ClientNewsViewModelTest"/>
      <testcase time="0" name="buttonRss_ClickedTest"
                classname="iCRM.ViewModels.Test.ClientNewsViewModelTest"/>
      <testcase time="0" name="LazyLoadListItemsTest"
                classname="iCRM.ViewModels.Test.ClientNewsViewModelTest"/>
      <testcase time="0" name="OnDisposeTest"
                classname="iCRM.ViewModels.Test.ClientNewsViewModelTest"/>
      <testcase time="0" name="InitializeCommandsTest"
                classname="iCRM.ViewModels.Test.ClientNewsViewModelTest"/>
      <testcase time="0" name="rssApplication_OnLoadedTest"
                classname="iCRM.ViewModels.Test.ClientNewsViewModelTest"/>
      <testcase time="0" name="SelectedNewTest"
                classname="iCRM.ViewModels.Test.ClientNewsViewModelTest"/>
      <testcase time="0" name="RefreshResultsTest"
                classname="iCRM.ViewModels.Test.ClientNewsViewModelTest"/>
      <testcase time="0" name="InitializeRSSTest"
                classname="iCRM.ViewModels.Test.ClientNewsViewModelTest"/>
   </testsuite>
   <testsuite skipped="0" failures="0" errors="0" time="0" tests="80"
              name="iCRM.ViewModels.Test.ContactNoteViewModelTest">
      <testcase time="0" name="TestDefaultVisibilitySOLUserASIPublicWithCustomer"
                classname="iCRM.ViewModels.Test.ContactNoteViewModelTest"/>
      <testcase time="0" name="TestDefaultVisibilityCORIConfidentialWithCustomer"
                classname="iCRM.ViewModels.Test.ContactNoteViewModelTest"/>
      <testcase time="0" name="TestDefaultVisibilityFICMyTeamWithCustomer"
                classname="iCRM.ViewModels.Test.ContactNoteViewModelTest"/>
      <testcase time="0" name="TestDefaultVisibilityIFDUserASIPublicWithCustomer"
                classname="iCRM.ViewModels.Test.ContactNoteViewModelTest"/>
      <testcase time="0" name="TestDefaultVisibilityFICUserASIConfidential"
                classname="iCRM.ViewModels.Test.ContactNoteViewModelTest"/>
      <testcase time="0" name="TestDefaultVisibilityGLFIPublicWithCustomer"
                classname="iCRM.ViewModels.Test.ContactNoteViewModelTest"/>
      <testcase time="0" name="TestDefaultVisibilityCORIUserASIClientTeam"
                classname="iCRM.ViewModels.Test.ContactNoteViewModelTest"/>
      <testcase time="0" name="TestDefaultVisibilityCORIUserASIConfidentialWithCustomer"
                classname="iCRM.ViewModels.Test.ContactNoteViewModelTest"/>
      <testcase time="0" name="TestDefaultVisibilitySOLUserASIMyTeam"
                classname="iCRM.ViewModels.Test.ContactNoteViewModelTest"/>
      <testcase time="0" name="TestDefaultVisibilityIFDPublic"
                classname="iCRM.ViewModels.Test.ContactNoteViewModelTest"/>
      <testcase time="0" name="TestDefaultVisibilityIFDConfidentialWithCustomer"
                classname="iCRM.ViewModels.Test.ContactNoteViewModelTest"/>
      <testcase time="0" name="TestDefaultVisibilityCORIMyTeamWithCustomer"
                classname="iCRM.ViewModels.Test.ContactNoteViewModelTest"/>
      <testcase time="0" name="TestDefaultVisibilityFICUserASIConfidentialWithCustomer"
                classname="iCRM.ViewModels.Test.ContactNoteViewModelTest"/>
      <testcase time="0" name="TestDefaultVisibilitySOLUserASIClientTeamWithCustomer"
                classname="iCRM.ViewModels.Test.ContactNoteViewModelTest"/>
      <testcase time="0" name="TestDefaultVisibilityGLFIConfidential"
                classname="iCRM.ViewModels.Test.ContactNoteViewModelTest"/>
      <testcase time="0" name="TestDefaultVisibilityFICClientTeam"
                classname="iCRM.ViewModels.Test.ContactNoteViewModelTest"/>
      <testcase time="0" name="TestDefaultVisibilityFICUserASIClientTeam"
                classname="iCRM.ViewModels.Test.ContactNoteViewModelTest"/>
      <testcase time="0" name="TestDefaultVisibilityIFDUserASIPublic"
                classname="iCRM.ViewModels.Test.ContactNoteViewModelTest"/>
      <testcase time="0" name="TestDefaultVisibilityIFDClientTeamWithCustomer"
                classname="iCRM.ViewModels.Test.ContactNoteViewModelTest"/>
      <testcase time="0" name="TestDefaultVisibilityFICConfidentialWithCustomer"
                classname="iCRM.ViewModels.Test.ContactNoteViewModelTest"/>
      <testcase time="0" name="TestDefaultVisibilityIFDMyTeamWithCustomer"
                classname="iCRM.ViewModels.Test.ContactNoteViewModelTest"/>
      <testcase time="0" name="TestDefaultVisibilityCORIPublic"
                classname="iCRM.ViewModels.Test.ContactNoteViewModelTest"/>
      <testcase time="0" name="TestDefaultVisibilityFICUserASIMyTeamWithCustomer"
                classname="iCRM.ViewModels.Test.ContactNoteViewModelTest"/>
      <testcase time="0" name="TestDefaultVisibilityCORIPublicWithCustomer"
                classname="iCRM.ViewModels.Test.ContactNoteViewModelTest"/>
      <testcase time="0" name="TestDefaultVisibilityGLFIConfidentialWithCustomer"
                classname="iCRM.ViewModels.Test.ContactNoteViewModelTest"/>
      <testcase time="0" name="TestDefaultVisibilitySOLPublicWithCustomer"
                classname="iCRM.ViewModels.Test.ContactNoteViewModelTest"/>
      <testcase time="0" name="TestDefaultVisibilityFICUserASIPublic"
                classname="iCRM.ViewModels.Test.ContactNoteViewModelTest"/>
      <testcase time="0" name="TestDefaultVisibilityCORIUserASIClientTeamWithCustomer"
                classname="iCRM.ViewModels.Test.ContactNoteViewModelTest"/>
      <testcase time="0" name="TestDefaultVisibilitySOLPublic"
                classname="iCRM.ViewModels.Test.ContactNoteViewModelTest"/>
      <testcase time="0" name="TestDefaultVisibilitySOLUserASIPublic"
                classname="iCRM.ViewModels.Test.ContactNoteViewModelTest"/>
      <testcase time="0" name="TestDefaultVisibilityGLFIUserASIClientTeamWithCustomer"
                classname="iCRM.ViewModels.Test.ContactNoteViewModelTest"/>
      <testcase time="0" name="TestDefaultVisibilitySOLClientTeam"
                classname="iCRM.ViewModels.Test.ContactNoteViewModelTest"/>
      <testcase time="0" name="TestDefaultVisibilityGLFIClientTeam"
                classname="iCRM.ViewModels.Test.ContactNoteViewModelTest"/>
      <testcase time="0" name="TestDefaultVisibilityGLFIUserASIClientTeam"
                classname="iCRM.ViewModels.Test.ContactNoteViewModelTest"/>
      <testcase time="0" name="TestDefaultVisibilityGLFIUserASIPublicWithCustomer"
                classname="iCRM.ViewModels.Test.ContactNoteViewModelTest"/>
      <testcase time="0" name="TestDefaultVisibilitySOLUserASIConfidential"
                classname="iCRM.ViewModels.Test.ContactNoteViewModelTest"/>
      <testcase time="0" name="TestDefaultVisibilityGLFIUserASIPublic"
                classname="iCRM.ViewModels.Test.ContactNoteViewModelTest"/>
      <testcase time="0" name="TestDefaultVisibilityFICPublicWithCustomer"
                classname="iCRM.ViewModels.Test.ContactNoteViewModelTest"/>
      <testcase time="0" name="TestDefaultVisibilityGLFIUserASIMyTeam"
                classname="iCRM.ViewModels.Test.ContactNoteViewModelTest"/>
      <testcase time="0" name="TestDefaultVisibilitySOLUserASIClientTeam"
                classname="iCRM.ViewModels.Test.ContactNoteViewModelTest"/>
      <testcase time="0" name="TestDefaultVisibilityFICUserASIMyTeam"
                classname="iCRM.ViewModels.Test.ContactNoteViewModelTest"/>
      <testcase time="0" name="TestDefaultVisibilitySOLConfidentialWithCustomer"
                classname="iCRM.ViewModels.Test.ContactNoteViewModelTest"/>
      <testcase time="0" name="TestDefaultVisibilityGLFIUserASIMyTeamWithCustomer"
                classname="iCRM.ViewModels.Test.ContactNoteViewModelTest"/>
      <testcase time="0" name="TestDefaultVisibilityIFDUserASIMyTeam"
                classname="iCRM.ViewModels.Test.ContactNoteViewModelTest"/>
      <testcase time="0" name="TestDefaultVisibilityCORIUserASIPublic"
                classname="iCRM.ViewModels.Test.ContactNoteViewModelTest"/>
      <testcase time="0" name="TestDefaultVisibilityIFDMyTeam"
                classname="iCRM.ViewModels.Test.ContactNoteViewModelTest"/>
      <testcase time="0" name="TestDefaultVisibilityGLFIUserASIConfidential"
                classname="iCRM.ViewModels.Test.ContactNoteViewModelTest"/>
      <testcase time="0" name="TestDefaultVisibilityCORIMyTeam"
                classname="iCRM.ViewModels.Test.ContactNoteViewModelTest"/>
      <testcase time="0" name="TestDefaultVisibilitySOLUserASIMyTeamWithCustomer"
                classname="iCRM.ViewModels.Test.ContactNoteViewModelTest"/>
      <testcase time="0" name="TestDefaultVisibilityIFDUserASIConfidentialWithCustomer"
                classname="iCRM.ViewModels.Test.ContactNoteViewModelTest"/>
      <testcase time="0" name="TestDefaultVisibilityFICMyTeam"
                classname="iCRM.ViewModels.Test.ContactNoteViewModelTest"/>
      <testcase time="0" name="TestDefaultVisibilityCORIConfidential"
                classname="iCRM.ViewModels.Test.ContactNoteViewModelTest"/>
      <testcase time="0" name="TestDefaultVisibilityGLFIPublic"
                classname="iCRM.ViewModels.Test.ContactNoteViewModelTest"/>
      <testcase time="0" name="TestDefaultVisibilityCORIClientTeamWithCustomer"
                classname="iCRM.ViewModels.Test.ContactNoteViewModelTest"/>
      <testcase time="0" name="TestDefaultVisibilityCORIUserASIMyTeamWithCustomer"
                classname="iCRM.ViewModels.Test.ContactNoteViewModelTest"/>
      <testcase time="0" name="TestDefaultVisibilityFICConfidential"
                classname="iCRM.ViewModels.Test.ContactNoteViewModelTest"/>
      <testcase time="0" name="TestDefaultVisibilityCORIUserASIConfidential"
                classname="iCRM.ViewModels.Test.ContactNoteViewModelTest"/>
      <testcase time="0" name="TestDefaultVisibilityGLFIMyTeamWithCustomer"
                classname="iCRM.ViewModels.Test.ContactNoteViewModelTest"/>
      <testcase time="0" name="TestDefaultVisibilitySOLClientTeamWithCustomer"
                classname="iCRM.ViewModels.Test.ContactNoteViewModelTest"/>
      <testcase time="0" name="TestDefaultVisibilitySOLMyTeamWithCustomer"
                classname="iCRM.ViewModels.Test.ContactNoteViewModelTest"/>
      <testcase time="0" name="TestDefaultVisibilityIFDClientTeam"
                classname="iCRM.ViewModels.Test.ContactNoteViewModelTest"/>
      <testcase time="0" name="TestDefaultVisibilityGLFIMyTeam"
                classname="iCRM.ViewModels.Test.ContactNoteViewModelTest"/>
      <testcase time="0" name="TestDefaultVisibilityIFDPublicWithCustomer"
                classname="iCRM.ViewModels.Test.ContactNoteViewModelTest"/>
      <testcase time="0" name="TestDefaultVisibilityGLFIClientTeamWithCustomer"
                classname="iCRM.ViewModels.Test.ContactNoteViewModelTest"/>
      <testcase time="0" name="TestDefaultVisibilityFICPublic"
                classname="iCRM.ViewModels.Test.ContactNoteViewModelTest"/>
      <testcase time="0" name="TestDefaultVisibilityFICUserASIClientTeamWithCustomer"
                classname="iCRM.ViewModels.Test.ContactNoteViewModelTest"/>
      <testcase time="0" name="TestDefaultVisibilityFICClientTeamWithCustomer"
                classname="iCRM.ViewModels.Test.ContactNoteViewModelTest"/>
      <testcase time="0" name="TestDefaultVisibilityIFDUserASIClientTeam"
                classname="iCRM.ViewModels.Test.ContactNoteViewModelTest"/>
      <testcase time="0" name="TestDefaultVisibilityIFDUserASIConfidential"
                classname="iCRM.ViewModels.Test.ContactNoteViewModelTest"/>
      <testcase time="0" name="TestDefaultVisibilityGLFIUserASIConfidentialWithCustomer"
                classname="iCRM.ViewModels.Test.ContactNoteViewModelTest"/>
      <testcase time="0" name="TestDefaultVisibilitySOLConfidential"
                classname="iCRM.ViewModels.Test.ContactNoteViewModelTest"/>
      <testcase time="0" name="TestDefaultVisibilityIFDUserASIMyTeamWithCustomer"
                classname="iCRM.ViewModels.Test.ContactNoteViewModelTest"/>
      <testcase time="0" name="TestDefaultVisibilityCORIUserASIMyTeam"
                classname="iCRM.ViewModels.Test.ContactNoteViewModelTest"/>
      <testcase time="0" name="TestDefaultVisibilityIFDUserASIClientTeamWithCustomer"
                classname="iCRM.ViewModels.Test.ContactNoteViewModelTest"/>
      <testcase time="0" name="TestDefaultVisibilityFICUserASIPublicWithCustomer"
                classname="iCRM.ViewModels.Test.ContactNoteViewModelTest"/>
      <testcase time="0" name="TestDefaultVisibilityIFDConfidential"
                classname="iCRM.ViewModels.Test.ContactNoteViewModelTest"/>
      <testcase time="0" name="TestDefaultVisibilitySOLMyTeam"
                classname="iCRM.ViewModels.Test.ContactNoteViewModelTest"/>
      <testcase time="0" name="TestDefaultVisibilityCORIUserASIPublicWithCustomer"
                classname="iCRM.ViewModels.Test.ContactNoteViewModelTest"/>
      <testcase time="0" name="TestDefaultVisibilitySOLUserASIConfidentialWithCustomer"
                classname="iCRM.ViewModels.Test.ContactNoteViewModelTest"/>
      <testcase time="0" name="TestDefaultVisibilityCORIClientTeam"
                classname="iCRM.ViewModels.Test.ContactNoteViewModelTest"/>
   </testsuite>
   <testsuite skipped="0" failures="0" errors="0" time="0" tests="22"
              name="iCRM.ViewModels.Test.TaskViewModelTest">
      <testcase time="0" name="TestAssignTaskToAnotherUserCommand"
                classname="iCRM.ViewModels.Test.TaskViewModelTest"/>
      <testcase time="0" name="TestLaunchCreateNewTaskCommand"
                classname="iCRM.ViewModels.Test.TaskViewModelTest"/>
      <testcase time="0" name="LaunchOpenUserListCommandCommand"
                classname="iCRM.ViewModels.Test.TaskViewModelTest"/>
      <testcase time="0" name="TestLaunchOpenCustomerListCommand"
                classname="iCRM.ViewModels.Test.TaskViewModelTest"/>
      <testcase time="0" name="LaunchOpenDealListCommandCommand"
                classname="iCRM.ViewModels.Test.TaskViewModelTest"/>
      <testcase time="0" name="TestClearAssigneeCommand"
                classname="iCRM.ViewModels.Test.TaskViewModelTest"/>
      <testcase time="0" name="TestLaunchOpenRelatedToCommand"
                classname="iCRM.ViewModels.Test.TaskViewModelTest"/>
      <testcase time="0" name="TestClearSelectedRelatedToEntityCommand"
                classname="iCRM.ViewModels.Test.TaskViewModelTest"/>
      <testcase time="0" name="TestLaunchOpenPitchListCommand"
                classname="iCRM.ViewModels.Test.TaskViewModelTest"/>
      <testcase time="0" name="GetHistoryDataTest"
                classname="iCRM.ViewModels.Test.TaskViewModelTest"/>
      <testcase time="0" name="TestCancelledCommand"
                classname="iCRM.ViewModels.Test.TaskViewModelTest"/>
      <testcase time="0" name="TestLaunchSetToCompletedCommand"
                classname="iCRM.ViewModels.Test.TaskViewModelTest"/>
      <testcase time="0" name="VariousTests" classname="iCRM.ViewModels.Test.TaskViewModelTest"/>
      <testcase time="0" name="DoSaveCommandTest"
                classname="iCRM.ViewModels.Test.TaskViewModelTest"/>
      <testcase time="0" name="TestCloneTaskCommand"
                classname="iCRM.ViewModels.Test.TaskViewModelTest"/>
      <testcase time="0" name="TestLaunchOpenContactListCommand"
                classname="iCRM.ViewModels.Test.TaskViewModelTest"/>
      <testcase time="0" name="TestClearAssigneeTeamCommand"
                classname="iCRM.ViewModels.Test.TaskViewModelTest"/>
      <testcase time="0" name="TestLaunchDeactivateCommand"
                classname="iCRM.ViewModels.Test.TaskViewModelTest"/>
      <testcase time="0" name="DoCancelCommandTest"
                classname="iCRM.ViewModels.Test.TaskViewModelTest"/>
      <testcase time="0" name="TestLaunchOpenTeamListCommand"
                classname="iCRM.ViewModels.Test.TaskViewModelTest"/>
      <testcase time="0" name="TestLaunchCreateNewTaskCommandEx"
                classname="iCRM.ViewModels.Test.TaskViewModelTest"/>
      <testcase time="0" name="TestLaunchOpenDealCommand"
                classname="iCRM.ViewModels.Test.TaskViewModelTest"/>
   </testsuite>
   <testsuite skipped="0" failures="0" errors="0" time="0" tests="8"
              name="iCRM.ViewModels.Test.DealUserListViewModelTest">
      <testcase time="0" name="TestOnDispose"
                classname="iCRM.ViewModels.Test.DealUserListViewModelTest"/>
      <testcase time="0" name="TestBuildUserEmailsString"
                classname="iCRM.ViewModels.Test.DealUserListViewModelTest"/>
      <testcase time="0" name="TestChangeUserRoleCommand"
                classname="iCRM.ViewModels.Test.DealUserListViewModelTest"/>
      <testcase time="0" name="TestLazyLoadListItems"
                classname="iCRM.ViewModels.Test.DealUserListViewModelTest"/>
      <testcase time="0" name="TestProperties"
                classname="iCRM.ViewModels.Test.DealUserListViewModelTest"/>
      <testcase time="0" name="TestSendMailToMultipleCommand"
                classname="iCRM.ViewModels.Test.DealUserListViewModelTest"/>
      <testcase time="0" name="TestLaunchSelectUsersCommand"
                classname="iCRM.ViewModels.Test.DealUserListViewModelTest"/>
      <testcase time="0" name="TestHandleAsyncDealUserssResult"
                classname="iCRM.ViewModels.Test.DealUserListViewModelTest"/>
   </testsuite>
   <testsuite skipped="0" failures="0" errors="0" time="0" tests="46"
              name="iCRM.ViewModels.Test.CustomerListViewModelTest">
      <testcase time="0" name="MultipleRowsContextMenuTest"
                classname="iCRM.ViewModels.Test.CustomerListViewModelTest"/>
      <testcase time="0" name="CheckMyTeamAccessAsyncTest"
                classname="iCRM.ViewModels.Test.CustomerListViewModelTest"/>
      <testcase time="0" name="LazyLoadListItemsTest"
                classname="iCRM.ViewModels.Test.CustomerListViewModelTest"/>
      <testcase time="0" name="CurrentCustomerTest"
                classname="iCRM.ViewModels.Test.CustomerListViewModelTest"/>
      <testcase time="0" name="LaunchAddToCustomListCommandExecuteTest"
                classname="iCRM.ViewModels.Test.CustomerListViewModelTest"/>
      <testcase time="0" name="RefreshMessageSinkTest"
                classname="iCRM.ViewModels.Test.CustomerListViewModelTest"/>
      <testcase time="0" name="LaunchOnBoardingViewCommandExecuteTest"
                classname="iCRM.ViewModels.Test.CustomerListViewModelTest"/>
      <testcase time="0" name="LaunchAddToCustomListCommandTest"
                classname="iCRM.ViewModels.Test.CustomerListViewModelTest"/>
      <testcase time="0" name="LaunchCreateNewPitchsTest"
                classname="iCRM.ViewModels.Test.CustomerListViewModelTest"/>
      <testcase time="0" name="InvokeAfterDelayCommandTest"
                classname="iCRM.ViewModels.Test.CustomerListViewModelTest"/>
      <testcase time="0" name="CustomerListViewModelConstructorTest1"
                classname="iCRM.ViewModels.Test.CustomerListViewModelTest"/>
      <testcase time="0" name="IsGroupboxVisibleTest"
                classname="iCRM.ViewModels.Test.CustomerListViewModelTest"/>
      <testcase time="0" name="ValidateChooseCustomerTest"
                classname="iCRM.ViewModels.Test.CustomerListViewModelTest"/>
      <testcase time="0" name="SelectedCustomerViewModelTest"
                classname="iCRM.ViewModels.Test.CustomerListViewModelTest"/>
      <testcase time="0" name="AddCustomListTest"
                classname="iCRM.ViewModels.Test.CustomerListViewModelTest"/>
      <testcase time="0" name="comboCustomListFilter_ValueChangedTest"
                classname="iCRM.ViewModels.Test.CustomerListViewModelTest"/>
      <testcase time="0" name="AddRemoveCustomersToCustomListCommandTest"
                classname="iCRM.ViewModels.Test.CustomerListViewModelTest"/>
      <testcase time="0" name="AffectedCustomListTest"
                classname="iCRM.ViewModels.Test.CustomerListViewModelTest"/>
      <testcase time="0" name="CustomerListViewModelConstructorTest2"
                classname="iCRM.ViewModels.Test.CustomerListViewModelTest"/>
      <testcase time="0" name="LaunchOnBoardingViewCommandTest"
                classname="iCRM.ViewModels.Test.CustomerListViewModelTest"/>
      <testcase time="0" name="ParentCustomerTest"
                classname="iCRM.ViewModels.Test.CustomerListViewModelTest"/>
      <testcase time="0" name="SelectedCustomerTest"
                classname="iCRM.ViewModels.Test.CustomerListViewModelTest"/>
      <testcase time="0" name="GridAutoWidthTest"
                classname="iCRM.ViewModels.Test.CustomerListViewModelTest"/>
      <testcase time="0" name="addRemoveButtonFilter_ClickedTest"
                classname="iCRM.ViewModels.Test.CustomerListViewModelTest"/>
      <testcase time="0" name="OpenCustomerCommandTest"
                classname="iCRM.ViewModels.Test.CustomerListViewModelTest"/>
      <testcase time="0" name="CustomerListViewModel_PropertyChangedTest"
                classname="iCRM.ViewModels.Test.CustomerListViewModelTest"/>
      <testcase time="0" name="CustomListColumnsTest"
                classname="iCRM.ViewModels.Test.CustomerListViewModelTest"/>
      <testcase time="0" name="LaunchAddNewPitchCommandTest"
                classname="iCRM.ViewModels.Test.CustomerListViewModelTest"/>
      <testcase time="0" name="CustomListServiceTest"
                classname="iCRM.ViewModels.Test.CustomerListViewModelTest"/>
      <testcase time="0" name="GetContextMenusTest"
                classname="iCRM.ViewModels.Test.CustomerListViewModelTest"/>
      <testcase time="0" name="DeactivatedMessageSinkTest"
                classname="iCRM.ViewModels.Test.CustomerListViewModelTest"/>
      <testcase time="0" name="textboxListFilter_ValueChangedTest"
                classname="iCRM.ViewModels.Test.CustomerListViewModelTest"/>
      <testcase time="0" name="OnDisposeTest"
                classname="iCRM.ViewModels.Test.CustomerListViewModelTest"/>
      <testcase time="0" name="SelectedCustomerViewModel_PropertyChangedTest"
                classname="iCRM.ViewModels.Test.CustomerListViewModelTest"/>
      <testcase time="0" name="HandleGetMyCustomListsForMyPortfolioTest"
                classname="iCRM.ViewModels.Test.CustomerListViewModelTest"/>
      <testcase time="0" name="comboFilter_ValueChangedTest"
                classname="iCRM.ViewModels.Test.CustomerListViewModelTest"/>
      <testcase time="0" name="HandleAddToCustomListTest"
                classname="iCRM.ViewModels.Test.CustomerListViewModelTest"/>
      <testcase time="0" name="CustomerListViewModelConstructorTest3"
                classname="iCRM.ViewModels.Test.CustomerListViewModelTest"/>
      <testcase time="0" name="ViewContextChangedTest"
                classname="iCRM.ViewModels.Test.CustomerListViewModelTest"/>
      <testcase time="0" name="CustomerListViewModelConstructorTest"
                classname="iCRM.ViewModels.Test.CustomerListViewModelTest"/>
      <testcase time="0" name="HandleGetFundChildsResultTest"
                classname="iCRM.ViewModels.Test.CustomerListViewModelTest"/>
      <testcase time="0" name="ViewContextTest"
                classname="iCRM.ViewModels.Test.CustomerListViewModelTest"/>
      <testcase time="0" name="IsNotMyPortfolioTest"
                classname="iCRM.ViewModels.Test.CustomerListViewModelTest"/>
      <testcase time="0" name="InitializeMultipleContextMenuTest"
                classname="iCRM.ViewModels.Test.CustomerListViewModelTest"/>
      <testcase time="0" name="InitializeCommandsTest"
                classname="iCRM.ViewModels.Test.CustomerListViewModelTest"/>
      <testcase time="0" name="ValidateChooseCustomerCommandTest"
                classname="iCRM.ViewModels.Test.CustomerListViewModelTest"/>
   </testsuite>
   <testsuite skipped="0" failures="0" errors="0" time="0" tests="3"
              name="iCRM.ViewModels.Test.CustomListTreeViewModelTest">
      <testcase time="0" name="DeactivatedMessageSinkTest"
                classname="iCRM.ViewModels.Test.CustomListTreeViewModelTest"/>
      <testcase time="0" name="RefreshListTest"
                classname="iCRM.ViewModels.Test.CustomListTreeViewModelTest"/>
      <testcase time="0" name="DeactivatedEmptyGuidMessageSinkTest"
                classname="iCRM.ViewModels.Test.CustomListTreeViewModelTest"/>
   </testsuite>
   <testsuite skipped="0" failures="0" errors="0" time="0" tests="15"
              name="iCRM.ViewModels.Test.CustomerTeamUserEditNewMembersViewModelTest">
      <testcase time="0" name="CustomerTeamUserEditNewMembersViewModelCtor"
                classname="iCRM.ViewModels.Test.CustomerTeamUserEditNewMembersViewModelTest"/>
      <testcase time="0" name="ChangeUserActivity2CommandTest"
                classname="iCRM.ViewModels.Test.CustomerTeamUserEditNewMembersViewModelTest"/>
      <testcase time="0" name="CancelCommandTest"
                classname="iCRM.ViewModels.Test.CustomerTeamUserEditNewMembersViewModelTest"/>
      <testcase time="0" name="ChangeUserStartDateTest"
                classname="iCRM.ViewModels.Test.CustomerTeamUserEditNewMembersViewModelTest"/>
      <testcase time="0" name="AddTeamMembersCommandTest"
                classname="iCRM.ViewModels.Test.CustomerTeamUserEditNewMembersViewModelTest"/>
      <testcase time="0" name="CustomerTeamUserEditNewMembersViewModel_PropertyChangedTest"
                classname="iCRM.ViewModels.Test.CustomerTeamUserEditNewMembersViewModelTest"/>
      <testcase time="0" name="ChangeUserEndDateTest"
                classname="iCRM.ViewModels.Test.CustomerTeamUserEditNewMembersViewModelTest"/>
      <testcase time="0" name="ChangeUserActivity1CommandTest"
                classname="iCRM.ViewModels.Test.CustomerTeamUserEditNewMembersViewModelTest"/>
      <testcase time="0" name="DoChangeUserActivity1CommandTest"
                classname="iCRM.ViewModels.Test.CustomerTeamUserEditNewMembersViewModelTest"/>
      <testcase time="0" name="ChangeUserRoleCommandTest"
                classname="iCRM.ViewModels.Test.CustomerTeamUserEditNewMembersViewModelTest"/>
      <testcase time="0" name="ChangeUserEndDateCommandTest"
                classname="iCRM.ViewModels.Test.CustomerTeamUserEditNewMembersViewModelTest"/>
      <testcase time="0" name="DoChangeUserActivity2CommandTest"
                classname="iCRM.ViewModels.Test.CustomerTeamUserEditNewMembersViewModelTest"/>
      <testcase time="0" name="DoChangeUserRoleCommandTest"
                classname="iCRM.ViewModels.Test.CustomerTeamUserEditNewMembersViewModelTest"/>
      <testcase time="0" name="Activity2Test"
                classname="iCRM.ViewModels.Test.CustomerTeamUserEditNewMembersViewModelTest"/>
      <testcase time="0" name="ChangeUserStartDateCommandTest"
                classname="iCRM.ViewModels.Test.CustomerTeamUserEditNewMembersViewModelTest"/>
   </testsuite>
   <testsuite skipped="0" failures="0" errors="0" time="0" tests="56"
              name="iCRM.ViewModels.Test.ContactViewModelTest">
      <testcase time="0" name="TestDefaultVisibilityContact"
                classname="iCRM.ViewModels.Test.ContactViewModelTest">
         <system-out>&#xD;
------------------------- Console Output -------------------------&#xD;
--------------------------------------
TEST CASE
ApplicationProfile : FIC
HasCustomer        : True
ASIEUser           : False
ASIERestriction    : False
ExpectedVisibility : ClientTeam
CTCoverage         : True
CTPrivate          : True
CTPublic           : True

ResultingVisibility           : Client Team
CTCoverage                    : True
CTPrivate                     : True
CTPublic                      : True
&#xD;
------------------------- Debug Trace -------------------------&#xD;
 do - 
 do - 
 do - 
 do - 
 do - 
 do - 
 do - 
 do - 
 do - 
 do - 
 do - 
 do - 
 do - 
 do - 
 do - 
 do - 
</system-out>
      </testcase>
      <testcase time="0" name="TestDefaultVisibilityContact"
                classname="iCRM.ViewModels.Test.ContactViewModelTest">
         <system-out>&#xD;
------------------------- Console Output -------------------------&#xD;
--------------------------------------
TEST CASE
ApplicationProfile : SOL
HasCustomer        : True
ASIEUser           : False
ASIERestriction    : False
ExpectedVisibility : ClientTeam
CTCoverage         : True
CTPrivate          : True
CTPublic           : True

ResultingVisibility           : Client Team
CTCoverage                    : True
CTPrivate                     : True
CTPublic                      : True
&#xD;
------------------------- Debug Trace -------------------------&#xD;
 do - 
 do - 
 do - 
 do - 
 do - 
 do - 
 do - 
 do - 
 do - 
 do - 
 do - 
 do - 
 do - 
 do - 
 do - 
 do - 
</system-out>
      </testcase>
      <testcase time="0" name="TestDefaultVisibilityContact"
                classname="iCRM.ViewModels.Test.ContactViewModelTest">
         <system-out>&#xD;
------------------------- Console Output -------------------------&#xD;
--------------------------------------
TEST CASE
ApplicationProfile : LYXOR
HasCustomer        : True
ASIEUser           : False
ASIERestriction    : False
ExpectedVisibility : ClientTeam
CTCoverage         : True
CTPrivate          : True
CTPublic           : True

ResultingVisibility           : Client Team
CTCoverage                    : True
CTPrivate                     : True
CTPublic                      : True
&#xD;
------------------------- Debug Trace -------------------------&#xD;
 do - 
 do - 
 do - 
 do - 
 do - 
 do - 
 do - 
 do - 
 do - 
 do - 
 do - 
 do - 
 do - 
 do - 
 do - 
 do - 
</system-out>
      </testcase>
      <testcase time="0" name="TestDefaultVisibilityContact"
                classname="iCRM.ViewModels.Test.ContactViewModelTest">
         <system-out>&#xD;
------------------------- Console Output -------------------------&#xD;
--------------------------------------
TEST CASE
ApplicationProfile : IFD
HasCustomer        : True
ASIEUser           : False
ASIERestriction    : False
ExpectedVisibility : ClientTeam
CTCoverage         : True
CTPrivate          : True
CTPublic           : True

ResultingVisibility           : Client Team
CTCoverage                    : True
CTPrivate                     : True
CTPublic                      : True
&#xD;
------------------------- Debug Trace -------------------------&#xD;
 do - 
 do - 
 do - 
 do - 
 do - 
 do - 
 do - 
 do - 
 do - 
 do - 
 do - 
 do - 
 do - 
 do - 
 do - 
 do - 
</system-out>
      </testcase>
      <testcase time="0" name="TestDefaultVisibilityContact"
                classname="iCRM.ViewModels.Test.ContactViewModelTest">
         <system-out>&#xD;
------------------------- Console Output -------------------------&#xD;
--------------------------------------
TEST CASE
ApplicationProfile : CORI
HasCustomer        : True
ASIEUser           : False
ASIERestriction    : False
ExpectedVisibility : ClientTeam
CTCoverage         : True
CTPrivate          : True
CTPublic           : True

ResultingVisibility           : Client Team
CTCoverage                    : True
CTPrivate                     : True
CTPublic                      : True
&#xD;
------------------------- Debug Trace -------------------------&#xD;
 do - 
 do - 
 do - 
 do - 
 do - 
 do - 
 do - 
 do - 
 do - 
 do - 
 do - 
 do - 
 do - 
 do - 
 do - 
 do - 
</system-out>
      </testcase>
      <testcase time="0" name="TestDefaultVisibilityContact"
                classname="iCRM.ViewModels.Test.ContactViewModelTest">
         <system-out>&#xD;
------------------------- Console Output -------------------------&#xD;
--------------------------------------
TEST CASE
ApplicationProfile : GLFI
HasCustomer        : True
ASIEUser           : False
ASIERestriction    : False
ExpectedVisibility : ClientTeam
CTCoverage         : True
CTPrivate          : True
CTPublic           : True

ResultingVisibility           : Client Team
CTCoverage                    : True
CTPrivate                     : True
CTPublic                      : True
&#xD;
------------------------- Debug Trace -------------------------&#xD;
 do - 
 do - 
 do - 
 do - 
 do - 
 do - 
 do - 
 do - 
 do - 
 do - 
 do - 
 do - 
 do - 
 do - 
 do - 
 do - 
</system-out>
      </testcase>
      <testcase time="0" name="TestDefaultVisibilityContact"
                classname="iCRM.ViewModels.Test.ContactViewModelTest">
         <system-out>&#xD;
------------------------- Console Output -------------------------&#xD;
--------------------------------------
TEST CASE
ApplicationProfile : CTY
HasCustomer        : True
ASIEUser           : False
ASIERestriction    : False
ExpectedVisibility : ClientTeam
CTCoverage         : True
CTPrivate          : True
CTPublic           : True

ResultingVisibility           : Client Team
CTCoverage                    : True
CTPrivate                     : True
CTPublic                      : True
&#xD;
------------------------- Debug Trace -------------------------&#xD;
 do - 
 do - 
 do - 
 do - 
 do - 
 do - 
 do - 
 do - 
 do - 
 do - 
 do - 
 do - 
 do - 
 do - 
 do - 
 do - 
</system-out>
      </testcase>
      <testcase time="0" name="TestDefaultVisibilityContact"
                classname="iCRM.ViewModels.Test.ContactViewModelTest">
         <system-out>&#xD;
------------------------- Console Output -------------------------&#xD;
--------------------------------------
TEST CASE
ApplicationProfile : FIC
HasCustomer        : False
ASIEUser           : False
ASIERestriction    : False
ExpectedVisibility : MyTeam
CTCoverage         : False
CTPrivate          : False
CTPublic           : False

ResultingVisibility           : My Team
CTCoverage                    : False
CTPrivate                     : False
CTPublic                      : False
&#xD;
------------------------- Debug Trace -------------------------&#xD;
 do - 
 do - 
 do - 
 do - 
 do - 
 do - 
 do - 
 do - 
 do - 
 do - 
 do - 
 do - 
 do - 
</system-out>
      </testcase>
      <testcase time="0" name="TestDefaultVisibilityContact"
                classname="iCRM.ViewModels.Test.ContactViewModelTest">
         <system-out>&#xD;
------------------------- Console Output -------------------------&#xD;
--------------------------------------
TEST CASE
ApplicationProfile : SOL
HasCustomer        : False
ASIEUser           : False
ASIERestriction    : False
ExpectedVisibility : MyTeam
CTCoverage         : False
CTPrivate          : False
CTPublic           : False

ResultingVisibility           : My Team
CTCoverage                    : False
CTPrivate                     : False
CTPublic                      : False
&#xD;
------------------------- Debug Trace -------------------------&#xD;
 do - 
 do - 
 do - 
 do - 
 do - 
 do - 
 do - 
 do - 
 do - 
 do - 
 do - 
 do - 
 do - 
</system-out>
      </testcase>
      <testcase time="0" name="TestDefaultVisibilityContact"
                classname="iCRM.ViewModels.Test.ContactViewModelTest">
         <system-out>&#xD;
------------------------- Console Output -------------------------&#xD;
--------------------------------------
TEST CASE
ApplicationProfile : LYXOR
HasCustomer        : False
ASIEUser           : False
ASIERestriction    : False
ExpectedVisibility : MyTeam
CTCoverage         : False
CTPrivate          : False
CTPublic           : False

ResultingVisibility           : My Team
CTCoverage                    : False
CTPrivate                     : False
CTPublic                      : False
&#xD;
------------------------- Debug Trace -------------------------&#xD;
 do - 
 do - 
 do - 
 do - 
 do - 
 do - 
 do - 
 do - 
 do - 
 do - 
 do - 
 do - 
 do - 
</system-out>
      </testcase>
      <testcase time="0" name="TestDefaultVisibilityContact"
                classname="iCRM.ViewModels.Test.ContactViewModelTest">
         <system-out>&#xD;
------------------------- Console Output -------------------------&#xD;
--------------------------------------
TEST CASE
ApplicationProfile : IFD
HasCustomer        : False
ASIEUser           : False
ASIERestriction    : False
ExpectedVisibility : MyTeam
CTCoverage         : False
CTPrivate          : False
CTPublic           : False

ResultingVisibility           : My Team
CTCoverage                    : False
CTPrivate                     : False
CTPublic                      : False
&#xD;
------------------------- Debug Trace -------------------------&#xD;
 do - 
 do - 
 do - 
 do - 
 do - 
 do - 
 do - 
 do - 
 do - 
 do - 
 do - 
 do - 
 do - 
</system-out>
      </testcase>
      <testcase time="0" name="TestDefaultVisibilityContact"
                classname="iCRM.ViewModels.Test.ContactViewModelTest">
         <system-out>&#xD;
------------------------- Console Output -------------------------&#xD;
--------------------------------------
TEST CASE
ApplicationProfile : CORI
HasCustomer        : False
ASIEUser           : False
ASIERestriction    : False
ExpectedVisibility : MyTeam
CTCoverage         : False
CTPrivate          : False
CTPublic           : False

ResultingVisibility           : My Team
CTCoverage                    : False
CTPrivate                     : False
CTPublic                      : False
&#xD;
------------------------- Debug Trace -------------------------&#xD;
 do - 
 do - 
 do - 
 do - 
 do - 
 do - 
 do - 
 do - 
 do - 
 do - 
 do - 
 do - 
 do - 
</system-out>
      </testcase>
      <testcase time="0" name="TestDefaultVisibilityContact"
                classname="iCRM.ViewModels.Test.ContactViewModelTest">
         <system-out>&#xD;
------------------------- Console Output -------------------------&#xD;
--------------------------------------
TEST CASE
ApplicationProfile : GLFI
HasCustomer        : False
ASIEUser           : False
ASIERestriction    : False
ExpectedVisibility : MyTeam
CTCoverage         : False
CTPrivate          : False
CTPublic           : False

ResultingVisibility           : My Team
CTCoverage                    : False
CTPrivate                     : False
CTPublic                      : False
&#xD;
------------------------- Debug Trace -------------------------&#xD;
 do - 
 do - 
 do - 
 do - 
 do - 
 do - 
 do - 
 do - 
 do - 
 do - 
 do - 
 do - 
 do - 
</system-out>
      </testcase>
      <testcase time="0" name="TestDefaultVisibilityContact"
                classname="iCRM.ViewModels.Test.ContactViewModelTest">
         <system-out>&#xD;
------------------------- Console Output -------------------------&#xD;
--------------------------------------
TEST CASE
ApplicationProfile : CTY
HasCustomer        : False
ASIEUser           : False
ASIERestriction    : False
ExpectedVisibility : MyTeam
CTCoverage         : False
CTPrivate          : False
CTPublic           : False

ResultingVisibility           : My Team
CTCoverage                    : False
CTPrivate                     : False
CTPublic                      : False
&#xD;
------------------------- Debug Trace -------------------------&#xD;
 do - 
 do - 
 do - 
 do - 
 do - 
 do - 
 do - 
 do - 
 do - 
 do - 
 do - 
 do - 
 do - 
</system-out>
      </testcase>
      <testcase time="0" name="TestDefaultVisibilityContact"
                classname="iCRM.ViewModels.Test.ContactViewModelTest">
         <system-out>&#xD;
------------------------- Console Output -------------------------&#xD;
--------------------------------------
TEST CASE
ApplicationProfile : FIC
HasCustomer        : True
ASIEUser           : True
ASIERestriction    : False
ExpectedVisibility : ClientTeam
CTCoverage         : True
CTPrivate          : True
CTPublic           : True

ResultingVisibility           : Client Team
CTCoverage                    : True
CTPrivate                     : True
CTPublic                      : True
&#xD;
------------------------- Debug Trace -------------------------&#xD;
 do - 
 do - 
 do - 
 do - 
 do - 
 do - 
 do - 
 do - 
 do - 
 do - 
 do - 
 do - 
 do - 
 do - 
 do - 
 do - 
</system-out>
      </testcase>
      <testcase time="0" name="TestDefaultVisibilityContact"
                classname="iCRM.ViewModels.Test.ContactViewModelTest">
         <system-out>&#xD;
------------------------- Console Output -------------------------&#xD;
--------------------------------------
TEST CASE
ApplicationProfile : SOL
HasCustomer        : True
ASIEUser           : True
ASIERestriction    : False
ExpectedVisibility : ClientTeam
CTCoverage         : True
CTPrivate          : True
CTPublic           : True

ResultingVisibility           : Client Team
CTCoverage                    : True
CTPrivate                     : True
CTPublic                      : True
&#xD;
------------------------- Debug Trace -------------------------&#xD;
 do - 
 do - 
 do - 
 do - 
 do - 
 do - 
 do - 
 do - 
 do - 
 do - 
 do - 
 do - 
 do - 
 do - 
 do - 
 do - 
</system-out>
      </testcase>
      <testcase time="0" name="TestDefaultVisibilityContact"
                classname="iCRM.ViewModels.Test.ContactViewModelTest">
         <system-out>&#xD;
------------------------- Console Output -------------------------&#xD;
--------------------------------------
TEST CASE
ApplicationProfile : LYXOR
HasCustomer        : True
ASIEUser           : True
ASIERestriction    : False
ExpectedVisibility : ClientTeam
CTCoverage         : True
CTPrivate          : True
CTPublic           : True

ResultingVisibility           : Client Team
CTCoverage                    : True
CTPrivate                     : True
CTPublic                      : True
&#xD;
------------------------- Debug Trace -------------------------&#xD;
 do - 
 do - 
 do - 
 do - 
 do - 
 do - 
 do - 
 do - 
 do - 
 do - 
 do - 
 do - 
 do - 
 do - 
 do - 
 do - 
</system-out>
      </testcase>
      <testcase time="0" name="TestDefaultVisibilityContact"
                classname="iCRM.ViewModels.Test.ContactViewModelTest">
         <system-out>&#xD;
------------------------- Console Output -------------------------&#xD;
--------------------------------------
TEST CASE
ApplicationProfile : IFD
HasCustomer        : True
ASIEUser           : True
ASIERestriction    : False
ExpectedVisibility : ClientTeam
CTCoverage         : True
CTPrivate          : True
CTPublic           : True

ResultingVisibility           : Client Team
CTCoverage                    : True
CTPrivate                     : True
CTPublic                      : True
&#xD;
------------------------- Debug Trace -------------------------&#xD;
 do - 
 do - 
 do - 
 do - 
 do - 
 do - 
 do - 
 do - 
 do - 
 do - 
 do - 
 do - 
 do - 
 do - 
 do - 
 do - 
</system-out>
      </testcase>
      <testcase time="0" name="TestDefaultVisibilityContact"
                classname="iCRM.ViewModels.Test.ContactViewModelTest">
         <system-out>&#xD;
------------------------- Console Output -------------------------&#xD;
--------------------------------------
TEST CASE
ApplicationProfile : CORI
HasCustomer        : True
ASIEUser           : True
ASIERestriction    : False
ExpectedVisibility : ClientTeam
CTCoverage         : True
CTPrivate          : True
CTPublic           : True

ResultingVisibility           : Client Team
CTCoverage                    : True
CTPrivate                     : True
CTPublic                      : True
&#xD;
------------------------- Debug Trace -------------------------&#xD;
 do - 
 do - 
 do - 
 do - 
 do - 
 do - 
 do - 
 do - 
 do - 
 do - 
 do - 
 do - 
 do - 
 do - 
 do - 
 do - 
</system-out>
      </testcase>
      <testcase time="0" name="TestDefaultVisibilityContact"
                classname="iCRM.ViewModels.Test.ContactViewModelTest">
         <system-out>&#xD;
------------------------- Console Output -------------------------&#xD;
--------------------------------------
TEST CASE
ApplicationProfile : GLFI
HasCustomer        : True
ASIEUser           : True
ASIERestriction    : False
ExpectedVisibility : ClientTeam
CTCoverage         : True
CTPrivate          : True
CTPublic           : True

ResultingVisibility           : Client Team
CTCoverage                    : True
CTPrivate                     : True
CTPublic                      : True
&#xD;
------------------------- Debug Trace -------------------------&#xD;
 do - 
 do - 
 do - 
 do - 
 do - 
 do - 
 do - 
 do - 
 do - 
 do - 
 do - 
 do - 
 do - 
 do - 
 do - 
 do - 
</system-out>
      </testcase>
      <testcase time="0" name="TestDefaultVisibilityContact"
                classname="iCRM.ViewModels.Test.ContactViewModelTest">
         <system-out>&#xD;
------------------------- Console Output -------------------------&#xD;
--------------------------------------
TEST CASE
ApplicationProfile : CTY
HasCustomer        : True
ASIEUser           : True
ASIERestriction    : False
ExpectedVisibility : ClientTeam
CTCoverage         : True
CTPrivate          : True
CTPublic           : True

ResultingVisibility           : Client Team
CTCoverage                    : True
CTPrivate                     : True
CTPublic                      : True
&#xD;
------------------------- Debug Trace -------------------------&#xD;
 do - 
 do - 
 do - 
 do - 
 do - 
 do - 
 do - 
 do - 
 do - 
 do - 
 do - 
 do - 
 do - 
 do - 
 do - 
 do - 
</system-out>
      </testcase>
      <testcase time="0" name="TestDefaultVisibilityContact"
                classname="iCRM.ViewModels.Test.ContactViewModelTest">
         <system-out>&#xD;
------------------------- Console Output -------------------------&#xD;
--------------------------------------
TEST CASE
ApplicationProfile : FIC
HasCustomer        : False
ASIEUser           : True
ASIERestriction    : False
ExpectedVisibility : MyTeam
CTCoverage         : False
CTPrivate          : False
CTPublic           : False

ResultingVisibility           : My Team
CTCoverage                    : False
CTPrivate                     : False
CTPublic                      : False
&#xD;
------------------------- Debug Trace -------------------------&#xD;
 do - 
 do - 
 do - 
 do - 
 do - 
 do - 
 do - 
 do - 
 do - 
 do - 
 do - 
 do - 
 do - 
</system-out>
      </testcase>
      <testcase time="0" name="TestDefaultVisibilityContact"
                classname="iCRM.ViewModels.Test.ContactViewModelTest">
         <system-out>&#xD;
------------------------- Console Output -------------------------&#xD;
--------------------------------------
TEST CASE
ApplicationProfile : SOL
HasCustomer        : False
ASIEUser           : True
ASIERestriction    : False
ExpectedVisibility : MyTeam
CTCoverage         : False
CTPrivate          : False
CTPublic           : False

ResultingVisibility           : My Team
CTCoverage                    : False
CTPrivate                     : False
CTPublic                      : False
&#xD;
------------------------- Debug Trace -------------------------&#xD;
 do - 
 do - 
 do - 
 do - 
 do - 
 do - 
 do - 
 do - 
 do - 
 do - 
 do - 
 do - 
 do - 
</system-out>
      </testcase>
      <testcase time="0" name="TestDefaultVisibilityContact"
                classname="iCRM.ViewModels.Test.ContactViewModelTest">
         <system-out>&#xD;
------------------------- Console Output -------------------------&#xD;
--------------------------------------
TEST CASE
ApplicationProfile : LYXOR
HasCustomer        : False
ASIEUser           : True
ASIERestriction    : False
ExpectedVisibility : MyTeam
CTCoverage         : False
CTPrivate          : False
CTPublic           : False

ResultingVisibility           : My Team
CTCoverage                    : False
CTPrivate                     : False
CTPublic                      : False
&#xD;
------------------------- Debug Trace -------------------------&#xD;
 do - 
 do - 
 do - 
 do - 
 do - 
 do - 
 do - 
 do - 
 do - 
 do - 
 do - 
 do - 
 do - 
</system-out>
      </testcase>
      <testcase time="0" name="TestDefaultVisibilityContact"
                classname="iCRM.ViewModels.Test.ContactViewModelTest">
         <system-out>&#xD;
------------------------- Console Output -------------------------&#xD;
--------------------------------------
TEST CASE
ApplicationProfile : IFD
HasCustomer        : False
ASIEUser           : True
ASIERestriction    : False
ExpectedVisibility : MyTeam
CTCoverage         : False
CTPrivate          : False
CTPublic           : False

ResultingVisibility           : My Team
CTCoverage                    : False
CTPrivate                     : False
CTPublic                      : False
&#xD;
------------------------- Debug Trace -------------------------&#xD;
 do - 
 do - 
 do - 
 do - 
 do - 
 do - 
 do - 
 do - 
 do - 
 do - 
 do - 
 do - 
 do - 
</system-out>
      </testcase>
      <testcase time="0" name="TestDefaultVisibilityContact"
                classname="iCRM.ViewModels.Test.ContactViewModelTest">
         <system-out>&#xD;
------------------------- Console Output -------------------------&#xD;
--------------------------------------
TEST CASE
ApplicationProfile : CORI
HasCustomer        : False
ASIEUser           : True
ASIERestriction    : False
ExpectedVisibility : MyTeam
CTCoverage         : False
CTPrivate          : False
CTPublic           : False

ResultingVisibility           : My Team
CTCoverage                    : False
CTPrivate                     : False
CTPublic                      : False
&#xD;
------------------------- Debug Trace -------------------------&#xD;
 do - 
 do - 
 do - 
 do - 
 do - 
 do - 
 do - 
 do - 
 do - 
 do - 
 do - 
 do - 
 do - 
</system-out>
      </testcase>
      <testcase time="0" name="TestDefaultVisibilityContact"
                classname="iCRM.ViewModels.Test.ContactViewModelTest">
         <system-out>&#xD;
------------------------- Console Output -------------------------&#xD;
--------------------------------------
TEST CASE
ApplicationProfile : GLFI
HasCustomer        : False
ASIEUser           : True
ASIERestriction    : False
ExpectedVisibility : MyTeam
CTCoverage         : False
CTPrivate          : False
CTPublic           : False

ResultingVisibility           : My Team
CTCoverage                    : False
CTPrivate                     : False
CTPublic                      : False
&#xD;
------------------------- Debug Trace -------------------------&#xD;
 do - 
 do - 
 do - 
 do - 
 do - 
 do - 
 do - 
 do - 
 do - 
 do - 
 do - 
 do - 
 do - 
</system-out>
      </testcase>
      <testcase time="0" name="TestDefaultVisibilityContact"
                classname="iCRM.ViewModels.Test.ContactViewModelTest">
         <system-out>&#xD;
------------------------- Console Output -------------------------&#xD;
--------------------------------------
TEST CASE
ApplicationProfile : CTY
HasCustomer        : False
ASIEUser           : True
ASIERestriction    : False
ExpectedVisibility : MyTeam
CTCoverage         : False
CTPrivate          : False
CTPublic           : False

ResultingVisibility           : My Team
CTCoverage                    : False
CTPrivate                     : False
CTPublic                      : False
&#xD;
------------------------- Debug Trace -------------------------&#xD;
 do - 
 do - 
 do - 
 do - 
 do - 
 do - 
 do - 
 do - 
 do - 
 do - 
 do - 
 do - 
 do - 
</system-out>
      </testcase>
      <testcase time="0" name="TestDefaultVisibilityContact"
                classname="iCRM.ViewModels.Test.ContactViewModelTest">
         <system-out>&#xD;
------------------------- Console Output -------------------------&#xD;
--------------------------------------
TEST CASE
ApplicationProfile : FIC
HasCustomer        : True
ASIEUser           : False
ASIERestriction    : True
ExpectedVisibility : MyTeam
CTCoverage         : False
CTPrivate          : False
CTPublic           : False

ResultingVisibility           : My Team
CTCoverage                    : False
CTPrivate                     : False
CTPublic                      : False
&#xD;
------------------------- Debug Trace -------------------------&#xD;
 do - 
 do - 
 do - 
 do - 
 do - 
 do - 
 do - 
 do - 
 do - 
 do - 
 do - 
 do - 
 do - 
 do - 
 do - 
</system-out>
      </testcase>
      <testcase time="0" name="TestDefaultVisibilityContact"
                classname="iCRM.ViewModels.Test.ContactViewModelTest">
         <system-out>&#xD;
------------------------- Console Output -------------------------&#xD;
--------------------------------------
TEST CASE
ApplicationProfile : SOL
HasCustomer        : True
ASIEUser           : False
ASIERestriction    : True
ExpectedVisibility : MyTeam
CTCoverage         : False
CTPrivate          : False
CTPublic           : False

ResultingVisibility           : My Team
CTCoverage                    : False
CTPrivate                     : False
CTPublic                      : False
&#xD;
------------------------- Debug Trace -------------------------&#xD;
 do - 
 do - 
 do - 
 do - 
 do - 
 do - 
 do - 
 do - 
 do - 
 do - 
 do - 
 do - 
 do - 
 do - 
 do - 
</system-out>
      </testcase>
      <testcase time="0" name="TestDefaultVisibilityContact"
                classname="iCRM.ViewModels.Test.ContactViewModelTest">
         <system-out>&#xD;
------------------------- Console Output -------------------------&#xD;
--------------------------------------
TEST CASE
ApplicationProfile : LYXOR
HasCustomer        : True
ASIEUser           : False
ASIERestriction    : True
ExpectedVisibility : MyTeam
CTCoverage         : False
CTPrivate          : False
CTPublic           : False

ResultingVisibility           : My Team
CTCoverage                    : False
CTPrivate                     : False
CTPublic                      : False
&#xD;
------------------------- Debug Trace -------------------------&#xD;
 do - 
 do - 
 do - 
 do - 
 do - 
 do - 
 do - 
 do - 
 do - 
 do - 
 do - 
 do - 
 do - 
 do - 
 do - 
</system-out>
      </testcase>
      <testcase time="0" name="TestDefaultVisibilityContact"
                classname="iCRM.ViewModels.Test.ContactViewModelTest">
         <system-out>&#xD;
------------------------- Console Output -------------------------&#xD;
--------------------------------------
TEST CASE
ApplicationProfile : IFD
HasCustomer        : True
ASIEUser           : False
ASIERestriction    : True
ExpectedVisibility : MyTeam
CTCoverage         : False
CTPrivate          : False
CTPublic           : False

ResultingVisibility           : My Team
CTCoverage                    : False
CTPrivate                     : False
CTPublic                      : False
&#xD;
------------------------- Debug Trace -------------------------&#xD;
 do - 
 do - 
 do - 
 do - 
 do - 
 do - 
 do - 
 do - 
 do - 
 do - 
 do - 
 do - 
 do - 
 do - 
 do - 
</system-out>
      </testcase>
      <testcase time="0" name="TestDefaultVisibilityContact"
                classname="iCRM.ViewModels.Test.ContactViewModelTest">
         <system-out>&#xD;
------------------------- Console Output -------------------------&#xD;
--------------------------------------
TEST CASE
ApplicationProfile : CORI
HasCustomer        : True
ASIEUser           : False
ASIERestriction    : True
ExpectedVisibility : MyTeam
CTCoverage         : False
CTPrivate          : False
CTPublic           : False

ResultingVisibility           : My Team
CTCoverage                    : False
CTPrivate                     : False
CTPublic                      : False
&#xD;
------------------------- Debug Trace -------------------------&#xD;
 do - 
 do - 
 do - 
 do - 
 do - 
 do - 
 do - 
 do - 
 do - 
 do - 
 do - 
 do - 
 do - 
 do - 
 do - 
</system-out>
      </testcase>
      <testcase time="0" name="TestDefaultVisibilityContact"
                classname="iCRM.ViewModels.Test.ContactViewModelTest">
         <system-out>&#xD;
------------------------- Console Output -------------------------&#xD;
--------------------------------------
TEST CASE
ApplicationProfile : GLFI
HasCustomer        : True
ASIEUser           : False
ASIERestriction    : True
ExpectedVisibility : MyTeam
CTCoverage         : False
CTPrivate          : False
CTPublic           : False

ResultingVisibility           : My Team
CTCoverage                    : False
CTPrivate                     : False
CTPublic                      : False
&#xD;
------------------------- Debug Trace -------------------------&#xD;
 do - 
 do - 
 do - 
 do - 
 do - 
 do - 
 do - 
 do - 
 do - 
 do - 
 do - 
 do - 
 do - 
 do - 
 do - 
</system-out>
      </testcase>
      <testcase time="0" name="TestDefaultVisibilityContact"
                classname="iCRM.ViewModels.Test.ContactViewModelTest">
         <system-out>&#xD;
------------------------- Console Output -------------------------&#xD;
--------------------------------------
TEST CASE
ApplicationProfile : CTY
HasCustomer        : True
ASIEUser           : False
ASIERestriction    : True
ExpectedVisibility : MyTeam
CTCoverage         : False
CTPrivate          : False
CTPublic           : False

ResultingVisibility           : My Team
CTCoverage                    : False
CTPrivate                     : False
CTPublic                      : False
&#xD;
------------------------- Debug Trace -------------------------&#xD;
 do - 
 do - 
 do - 
 do - 
 do - 
 do - 
 do - 
 do - 
 do - 
 do - 
 do - 
 do - 
 do - 
 do - 
 do - 
</system-out>
      </testcase>
      <testcase time="0" name="TestDefaultVisibilityContact"
                classname="iCRM.ViewModels.Test.ContactViewModelTest">
         <system-out>&#xD;
------------------------- Console Output -------------------------&#xD;
--------------------------------------
TEST CASE
ApplicationProfile : FIC
HasCustomer        : False
ASIEUser           : False
ASIERestriction    : True
ExpectedVisibility : MyTeam
CTCoverage         : False
CTPrivate          : False
CTPublic           : False

ResultingVisibility           : My Team
CTCoverage                    : False
CTPrivate                     : False
CTPublic                      : False
&#xD;
------------------------- Debug Trace -------------------------&#xD;
 do - 
 do - 
 do - 
 do - 
 do - 
 do - 
 do - 
 do - 
 do - 
 do - 
 do - 
 do - 
 do - 
</system-out>
      </testcase>
      <testcase time="0" name="TestDefaultVisibilityContact"
                classname="iCRM.ViewModels.Test.ContactViewModelTest">
         <system-out>&#xD;
------------------------- Console Output -------------------------&#xD;
--------------------------------------
TEST CASE
ApplicationProfile : SOL
HasCustomer        : False
ASIEUser           : False
ASIERestriction    : True
ExpectedVisibility : MyTeam
CTCoverage         : False
CTPrivate          : False
CTPublic           : False

ResultingVisibility           : My Team
CTCoverage                    : False
CTPrivate                     : False
CTPublic                      : False
&#xD;
------------------------- Debug Trace -------------------------&#xD;
 do - 
 do - 
 do - 
 do - 
 do - 
 do - 
 do - 
 do - 
 do - 
 do - 
 do - 
 do - 
 do - 
</system-out>
      </testcase>
      <testcase time="0" name="TestDefaultVisibilityContact"
                classname="iCRM.ViewModels.Test.ContactViewModelTest">
         <system-out>&#xD;
------------------------- Console Output -------------------------&#xD;
--------------------------------------
TEST CASE
ApplicationProfile : LYXOR
HasCustomer        : False
ASIEUser           : False
ASIERestriction    : True
ExpectedVisibility : MyTeam
CTCoverage         : False
CTPrivate          : False
CTPublic           : False

ResultingVisibility           : My Team
CTCoverage                    : False
CTPrivate                     : False
CTPublic                      : False
&#xD;
------------------------- Debug Trace -------------------------&#xD;
 do - 
 do - 
 do - 
 do - 
 do - 
 do - 
 do - 
 do - 
 do - 
 do - 
 do - 
 do - 
 do - 
</system-out>
      </testcase>
      <testcase time="0" name="TestDefaultVisibilityContact"
                classname="iCRM.ViewModels.Test.ContactViewModelTest">
         <system-out>&#xD;
------------------------- Console Output -------------------------&#xD;
--------------------------------------
TEST CASE
ApplicationProfile : IFD
HasCustomer        : False
ASIEUser           : False
ASIERestriction    : True
ExpectedVisibility : MyTeam
CTCoverage         : False
CTPrivate          : False
CTPublic           : False

ResultingVisibility           : My Team
CTCoverage                    : False
CTPrivate                     : False
CTPublic                      : False
&#xD;
------------------------- Debug Trace -------------------------&#xD;
 do - 
 do - 
 do - 
 do - 
 do - 
 do - 
 do - 
 do - 
 do - 
 do - 
 do - 
 do - 
 do - 
</system-out>
      </testcase>
      <testcase time="0" name="TestDefaultVisibilityContact"
                classname="iCRM.ViewModels.Test.ContactViewModelTest">
         <system-out>&#xD;
------------------------- Console Output -------------------------&#xD;
--------------------------------------
TEST CASE
ApplicationProfile : CORI
HasCustomer        : False
ASIEUser           : False
ASIERestriction    : True
ExpectedVisibility : MyTeam
CTCoverage         : False
CTPrivate          : False
CTPublic           : False

ResultingVisibility           : My Team
CTCoverage                    : False
CTPrivate                     : False
CTPublic                      : False
&#xD;
------------------------- Debug Trace -------------------------&#xD;
 do - 
 do - 
 do - 
 do - 
 do - 
 do - 
 do - 
 do - 
 do - 
 do - 
 do - 
 do - 
 do - 
</system-out>
      </testcase>
      <testcase time="0" name="TestDefaultVisibilityContact"
                classname="iCRM.ViewModels.Test.ContactViewModelTest">
         <system-out>&#xD;
------------------------- Console Output -------------------------&#xD;
--------------------------------------
TEST CASE
ApplicationProfile : GLFI
HasCustomer        : False
ASIEUser           : False
ASIERestriction    : True
ExpectedVisibility : MyTeam
CTCoverage         : False
CTPrivate          : False
CTPublic           : False

ResultingVisibility           : My Team
CTCoverage                    : False
CTPrivate                     : False
CTPublic                      : False
&#xD;
------------------------- Debug Trace -------------------------&#xD;
 do - 
 do - 
 do - 
 do - 
 do - 
 do - 
 do - 
 do - 
 do - 
 do - 
 do - 
 do - 
 do - 
</system-out>
      </testcase>
      <testcase time="0" name="TestDefaultVisibilityContact"
                classname="iCRM.ViewModels.Test.ContactViewModelTest">
         <system-out>&#xD;
------------------------- Console Output -------------------------&#xD;
--------------------------------------
TEST CASE
ApplicationProfile : CTY
HasCustomer        : False
ASIEUser           : False
ASIERestriction    : True
ExpectedVisibility : MyTeam
CTCoverage         : False
CTPrivate          : False
CTPublic           : False

ResultingVisibility           : My Team
CTCoverage                    : False
CTPrivate                     : False
CTPublic                      : False
&#xD;
------------------------- Debug Trace -------------------------&#xD;
 do - 
 do - 
 do - 
 do - 
 do - 
 do - 
 do - 
 do - 
 do - 
 do - 
 do - 
 do - 
 do - 
</system-out>
      </testcase>
      <testcase time="0" name="TestDefaultVisibilityContact"
                classname="iCRM.ViewModels.Test.ContactViewModelTest">
         <system-out>&#xD;
------------------------- Console Output -------------------------&#xD;
--------------------------------------
TEST CASE
ApplicationProfile : FIC
HasCustomer        : True
ASIEUser           : True
ASIERestriction    : True
ExpectedVisibility : MyTeam
CTCoverage         : False
CTPrivate          : False
CTPublic           : False

ResultingVisibility           : My Team
CTCoverage                    : False
CTPrivate                     : False
CTPublic                      : False
&#xD;
------------------------- Debug Trace -------------------------&#xD;
 do - 
 do - 
 do - 
 do - 
 do - 
 do - 
 do - 
 do - 
 do - 
 do - 
 do - 
 do - 
 do - 
 do - 
 do - 
</system-out>
      </testcase>
      <testcase time="0" name="TestDefaultVisibilityContact"
                classname="iCRM.ViewModels.Test.ContactViewModelTest">
         <system-out>&#xD;
------------------------- Console Output -------------------------&#xD;
--------------------------------------
TEST CASE
ApplicationProfile : SOL
HasCustomer        : True
ASIEUser           : True
ASIERestriction    : True
ExpectedVisibility : MyTeam
CTCoverage         : False
CTPrivate          : False
CTPublic           : False

ResultingVisibility           : My Team
CTCoverage                    : False
CTPrivate                     : False
CTPublic                      : False
&#xD;
------------------------- Debug Trace -------------------------&#xD;
 do - 
 do - 
 do - 
 do - 
 do - 
 do - 
 do - 
 do - 
 do - 
 do - 
 do - 
 do - 
 do - 
 do - 
 do - 
</system-out>
      </testcase>
      <testcase time="0" name="TestDefaultVisibilityContact"
                classname="iCRM.ViewModels.Test.ContactViewModelTest">
         <system-out>&#xD;
------------------------- Console Output -------------------------&#xD;
--------------------------------------
TEST CASE
ApplicationProfile : LYXOR
HasCustomer        : True
ASIEUser           : True
ASIERestriction    : True
ExpectedVisibility : MyTeam
CTCoverage         : False
CTPrivate          : False
CTPublic           : False

ResultingVisibility           : My Team
CTCoverage                    : False
CTPrivate                     : False
CTPublic                      : False
&#xD;
------------------------- Debug Trace -------------------------&#xD;
 do - 
 do - 
 do - 
 do - 
 do - 
 do - 
 do - 
 do - 
 do - 
 do - 
 do - 
 do - 
 do - 
 do - 
 do - 
</system-out>
      </testcase>
      <testcase time="0" name="TestDefaultVisibilityContact"
                classname="iCRM.ViewModels.Test.ContactViewModelTest">
         <system-out>&#xD;
------------------------- Console Output -------------------------&#xD;
--------------------------------------
TEST CASE
ApplicationProfile : IFD
HasCustomer        : True
ASIEUser           : True
ASIERestriction    : True
ExpectedVisibility : MyTeam
CTCoverage         : False
CTPrivate          : False
CTPublic           : False

ResultingVisibility           : My Team
CTCoverage                    : False
CTPrivate                     : False
CTPublic                      : False
&#xD;
------------------------- Debug Trace -------------------------&#xD;
 do - 
 do - 
 do - 
 do - 
 do - 
 do - 
 do - 
 do - 
 do - 
 do - 
 do - 
 do - 
 do - 
 do - 
 do - 
</system-out>
      </testcase>
      <testcase time="0" name="TestDefaultVisibilityContact"
                classname="iCRM.ViewModels.Test.ContactViewModelTest">
         <system-out>&#xD;
------------------------- Console Output -------------------------&#xD;
--------------------------------------
TEST CASE
ApplicationProfile : CORI
HasCustomer        : True
ASIEUser           : True
ASIERestriction    : True
ExpectedVisibility : MyTeam
CTCoverage         : False
CTPrivate          : False
CTPublic           : False

ResultingVisibility           : My Team
CTCoverage                    : False
CTPrivate                     : False
CTPublic                      : False
&#xD;
------------------------- Debug Trace -------------------------&#xD;
 do - 
 do - 
 do - 
 do - 
 do - 
 do - 
 do - 
 do - 
 do - 
 do - 
 do - 
 do - 
 do - 
 do - 
 do - 
</system-out>
      </testcase>
      <testcase time="0" name="TestDefaultVisibilityContact"
                classname="iCRM.ViewModels.Test.ContactViewModelTest">
         <system-out>&#xD;
------------------------- Console Output -------------------------&#xD;
--------------------------------------
TEST CASE
ApplicationProfile : GLFI
HasCustomer        : True
ASIEUser           : True
ASIERestriction    : True
ExpectedVisibility : MyTeam
CTCoverage         : False
CTPrivate          : False
CTPublic           : False

ResultingVisibility           : My Team
CTCoverage                    : False
CTPrivate                     : False
CTPublic                      : False
&#xD;
------------------------- Debug Trace -------------------------&#xD;
 do - 
 do - 
 do - 
 do - 
 do - 
 do - 
 do - 
 do - 
 do - 
 do - 
 do - 
 do - 
 do - 
 do - 
 do - 
</system-out>
      </testcase>
      <testcase time="0" name="TestDefaultVisibilityContact"
                classname="iCRM.ViewModels.Test.ContactViewModelTest">
         <system-out>&#xD;
------------------------- Console Output -------------------------&#xD;
--------------------------------------
TEST CASE
ApplicationProfile : CTY
HasCustomer        : True
ASIEUser           : True
ASIERestriction    : True
ExpectedVisibility : MyTeam
CTCoverage         : False
CTPrivate          : False
CTPublic           : False

ResultingVisibility           : My Team
CTCoverage                    : False
CTPrivate                     : False
CTPublic                      : False
&#xD;
------------------------- Debug Trace -------------------------&#xD;
 do - 
 do - 
 do - 
 do - 
 do - 
 do - 
 do - 
 do - 
 do - 
 do - 
 do - 
 do - 
 do - 
 do - 
 do - 
</system-out>
      </testcase>
      <testcase time="0" name="TestDefaultVisibilityContact"
                classname="iCRM.ViewModels.Test.ContactViewModelTest">
         <system-out>&#xD;
------------------------- Console Output -------------------------&#xD;
--------------------------------------
TEST CASE
ApplicationProfile : FIC
HasCustomer        : False
ASIEUser           : True
ASIERestriction    : True
ExpectedVisibility : MyTeam
CTCoverage         : False
CTPrivate          : False
CTPublic           : False

ResultingVisibility           : My Team
CTCoverage                    : False
CTPrivate                     : False
CTPublic                      : False
&#xD;
------------------------- Debug Trace -------------------------&#xD;
 do - 
 do - 
 do - 
 do - 
 do - 
 do - 
 do - 
 do - 
 do - 
 do - 
 do - 
 do - 
 do - 
</system-out>
      </testcase>
      <testcase time="0" name="TestDefaultVisibilityContact"
                classname="iCRM.ViewModels.Test.ContactViewModelTest">
         <system-out>&#xD;
------------------------- Console Output -------------------------&#xD;
--------------------------------------
TEST CASE
ApplicationProfile : SOL
HasCustomer        : False
ASIEUser           : True
ASIERestriction    : True
ExpectedVisibility : MyTeam
CTCoverage         : False
CTPrivate          : False
CTPublic           : False

ResultingVisibility           : My Team
CTCoverage                    : False
CTPrivate                     : False
CTPublic                      : False
&#xD;
------------------------- Debug Trace -------------------------&#xD;
 do - 
 do - 
 do - 
 do - 
 do - 
 do - 
 do - 
 do - 
 do - 
 do - 
 do - 
 do - 
 do - 
</system-out>
      </testcase>
      <testcase time="0" name="TestDefaultVisibilityContact"
                classname="iCRM.ViewModels.Test.ContactViewModelTest">
         <system-out>&#xD;
------------------------- Console Output -------------------------&#xD;
--------------------------------------
TEST CASE
ApplicationProfile : LYXOR
HasCustomer        : False
ASIEUser           : True
ASIERestriction    : True
ExpectedVisibility : MyTeam
CTCoverage         : False
CTPrivate          : False
CTPublic           : False

ResultingVisibility           : My Team
CTCoverage                    : False
CTPrivate                     : False
CTPublic                      : False
&#xD;
------------------------- Debug Trace -------------------------&#xD;
 do - 
 do - 
 do - 
 do - 
 do - 
 do - 
 do - 
 do - 
 do - 
 do - 
 do - 
 do - 
 do - 
</system-out>
      </testcase>
      <testcase time="0" name="TestDefaultVisibilityContact"
                classname="iCRM.ViewModels.Test.ContactViewModelTest">
         <system-out>&#xD;
------------------------- Console Output -------------------------&#xD;
--------------------------------------
TEST CASE
ApplicationProfile : IFD
HasCustomer        : False
ASIEUser           : True
ASIERestriction    : True
ExpectedVisibility : MyTeam
CTCoverage         : False
CTPrivate          : False
CTPublic           : False

ResultingVisibility           : My Team
CTCoverage                    : False
CTPrivate                     : False
CTPublic                      : False
&#xD;
------------------------- Debug Trace -------------------------&#xD;
 do - 
 do - 
 do - 
 do - 
 do - 
 do - 
 do - 
 do - 
 do - 
 do - 
 do - 
 do - 
 do - 
</system-out>
      </testcase>
      <testcase time="0" name="TestDefaultVisibilityContact"
                classname="iCRM.ViewModels.Test.ContactViewModelTest">
         <system-out>&#xD;
------------------------- Console Output -------------------------&#xD;
--------------------------------------
TEST CASE
ApplicationProfile : CORI
HasCustomer        : False
ASIEUser           : True
ASIERestriction    : True
ExpectedVisibility : MyTeam
CTCoverage         : False
CTPrivate          : False
CTPublic           : False

ResultingVisibility           : My Team
CTCoverage                    : False
CTPrivate                     : False
CTPublic                      : False
&#xD;
------------------------- Debug Trace -------------------------&#xD;
 do - 
 do - 
 do - 
 do - 
 do - 
 do - 
 do - 
 do - 
 do - 
 do - 
 do - 
 do - 
 do - 
</system-out>
      </testcase>
      <testcase time="0" name="TestDefaultVisibilityContact"
                classname="iCRM.ViewModels.Test.ContactViewModelTest">
         <system-out>&#xD;
------------------------- Console Output -------------------------&#xD;
--------------------------------------
TEST CASE
ApplicationProfile : GLFI
HasCustomer        : False
ASIEUser           : True
ASIERestriction    : True
ExpectedVisibility : MyTeam
CTCoverage         : False
CTPrivate          : False
CTPublic           : False

ResultingVisibility           : My Team
CTCoverage                    : False
CTPrivate                     : False
CTPublic                      : False
&#xD;
------------------------- Debug Trace -------------------------&#xD;
 do - 
 do - 
 do - 
 do - 
 do - 
 do - 
 do - 
 do - 
 do - 
 do - 
 do - 
 do - 
 do - 
</system-out>
      </testcase>
      <testcase time="0" name="TestDefaultVisibilityContact"
                classname="iCRM.ViewModels.Test.ContactViewModelTest">
         <system-out>&#xD;
------------------------- Console Output -------------------------&#xD;
--------------------------------------
TEST CASE
ApplicationProfile : CTY
HasCustomer        : False
ASIEUser           : True
ASIERestriction    : True
ExpectedVisibility : MyTeam
CTCoverage         : False
CTPrivate          : False
CTPublic           : False

ResultingVisibility           : My Team
CTCoverage                    : False
CTPrivate                     : False
CTPublic                      : False
&#xD;
------------------------- Debug Trace -------------------------&#xD;
 do - 
 do - 
 do - 
 do - 
 do - 
 do - 
 do - 
 do - 
 do - 
 do - 
 do - 
 do - 
 do - 
</system-out>
      </testcase>
   </testsuite>
   <testsuite skipped="0" failures="0" errors="0" time="0" tests="56"
              name="iCRM.ViewModels.Test.ContactViewModelTest">
      <testcase time="0" name="TestLaunchAddDocumentCommand"
                classname="iCRM.ViewModels.Test.ContactViewModelTest"/>
      <testcase time="0" name="TestLaunchOpenListCustomer"
                classname="iCRM.ViewModels.Test.ContactViewModelTest"/>
      <testcase time="0" name="ContactJobStartDateTest"
                classname="iCRM.ViewModels.Test.ContactViewModelTest"/>
      <testcase time="0" name="TestLaunchOpenListPreviousJob"
                classname="iCRM.ViewModels.Test.ContactViewModelTest"/>
      <testcase time="0" name="TestHandleGetCustomerSgTeam"
                classname="iCRM.ViewModels.Test.ContactViewModelTest"/>
      <testcase time="0" name="ContactFormSavedTest"
                classname="iCRM.ViewModels.Test.ContactViewModelTest"/>
      <testcase time="0" name="DelegationUserTest"
                classname="iCRM.ViewModels.Test.ContactViewModelTest"/>
      <testcase time="0" name="TestCreateContact"
                classname="iCRM.ViewModels.Test.ContactViewModelTest"/>
      <testcase time="0" name="ContactEmailMandatoryTest"
                classname="iCRM.ViewModels.Test.ContactViewModelTest"/>
      <testcase time="0" name="ContactPhoneMandatoryTest"
                classname="iCRM.ViewModels.Test.ContactViewModelTest"/>
      <testcase time="0" name="TestSendEmail"
                classname="iCRM.ViewModels.Test.ContactViewModelTest"/>
      <testcase time="0" name="GetHistoryDataTest"
                classname="iCRM.ViewModels.Test.ContactViewModelTest"/>
      <testcase time="0" name="ContactLaunchDialPhoneNumberCommandExecuteTest"
                classname="iCRM.ViewModels.Test.ContactViewModelTest"/>
      <testcase time="0" name="ContactAffectedCustomerModelTest"
                classname="iCRM.ViewModels.Test.ContactViewModelTest"/>
      <testcase time="0" name="ContactAvailableCustomersTest"
                classname="iCRM.ViewModels.Test.ContactViewModelTest"/>
      <testcase time="0" name="ContactViewStateTest"
                classname="iCRM.ViewModels.Test.ContactViewModelTest"/>
      <testcase time="0" name="TestClearCustomerCommand"
                classname="iCRM.ViewModels.Test.ContactViewModelTest"/>
      <testcase time="0" name="TestLaunchAddMinutes"
                classname="iCRM.ViewModels.Test.ContactViewModelTest"/>
      <testcase time="0" name="TestLaunchAddTask"
                classname="iCRM.ViewModels.Test.ContactViewModelTest"/>
      <testcase time="0" name="TestLaunchOpenCustomer"
                classname="iCRM.ViewModels.Test.ContactViewModelTest"/>
      <testcase time="0" name="TestLaunchOpenContact"
                classname="iCRM.ViewModels.Test.ContactViewModelTest"/>
      <testcase time="0" name="TestDoSendMailToMain"
                classname="iCRM.ViewModels.Test.ContactViewModelTest"/>
      <testcase time="0" name="TestEditContact"
                classname="iCRM.ViewModels.Test.ContactViewModelTest"/>
      <testcase time="0" name="ContactOrganizationMandatoryTest"
                classname="iCRM.ViewModels.Test.ContactViewModelTest"/>
      <testcase time="0" name="LaunchOpenCustomerListTest"
                classname="iCRM.ViewModels.Test.ContactViewModelTest"/>
      <testcase time="0" name="ContactRoleMandatoryTest"
                classname="iCRM.ViewModels.Test.ContactViewModelTest"/>
      <testcase time="0" name="TestCancelViewContact"
                classname="iCRM.ViewModels.Test.ContactViewModelTest"/>
      <testcase time="0" name="TestLaunchAddNewContact"
                classname="iCRM.ViewModels.Test.ContactViewModelTest"/>
      <testcase time="0" name="ContactHierachicalMandatoryTest"
                classname="iCRM.ViewModels.Test.ContactViewModelTest"/>
      <testcase time="0" name="ContactEmailsShortcutsTest"
                classname="iCRM.ViewModels.Test.ContactViewModelTest"/>
      <testcase time="0" name="DoDeactivateContactCommandTest"
                classname="iCRM.ViewModels.Test.ContactViewModelTest"/>
      <testcase time="0" name="TestAddNewContact"
                classname="iCRM.ViewModels.Test.ContactViewModelTest"/>
      <testcase time="0" name="TestLaunchOpenRelatedCustomer"
                classname="iCRM.ViewModels.Test.ContactViewModelTest"/>
      <testcase time="0" name="TestCancelEditContact"
                classname="iCRM.ViewModels.Test.ContactViewModelTest"/>
      <testcase time="0" name="ContactIsJobEndDateRequestEditableTest"
                classname="iCRM.ViewModels.Test.ContactViewModelTest"/>
      <testcase time="0" name="TestCreateBadContact"
                classname="iCRM.ViewModels.Test.ContactViewModelTest"/>
      <testcase time="0" name="ContactRelatedCompanyContactsTest"
                classname="iCRM.ViewModels.Test.ContactViewModelTest"/>
      <testcase time="0" name="TestCancelCreateContact"
                classname="iCRM.ViewModels.Test.ContactViewModelTest"/>
      <testcase time="0" name="ReutersTest"
                classname="iCRM.ViewModels.Test.ContactViewModelTest"/>
      <testcase time="0" name="TestLaunchDialPhoneNumberCommandExecute"
                classname="iCRM.ViewModels.Test.ContactViewModelTest"/>
      <testcase time="0" name="TestLaunchOpenCustomerList"
                classname="iCRM.ViewModels.Test.ContactViewModelTest"/>
      <testcase time="0" name="ContactContactPersonalNotesViewModelTest"
                classname="iCRM.ViewModels.Test.ContactViewModelTest"/>
      <testcase time="0" name="TestLaunchAddTaskEx"
                classname="iCRM.ViewModels.Test.ContactViewModelTest"/>
      <testcase time="0" name="ContactSynthesisViewModelTest"
                classname="iCRM.ViewModels.Test.ContactViewModelTest"/>
      <testcase time="0" name="TestLaunchAddNoteCommand"
                classname="iCRM.ViewModels.Test.ContactViewModelTest"/>
      <testcase time="0" name="TestLaunchAddNewContactEx"
                classname="iCRM.ViewModels.Test.ContactViewModelTest"/>
      <testcase time="0" name="ContactPerimeterTest"
                classname="iCRM.ViewModels.Test.ContactViewModelTest"/>
      <testcase time="0" name="TestHandleGetCustomerContactsResult"
                classname="iCRM.ViewModels.Test.ContactViewModelTest"/>
      <testcase time="0" name="ContactFillClientDependentInfoTest"
                classname="iCRM.ViewModels.Test.ContactViewModelTest"/>
      <testcase time="0" name="TestLaunchAddFavorite"
                classname="iCRM.ViewModels.Test.ContactViewModelTest"/>
      <testcase time="0" name="ContactCurrentContactTest"
                classname="iCRM.ViewModels.Test.ContactViewModelTest"/>
      <testcase time="0" name="PropertiesTest"
                classname="iCRM.ViewModels.Test.ContactViewModelTest"/>
      <testcase time="0" name="ContactJobtitleMandatoryTest"
                classname="iCRM.ViewModels.Test.ContactViewModelTest"/>
      <testcase time="0" name="TestGetContactEmailShortcuts"
                classname="iCRM.ViewModels.Test.ContactViewModelTest"/>
      <testcase time="0" name="ContactContextMenuTest"
                classname="iCRM.ViewModels.Test.ContactViewModelTest"/>
   </testsuite>
   <testsuite skipped="0" failures="0" errors="0" time="0" tests="28"
              name="iCRM.ViewModels.Test.CustomListViewModelTest">
      <testcase time="0" name="TestDefaultVisibilityCustomList"
                classname="iCRM.ViewModels.Test.CustomListViewModelTest">
         <system-out>&#xD;
------------------------- Console Output -------------------------&#xD;
--------------------------------------
TEST CASE
ApplicationProfile : FIC
ASIEUser           : True
ASIERestriction    : False
ExpectedVisibility : MyTeam
CTCoverage         : False
CTPrivate          : False
CTPublic           : False
&#xD;
------------------------- Debug Trace -------------------------&#xD;
 do - 
 do - 
 do - 
 do - 
</system-out>
      </testcase>
      <testcase time="0" name="TestDefaultVisibilityCustomList"
                classname="iCRM.ViewModels.Test.CustomListViewModelTest">
         <system-out>&#xD;
------------------------- Console Output -------------------------&#xD;
--------------------------------------
TEST CASE
ApplicationProfile : SOL
ASIEUser           : True
ASIERestriction    : False
ExpectedVisibility : MyTeam
CTCoverage         : False
CTPrivate          : False
CTPublic           : False
&#xD;
------------------------- Debug Trace -------------------------&#xD;
 do - 
 do - 
 do - 
 do - 
</system-out>
      </testcase>
      <testcase time="0" name="TestDefaultVisibilityCustomList"
                classname="iCRM.ViewModels.Test.CustomListViewModelTest">
         <system-out>&#xD;
------------------------- Console Output -------------------------&#xD;
--------------------------------------
TEST CASE
ApplicationProfile : LYXOR
ASIEUser           : True
ASIERestriction    : False
ExpectedVisibility : Confidential
CTCoverage         : False
CTPrivate          : False
CTPublic           : False
&#xD;
------------------------- Debug Trace -------------------------&#xD;
 do - 
 do - 
 do - 
 do - 
</system-out>
      </testcase>
      <testcase time="0" name="TestDefaultVisibilityCustomList"
                classname="iCRM.ViewModels.Test.CustomListViewModelTest">
         <system-out>&#xD;
------------------------- Console Output -------------------------&#xD;
--------------------------------------
TEST CASE
ApplicationProfile : IFD
ASIEUser           : True
ASIERestriction    : False
ExpectedVisibility : MyTeam
CTCoverage         : False
CTPrivate          : False
CTPublic           : False
&#xD;
------------------------- Debug Trace -------------------------&#xD;
 do - 
 do - 
 do - 
 do - 
</system-out>
      </testcase>
      <testcase time="0" name="TestDefaultVisibilityCustomList"
                classname="iCRM.ViewModels.Test.CustomListViewModelTest">
         <system-out>&#xD;
------------------------- Console Output -------------------------&#xD;
--------------------------------------
TEST CASE
ApplicationProfile : CORI
ASIEUser           : True
ASIERestriction    : False
ExpectedVisibility : MyTeam
CTCoverage         : False
CTPrivate          : False
CTPublic           : False
&#xD;
------------------------- Debug Trace -------------------------&#xD;
 do - 
 do - 
 do - 
 do - 
</system-out>
      </testcase>
      <testcase time="0" name="TestDefaultVisibilityCustomList"
                classname="iCRM.ViewModels.Test.CustomListViewModelTest">
         <system-out>&#xD;
------------------------- Console Output -------------------------&#xD;
--------------------------------------
TEST CASE
ApplicationProfile : GLFI
ASIEUser           : True
ASIERestriction    : False
ExpectedVisibility : MyTeam
CTCoverage         : False
CTPrivate          : False
CTPublic           : False
&#xD;
------------------------- Debug Trace -------------------------&#xD;
 do - 
 do - 
 do - 
 do - 
</system-out>
      </testcase>
      <testcase time="0" name="TestDefaultVisibilityCustomList"
                classname="iCRM.ViewModels.Test.CustomListViewModelTest">
         <system-out>&#xD;
------------------------- Console Output -------------------------&#xD;
--------------------------------------
TEST CASE
ApplicationProfile : CTY
ASIEUser           : True
ASIERestriction    : False
ExpectedVisibility : MyTeam
CTCoverage         : False
CTPrivate          : False
CTPublic           : False
&#xD;
------------------------- Debug Trace -------------------------&#xD;
 do - 
 do - 
 do - 
 do - 
</system-out>
      </testcase>
      <testcase time="0" name="TestDefaultVisibilityCustomList"
                classname="iCRM.ViewModels.Test.CustomListViewModelTest">
         <system-out>&#xD;
------------------------- Console Output -------------------------&#xD;
--------------------------------------
TEST CASE
ApplicationProfile : FIC
ASIEUser           : False
ASIERestriction    : False
ExpectedVisibility : MyTeam
CTCoverage         : False
CTPrivate          : False
CTPublic           : False
&#xD;
------------------------- Debug Trace -------------------------&#xD;
 do - 
 do - 
 do - 
 do - 
</system-out>
      </testcase>
      <testcase time="0" name="TestDefaultVisibilityCustomList"
                classname="iCRM.ViewModels.Test.CustomListViewModelTest">
         <system-out>&#xD;
------------------------- Console Output -------------------------&#xD;
--------------------------------------
TEST CASE
ApplicationProfile : SOL
ASIEUser           : False
ASIERestriction    : False
ExpectedVisibility : MyTeam
CTCoverage         : False
CTPrivate          : False
CTPublic           : False
&#xD;
------------------------- Debug Trace -------------------------&#xD;
 do - 
 do - 
 do - 
 do - 
</system-out>
      </testcase>
      <testcase time="0" name="TestDefaultVisibilityCustomList"
                classname="iCRM.ViewModels.Test.CustomListViewModelTest">
         <system-out>&#xD;
------------------------- Console Output -------------------------&#xD;
--------------------------------------
TEST CASE
ApplicationProfile : LYXOR
ASIEUser           : False
ASIERestriction    : False
ExpectedVisibility : Confidential
CTCoverage         : False
CTPrivate          : False
CTPublic           : False
&#xD;
------------------------- Debug Trace -------------------------&#xD;
 do - 
 do - 
 do - 
 do - 
</system-out>
      </testcase>
      <testcase time="0" name="TestDefaultVisibilityCustomList"
                classname="iCRM.ViewModels.Test.CustomListViewModelTest">
         <system-out>&#xD;
------------------------- Console Output -------------------------&#xD;
--------------------------------------
TEST CASE
ApplicationProfile : IFD
ASIEUser           : False
ASIERestriction    : False
ExpectedVisibility : MyTeam
CTCoverage         : False
CTPrivate          : False
CTPublic           : False
&#xD;
------------------------- Debug Trace -------------------------&#xD;
 do - 
 do - 
 do - 
 do - 
</system-out>
      </testcase>
      <testcase time="0" name="TestDefaultVisibilityCustomList"
                classname="iCRM.ViewModels.Test.CustomListViewModelTest">
         <system-out>&#xD;
------------------------- Console Output -------------------------&#xD;
--------------------------------------
TEST CASE
ApplicationProfile : CORI
ASIEUser           : False
ASIERestriction    : False
ExpectedVisibility : MyTeam
CTCoverage         : False
CTPrivate          : False
CTPublic           : False
&#xD;
------------------------- Debug Trace -------------------------&#xD;
 do - 
 do - 
 do - 
 do - 
</system-out>
      </testcase>
      <testcase time="0" name="TestDefaultVisibilityCustomList"
                classname="iCRM.ViewModels.Test.CustomListViewModelTest">
         <system-out>&#xD;
------------------------- Console Output -------------------------&#xD;
--------------------------------------
TEST CASE
ApplicationProfile : GLFI
ASIEUser           : False
ASIERestriction    : False
ExpectedVisibility : MyTeam
CTCoverage         : False
CTPrivate          : False
CTPublic           : False
&#xD;
------------------------- Debug Trace -------------------------&#xD;
 do - 
 do - 
 do - 
 do - 
</system-out>
      </testcase>
      <testcase time="0" name="TestDefaultVisibilityCustomList"
                classname="iCRM.ViewModels.Test.CustomListViewModelTest">
         <system-out>&#xD;
------------------------- Console Output -------------------------&#xD;
--------------------------------------
TEST CASE
ApplicationProfile : CTY
ASIEUser           : False
ASIERestriction    : False
ExpectedVisibility : MyTeam
CTCoverage         : False
CTPrivate          : False
CTPublic           : False
&#xD;
------------------------- Debug Trace -------------------------&#xD;
 do - 
 do - 
 do - 
 do - 
</system-out>
      </testcase>
      <testcase time="0" name="TestDefaultVisibilityCustomList"
                classname="iCRM.ViewModels.Test.CustomListViewModelTest">
         <system-out>&#xD;
------------------------- Console Output -------------------------&#xD;
--------------------------------------
TEST CASE
ApplicationProfile : FIC
ASIEUser           : True
ASIERestriction    : True
ExpectedVisibility : MyTeam
CTCoverage         : False
CTPrivate          : False
CTPublic           : False
&#xD;
------------------------- Debug Trace -------------------------&#xD;
 do - 
 do - 
 do - 
 do - 
</system-out>
      </testcase>
      <testcase time="0" name="TestDefaultVisibilityCustomList"
                classname="iCRM.ViewModels.Test.CustomListViewModelTest">
         <system-out>&#xD;
------------------------- Console Output -------------------------&#xD;
--------------------------------------
TEST CASE
ApplicationProfile : SOL
ASIEUser           : True
ASIERestriction    : True
ExpectedVisibility : MyTeam
CTCoverage         : False
CTPrivate          : False
CTPublic           : False
&#xD;
------------------------- Debug Trace -------------------------&#xD;
 do - 
 do - 
 do - 
 do - 
</system-out>
      </testcase>
      <testcase time="0" name="TestDefaultVisibilityCustomList"
                classname="iCRM.ViewModels.Test.CustomListViewModelTest">
         <system-out>&#xD;
------------------------- Console Output -------------------------&#xD;
--------------------------------------
TEST CASE
ApplicationProfile : LYXOR
ASIEUser           : True
ASIERestriction    : True
ExpectedVisibility : Confidential
CTCoverage         : False
CTPrivate          : False
CTPublic           : False
&#xD;
------------------------- Debug Trace -------------------------&#xD;
 do - 
 do - 
 do - 
 do - 
</system-out>
      </testcase>
      <testcase time="0" name="TestDefaultVisibilityCustomList"
                classname="iCRM.ViewModels.Test.CustomListViewModelTest">
         <system-out>&#xD;
------------------------- Console Output -------------------------&#xD;
--------------------------------------
TEST CASE
ApplicationProfile : IFD
ASIEUser           : True
ASIERestriction    : True
ExpectedVisibility : MyTeam
CTCoverage         : False
CTPrivate          : False
CTPublic           : False
&#xD;
------------------------- Debug Trace -------------------------&#xD;
 do - 
 do - 
 do - 
 do - 
</system-out>
      </testcase>
      <testcase time="0" name="TestDefaultVisibilityCustomList"
                classname="iCRM.ViewModels.Test.CustomListViewModelTest">
         <system-out>&#xD;
------------------------- Console Output -------------------------&#xD;
--------------------------------------
TEST CASE
ApplicationProfile : CORI
ASIEUser           : True
ASIERestriction    : True
ExpectedVisibility : MyTeam
CTCoverage         : False
CTPrivate          : False
CTPublic           : False
&#xD;
------------------------- Debug Trace -------------------------&#xD;
 do - 
 do - 
 do - 
 do - 
</system-out>
      </testcase>
      <testcase time="0" name="TestDefaultVisibilityCustomList"
                classname="iCRM.ViewModels.Test.CustomListViewModelTest">
         <system-out>&#xD;
------------------------- Console Output -------------------------&#xD;
--------------------------------------
TEST CASE
ApplicationProfile : GLFI
ASIEUser           : True
ASIERestriction    : True
ExpectedVisibility : MyTeam
CTCoverage         : False
CTPrivate          : False
CTPublic           : False
&#xD;
------------------------- Debug Trace -------------------------&#xD;
 do - 
 do - 
 do - 
 do - 
</system-out>
      </testcase>
      <testcase time="0" name="TestDefaultVisibilityCustomList"
                classname="iCRM.ViewModels.Test.CustomListViewModelTest">
         <system-out>&#xD;
------------------------- Console Output -------------------------&#xD;
--------------------------------------
TEST CASE
ApplicationProfile : CTY
ASIEUser           : True
ASIERestriction    : True
ExpectedVisibility : MyTeam
CTCoverage         : False
CTPrivate          : False
CTPublic           : False
&#xD;
------------------------- Debug Trace -------------------------&#xD;
 do - 
 do - 
 do - 
 do - 
</system-out>
      </testcase>
      <testcase time="0" name="TestDefaultVisibilityCustomList"
                classname="iCRM.ViewModels.Test.CustomListViewModelTest">
         <system-out>&#xD;
------------------------- Console Output -------------------------&#xD;
--------------------------------------
TEST CASE
ApplicationProfile : FIC
ASIEUser           : False
ASIERestriction    : True
ExpectedVisibility : MyTeam
CTCoverage         : False
CTPrivate          : False
CTPublic           : False
&#xD;
------------------------- Debug Trace -------------------------&#xD;
 do - 
 do - 
 do - 
 do - 
</system-out>
      </testcase>
      <testcase time="0" name="TestDefaultVisibilityCustomList"
                classname="iCRM.ViewModels.Test.CustomListViewModelTest">
         <system-out>&#xD;
------------------------- Console Output -------------------------&#xD;
--------------------------------------
TEST CASE
ApplicationProfile : SOL
ASIEUser           : False
ASIERestriction    : True
ExpectedVisibility : MyTeam
CTCoverage         : False
CTPrivate          : False
CTPublic           : False
&#xD;
------------------------- Debug Trace -------------------------&#xD;
 do - 
 do - 
 do - 
 do - 
</system-out>
      </testcase>
      <testcase time="0" name="TestDefaultVisibilityCustomList"
                classname="iCRM.ViewModels.Test.CustomListViewModelTest">
         <system-out>&#xD;
------------------------- Console Output -------------------------&#xD;
--------------------------------------
TEST CASE
ApplicationProfile : LYXOR
ASIEUser           : False
ASIERestriction    : True
ExpectedVisibility : Confidential
CTCoverage         : False
CTPrivate          : False
CTPublic           : False
&#xD;
------------------------- Debug Trace -------------------------&#xD;
 do - 
 do - 
 do - 
 do - 
</system-out>
      </testcase>
      <testcase time="0" name="TestDefaultVisibilityCustomList"
                classname="iCRM.ViewModels.Test.CustomListViewModelTest">
         <system-out>&#xD;
------------------------- Console Output -------------------------&#xD;
--------------------------------------
TEST CASE
ApplicationProfile : IFD
ASIEUser           : False
ASIERestriction    : True
ExpectedVisibility : MyTeam
CTCoverage         : False
CTPrivate          : False
CTPublic           : False
&#xD;
------------------------- Debug Trace -------------------------&#xD;
 do - 
 do - 
 do - 
 do - 
</system-out>
      </testcase>
      <testcase time="0" name="TestDefaultVisibilityCustomList"
                classname="iCRM.ViewModels.Test.CustomListViewModelTest">
         <system-out>&#xD;
------------------------- Console Output -------------------------&#xD;
--------------------------------------
TEST CASE
ApplicationProfile : CORI
ASIEUser           : False
ASIERestriction    : True
ExpectedVisibility : MyTeam
CTCoverage         : False
CTPrivate          : False
CTPublic           : False
&#xD;
------------------------- Debug Trace -------------------------&#xD;
 do - 
 do - 
 do - 
 do - 
</system-out>
      </testcase>
      <testcase time="0" name="TestDefaultVisibilityCustomList"
                classname="iCRM.ViewModels.Test.CustomListViewModelTest">
         <system-out>&#xD;
------------------------- Console Output -------------------------&#xD;
--------------------------------------
TEST CASE
ApplicationProfile : GLFI
ASIEUser           : False
ASIERestriction    : True
ExpectedVisibility : MyTeam
CTCoverage         : False
CTPrivate          : False
CTPublic           : False
&#xD;
------------------------- Debug Trace -------------------------&#xD;
 do - 
 do - 
 do - 
 do - 
</system-out>
      </testcase>
      <testcase time="0" name="TestDefaultVisibilityCustomList"
                classname="iCRM.ViewModels.Test.CustomListViewModelTest">
         <system-out>&#xD;
------------------------- Console Output -------------------------&#xD;
--------------------------------------
TEST CASE
ApplicationProfile : CTY
ASIEUser           : False
ASIERestriction    : True
ExpectedVisibility : MyTeam
CTCoverage         : False
CTPrivate          : False
CTPublic           : False
&#xD;
------------------------- Debug Trace -------------------------&#xD;
 do - 
 do - 
 do - 
 do - 
</system-out>
      </testcase>
   </testsuite>
   <testsuite skipped="0" failures="0" errors="0" time="0" tests="15"
              name="iCRM.ViewModels.Test.CustomListViewModelTest">
      <testcase time="0" name="CustomListLaunchAddCustomersCommandTest"
                classname="iCRM.ViewModels.Test.CustomListViewModelTest"/>
      <testcase time="0" name="CustomListDoAffectOwnerCommandTest"
                classname="iCRM.ViewModels.Test.CustomListViewModelTest"/>
      <testcase time="0" name="CustomListAvailableApplicationPerimetersTest"
                classname="iCRM.ViewModels.Test.CustomListViewModelTest"/>
      <testcase time="0" name="CustomListLaunchOpenCustomListCommandTest"
                classname="iCRM.ViewModels.Test.CustomListViewModelTest"/>
      <testcase time="0" name="CustomListLaunchAddNoteCommandTest"
                classname="iCRM.ViewModels.Test.CustomListViewModelTest"/>
      <testcase time="0" name="CustomListContextMenuTest"
                classname="iCRM.ViewModels.Test.CustomListViewModelTest"/>
      <testcase time="0" name="CustomListLaunchAddCustomListCommandTest"
                classname="iCRM.ViewModels.Test.CustomListViewModelTest"/>
      <testcase time="0" name="CustomListLaunchClearCustomListParentCommandTest"
                classname="iCRM.ViewModels.Test.CustomListViewModelTest"/>
      <testcase time="0" name="CustomListLaunchSearchCustomListParentCommandTest"
                classname="iCRM.ViewModels.Test.CustomListViewModelTest"/>
      <testcase time="0" name="CustomListLaunchAddCustomListUserRoleCommandTest"
                classname="iCRM.ViewModels.Test.CustomListViewModelTest"/>
      <testcase time="0" name="CustomListLaunchDeactivateCustomListCommandTest"
                classname="iCRM.ViewModels.Test.CustomListViewModelTest"/>
      <testcase time="0" name="CustomListLaunchAddCustomListCommandExTest"
                classname="iCRM.ViewModels.Test.CustomListViewModelTest"/>
      <testcase time="0" name="CustomListFormSaveTest"
                classname="iCRM.ViewModels.Test.CustomListViewModelTest"/>
      <testcase time="0" name="CustomListLaunchSendEmailCommandTest"
                classname="iCRM.ViewModels.Test.CustomListViewModelTest"/>
   </testsuite>
   <testsuite skipped="0" failures="0" errors="0" time="0" tests="13"
              name="iCRM.ViewModels.Test.CustomerTasksViewModelTest">
      <testcase time="0" name="DeactivatedCommandTest"
                classname="iCRM.ViewModels.Test.CustomerTasksViewModelTest"/>
      <testcase time="0" name="CloseCommandTest"
                classname="iCRM.ViewModels.Test.CustomerTasksViewModelTest"/>
      <testcase time="0" name="CancelledToMultipleCommandTest"
                classname="iCRM.ViewModels.Test.CustomerTasksViewModelTest"/>
      <testcase time="0" name="SetCompletedToMultipleCommandTest"
                classname="iCRM.ViewModels.Test.CustomerTasksViewModelTest"/>
      <testcase time="0" name="DoPrintCommandTest"
                classname="iCRM.ViewModels.Test.CustomerTasksViewModelTest"/>
      <testcase time="0" name="ActivatedCommandTest"
                classname="iCRM.ViewModels.Test.CustomerTasksViewModelTest"/>
      <testcase time="0" name="LoadedCommandTest"
                classname="iCRM.ViewModels.Test.CustomerTasksViewModelTest"/>
      <testcase time="0" name="CloseWorkSpaceCommandTest"
                classname="iCRM.ViewModels.Test.CustomerTasksViewModelTest"/>
      <testcase time="0" name="LaunchAddNewTaskCommandTest"
                classname="iCRM.ViewModels.Test.CustomerTasksViewModelTest"/>
      <testcase time="0" name="UnloadedCommandTest"
                classname="iCRM.ViewModels.Test.CustomerTasksViewModelTest"/>
      <testcase time="0" name="DoExportCommandTest"
                classname="iCRM.ViewModels.Test.CustomerTasksViewModelTest"/>
      <testcase time="0" name="CloseActivePopUpCommandTest"
                classname="iCRM.ViewModels.Test.CustomerTasksViewModelTest"/>
      <testcase time="0" name="RefreshListsCommandTest"
                classname="iCRM.ViewModels.Test.CustomerTasksViewModelTest"/>
   </testsuite>
   <testsuite skipped="0" failures="0" errors="0" time="0" tests="10"
              name="iCRM.ViewModels.Test.DealTasksViewModelTest">
      <testcase time="0" name="RefreshMessageSinkTest"
                classname="iCRM.ViewModels.Test.DealTasksViewModelTest"/>
      <testcase time="0" name="CurrentDealTest"
                classname="iCRM.ViewModels.Test.DealTasksViewModelTest"/>
      <testcase time="0" name="CanExecuteParentCreationTaskTest"
                classname="iCRM.ViewModels.Test.DealTasksViewModelTest"/>
      <testcase time="0" name="InitializeContextTest"
                classname="iCRM.ViewModels.Test.DealTasksViewModelTest"/>
      <testcase time="0" name="DealTasksViewModel_PropertyChangedTest"
                classname="iCRM.ViewModels.Test.DealTasksViewModelTest"/>
      <testcase time="0" name="LazyLoadListItemsTest"
                classname="iCRM.ViewModels.Test.DealTasksViewModelTest"/>
      <testcase time="0" name="OnDisposeTest"
                classname="iCRM.ViewModels.Test.DealTasksViewModelTest"/>
      <testcase time="0" name="InitializeAddNewTaskCommandTest"
                classname="iCRM.ViewModels.Test.DealTasksViewModelTest"/>
      <testcase time="0" name="DealTasksViewModelConstructorTest"
                classname="iCRM.ViewModels.Test.DealTasksViewModelTest"/>
      <testcase time="0" name="DealTasksViewModelConstructorTest1"
                classname="iCRM.ViewModels.Test.DealTasksViewModelTest"/>
   </testsuite>
   <testsuite skipped="0" failures="0" errors="0" time="0" tests="2"
              name="iCRM.ViewModels.Test.NoteOwnerListViewModelTest">
      <testcase time="0" name="NoteOwnerListViewModelConstructorTest"
                classname="iCRM.ViewModels.Test.NoteOwnerListViewModelTest"/>
      <testcase time="0" name="LazyLoadListItemsTest"
                classname="iCRM.ViewModels.Test.NoteOwnerListViewModelTest"/>
   </testsuite>
   <testsuite skipped="0" failures="0" errors="0" time="0" tests="34"
              name="iCRM.ViewModels.Test.CustomerViewModelTest">
      <testcase time="0" name="LaunchClearCommercialParentCommandTest"
                classname="iCRM.ViewModels.Test.CustomerViewModelTest"/>
      <testcase time="0" name="DoLaunchOpenCustomerTest"
                classname="iCRM.ViewModels.Test.CustomerViewModelTest"/>
      <testcase time="0" name="DoInitializeContextMenuTest"
                classname="iCRM.ViewModels.Test.CustomerViewModelTest"/>
      <testcase time="0" name="LaunchFunctionallyActivateCommandTest"
                classname="iCRM.ViewModels.Test.CustomerViewModelTest"/>
      <testcase time="0" name="LaunchAttachPitchCommandTest"
                classname="iCRM.ViewModels.Test.CustomerViewModelTest"/>
      <testcase time="0" name="LaunchAttachDealInPipelineTest"
                classname="iCRM.ViewModels.Test.CustomerViewModelTest"/>
      <testcase time="0" name="ContextMenuCommandAvailabilityTest"
                classname="iCRM.ViewModels.Test.CustomerViewModelTest"/>
      <testcase time="0" name="LaunchViewCommercialStructureTest"
                classname="iCRM.ViewModels.Test.CustomerViewModelTest"/>
      <testcase time="0" name="ClientTypeLevel2PropertyChangedTest"
                classname="iCRM.ViewModels.Test.CustomerViewModelTest"/>
      <testcase time="0" name="DoGetHistoryDataAndPopulateTest"
                classname="iCRM.ViewModels.Test.CustomerViewModelTest"/>
      <testcase time="0" name="DoNESSGCodeDataValueTest"
                classname="iCRM.ViewModels.Test.CustomerViewModelTest"/>
      <testcase time="0" name="AttachContactTest"
                classname="iCRM.ViewModels.Test.CustomerViewModelTest"/>
      <testcase time="0" name="AttachMinutesTest"
                classname="iCRM.ViewModels.Test.CustomerViewModelTest"/>
      <testcase time="0" name="ViewContextTest"
                classname="iCRM.ViewModels.Test.CustomerViewModelTest"/>
      <testcase time="0" name="LaunchAttachTaskCommandTest"
                classname="iCRM.ViewModels.Test.CustomerViewModelTest"/>
      <testcase time="0" name="TypeLetterTest"
                classname="iCRM.ViewModels.Test.CustomerViewModelTest"/>
      <testcase time="0" name="DoSendMailToTest"
                classname="iCRM.ViewModels.Test.CustomerViewModelTest"/>
      <testcase time="0" name="FormSaveTest"
                classname="iCRM.ViewModels.Test.CustomerViewModelTest"/>
      <testcase time="0" name="DoLaunchAddNewProspectTest"
                classname="iCRM.ViewModels.Test.CustomerViewModelTest"/>
      <testcase time="0" name="LaunchAttachCustomListCommandTest"
                classname="iCRM.ViewModels.Test.CustomerViewModelTest"/>
      <testcase time="0" name="DoCommercialStructureLevelAvalailableTest"
                classname="iCRM.ViewModels.Test.CustomerViewModelTest"/>
      <testcase time="0" name="DoSendMailToCommandTest"
                classname="iCRM.ViewModels.Test.CustomerViewModelTest"/>
      <testcase time="0" name="IsCommercialStructureLevelLEOrECTest"
                classname="iCRM.ViewModels.Test.CustomerViewModelTest"/>
      <testcase time="0" name="LaunchAttachDocumentCommandTest"
                classname="iCRM.ViewModels.Test.CustomerViewModelTest"/>
      <testcase time="0" name="LaunchSearchCommercialParentCommandTest"
                classname="iCRM.ViewModels.Test.CustomerViewModelTest"/>
      <testcase time="0" name="DoFollowUpClassDataValueTest"
                classname="iCRM.ViewModels.Test.CustomerViewModelTest"/>
      <testcase time="0" name="IsCommercialStructureItemTest"
                classname="iCRM.ViewModels.Test.CustomerViewModelTest"/>
      <testcase time="0" name="DoCellRiskDataValueTest"
                classname="iCRM.ViewModels.Test.CustomerViewModelTest"/>
      <testcase time="0" name="FullCommercialNameTest"
                classname="iCRM.ViewModels.Test.CustomerViewModelTest"/>
      <testcase time="0" name="LaunchAttachNoteCommandTest"
                classname="iCRM.ViewModels.Test.CustomerViewModelTest"/>
      <testcase time="0" name="LaunchFunctionallyActivateCommandCanExecuteTest"
                classname="iCRM.ViewModels.Test.CustomerViewModelTest"/>
      <testcase time="0" name="ContextMenuTest"
                classname="iCRM.ViewModels.Test.CustomerViewModelTest"/>
      <testcase time="0" name="AvailableClientTypes3Test"
                classname="iCRM.ViewModels.Test.CustomerViewModelTest"/>
      <testcase time="0" name="CustomerPersonalNotesViewModelTest"
                classname="iCRM.ViewModels.Test.CustomerViewModelTest"/>
   </testsuite>
   <testsuite skipped="0" failures="0" errors="0" time="0" tests="12"
              name="iCRM.ViewModels.Test.PitchViewModelTest">
      <testcase time="0" name="TestDefaultVisibilityPitch"
                classname="iCRM.ViewModels.Test.PitchViewModelTest">
         <system-out>&#xD;
------------------------- Console Output -------------------------&#xD;
--------------------------------------
TEST CASE
ApplicationProfile : SOL
ASIEUser           : True
ASIERestriction    : False
ExpectedVisibility : MyTeam
CTCoverage         : False
CTPrivate          : False
CTPublic           : False

ResultingVisibility           : My Team
CTCoverage                    : False
CTPrivate                     : False
CTPublic                      : False
&#xD;
------------------------- Debug Trace -------------------------&#xD;
 do - 
 do - 
 do - 
 do - 
</system-out>
      </testcase>
      <testcase time="0" name="TestDefaultVisibilityPitch"
                classname="iCRM.ViewModels.Test.PitchViewModelTest">
         <system-out>&#xD;
------------------------- Console Output -------------------------&#xD;
--------------------------------------
TEST CASE
ApplicationProfile : LYXOR
ASIEUser           : True
ASIERestriction    : False
ExpectedVisibility : Confidential
CTCoverage         : False
CTPrivate          : False
CTPublic           : False

ResultingVisibility           : Confidential
CTCoverage                    : False
CTPrivate                     : False
CTPublic                      : False
&#xD;
------------------------- Debug Trace -------------------------&#xD;
 do - 
 do - 
 do - 
 do - 
</system-out>
      </testcase>
      <testcase time="0" name="TestDefaultVisibilityPitch"
                classname="iCRM.ViewModels.Test.PitchViewModelTest">
         <system-out>&#xD;
------------------------- Console Output -------------------------&#xD;
--------------------------------------
TEST CASE
ApplicationProfile : IFD
ASIEUser           : True
ASIERestriction    : False
ExpectedVisibility : MyTeam
CTCoverage         : False
CTPrivate          : False
CTPublic           : False

ResultingVisibility           : My Team
CTCoverage                    : False
CTPrivate                     : False
CTPublic                      : False
&#xD;
------------------------- Debug Trace -------------------------&#xD;
 do - 
 do - 
 do - 
 do - 
</system-out>
      </testcase>
      <testcase time="0" name="TestDefaultVisibilityPitch"
                classname="iCRM.ViewModels.Test.PitchViewModelTest">
         <system-out>&#xD;
------------------------- Console Output -------------------------&#xD;
--------------------------------------
TEST CASE
ApplicationProfile : SOL
ASIEUser           : False
ASIERestriction    : False
ExpectedVisibility : MyTeam
CTCoverage         : False
CTPrivate          : False
CTPublic           : False

ResultingVisibility           : My Team
CTCoverage                    : False
CTPrivate                     : False
CTPublic                      : False
&#xD;
------------------------- Debug Trace -------------------------&#xD;
 do - 
 do - 
 do - 
 do - 
</system-out>
      </testcase>
      <testcase time="0" name="TestDefaultVisibilityPitch"
                classname="iCRM.ViewModels.Test.PitchViewModelTest">
         <system-out>&#xD;
------------------------- Console Output -------------------------&#xD;
--------------------------------------
TEST CASE
ApplicationProfile : LYXOR
ASIEUser           : False
ASIERestriction    : False
ExpectedVisibility : Confidential
CTCoverage         : False
CTPrivate          : False
CTPublic           : False

ResultingVisibility           : Confidential
CTCoverage                    : False
CTPrivate                     : False
CTPublic                      : False
&#xD;
------------------------- Debug Trace -------------------------&#xD;
 do - 
 do - 
 do - 
 do - 
</system-out>
      </testcase>
      <testcase time="0" name="TestDefaultVisibilityPitch"
                classname="iCRM.ViewModels.Test.PitchViewModelTest">
         <system-out>&#xD;
------------------------- Console Output -------------------------&#xD;
--------------------------------------
TEST CASE
ApplicationProfile : IFD
ASIEUser           : False
ASIERestriction    : False
ExpectedVisibility : MyTeam
CTCoverage         : False
CTPrivate          : False
CTPublic           : False

ResultingVisibility           : My Team
CTCoverage                    : False
CTPrivate                     : False
CTPublic                      : False
&#xD;
------------------------- Debug Trace -------------------------&#xD;
 do - 
 do - 
 do - 
 do - 
</system-out>
      </testcase>
      <testcase time="0" name="TestDefaultVisibilityPitch"
                classname="iCRM.ViewModels.Test.PitchViewModelTest">
         <system-out>&#xD;
------------------------- Console Output -------------------------&#xD;
--------------------------------------
TEST CASE
ApplicationProfile : SOL
ASIEUser           : True
ASIERestriction    : True
ExpectedVisibility : MyTeam
CTCoverage         : False
CTPrivate          : False
CTPublic           : False

ResultingVisibility           : My Team
CTCoverage                    : False
CTPrivate                     : False
CTPublic                      : False
&#xD;
------------------------- Debug Trace -------------------------&#xD;
 do - 
 do - 
 do - 
 do - 
</system-out>
      </testcase>
      <testcase time="0" name="TestDefaultVisibilityPitch"
                classname="iCRM.ViewModels.Test.PitchViewModelTest">
         <system-out>&#xD;
------------------------- Console Output -------------------------&#xD;
--------------------------------------
TEST CASE
ApplicationProfile : LYXOR
ASIEUser           : True
ASIERestriction    : True
ExpectedVisibility : Confidential
CTCoverage         : False
CTPrivate          : False
CTPublic           : False

ResultingVisibility           : Confidential
CTCoverage                    : False
CTPrivate                     : False
CTPublic                      : False
&#xD;
------------------------- Debug Trace -------------------------&#xD;
 do - 
 do - 
 do - 
 do - 
</system-out>
      </testcase>
      <testcase time="0" name="TestDefaultVisibilityPitch"
                classname="iCRM.ViewModels.Test.PitchViewModelTest">
         <system-out>&#xD;
------------------------- Console Output -------------------------&#xD;
--------------------------------------
TEST CASE
ApplicationProfile : IFD
ASIEUser           : True
ASIERestriction    : True
ExpectedVisibility : MyTeam
CTCoverage         : False
CTPrivate          : False
CTPublic           : False

ResultingVisibility           : My Team
CTCoverage                    : False
CTPrivate                     : False
CTPublic                      : False
&#xD;
------------------------- Debug Trace -------------------------&#xD;
 do - 
 do - 
 do - 
 do - 
</system-out>
      </testcase>
      <testcase time="0" name="TestDefaultVisibilityPitch"
                classname="iCRM.ViewModels.Test.PitchViewModelTest">
         <system-out>&#xD;
------------------------- Console Output -------------------------&#xD;
--------------------------------------
TEST CASE
ApplicationProfile : SOL
ASIEUser           : False
ASIERestriction    : True
ExpectedVisibility : MyTeam
CTCoverage         : False
CTPrivate          : False
CTPublic           : False

ResultingVisibility           : My Team
CTCoverage                    : False
CTPrivate                     : False
CTPublic                      : False
&#xD;
------------------------- Debug Trace -------------------------&#xD;
 do - 
 do - 
 do - 
 do - 
</system-out>
      </testcase>
      <testcase time="0" name="TestDefaultVisibilityPitch"
                classname="iCRM.ViewModels.Test.PitchViewModelTest">
         <system-out>&#xD;
------------------------- Console Output -------------------------&#xD;
--------------------------------------
TEST CASE
ApplicationProfile : LYXOR
ASIEUser           : False
ASIERestriction    : True
ExpectedVisibility : Confidential
CTCoverage         : False
CTPrivate          : False
CTPublic           : False

ResultingVisibility           : Confidential
CTCoverage                    : False
CTPrivate                     : False
CTPublic                      : False
&#xD;
------------------------- Debug Trace -------------------------&#xD;
 do - 
 do - 
 do - 
 do - 
</system-out>
      </testcase>
      <testcase time="0" name="TestDefaultVisibilityPitch"
                classname="iCRM.ViewModels.Test.PitchViewModelTest">
         <system-out>&#xD;
------------------------- Console Output -------------------------&#xD;
--------------------------------------
TEST CASE
ApplicationProfile : IFD
ASIEUser           : False
ASIERestriction    : True
ExpectedVisibility : MyTeam
CTCoverage         : False
CTPrivate          : False
CTPublic           : False

ResultingVisibility           : My Team
CTCoverage                    : False
CTPrivate                     : False
CTPublic                      : False
&#xD;
------------------------- Debug Trace -------------------------&#xD;
 do - 
 do - 
 do - 
 do - 
</system-out>
      </testcase>
   </testsuite>
   <testsuite skipped="0" failures="0" errors="0" time="0" tests="16"
              name="iCRM.ViewModels.Test.PitchViewModelTest">
      <testcase time="0" name="TestPitchContextMenu"
                classname="iCRM.ViewModels.Test.PitchViewModelTest"/>
      <testcase time="0" name="TestPitchAttachMinuteCommand"
                classname="iCRM.ViewModels.Test.PitchViewModelTest"/>
      <testcase time="0" name="TestLaunchCreateNewPitchCommand"
                classname="iCRM.ViewModels.Test.PitchViewModelTest"/>
      <testcase time="0" name="TestPitchCreateDealCommandEx"
                classname="iCRM.ViewModels.Test.PitchViewModelTest"/>
      <testcase time="0" name="TestPitchCreateDealCommand"
                classname="iCRM.ViewModels.Test.PitchViewModelTest"/>
      <testcase time="0" name="TestPitchMultipleCreationSave"
                classname="iCRM.ViewModels.Test.PitchViewModelTest"/>
      <testcase time="0" name="TestPitchMultipleCreationSaveException"
                classname="iCRM.ViewModels.Test.PitchViewModelTest"/>
      <testcase time="0" name="TestPitchAttachTaskCommandEx"
                classname="iCRM.ViewModels.Test.PitchViewModelTest"/>
      <testcase time="0" name="TestLaunchOpenPitchCommand"
                classname="iCRM.ViewModels.Test.PitchViewModelTest"/>
      <testcase time="0" name="TestPitchAvailableProducts"
                classname="iCRM.ViewModels.Test.PitchViewModelTest"/>
      <testcase time="0" name="TestPitchAttachTaskCommand"
                classname="iCRM.ViewModels.Test.PitchViewModelTest"/>
      <testcase time="0" name="TestPitchProductsBusinessRules"
                classname="iCRM.ViewModels.Test.PitchViewModelTest"/>
      <testcase time="0" name="TestPitchAttachNoteCommand"
                classname="iCRM.ViewModels.Test.PitchViewModelTest"/>
      <testcase time="0" name="TestPitchHistory"
                classname="iCRM.ViewModels.Test.PitchViewModelTest"/>
      <testcase time="0" name="TestPitchSelectRelatedCustomerCommand"
                classname="iCRM.ViewModels.Test.PitchViewModelTest"/>
   </testsuite>
   <testsuite skipped="0" failures="1" errors="0" time="0" tests="258"
              name="iCRM.ViewModels.Test.MinutesViewModelTest">
      <testcase time="0" name="TestDefaultVisibilityIFDFromDealMyTeam"
                classname="iCRM.ViewModels.Test.MinutesViewModelTest"/>
      <testcase time="0" name="TestDefaultVisibilityFICFromMeetingMyTeam"
                classname="iCRM.ViewModels.Test.MinutesViewModelTest"/>
      <testcase time="0" name="TestDefaultVisibilitySOLFromContactMyTeam"
                classname="iCRM.ViewModels.Test.MinutesViewModelTest"/>
      <testcase time="0" name="TestDefaultVisibilityLYXORFromMeetingWithCustomerMyTeam"
                classname="iCRM.ViewModels.Test.MinutesViewModelTest"/>
      <testcase time="0" name="TestDefaultVisibilityFICFromCustomer"
                classname="iCRM.ViewModels.Test.MinutesViewModelTest"/>
      <testcase time="0" name="TestLaunchFormSaveCommand"
                classname="iCRM.ViewModels.Test.MinutesViewModelTest"/>
      <testcase time="0" name="TestDefaultVisibilityFICFromMeetingWithCustomerClientTeam"
                classname="iCRM.ViewModels.Test.MinutesViewModelTest"/>
      <testcase time="0" name="TestDefaultVisibilityCORIUserASIFromMeetingMyTeam"
                classname="iCRM.ViewModels.Test.MinutesViewModelTest"/>
      <testcase time="0" name="TestDefaultVisibilityGLFIFromContactMyTeam"
                classname="iCRM.ViewModels.Test.MinutesViewModelTest"/>
      <testcase time="0" name="TestDefaultVisibilityGLFIFromContactWithCustomerMyTeam"
                classname="iCRM.ViewModels.Test.MinutesViewModelTest"/>
      <testcase time="0" name="TestDefaultVisibilityGLFIFromContactWithCustomerConfidential"
                classname="iCRM.ViewModels.Test.MinutesViewModelTest"/>
      <testcase time="0" name="TestDefaultVisibilityIFDUserASIFromMeetingClientTeam"
                classname="iCRM.ViewModels.Test.MinutesViewModelTest"/>
      <testcase time="0" name="TestDefaultVisibilityLYXORFromDealMyTeam"
                classname="iCRM.ViewModels.Test.MinutesViewModelTest"/>
      <testcase time="0"
                name="TestDefaultVisibilityIFDUserASIFromMeetingWithCustomerClientTeam"
                classname="iCRM.ViewModels.Test.MinutesViewModelTest"/>
      <testcase time="0" name="TestDefaultVisibilitySOLFromContactConfidential"
                classname="iCRM.ViewModels.Test.MinutesViewModelTest"/>
      <testcase time="0" name="TestDefaultVisibilityCORIUserASIFromMeetingWithCustomerMyTeam"
                classname="iCRM.ViewModels.Test.MinutesViewModelTest"/>
      <testcase time="0" name="TestDefaultVisibilityLYXORUserASIFromDealPublic"
                classname="iCRM.ViewModels.Test.MinutesViewModelTest"/>
      <testcase time="0" name="TestDefaultVisibilitySOLFromMeetingMyTeam"
                classname="iCRM.ViewModels.Test.MinutesViewModelTest"/>
      <testcase time="0" name="TestDefaultVisibilityIFDUserASIFromDealClientTeam"
                classname="iCRM.ViewModels.Test.MinutesViewModelTest"/>
      <testcase time="0"
                name="TestDefaultVisibilityFICUserASIFromMeetingWithCustomerClientTeam"
                classname="iCRM.ViewModels.Test.MinutesViewModelTest"/>
      <testcase time="0" name="TestDefaultVisibilityIFDUserASIFromDealMyTeam"
                classname="iCRM.ViewModels.Test.MinutesViewModelTest"/>
      <testcase time="0" name="TestDefaultVisibilityGLFIFromDealConfidential"
                classname="iCRM.ViewModels.Test.MinutesViewModelTest"/>
      <testcase time="0" name="TestDefaultVisibilityGLFIUserASIFromContactMyTeam"
                classname="iCRM.ViewModels.Test.MinutesViewModelTest"/>
      <testcase time="0" name="TestDefaultVisibilityFICFromPitchConfidential"
                classname="iCRM.ViewModels.Test.MinutesViewModelTest"/>
      <testcase time="0" name="TestDefaultVisibilityIFDFromDealClientTeam"
                classname="iCRM.ViewModels.Test.MinutesViewModelTest"/>
      <testcase time="0" name="TestLaunchSearchPitchCommand"
                classname="iCRM.ViewModels.Test.MinutesViewModelTest"/>
      <testcase time="0" name="TestLaunchOpenMinuteCommand"
                classname="iCRM.ViewModels.Test.MinutesViewModelTest"/>
      <testcase time="0"
                name="TestDefaultVisibilityCORIUserASIFromMeetingWithCustomerClientTeam"
                classname="iCRM.ViewModels.Test.MinutesViewModelTest"/>
      <testcase time="0" name="TestDefaultVisibilityLYXORFromContactConfidential"
                classname="iCRM.ViewModels.Test.MinutesViewModelTest"/>
      <testcase time="0" name="TestDefaultVisibilityIFDFromMeetingPublic"
                classname="iCRM.ViewModels.Test.MinutesViewModelTest"/>
      <testcase time="0" name="TestDefaultVisibilityIFDFromMeetingClientTeam"
                classname="iCRM.ViewModels.Test.MinutesViewModelTest"/>
      <testcase time="0" name="TestDefaultVisibilityCORIFromContactWithCustomerPublic"
                classname="iCRM.ViewModels.Test.MinutesViewModelTest"/>
      <testcase time="0" name="TestDefaultVisibilityFICFromContactWithCustomerPublic"
                classname="iCRM.ViewModels.Test.MinutesViewModelTest"/>
      <testcase time="0" name="TestDefaultVisibilitySOLFromContactWithCustomerClientTeam"
                classname="iCRM.ViewModels.Test.MinutesViewModelTest"/>
      <testcase time="0" name="TestDefaultVisibilityLYXORFromDealClientTeam"
                classname="iCRM.ViewModels.Test.MinutesViewModelTest"/>
      <testcase time="0" name="TestDefaultVisibilityLYXORUserASIFromContactWithCustomerMyTeam"
                classname="iCRM.ViewModels.Test.MinutesViewModelTest"/>
      <testcase time="0" name="TestDefaultVisibilityGLFIUserASIFromDealPublic"
                classname="iCRM.ViewModels.Test.MinutesViewModelTest"/>
      <testcase time="0"
                name="TestDefaultVisibilityLYXORUserASIFromContactWithCustomerClientTeam"
                classname="iCRM.ViewModels.Test.MinutesViewModelTest"/>
      <testcase time="0" name="TestDefaultVisibilityLYXORFromMeetingWithCustomerPublic"
                classname="iCRM.ViewModels.Test.MinutesViewModelTest"/>
      <testcase time="0" name="TestDefaultVisibilityIFDFromMeetingWithCustomerPublic"
                classname="iCRM.ViewModels.Test.MinutesViewModelTest"/>
      <testcase time="0" name="TestDefaultVisibilitySOLUserASIFromContactMyTeam"
                classname="iCRM.ViewModels.Test.MinutesViewModelTest"/>
      <testcase time="0" name="TestDefaultVisibilityLYXORUserASIFromContactWithCustomerPublic"
                classname="iCRM.ViewModels.Test.MinutesViewModelTest"/>
      <testcase time="0"
                name="TestDefaultVisibilitySOLUserASIEComplianceRestrictedFromDealMyTeam"
                classname="iCRM.ViewModels.Test.MinutesViewModelTest"/>
      <testcase time="0" name="TestDefaultVisibilityLYXORFromCustomer"
                classname="iCRM.ViewModels.Test.MinutesViewModelTest"/>
      <testcase time="0" name="TestLaunchFormCancelCommand"
                classname="iCRM.ViewModels.Test.MinutesViewModelTest"/>
      <testcase time="0" name="TestDefaultVisibilitySOLFromMeetingClientTeam"
                classname="iCRM.ViewModels.Test.MinutesViewModelTest"/>
      <testcase time="0" name="TestDefaultVisibilityLYXORFromContactWithCustomerConfidential"
                classname="iCRM.ViewModels.Test.MinutesViewModelTest"/>
      <testcase time="0" name="TestDefaultVisibilitySOLUserASIFromContactConfidential"
                classname="iCRM.ViewModels.Test.MinutesViewModelTest"/>
      <testcase time="0" name="TestDefaultVisibilitySOLUserASIFromMeetingClientTeam"
                classname="iCRM.ViewModels.Test.MinutesViewModelTest"/>
      <testcase time="0" name="TestDefaultVisibilityIFDFromDealPublic"
                classname="iCRM.ViewModels.Test.MinutesViewModelTest"/>
      <testcase time="0" name="TestDefaultVisibilityCORIUserASIFromContactMyTeam"
                classname="iCRM.ViewModels.Test.MinutesViewModelTest"/>
      <testcase time="0"
                name="TestDefaultVisibilitySOLUserASIFromMeetingWithCustomerConfidential"
                classname="iCRM.ViewModels.Test.MinutesViewModelTest"/>
      <testcase time="0" name="TestDefaultVisibilityCORIUserASIFromDealClientTeam"
                classname="iCRM.ViewModels.Test.MinutesViewModelTest"/>
      <testcase time="0" name="TestDefaultVisibilityCORIFromMeetingConfidential"
                classname="iCRM.ViewModels.Test.MinutesViewModelTest"/>
      <testcase time="0" name="TestDefaultVisibilityGLFIFromCustomer"
                classname="iCRM.ViewModels.Test.MinutesViewModelTest"/>
      <testcase time="0" name="TestDefaultVisibilityGLFIUserASIFromMeetingWithCustomerPublic"
                classname="iCRM.ViewModels.Test.MinutesViewModelTest"/>
      <testcase time="0" name="TestDefaultVisibilityCORIFromContactWithCustomerClientTeam"
                classname="iCRM.ViewModels.Test.MinutesViewModelTest"/>
      <testcase time="0" name="TestDefaultVisibilityLYXORUserASIFromPitchConfidential"
                classname="iCRM.ViewModels.Test.MinutesViewModelTest"/>
      <testcase time="0" name="TestDefaultVisibilitySOLFromDealMyTeam"
                classname="iCRM.ViewModels.Test.MinutesViewModelTest"/>
      <testcase time="0" name="TestDefaultVisibilitySOLUserASIEFromDealConfidential"
                classname="iCRM.ViewModels.Test.MinutesViewModelTest"/>
      <testcase time="0" name="TestDefaultVisibilityFICFromContactWithCustomerConfidential"
                classname="iCRM.ViewModels.Test.MinutesViewModelTest"/>
      <testcase time="0" name="TestDefaultVisibilityFICUserASIFromMeetingWithCustomerPublic"
                classname="iCRM.ViewModels.Test.MinutesViewModelTest"/>
      <testcase time="0" name="TestDefaultVisibilitySOLFromPitchMyTeam"
                classname="iCRM.ViewModels.Test.MinutesViewModelTest"/>
      <testcase time="0" name="TestDefaultVisibilityCORIFromMeetingMyTeam"
                classname="iCRM.ViewModels.Test.MinutesViewModelTest"/>
      <testcase time="0" name="TestDefaultVisibilityIFDFromPitchMyTeam"
                classname="iCRM.ViewModels.Test.MinutesViewModelTest"/>
      <testcase time="0" name="TestDefaultVisibilityLYXORUserASIFromContactPublic"
                classname="iCRM.ViewModels.Test.MinutesViewModelTest"/>
      <testcase time="0" name="TestDefaultVisibilityLYXORFromContactPublic"
                classname="iCRM.ViewModels.Test.MinutesViewModelTest"/>
      <testcase time="0" name="TestDefaultVisibilitySOLUserASIFromContactWithCustomerPublic"
                classname="iCRM.ViewModels.Test.MinutesViewModelTest"/>
      <testcase time="0" name="TestDefaultVisibilityFICFromMeetingWithCustomerMyTeam"
                classname="iCRM.ViewModels.Test.MinutesViewModelTest"/>
      <testcase time="0" name="TestDefaultVisibilityFICUserASIFromMeetingMyTeam"
                classname="iCRM.ViewModels.Test.MinutesViewModelTest"/>
      <testcase time="0" name="TestDefaultVisibilitySOLUserASIFromDealPublic"
                classname="iCRM.ViewModels.Test.MinutesViewModelTest"/>
      <testcase time="0" name="TestDefaultVisibilityIFDFromMeetingConfidential"
                classname="iCRM.ViewModels.Test.MinutesViewModelTest"/>
      <testcase time="0" name="TestDefaultVisibilityIFDFromCustomer"
                classname="iCRM.ViewModels.Test.MinutesViewModelTest"/>
      <testcase time="0" name="TestDefaultVisibilitySOLFromMeetingPublic"
                classname="iCRM.ViewModels.Test.MinutesViewModelTest"/>
      <testcase time="0" name="TestDefaultVisibilityFICUserASIFromContactMyTeam"
                classname="iCRM.ViewModels.Test.MinutesViewModelTest"/>
      <testcase time="0" name="TestDefaultVisibilitySOLUserASIFromMeetingWithCustomerPublic"
                classname="iCRM.ViewModels.Test.MinutesViewModelTest"/>
      <testcase time="0" name="TestDefaultVisibilityFICFromMeetingWithCustomerConfidential"
                classname="iCRM.ViewModels.Test.MinutesViewModelTest"/>
      <testcase time="0" name="TestDefaultVisibilityLYXORFromMeetingMyTeam"
                classname="iCRM.ViewModels.Test.MinutesViewModelTest"/>
      <testcase time="0"
                name="TestDefaultVisibilitySOLUserASIFromContactWithCustomerClientTeam"
                classname="iCRM.ViewModels.Test.MinutesViewModelTest"/>
      <testcase time="0"
                name="TestDefaultVisibilityIFDUserASIFromContactWithCustomerConfidential"
                classname="iCRM.ViewModels.Test.MinutesViewModelTest"/>
      <testcase time="0" name="TestDefaultVisibilityGLFIUserASIFromContactWithCustomerMyTeam"
                classname="iCRM.ViewModels.Test.MinutesViewModelTest"/>
      <testcase time="0" name="TestDefaultVisibilitySOLUserASIFromMeetingPublic"
                classname="iCRM.ViewModels.Test.MinutesViewModelTest"/>
      <testcase time="0" name="TestLaunchCreateContactCommand"
                classname="iCRM.ViewModels.Test.MinutesViewModelTest"/>
      <testcase time="0" name="TestDefaultVisibilityFICUserASIFromContactPublic"
                classname="iCRM.ViewModels.Test.MinutesViewModelTest"/>
      <testcase time="0" name="TestDefaultVisibilityGLFIFromDealPublic"
                classname="iCRM.ViewModels.Test.MinutesViewModelTest"/>
      <testcase time="0" name="TestDefaultVisibilityIFDFromContactWithCustomerMyTeam"
                classname="iCRM.ViewModels.Test.MinutesViewModelTest"/>
      <testcase time="0" name="TestDefaultVisibilityLYXORFromContactWithCustomerPublic"
                classname="iCRM.ViewModels.Test.MinutesViewModelTest"/>
      <testcase time="0" name="TestDefaultVisibilitySOLFromContactWithCustomerConfidential"
                classname="iCRM.ViewModels.Test.MinutesViewModelTest"/>
      <testcase time="0" name="TestDefaultVisibilityGLFIFromContactConfidential"
                classname="iCRM.ViewModels.Test.MinutesViewModelTest"/>
      <testcase time="0" name="TestDefaultVisibilitySOLUserASIFromPitchMyTeam"
                classname="iCRM.ViewModels.Test.MinutesViewModelTest"/>
      <testcase time="0" name="TestDefaultVisibilityLYXORFromMeetingWithCustomerConfidential"
                classname="iCRM.ViewModels.Test.MinutesViewModelTest"/>
      <testcase time="0" name="TestDefaultVisibilityIFDFromMeetingMyTeam"
                classname="iCRM.ViewModels.Test.MinutesViewModelTest"/>
      <testcase time="0" name="TestDefaultVisibilityFICFromMeetingPublic"
                classname="iCRM.ViewModels.Test.MinutesViewModelTest"/>
      <testcase time="0" name="TestDefaultVisibilityGLFIFromMeetingPublic"
                classname="iCRM.ViewModels.Test.MinutesViewModelTest"/>
      <testcase time="0" name="TestDefaultVisibilityIFDFromMeetingWithCustomerClientTeam"
                classname="iCRM.ViewModels.Test.MinutesViewModelTest"/>
      <testcase time="0" name="TestDefaultVisibilityGLFIUserASIFromDealConfidential"
                classname="iCRM.ViewModels.Test.MinutesViewModelTest"/>
      <testcase time="0" name="TestDefaultVisibilitySOLFromCustomer"
                classname="iCRM.ViewModels.Test.MinutesViewModelTest"/>
      <testcase time="0" name="TestDefaultVisibilityCORIFromContactPublic"
                classname="iCRM.ViewModels.Test.MinutesViewModelTest"/>
      <testcase time="0" name="TestDefaultVisibilityIFDUserASIFromContactWithCustomerMyTeam"
                classname="iCRM.ViewModels.Test.MinutesViewModelTest"/>
      <testcase time="0" name="TestDefaultVisibilityGLFIUserASIFromContactPublic"
                classname="iCRM.ViewModels.Test.MinutesViewModelTest"/>
      <testcase time="0" name="TestDefaultVisibilityFICFromContactWithCustomerMyTeam"
                classname="iCRM.ViewModels.Test.MinutesViewModelTest"/>
      <testcase time="0" name="TestDefaultVisibilityGLFIFromMeetingConfidential"
                classname="iCRM.ViewModels.Test.MinutesViewModelTest"/>
      <testcase time="0" name="TestDefaultVisibilityCORIFromMeetingClientTeam"
                classname="iCRM.ViewModels.Test.MinutesViewModelTest"/>
      <testcase time="0" name="TestDefaultVisibilityCORIUserASIFromDealConfidential"
                classname="iCRM.ViewModels.Test.MinutesViewModelTest"/>
      <testcase time="0"
                name="TestDefaultVisibilityGLFIUserASIFromMeetingWithCustomerConfidential"
                classname="iCRM.ViewModels.Test.MinutesViewModelTest"/>
      <testcase time="0" name="TestDefaultVisibilityCORIFromMeetingWithCustomerClientTeam"
                classname="iCRM.ViewModels.Test.MinutesViewModelTest"/>
      <testcase time="0" name="TestDefaultVisibilitySOLFromPitchConfidential"
                classname="iCRM.ViewModels.Test.MinutesViewModelTest"/>
      <testcase time="0" name="TestDefaultVisibilityGLFIFromMeetingWithCustomerPublic"
                classname="iCRM.ViewModels.Test.MinutesViewModelTest"/>
      <testcase time="0" name="TestDefaultVisibilityLYXORUserASIFromMeetingMyTeam"
                classname="iCRM.ViewModels.Test.MinutesViewModelTest"/>
      <testcase time="0" name="TestDefaultVisibilityIFDUserASIFromPitchMyTeam"
                classname="iCRM.ViewModels.Test.MinutesViewModelTest"/>
      <testcase time="0" name="TestDefaultVisibilitySOLFromDealClientTeam"
                classname="iCRM.ViewModels.Test.MinutesViewModelTest"/>
      <testcase time="0" name="TestDefaultVisibilityIFDUserASIFromMeetingPublic"
                classname="iCRM.ViewModels.Test.MinutesViewModelTest"/>
      <testcase time="0" name="TestDefaultVisibilityLYXORUserASIFromMeetingClientTeam"
                classname="iCRM.ViewModels.Test.MinutesViewModelTest"/>
      <testcase time="0" name="TestDefaultVisibilityFICUserASIFromMeetingConfidential"
                classname="iCRM.ViewModels.Test.MinutesViewModelTest"/>
      <testcase time="0" name="TestDefaultVisibilityCORIUserASIFromContactPublic"
                classname="iCRM.ViewModels.Test.MinutesViewModelTest"/>
      <testcase time="0" name="TestDefaultVisibilityLYXORUserASIFromDealMyTeam"
                classname="iCRM.ViewModels.Test.MinutesViewModelTest"/>
      <testcase time="0" name="TestDefaultVisibilitySOLUserASIFromDealClientTeam"
                classname="iCRM.ViewModels.Test.MinutesViewModelTest"/>
      <testcase time="0" name="TestDefaultVisibilityLYXORFromPitchMyTeam"
                classname="iCRM.ViewModels.Test.MinutesViewModelTest"/>
      <testcase time="0" name="TestDefaultVisibilityGLFIFromMeetingWithCustomerConfidential"
                classname="iCRM.ViewModels.Test.MinutesViewModelTest"/>
      <testcase time="0"
                name="TestDefaultVisibilityFICUserASIFromMeetingWithCustomerConfidential"
                classname="iCRM.ViewModels.Test.MinutesViewModelTest"/>
      <testcase time="0" name="TestDefaultVisibilityIFDFromContactWithCustomerPublic"
                classname="iCRM.ViewModels.Test.MinutesViewModelTest"/>
      <testcase time="0" name="TestDefaultVisibilitySOLUserASIFromMeetingWithCustomerMyTeam"
                classname="iCRM.ViewModels.Test.MinutesViewModelTest"/>
      <testcase time="0" name="TestDefaultVisibilityFICUserASIFromMeetingWithCustomerMyTeam"
                classname="iCRM.ViewModels.Test.MinutesViewModelTest"/>
      <testcase time="0" name="TestLaunchSearchDealInPipeLine"
                classname="iCRM.ViewModels.Test.MinutesViewModelTest"/>
      <testcase time="0" name="TestDefaultVisibilityLYXORFromContactMyTeam"
                classname="iCRM.ViewModels.Test.MinutesViewModelTest"/>
      <testcase time="0" name="TestDefaultVisibilityCORIFromDealMyTeam"
                classname="iCRM.ViewModels.Test.MinutesViewModelTest"/>
      <testcase time="0" name="TestDefaultVisibilityIFDUserASIFromContactMyTeam"
                classname="iCRM.ViewModels.Test.MinutesViewModelTest"/>
      <testcase time="0"
                name="TestDefaultVisibilityLYXORUserASIFromContactWithCustomerConfidential"
                classname="iCRM.ViewModels.Test.MinutesViewModelTest"/>
      <testcase time="0" name="TestDefaultVisibilitySOLFromContactWithCustomerMyTeam"
                classname="iCRM.ViewModels.Test.MinutesViewModelTest"/>
      <testcase time="0" name="TestDefaultVisibilityIFDFromContactPublic"
                classname="iCRM.ViewModels.Test.MinutesViewModelTest"/>
      <testcase time="0" name="TestDefaultVisibilityLYXORFromDealPublic"
                classname="iCRM.ViewModels.Test.MinutesViewModelTest"/>
      <testcase time="0" name="TestDefaultVisibilityCORIUserASIFromDealPublic"
                classname="iCRM.ViewModels.Test.MinutesViewModelTest"/>
      <testcase time="0" name="TestDefaultVisibilityLYXORFromPitchConfidential"
                classname="iCRM.ViewModels.Test.MinutesViewModelTest"/>
      <testcase time="0" name="TestDefaultVisibilityIFDUserASIFromDealConfidential"
                classname="iCRM.ViewModels.Test.MinutesViewModelTest"/>
      <testcase time="0" name="TestDefaultVisibilityFICUserASIFromPitchMyTeam"
                classname="iCRM.ViewModels.Test.MinutesViewModelTest"/>
      <testcase time="0" name="TestDefaultVisibilityGLFIFromMeetingWithCustomerMyTeam"
                classname="iCRM.ViewModels.Test.MinutesViewModelTest"/>
      <testcase time="0" name="TestDefaultVisibilityCORIFromCustomer"
                classname="iCRM.ViewModels.Test.MinutesViewModelTest"/>
      <testcase time="0" name="TestDefaultVisibilityFICUserASIFromPitchConfidential"
                classname="iCRM.ViewModels.Test.MinutesViewModelTest"/>
      <testcase time="0" name="TestDefaultVisibilityLYXORUserASIFromDealConfidential"
                classname="iCRM.ViewModels.Test.MinutesViewModelTest"/>
      <testcase time="0" name="TestDefaultVisibilityGLFIFromDealMyTeam"
                classname="iCRM.ViewModels.Test.MinutesViewModelTest"/>
      <testcase time="0" name="TestDefaultVisibilityGLFIFromContactWithCustomerClientTeam"
                classname="iCRM.ViewModels.Test.MinutesViewModelTest"/>
      <testcase time="0" name="TestDefaultVisibilitySOLFromDealPublic"
                classname="iCRM.ViewModels.Test.MinutesViewModelTest"/>
      <testcase time="0" name="TestDefaultVisibilityIFDFromContactConfidential"
                classname="iCRM.ViewModels.Test.MinutesViewModelTest"/>
      <testcase time="0" name="TestDefaultVisibilityCORIFromMeetingWithCustomerConfidential"
                classname="iCRM.ViewModels.Test.MinutesViewModelTest"/>
      <testcase time="0" name="TestDefaultVisibilityIFDFromContactMyTeam"
                classname="iCRM.ViewModels.Test.MinutesViewModelTest"/>
      <testcase time="0" name="TestDefaultVisibilityCORIUserASIFromContactWithCustomerPublic"
                classname="iCRM.ViewModels.Test.MinutesViewModelTest"/>
      <testcase time="0" name="TestDefaultVisibilityLYXORUserASIFromMeetingWithCustomerMyTeam"
                classname="iCRM.ViewModels.Test.MinutesViewModelTest"/>
      <testcase time="0" name="TestDefaultVisibilityLYXORFromMeetingConfidential"
                classname="iCRM.ViewModels.Test.MinutesViewModelTest"/>
      <testcase time="0" name="TestDefaultVisibilitySOLFromMeetingWithCustomerConfidential"
                classname="iCRM.ViewModels.Test.MinutesViewModelTest"/>
      <testcase time="0" name="TestDefaultVisibilityGLFIUserASIFromContactConfidential"
                classname="iCRM.ViewModels.Test.MinutesViewModelTest"/>
      <testcase time="0"
                name="TestDefaultVisibilityFICUserASIFromContactWithCustomerClientTeam"
                classname="iCRM.ViewModels.Test.MinutesViewModelTest"/>
      <testcase time="0"
                name="TestDefaultVisibilityFICUserASIFromContactWithCustomerConfidential"
                classname="iCRM.ViewModels.Test.MinutesViewModelTest"/>
      <testcase time="0" name="TestDefaultVisibilityGLFIUserASIFromMeetingWithCustomerMyTeam"
                classname="iCRM.ViewModels.Test.MinutesViewModelTest"/>
      <testcase time="0"
                name="TestDefaultVisibilitySOLUserASIEComplianceRestrictedFromDealConfidential"
                classname="iCRM.ViewModels.Test.MinutesViewModelTest"/>
      <testcase time="0" name="TestDefaultVisibilityLYXORFromDealConfidential"
                classname="iCRM.ViewModels.Test.MinutesViewModelTest"/>
      <testcase time="0" name="TestDefaultVisibilitySOLUserASIFromContactPublic"
                classname="iCRM.ViewModels.Test.MinutesViewModelTest"/>
      <testcase time="0" name="TestDefaultVisibilityGLFIUserASIFromContactWithCustomerPublic"
                classname="iCRM.ViewModels.Test.MinutesViewModelTest"/>
      <testcase time="0" name="TestDefaultVisibilitySOLUserASIFromMeetingMyTeam"
                classname="iCRM.ViewModels.Test.MinutesViewModelTest"/>
      <testcase time="0" name="TestDefaultVisibilitySOLUserASIFromPitchConfidential"
                classname="iCRM.ViewModels.Test.MinutesViewModelTest"/>
      <testcase time="0" name="TestDefaultVisibilityLYXORFromContactWithCustomerMyTeam"
                classname="iCRM.ViewModels.Test.MinutesViewModelTest"/>
      <testcase time="0" name="TestDefaultVisibilityIFDUserASIFromPitchConfidential"
                classname="iCRM.ViewModels.Test.MinutesViewModelTest"/>
      <testcase time="0" name="TestLaunchSearchCustomer"
                classname="iCRM.ViewModels.Test.MinutesViewModelTest"/>
      <testcase time="0" name="TestLaunchSearchDealsInPipelineCommand"
                classname="iCRM.ViewModels.Test.MinutesViewModelTest"/>
      <testcase time="0" name="TestDefaultVisibilityIFDUserASIFromDealPublic"
                classname="iCRM.ViewModels.Test.MinutesViewModelTest"/>
      <testcase time="0" name="TestDefaultVisibilityGLFIUserASIFromDealClientTeam"
                classname="iCRM.ViewModels.Test.MinutesViewModelTest"/>
      <testcase time="0" name="TestDefaultVisibilityFICUserASIFromContactWithCustomerMyTeam"
                classname="iCRM.ViewModels.Test.MinutesViewModelTest"/>
      <testcase time="0" name="TestDefaultVisibilitySOLUserASIFromContactWithCustomerMyTeam"
                classname="iCRM.ViewModels.Test.MinutesViewModelTest"/>
      <testcase time="0" name="TestDefaultVisibilityLYXORFromMeetingWithCustomerClientTeam"
                classname="iCRM.ViewModels.Test.MinutesViewModelTest"/>
      <testcase time="0" name="TestDefaultVisibilityIFDUserASIFromMeetingWithCustomerMyTeam"
                classname="iCRM.ViewModels.Test.MinutesViewModelTest"/>
      <testcase time="0" name="TestDefaultVisibilityGLFIUserASIFromMeetingMyTeam"
                classname="iCRM.ViewModels.Test.MinutesViewModelTest"/>
      <testcase time="0" name="TestDefaultVisibilityLYXORUserASIFromContactMyTeam"
                classname="iCRM.ViewModels.Test.MinutesViewModelTest"/>
      <testcase time="0"
                name="TestDefaultVisibilitySOLUserASIFromContactWithCustomerConfidential"
                classname="iCRM.ViewModels.Test.MinutesViewModelTest"/>
      <testcase time="0" name="TestDefaultVisibilityCORIFromMeetingWithCustomerMyTeam"
                classname="iCRM.ViewModels.Test.MinutesViewModelTest"/>
      <testcase time="0" name="TestDefaultVisibilityIFDUserASIFromMeetingConfidential"
                classname="iCRM.ViewModels.Test.MinutesViewModelTest"/>
      <testcase time="0" name="TestDefaultVisibilityIFDFromContactWithCustomerClientTeam"
                classname="iCRM.ViewModels.Test.MinutesViewModelTest"/>
      <testcase time="0" name="TestDefaultVisibilityLYXORUserASIFromContactConfidential"
                classname="iCRM.ViewModels.Test.MinutesViewModelTest"/>
      <testcase time="0" name="TestDefaultVisibilityGLFIFromMeetingClientTeam"
                classname="iCRM.ViewModels.Test.MinutesViewModelTest"/>
      <testcase time="0" name="TestDefaultVisibilitySOLFromMeetingConfidential"
                classname="iCRM.ViewModels.Test.MinutesViewModelTest"/>
      <testcase time="0" name="TestDefaultVisibilitySOLUserASIEFromDealMyTeam"
                classname="iCRM.ViewModels.Test.MinutesViewModelTest"/>
      <testcase time="0"
                name="TestDefaultVisibilityCORIUserASIFromContactWithCustomerClientTeam"
                classname="iCRM.ViewModels.Test.MinutesViewModelTest"/>
      <testcase time="0" name="TestDefaultVisibilityIFDUserASIFromContactConfidential"
                classname="iCRM.ViewModels.Test.MinutesViewModelTest"/>
      <testcase time="0" name="TestDefaultVisibilityLYXORUserASIFromMeetingWithCustomerPublic"
                classname="iCRM.ViewModels.Test.MinutesViewModelTest"/>
      <testcase time="0" name="TestLaunchRemoveEntity"
                classname="iCRM.ViewModels.Test.MinutesViewModelTest"/>
      <testcase time="0" name="TestDefaultVisibilityGLFIFromMeetingWithCustomerClientTeam"
                classname="iCRM.ViewModels.Test.MinutesViewModelTest"/>
      <testcase time="0" name="TestDefaultVisibilityGLFIFromMeetingMyTeam"
                classname="iCRM.ViewModels.Test.MinutesViewModelTest"/>
      <testcase time="0" name="TestDefaultVisibilityLYXORUserASIFromDealClientTeam"
                classname="iCRM.ViewModels.Test.MinutesViewModelTest"/>
      <testcase time="0" name="TestDefaultVisibilityIFDFromDealConfidential"
                classname="iCRM.ViewModels.Test.MinutesViewModelTest"/>
      <testcase time="0" name="TestSaveAndNotifyGlobal"
                classname="iCRM.ViewModels.Test.MinutesViewModelTest">
         <failure message="Test method iCRM.ViewModels.Test.MinutesViewModelTest.TestSaveAndNotifyGlobal threw exception: &#xA;System.Reflection.TargetInvocationException: Exception has been thrown by the target of an invocation. ---&gt; System.NullReferenceException: Object reference not set to an instance of an object.&#xA;    at iCRM.Services.CRM.Mock.iCRMMeetingService.iCRM.Models.IiCRMMeetingService.GetMeetingsbyCustomerIdAsync(MeetingSearchParameters criter, Boolean dispatchHandler, AsyncServiceResultHandler`1 resultHandler) in d:\Applis\Jenkins\workspace\crm client main continuous\iCRM\iCRM\iCRM.Services.CRM.Mock\Modules\Meeting\iCRMMeetingService.cs:line 357&#xA;   at iCRM.ViewModels.CustomerCommercialFollowUpViewModel.GetMeetingsAsync(AsyncServiceResultHandler`1 resultHandler, Nullable`1 withFlaggedElements) in d:\Applis\Jenkins\workspace\crm client main continuous\iCRM\iCRM\iCRM.ViewModels\Modules\Customer\CustomerCommercialFollowUpViewModel.cs:line 209&#xA;   at iCRM.ViewModels.CommercialFollowUpViewModel`1.LazyLoadListItems() in d:\Applis\Jenkins\workspace\crm client main continuous\iCRM\iCRM\iCRM.ViewModels\Modules\Common\CommercialFollowUpViewModel.cs:line 1699&#xA;   at iCRM.ViewModels.CustomerCommercialFollowUpViewModel.LazyLoadListItems() in d:\Applis\Jenkins\workspace\crm client main continuous\iCRM\iCRM\iCRM.ViewModels\Modules\Customer\CustomerCommercialFollowUpViewModel.cs:line 93&#xA;   at iCRM.ViewModels.CustomerCommercialFollowUpViewModel.RefreshMessageSink(MinuteModel minutes) in d:\Applis\Jenkins\workspace\crm client main continuous\iCRM\iCRM\iCRM.ViewModels\Modules\Customer\CustomerCommercialFollowUpViewModel.cs:line 228&#xA; --- End of inner exception stack trace ---&#xA;    at System.RuntimeMethodHandle._InvokeMethodFast(IRuntimeMethodInfo method, Object target, Object[] arguments, SignatureStruct&amp; sig, MethodAttributes methodAttributes, RuntimeType typeOwner)&#xA;   at System.RuntimeMethodHandle.InvokeMethodFast(IRuntimeMethodInfo method, Object target, Object[] arguments, Signature sig, MethodAttributes methodAttributes, RuntimeType typeOwner)&#xA;   at System.Reflection.RuntimeMethodInfo.Invoke(Object obj, BindingFlags invokeAttr, Binder binder, Object[] parameters, CultureInfo culture, Boolean skipVisibilityChecks)&#xA;   at System.Delegate.DynamicInvokeImpl(Object[] args)&#xA;   at Cinch.Mediator.NotifyColleagues(Object key, Object message) in C:\CRM\cinch\Cinch\Messaging\Mediator\Mediator.cs:line 265&#xA;   at Cinch.Mediator.NotifyColleagues[T](String key, T message) in C:\CRM\cinch\Cinch\Messaging\Mediator\Mediator.cs:line 288&#xA;   at iCRM.ViewModels.MinutesViewModel.FormSave() in d:\Applis\Jenkins\workspace\crm client main continuous\iCRM\iCRM\iCRM.ViewModels\Modules\Minutes\MinutesViewModel.cs:line 3162&#xA;   at iCRM.Framework.iCRMFormViewModelBase`1.DoSaveCommandExecute() in d:\Applis\Jenkins\workspace\crm client main continuous\iCRM\iCRM\iCRM.Framework\ViewModels\iCRMFormViewModelBase.cs:line 238&#xA;   at iCRM.ViewModels.MinutesViewModel.SaveAndNotifyExtended() in d:\Applis\Jenkins\workspace\crm client main continuous\iCRM\iCRM\iCRM.ViewModels\Modules\Minutes\MinutesViewModel.cs:line 1490&#xA;   at iCRM.ViewModels.MinutesViewModel.&lt;InitializeMinutesCommands&gt;b__4b(Object obj) in d:\Applis\Jenkins\workspace\crm client main continuous\iCRM\iCRM\iCRM.ViewModels\Modules\Minutes\MinutesViewModel.cs:line 540&#xA;   at iCRM.Framework.iCRMSimpleCommand.&lt;&gt;c__DisplayClass3.&lt;Execute&gt;b__2() in d:\Applis\Jenkins\workspace\crm client main continuous\iCRM\iCRM\iCRM.Framework\Commanding\iCRMSimpleCommand.cs:line 154&#xA;   at iCRM.Framework.iCRMSimpleCommand.Execute(Object parameter) in d:\Applis\Jenkins\workspace\crm client main continuous\iCRM\iCRM\iCRM.Framework\Commanding\iCRMSimpleCommand.cs:line 167&#xA;   at iCRM.ViewModels.MinutesViewModel.SaveAndNotify() in d:\Applis\Jenkins\workspace\crm client main continuous\iCRM\iCRM\iCRM.ViewModels\Modules\Minutes\MinutesViewModel.cs:line 1326&#xA;   at iCRM.ViewModels.MinutesViewModel.&lt;InitializeMinutesCommands&gt;b__51(Object obj) in d:\Applis\Jenkins\workspace\crm client main continuous\iCRM\iCRM\iCRM.ViewModels\Modules\Minutes\MinutesViewModel.cs:line 562&#xA;   at iCRM.Framework.iCRMSimpleCommand.&lt;&gt;c__DisplayClass3.&lt;Execute&gt;b__2() in d:\Applis\Jenkins\workspace\crm client main continuous\iCRM\iCRM\iCRM.Framework\Commanding\iCRMSimpleCommand.cs:line 154&#xA;   at iCRM.Framework.iCRMSimpleCommand.Execute(Object parameter) in d:\Applis\Jenkins\workspace\crm client main continuous\iCRM\iCRM\iCRM.Framework\Commanding\iCRMSimpleCommand.cs:line 167&#xA;   at iCRM.ViewModels.Test.MinutesViewModelTest.TestSaveAndNotifyGlobal() in d:\Applis\Jenkins\workspace\crm client main continuous\iCRM\iCRM\iCRM.ViewModels.Test\Modules\Minutes\MinutesViewModelTest.cs:line 425&#xA;"/>
      </testcase>
      <testcase time="0" name="TestDefaultVisibilityIFDFromPitchConfidential"
                classname="iCRM.ViewModels.Test.MinutesViewModelTest"/>
      <testcase time="0"
                name="TestDefaultVisibilityLYXORUserASIFromMeetingWithCustomerClientTeam"
                classname="iCRM.ViewModels.Test.MinutesViewModelTest"/>
      <testcase time="0" name="TestDefaultVisibilityFICUserASIFromContactConfidential"
                classname="iCRM.ViewModels.Test.MinutesViewModelTest"/>
      <testcase time="0" name="TestDefaultVisibilityLYXORFromMeetingPublic"
                classname="iCRM.ViewModels.Test.MinutesViewModelTest"/>
      <testcase time="0" name="TestDefaultVisibilityCORIUserASIFromMeetingClientTeam"
                classname="iCRM.ViewModels.Test.MinutesViewModelTest"/>
      <testcase time="0" name="TestDefaultVisibilityLYXORFromMeetingClientTeam"
                classname="iCRM.ViewModels.Test.MinutesViewModelTest"/>
      <testcase time="0" name="TestDefaultVisibilityCORIUserASIFromContactConfidential"
                classname="iCRM.ViewModels.Test.MinutesViewModelTest"/>
      <testcase time="0" name="TestDefaultVisibilityCORIFromContactWithCustomerConfidential"
                classname="iCRM.ViewModels.Test.MinutesViewModelTest"/>
      <testcase time="0" name="TestDefaultVisibilitySOLUserASIFromMeetingConfidential"
                classname="iCRM.ViewModels.Test.MinutesViewModelTest"/>
      <testcase time="0" name="TestDefaultVisibilityFICFromMeetingClientTeam"
                classname="iCRM.ViewModels.Test.MinutesViewModelTest"/>
      <testcase time="0" name="TestDefaultVisibilityCORIUserASIFromMeetingConfidential"
                classname="iCRM.ViewModels.Test.MinutesViewModelTest"/>
      <testcase time="0" name="TestDefaultVisibilityLYXORUserASIFromPitchMyTeam"
                classname="iCRM.ViewModels.Test.MinutesViewModelTest"/>
      <testcase time="0" name="TestDefaultVisibilityGLFIFromContactWithCustomerPublic"
                classname="iCRM.ViewModels.Test.MinutesViewModelTest"/>
      <testcase time="0" name="TestDefaultVisibilitySOLFromContactWithCustomerPublic"
                classname="iCRM.ViewModels.Test.MinutesViewModelTest"/>
      <testcase time="0"
                name="TestDefaultVisibilityGLFIUserASIFromContactWithCustomerClientTeam"
                classname="iCRM.ViewModels.Test.MinutesViewModelTest"/>
      <testcase time="0" name="TestDefaultVisibilityFICUserASIFromContactWithCustomerPublic"
                classname="iCRM.ViewModels.Test.MinutesViewModelTest"/>
      <testcase time="0" name="TestDefaultVisibilityLYXORUserASIFromMeetingConfidential"
                classname="iCRM.ViewModels.Test.MinutesViewModelTest"/>
      <testcase time="0" name="TestDefaultVisibilityLYXORFromContactWithCustomerClientTeam"
                classname="iCRM.ViewModels.Test.MinutesViewModelTest"/>
      <testcase time="0" name="TestDefaultVisibilityCORIFromMeetingWithCustomerPublic"
                classname="iCRM.ViewModels.Test.MinutesViewModelTest"/>
      <testcase time="0"
                name="TestDefaultVisibilitySOLUserASIFromMeetingWithCustomerClientTeam"
                classname="iCRM.ViewModels.Test.MinutesViewModelTest"/>
      <testcase time="0"
                name="TestDefaultVisibilityGLFIUserASIFromMeetingWithCustomerClientTeam"
                classname="iCRM.ViewModels.Test.MinutesViewModelTest"/>
      <testcase time="0" name="TestDefaultVisibilityGLFIUserASIFromDealMyTeam"
                classname="iCRM.ViewModels.Test.MinutesViewModelTest"/>
      <testcase time="0" name="TestDefaultVisibilityFICUserASIFromMeetingPublic"
                classname="iCRM.ViewModels.Test.MinutesViewModelTest"/>
      <testcase time="0" name="TestDefaultVisibilityCORIUserASIFromDealMyTeam"
                classname="iCRM.ViewModels.Test.MinutesViewModelTest"/>
      <testcase time="0" name="TestDefaultVisibilityIFDUserASIFromMeetingMyTeam"
                classname="iCRM.ViewModels.Test.MinutesViewModelTest"/>
      <testcase time="0" name="TestDefaultVisibilityIFDUserASIFromContactWithCustomerPublic"
                classname="iCRM.ViewModels.Test.MinutesViewModelTest"/>
      <testcase time="0" name="TestDefaultVisibilityIFDFromContactWithCustomerConfidential"
                classname="iCRM.ViewModels.Test.MinutesViewModelTest"/>
      <testcase time="0" name="TestDefaultVisibilityIFDUserASIFromContactPublic"
                classname="iCRM.ViewModels.Test.MinutesViewModelTest"/>
      <testcase time="0"
                name="TestDefaultVisibilityCORIUserASIFromContactWithCustomerConfidential"
                classname="iCRM.ViewModels.Test.MinutesViewModelTest"/>
      <testcase time="0" name="TestDefaultVisibilityCORIFromDealPublic"
                classname="iCRM.ViewModels.Test.MinutesViewModelTest"/>
      <testcase time="0" name="TestDefaultVisibilityFICFromPitchMyTeam"
                classname="iCRM.ViewModels.Test.MinutesViewModelTest"/>
      <testcase time="0" name="TestDefaultVisibilityCORIFromContactMyTeam"
                classname="iCRM.ViewModels.Test.MinutesViewModelTest"/>
      <testcase time="0" name="TestDefaultVisibilityIFDUserASIFromMeetingWithCustomerPublic"
                classname="iCRM.ViewModels.Test.MinutesViewModelTest"/>
      <testcase time="0" name="TestDefaultVisibilityFICFromContactMyTeam"
                classname="iCRM.ViewModels.Test.MinutesViewModelTest"/>
      <testcase time="0" name="TestDefaultVisibilityCORIUserASIFromMeetingPublic"
                classname="iCRM.ViewModels.Test.MinutesViewModelTest"/>
      <testcase time="0" name="TestDefaultVisibilityLYXORUserASIFromMeetingPublic"
                classname="iCRM.ViewModels.Test.MinutesViewModelTest"/>
      <testcase time="0" name="TestDefaultVisibilityCORIFromMeetingPublic"
                classname="iCRM.ViewModels.Test.MinutesViewModelTest"/>
      <testcase time="0"
                name="TestDefaultVisibilityGLFIUserASIFromContactWithCustomerConfidential"
                classname="iCRM.ViewModels.Test.MinutesViewModelTest"/>
      <testcase time="0" name="TestDefaultVisibilityGLFIFromDealClientTeam"
                classname="iCRM.ViewModels.Test.MinutesViewModelTest"/>
      <testcase time="0" name="TestLaunchSearchUsersCommand"
                classname="iCRM.ViewModels.Test.MinutesViewModelTest"/>
      <testcase time="0" name="TestDefaultVisibilitySOLFromMeetingWithCustomerClientTeam"
                classname="iCRM.ViewModels.Test.MinutesViewModelTest"/>
      <testcase time="0" name="TestDefaultVisibilitySOLFromMeetingWithCustomerMyTeam"
                classname="iCRM.ViewModels.Test.MinutesViewModelTest"/>
      <testcase time="0" name="TestLaunchSearchContact"
                classname="iCRM.ViewModels.Test.MinutesViewModelTest"/>
      <testcase time="0" name="TestDefaultVisibilityFICFromContactPublic"
                classname="iCRM.ViewModels.Test.MinutesViewModelTest"/>
      <testcase time="0" name="TestDefaultVisibilitySOLFromMeetingWithCustomerPublic"
                classname="iCRM.ViewModels.Test.MinutesViewModelTest"/>
      <testcase time="0" name="TestDefaultVisibilityGLFIUserASIFromMeetingClientTeam"
                classname="iCRM.ViewModels.Test.MinutesViewModelTest"/>
      <testcase time="0" name="TestDefaultVisibilityIFDFromMeetingWithCustomerConfidential"
                classname="iCRM.ViewModels.Test.MinutesViewModelTest"/>
      <testcase time="0"
                name="TestDefaultVisibilityLYXORUserASIFromMeetingWithCustomerConfidential"
                classname="iCRM.ViewModels.Test.MinutesViewModelTest"/>
      <testcase time="0" name="TestDefaultVisibilityGLFIFromContactPublic"
                classname="iCRM.ViewModels.Test.MinutesViewModelTest"/>
      <testcase time="0" name="TestDefaultVisibilityFICFromContactConfidential"
                classname="iCRM.ViewModels.Test.MinutesViewModelTest"/>
      <testcase time="0" name="TestDefaultVisibilityCORIFromDealConfidential"
                classname="iCRM.ViewModels.Test.MinutesViewModelTest"/>
      <testcase time="0"
                name="TestDefaultVisibilityIFDUserASIFromContactWithCustomerClientTeam"
                classname="iCRM.ViewModels.Test.MinutesViewModelTest"/>
      <testcase time="0" name="TestDefaultVisibilityFICFromMeetingConfidential"
                classname="iCRM.ViewModels.Test.MinutesViewModelTest"/>
      <testcase time="0" name="TestDefaultVisibilitySOLFromContactPublic"
                classname="iCRM.ViewModels.Test.MinutesViewModelTest"/>
      <testcase time="0" name="TestDefaultVisibilityCORIFromDealClientTeam"
                classname="iCRM.ViewModels.Test.MinutesViewModelTest"/>
      <testcase time="0" name="TestDefaultVisibilityCORIUserASIFromContactWithCustomerMyTeam"
                classname="iCRM.ViewModels.Test.MinutesViewModelTest"/>
      <testcase time="0" name="TestDefaultVisibilityCORIFromContactConfidential"
                classname="iCRM.ViewModels.Test.MinutesViewModelTest"/>
      <testcase time="0" name="TestLaunchSearchPitchsCommand"
                classname="iCRM.ViewModels.Test.MinutesViewModelTest"/>
      <testcase time="0" name="TestDefaultVisibilityIFDFromMeetingWithCustomerMyTeam"
                classname="iCRM.ViewModels.Test.MinutesViewModelTest"/>
      <testcase time="0" name="TestDefaultVisibilityCORIUserASIFromMeetingWithCustomerPublic"
                classname="iCRM.ViewModels.Test.MinutesViewModelTest"/>
      <testcase time="0" name="TestDefaultVisibilityGLFIUserASIFromMeetingPublic"
                classname="iCRM.ViewModels.Test.MinutesViewModelTest"/>
      <testcase time="0" name="TestDefaultVisibilityGLFIUserASIFromMeetingConfidential"
                classname="iCRM.ViewModels.Test.MinutesViewModelTest"/>
      <testcase time="0" name="TestDefaultVisibilityFICFromContactWithCustomerClientTeam"
                classname="iCRM.ViewModels.Test.MinutesViewModelTest"/>
      <testcase time="0" name="TestDefaultVisibilityFICFromMeetingWithCustomerPublic"
                classname="iCRM.ViewModels.Test.MinutesViewModelTest"/>
      <testcase time="0" name="TestDefaultVisibilitySOLFromDealConfidential"
                classname="iCRM.ViewModels.Test.MinutesViewModelTest"/>
      <testcase time="0" name="TestDefaultVisibilityFICUserASIFromMeetingClientTeam"
                classname="iCRM.ViewModels.Test.MinutesViewModelTest"/>
      <testcase time="0"
                name="TestDefaultVisibilityCORIUserASIFromMeetingWithCustomerConfidential"
                classname="iCRM.ViewModels.Test.MinutesViewModelTest"/>
      <testcase time="0" name="TestLaunchSearchCustomersCommand"
                classname="iCRM.ViewModels.Test.MinutesViewModelTest"/>
      <testcase time="0" name="TestDefaultVisibilityCORIFromContactWithCustomerMyTeam"
                classname="iCRM.ViewModels.Test.MinutesViewModelTest"/>
      <testcase time="0"
                name="TestDefaultVisibilityIFDUserASIFromMeetingWithCustomerConfidential"
                classname="iCRM.ViewModels.Test.MinutesViewModelTest"/>
   </testsuite>
   <testsuite skipped="0" failures="0" errors="0" time="0" tests="9"
              name="iCRM.ViewModels.Test.CommercialFollowupViewModelTest">
      <testcase time="0" name="ContextMenuTest"
                classname="iCRM.ViewModels.Test.CommercialFollowupViewModelTest"/>
      <testcase time="0" name="LaunchOpenCommandTest"
                classname="iCRM.ViewModels.Test.CommercialFollowupViewModelTest"/>
      <testcase time="0" name="ReCommandTest"
                classname="iCRM.ViewModels.Test.CommercialFollowupViewModelTest"/>
      <testcase time="0" name="LaunchAddMeetingCommandTest"
                classname="iCRM.ViewModels.Test.CommercialFollowupViewModelTest"/>
      <testcase time="0" name="LaunchAddMinuteCommandTest"
                classname="iCRM.ViewModels.Test.CommercialFollowupViewModelTest"/>
      <testcase time="0" name="LaunchOpenMeetingCommandTest"
                classname="iCRM.ViewModels.Test.CommercialFollowupViewModelTest"/>
      <testcase time="0" name="LaunchOpenMinuteCommandTest"
                classname="iCRM.ViewModels.Test.CommercialFollowupViewModelTest"/>
      <testcase time="0" name="LazyLoadingTest"
                classname="iCRM.ViewModels.Test.CommercialFollowupViewModelTest"/>
      <testcase time="0" name="LaunchOpenMailCommandTest"
                classname="iCRM.ViewModels.Test.CommercialFollowupViewModelTest"/>
   </testsuite>
   <testsuite skipped="0" failures="0" errors="0" time="0" tests="3"
              name="iCRM.ViewModels.Test.DealUserViewModelTest">
      <testcase time="0" name="SendEmailCommandTest"
                classname="iCRM.ViewModels.Test.DealUserViewModelTest"/>
      <testcase time="0" name="DealUserViewModelCtor"
                classname="iCRM.ViewModels.Test.DealUserViewModelTest"/>
      <testcase time="0" name="LoadedCommandTest"
                classname="iCRM.ViewModels.Test.DealUserViewModelTest"/>
   </testsuite>
   <testsuite skipped="0" failures="0" errors="0" time="0" tests="13"
              name="iCRM.ViewModels.Test.PitchCommercialFollowUpViewModelTest">
      <testcase time="0" name="RetrieveParentMeetingsTest"
                classname="iCRM.ViewModels.Test.PitchCommercialFollowUpViewModelTest"/>
      <testcase time="0" name="PitchCommercialFollowUpViewModelConstructorTest"
                classname="iCRM.ViewModels.Test.PitchCommercialFollowUpViewModelTest"/>
      <testcase time="0" name="RetrieveParentMinutesTest"
                classname="iCRM.ViewModels.Test.PitchCommercialFollowUpViewModelTest"/>
      <testcase time="0" name="PitchCommercialFollowUpViewModelMiscTest"
                classname="iCRM.ViewModels.Test.PitchCommercialFollowUpViewModelTest"/>
      <testcase time="0" name="AddMinutesTest"
                classname="iCRM.ViewModels.Test.PitchCommercialFollowUpViewModelTest"/>
      <testcase time="0" name="SetMinuteAffectationTest"
                classname="iCRM.ViewModels.Test.PitchCommercialFollowUpViewModelTest"/>
      <testcase time="0" name="SetParentMeetingsTest"
                classname="iCRM.ViewModels.Test.PitchCommercialFollowUpViewModelTest"/>
      <testcase time="0" name="SetParentEmailsTest"
                classname="iCRM.ViewModels.Test.PitchCommercialFollowUpViewModelTest"/>
      <testcase time="0" name="RetrieveParentEmailsTest"
                classname="iCRM.ViewModels.Test.PitchCommercialFollowUpViewModelTest"/>
      <testcase time="0" name="SetParentMinutesTest"
                classname="iCRM.ViewModels.Test.PitchCommercialFollowUpViewModelTest"/>
      <testcase time="0" name="RetrieveParentNotesTest"
                classname="iCRM.ViewModels.Test.PitchCommercialFollowUpViewModelTest"/>
      <testcase time="0" name="ParentModelTest"
                classname="iCRM.ViewModels.Test.PitchCommercialFollowUpViewModelTest"/>
      <testcase time="0" name="GetParentIdTest"
                classname="iCRM.ViewModels.Test.PitchCommercialFollowUpViewModelTest"/>
   </testsuite>
   <testsuite skipped="0" failures="0" errors="0" time="0" tests="37"
              name="iCRM.ViewModels.Test.VisibilityViewModelTest">
      <testcase time="0" name="GrantDelegationOnChildEntityTest1"
                classname="iCRM.ViewModels.Test.VisibilityViewModelTest"/>
      <testcase time="0" name="visibility_PropertyChangedTest"
                classname="iCRM.ViewModels.Test.VisibilityViewModelTest"/>
      <testcase time="0" name="GrantDelegationOnChildEntityTest"
                classname="iCRM.ViewModels.Test.VisibilityViewModelTest"/>
      <testcase time="0" name="RevokeDelegationOnChildEntityTest"
                classname="iCRM.ViewModels.Test.VisibilityViewModelTest"/>
      <testcase time="0" name="ModelTest"
                classname="iCRM.ViewModels.Test.VisibilityViewModelTest"/>
      <testcase time="0" name="CurrentViewModeTest"
                classname="iCRM.ViewModels.Test.VisibilityViewModelTest"/>
      <testcase time="0" name="VisibilityViewModelConstructorTest"
                classname="iCRM.ViewModels.Test.VisibilityViewModelTest"/>
      <testcase time="0" name="LazyLoadGrantedDelegationTest"
                classname="iCRM.ViewModels.Test.VisibilityViewModelTest"/>
      <testcase time="0" name="SearchedUsersTest"
                classname="iCRM.ViewModels.Test.VisibilityViewModelTest"/>
      <testcase time="0" name="LaunchRemoveDelegationCommandExecuteTest"
                classname="iCRM.ViewModels.Test.VisibilityViewModelTest"/>
      <testcase time="0" name="InitializeButtonLabelTest"
                classname="iCRM.ViewModels.Test.VisibilityViewModelTest"/>
      <testcase time="0" name="LaunchSearchCommandExecuteTest"
                classname="iCRM.ViewModels.Test.VisibilityViewModelTest"/>
      <testcase time="0" name="SelectedGrantedDelegationTest"
                classname="iCRM.ViewModels.Test.VisibilityViewModelTest"/>
      <testcase time="0" name="executeSearchOnEnterTest"
                classname="iCRM.ViewModels.Test.VisibilityViewModelTest"/>
      <testcase time="0" name="SetDelegationTest"
                classname="iCRM.ViewModels.Test.VisibilityViewModelTest"/>
      <testcase time="0" name="LaunchCancelCommandExecuteTest"
                classname="iCRM.ViewModels.Test.VisibilityViewModelTest"/>
      <testcase time="0" name="VisibilityValuesToDisplayTest"
                classname="iCRM.ViewModels.Test.VisibilityViewModelTest"/>
      <testcase time="0" name="SelectedDelegationTest"
                classname="iCRM.ViewModels.Test.VisibilityViewModelTest"/>
      <testcase time="0" name="InitializeCommandsTest"
                classname="iCRM.ViewModels.Test.VisibilityViewModelTest"/>
      <testcase time="0" name="CurrentVisibilityTest"
                classname="iCRM.ViewModels.Test.VisibilityViewModelTest"/>
      <testcase time="0" name="OnDisposeTest"
                classname="iCRM.ViewModels.Test.VisibilityViewModelTest"/>
      <testcase time="0" name="SearchValueTest"
                classname="iCRM.ViewModels.Test.VisibilityViewModelTest"/>
      <testcase time="0" name="CurrentVisibilityShadowTest"
                classname="iCRM.ViewModels.Test.VisibilityViewModelTest"/>
      <testcase time="0" name="UseVisibilityRestrictionTest"
                classname="iCRM.ViewModels.Test.VisibilityViewModelTest"/>
      <testcase time="0" name="ButtonLabelTest"
                classname="iCRM.ViewModels.Test.VisibilityViewModelTest"/>
      <testcase time="0" name="RaiseGrantedDelegationUserTest"
                classname="iCRM.ViewModels.Test.VisibilityViewModelTest"/>
      <testcase time="0" name="ClearUndoActionsTest"
                classname="iCRM.ViewModels.Test.VisibilityViewModelTest"/>
      <testcase time="0" name="ExecuteSearchOnEnterTest"
                classname="iCRM.ViewModels.Test.VisibilityViewModelTest"/>
      <testcase time="0" name="RefreshGrantedDelegationTest"
                classname="iCRM.ViewModels.Test.VisibilityViewModelTest"/>
      <testcase time="0" name="VisibilityClientTeamHelperTest"
                classname="iCRM.ViewModels.Test.VisibilityViewModelTest"/>
      <testcase time="0" name="visibilityValues_CollectionChangedTest"
                classname="iCRM.ViewModels.Test.VisibilityViewModelTest"/>
      <testcase time="0" name="VisibilityValuesTest"
                classname="iCRM.ViewModels.Test.VisibilityViewModelTest"/>
      <testcase time="0" name="VisibilityDealComplianceMessageTest"
                classname="iCRM.ViewModels.Test.VisibilityViewModelTest"/>
      <testcase time="0" name="InitialVisibilityIndexTest"
                classname="iCRM.ViewModels.Test.VisibilityViewModelTest"/>
      <testcase time="0" name="RaiseRevokeDelegationUserTest"
                classname="iCRM.ViewModels.Test.VisibilityViewModelTest"/>
      <testcase time="0" name="LaunchAddDelegationCommandExecuteTest"
                classname="iCRM.ViewModels.Test.VisibilityViewModelTest"/>
      <testcase time="0" name="GrantedDelegationTest"
                classname="iCRM.ViewModels.Test.VisibilityViewModelTest"/>
   </testsuite>
   <testsuite skipped="0" failures="0" errors="0" time="0" tests="3"
              name="iCRM.ViewModels.Test.UserDataTest">
      <testcase time="0" name="UserDataConstructorTest"
                classname="iCRM.ViewModels.Test.UserDataTest"/>
      <testcase time="0" name="ApplicationProfilesTest"
                classname="iCRM.ViewModels.Test.UserDataTest"/>
      <testcase time="0" name="RolesTest" classname="iCRM.ViewModels.Test.UserDataTest"/>
   </testsuite>
   <testsuite skipped="0" failures="0" errors="0" time="0" tests="32"
              name="iCRM.ViewModels.Test.DealNoteViewModelTest">
      <testcase time="0" name="TestDefaultVisibilityIFDUserASIMyTeam"
                classname="iCRM.ViewModels.Test.DealNoteViewModelTest"/>
      <testcase time="0" name="TestDefaultVisibilityIFDPublic"
                classname="iCRM.ViewModels.Test.DealNoteViewModelTest"/>
      <testcase time="0" name="TestDefaultVisibilityCORIUserASIClientTeam"
                classname="iCRM.ViewModels.Test.DealNoteViewModelTest"/>
      <testcase time="0" name="TestDefaultVisibilityCORIUserASIPublic"
                classname="iCRM.ViewModels.Test.DealNoteViewModelTest"/>
      <testcase time="0" name="TestDefaultVisibilitySOLUserASIMyTeam"
                classname="iCRM.ViewModels.Test.DealNoteViewModelTest"/>
      <testcase time="0" name="TestDefaultVisibilitySOLConfidential"
                classname="iCRM.ViewModels.Test.DealNoteViewModelTest"/>
      <testcase time="0" name="TestDefaultVisibilityIFDClientTeam"
                classname="iCRM.ViewModels.Test.DealNoteViewModelTest"/>
      <testcase time="0" name="TestDefaultVisibilityGLFIUserASIMyTeam"
                classname="iCRM.ViewModels.Test.DealNoteViewModelTest"/>
      <testcase time="0" name="TestDefaultVisibilityGLFIUserASIPublic"
                classname="iCRM.ViewModels.Test.DealNoteViewModelTest"/>
      <testcase time="0" name="TestDefaultVisibilityCORIUserASIConfidential"
                classname="iCRM.ViewModels.Test.DealNoteViewModelTest"/>
      <testcase time="0" name="TestDefaultVisibilityLYXORUserASIPublic"
                classname="iCRM.ViewModels.Test.DealNoteViewModelTest"/>
      <testcase time="0" name="TestDefaultVisibilityCORIUserASIMyTeam"
                classname="iCRM.ViewModels.Test.DealNoteViewModelTest"/>
      <testcase time="0" name="TestDefaultVisibilitySOLPublic"
                classname="iCRM.ViewModels.Test.DealNoteViewModelTest"/>
      <testcase time="0" name="TestDefaultVisibilityLYXORConfidential"
                classname="iCRM.ViewModels.Test.DealNoteViewModelTest"/>
      <testcase time="0" name="TestDefaultVisibilityGLFIUserASIClientTeam"
                classname="iCRM.ViewModels.Test.DealNoteViewModelTest"/>
      <testcase time="0" name="TestDefaultVisibilityLYXORUserASIMyTeam"
                classname="iCRM.ViewModels.Test.DealNoteViewModelTest"/>
      <testcase time="0" name="TestDefaultVisibilityLYXORUserASIConfidential"
                classname="iCRM.ViewModels.Test.DealNoteViewModelTest"/>
      <testcase time="0" name="TestDefaultVisibilityIFDConfidential"
                classname="iCRM.ViewModels.Test.DealNoteViewModelTest"/>
      <testcase time="0" name="TestDefaultVisibilityLYXORUserASIClientTeam"
                classname="iCRM.ViewModels.Test.DealNoteViewModelTest"/>
      <testcase time="0" name="TestDefaultVisibilitySOLMyTeam"
                classname="iCRM.ViewModels.Test.DealNoteViewModelTest"/>
      <testcase time="0" name="TestDefaultVisibilitySOLClientTeam"
                classname="iCRM.ViewModels.Test.DealNoteViewModelTest"/>
      <testcase time="0" name="TestDefaultVisibilityIFDUserASIPublic"
                classname="iCRM.ViewModels.Test.DealNoteViewModelTest"/>
      <testcase time="0" name="TestDefaultVisibilitySOLUserASIPublic"
                classname="iCRM.ViewModels.Test.DealNoteViewModelTest"/>
      <testcase time="0" name="TestDefaultVisibilityIFDUserASIClientTeam"
                classname="iCRM.ViewModels.Test.DealNoteViewModelTest"/>
      <testcase time="0" name="TestDefaultVisibilityIFDMyTeam"
                classname="iCRM.ViewModels.Test.DealNoteViewModelTest"/>
      <testcase time="0" name="TestDefaultVisibilityIFDUserASIConfidential"
                classname="iCRM.ViewModels.Test.DealNoteViewModelTest"/>
      <testcase time="0" name="TestDefaultVisibilityLYXORPublic"
                classname="iCRM.ViewModels.Test.DealNoteViewModelTest"/>
      <testcase time="0" name="TestDefaultVisibilityGLFIUserASIConfidential"
                classname="iCRM.ViewModels.Test.DealNoteViewModelTest"/>
      <testcase time="0" name="TestDefaultVisibilityLYXORClientTeam"
                classname="iCRM.ViewModels.Test.DealNoteViewModelTest"/>
      <testcase time="0" name="TestDefaultVisibilitySOLUserASIClientTeam"
                classname="iCRM.ViewModels.Test.DealNoteViewModelTest"/>
      <testcase time="0" name="TestDefaultVisibilityLYXORMyTeam"
                classname="iCRM.ViewModels.Test.DealNoteViewModelTest"/>
      <testcase time="0" name="TestDefaultVisibilitySOLUserASIConfidential"
                classname="iCRM.ViewModels.Test.DealNoteViewModelTest"/>
   </testsuite>
   <testsuite skipped="0" failures="0" errors="0" time="0" tests="24"
              name="iCRM.ViewModels.Test.CustomListNoteViewModelTest">
      <testcase time="0" name="TestDefaultVisibilityLYXORUserASIMyTeam"
                classname="iCRM.ViewModels.Test.CustomListNoteViewModelTest"/>
      <testcase time="0" name="TestDefaultVisibilitySOLPublic"
                classname="iCRM.ViewModels.Test.CustomListNoteViewModelTest"/>
      <testcase time="0" name="TestDefaultVisibilityIFDUserASIPublic"
                classname="iCRM.ViewModels.Test.CustomListNoteViewModelTest"/>
      <testcase time="0" name="TestDefaultVisibilityIFDConfidential"
                classname="iCRM.ViewModels.Test.CustomListNoteViewModelTest"/>
      <testcase time="0" name="TestDefaultVisibilityLYXORUserASIPublic"
                classname="iCRM.ViewModels.Test.CustomListNoteViewModelTest"/>
      <testcase time="0" name="TestDefaultVisibilityFICUserASIConfidential"
                classname="iCRM.ViewModels.Test.CustomListNoteViewModelTest"/>
      <testcase time="0" name="TestDefaultVisibilityLYXORMyTeam"
                classname="iCRM.ViewModels.Test.CustomListNoteViewModelTest"/>
      <testcase time="0" name="TestDefaultVisibilityFICUserASIPublic"
                classname="iCRM.ViewModels.Test.CustomListNoteViewModelTest"/>
      <testcase time="0" name="TestDefaultVisibilityIFDUserASIConfidential"
                classname="iCRM.ViewModels.Test.CustomListNoteViewModelTest"/>
      <testcase time="0" name="TestDefaultVisibilityFICUserASIMyTeam"
                classname="iCRM.ViewModels.Test.CustomListNoteViewModelTest"/>
      <testcase time="0" name="TestDefaultVisibilityIFDMyTeam"
                classname="iCRM.ViewModels.Test.CustomListNoteViewModelTest"/>
      <testcase time="0" name="TestDefaultVisibilityIFDUserASIMyTeam"
                classname="iCRM.ViewModels.Test.CustomListNoteViewModelTest"/>
      <testcase time="0" name="TestDefaultVisibilityFICMyTeam"
                classname="iCRM.ViewModels.Test.CustomListNoteViewModelTest"/>
      <testcase time="0" name="TestDefaultVisibilitySOLUserASIPublic"
                classname="iCRM.ViewModels.Test.CustomListNoteViewModelTest"/>
      <testcase time="0" name="TestDefaultVisibilityLYXORConfidential"
                classname="iCRM.ViewModels.Test.CustomListNoteViewModelTest"/>
      <testcase time="0" name="TestDefaultVisibilityFICConfidential"
                classname="iCRM.ViewModels.Test.CustomListNoteViewModelTest"/>
      <testcase time="0" name="TestDefaultVisibilitySOLUserASIMyTeam"
                classname="iCRM.ViewModels.Test.CustomListNoteViewModelTest"/>
      <testcase time="0" name="TestDefaultVisibilityIFDPublic"
                classname="iCRM.ViewModels.Test.CustomListNoteViewModelTest"/>
      <testcase time="0" name="TestDefaultVisibilitySOLMyTeam"
                classname="iCRM.ViewModels.Test.CustomListNoteViewModelTest"/>
      <testcase time="0" name="TestDefaultVisibilityFICPublic"
                classname="iCRM.ViewModels.Test.CustomListNoteViewModelTest"/>
      <testcase time="0" name="TestDefaultVisibilityLYXORPublic"
                classname="iCRM.ViewModels.Test.CustomListNoteViewModelTest"/>
      <testcase time="0" name="TestDefaultVisibilityLYXORUserASIConfidential"
                classname="iCRM.ViewModels.Test.CustomListNoteViewModelTest"/>
      <testcase time="0" name="TestDefaultVisibilitySOLConfidential"
                classname="iCRM.ViewModels.Test.CustomListNoteViewModelTest"/>
      <testcase time="0" name="TestDefaultVisibilitySOLUserASIConfidential"
                classname="iCRM.ViewModels.Test.CustomListNoteViewModelTest"/>
   </testsuite>
   <testsuite skipped="0" failures="0" errors="0" time="0" tests="3"
              name="iCRM.ViewModels.Test.ContactTasksListViewModelTest">
      <testcase time="0" name="LazyLoadTest"
                classname="iCRM.ViewModels.Test.ContactTasksListViewModelTest"/>
      <testcase time="0" name="AddNewTaskCommand"
                classname="iCRM.ViewModels.Test.ContactTasksListViewModelTest"/>
      <testcase time="0" name="RefreshMessageSink"
                classname="iCRM.ViewModels.Test.ContactTasksListViewModelTest"/>
   </testsuite>
   <testsuite skipped="0" failures="0" errors="0" time="0" tests="9"
              name="iCRM.ViewModels.Test.Modules.Notes.NoteViewModelTest">
      <testcase time="0" name="DoCancelCommand"
                classname="iCRM.ViewModels.Test.Modules.Notes.NoteViewModelTest"/>
      <testcase time="0" name="LaunchOpenNoteCommand"
                classname="iCRM.ViewModels.Test.Modules.Notes.NoteViewModelTest"/>
      <testcase time="0" name="ClearSelectedRelatedToEntityCommand"
                classname="iCRM.ViewModels.Test.Modules.Notes.NoteViewModelTest"/>
      <testcase time="0" name="DoSaveCommand"
                classname="iCRM.ViewModels.Test.Modules.Notes.NoteViewModelTest"/>
      <testcase time="0" name="LaunchAddNewNoteCommand"
                classname="iCRM.ViewModels.Test.Modules.Notes.NoteViewModelTest"/>
      <testcase time="0" name="LaunchDeleteNoteCommand"
                classname="iCRM.ViewModels.Test.Modules.Notes.NoteViewModelTest"/>
      <testcase time="0" name="DoDeactivateCommand"
                classname="iCRM.ViewModels.Test.Modules.Notes.NoteViewModelTest"/>
      <testcase time="0" name="DoAffectOwnerCommand"
                classname="iCRM.ViewModels.Test.Modules.Notes.NoteViewModelTest"/>
      <testcase time="0" name="DoEditCommand"
                classname="iCRM.ViewModels.Test.Modules.Notes.NoteViewModelTest"/>
   </testsuite>
   <testsuite skipped="0" failures="0" errors="0" time="0" tests="24"
              name="iCRM.ViewModels.Test.DealViewModelTest">
      <testcase time="0" name="TestDefaultVisibilityDeal"
                classname="iCRM.ViewModels.Test.DealViewModelTest">
         <system-out>&#xD;
------------------------- Console Output -------------------------&#xD;
--------------------------------------
TEST CASE
ApplicationProfile : SOL
ASIEUser           : True
ASIERestriction    : False
ExpectedVisibility : Confidential
CTCoverage         : False
CTPrivate          : False
CTPublic           : False

ResultingVisibility           : Confidential
CTCoverage                    : False
CTPrivate                     : False
CTPublic                      : False
&#xD;
------------------------- Debug Trace -------------------------&#xD;
 do - 
 do - 
 do - 
 do - 
</system-out>
      </testcase>
      <testcase time="0" name="TestDefaultVisibilityDeal"
                classname="iCRM.ViewModels.Test.DealViewModelTest">
         <system-out>&#xD;
------------------------- Console Output -------------------------&#xD;
--------------------------------------
TEST CASE
ApplicationProfile : LYXOR
ASIEUser           : True
ASIERestriction    : False
ExpectedVisibility : Confidential
CTCoverage         : False
CTPrivate          : False
CTPublic           : False

ResultingVisibility           : Confidential
CTCoverage                    : False
CTPrivate                     : False
CTPublic                      : False
&#xD;
------------------------- Debug Trace -------------------------&#xD;
 do - 
 do - 
 do - 
 do - 
</system-out>
      </testcase>
      <testcase time="0" name="TestDefaultVisibilityDeal"
                classname="iCRM.ViewModels.Test.DealViewModelTest">
         <system-out>&#xD;
------------------------- Console Output -------------------------&#xD;
--------------------------------------
TEST CASE
ApplicationProfile : IFD
ASIEUser           : True
ASIERestriction    : False
ExpectedVisibility : MyTeam
CTCoverage         : False
CTPrivate          : False
CTPublic           : False

ResultingVisibility           : My Team
CTCoverage                    : False
CTPrivate                     : False
CTPublic                      : False
&#xD;
------------------------- Debug Trace -------------------------&#xD;
 do - 
 do - 
 do - 
 do - 
</system-out>
      </testcase>
      <testcase time="0" name="TestDefaultVisibilityDeal"
                classname="iCRM.ViewModels.Test.DealViewModelTest">
         <system-out>&#xD;
------------------------- Console Output -------------------------&#xD;
--------------------------------------
TEST CASE
ApplicationProfile : CORI
ASIEUser           : True
ASIERestriction    : False
ExpectedVisibility : ClientTeam
CTCoverage         : True
CTPrivate          : False
CTPublic           : False

ResultingVisibility           : Client Team
CTCoverage                    : True
CTPrivate                     : False
CTPublic                      : False
&#xD;
------------------------- Debug Trace -------------------------&#xD;
 do - 
 do - 
 do - 
 do - 
 do - 
 do - 
 do - 
 do - 
 do - 
 do - 
 do - 
 do - 
</system-out>
      </testcase>
      <testcase time="0" name="TestDefaultVisibilityDeal"
                classname="iCRM.ViewModels.Test.DealViewModelTest">
         <system-out>&#xD;
------------------------- Console Output -------------------------&#xD;
--------------------------------------
TEST CASE
ApplicationProfile : GLFI
ASIEUser           : True
ASIERestriction    : False
ExpectedVisibility : ClientTeam
CTCoverage         : True
CTPrivate          : False
CTPublic           : False

ResultingVisibility           : Client Team
CTCoverage                    : True
CTPrivate                     : False
CTPublic                      : False
&#xD;
------------------------- Debug Trace -------------------------&#xD;
 do - 
 do - 
 do - 
 do - 
 do - 
 do - 
 do - 
 do - 
 do - 
 do - 
 do - 
 do - 
</system-out>
      </testcase>
      <testcase time="0" name="TestDefaultVisibilityDeal"
                classname="iCRM.ViewModels.Test.DealViewModelTest">
         <system-out>&#xD;
------------------------- Console Output -------------------------&#xD;
--------------------------------------
TEST CASE
ApplicationProfile : CTY
ASIEUser           : True
ASIERestriction    : False
ExpectedVisibility : Confidential
CTCoverage         : False
CTPrivate          : False
CTPublic           : False

ResultingVisibility           : Confidential
CTCoverage                    : False
CTPrivate                     : False
CTPublic                      : False
&#xD;
------------------------- Debug Trace -------------------------&#xD;
 do - 
 do - 
 do - 
 do - 
</system-out>
      </testcase>
      <testcase time="0" name="TestDefaultVisibilityDeal"
                classname="iCRM.ViewModels.Test.DealViewModelTest">
         <system-out>&#xD;
------------------------- Console Output -------------------------&#xD;
--------------------------------------
TEST CASE
ApplicationProfile : SOL
ASIEUser           : False
ASIERestriction    : False
ExpectedVisibility : Confidential
CTCoverage         : False
CTPrivate          : False
CTPublic           : False

ResultingVisibility           : Confidential
CTCoverage                    : False
CTPrivate                     : False
CTPublic                      : False
&#xD;
------------------------- Debug Trace -------------------------&#xD;
 do - 
 do - 
 do - 
 do - 
</system-out>
      </testcase>
      <testcase time="0" name="TestDefaultVisibilityDeal"
                classname="iCRM.ViewModels.Test.DealViewModelTest">
         <system-out>&#xD;
------------------------- Console Output -------------------------&#xD;
--------------------------------------
TEST CASE
ApplicationProfile : LYXOR
ASIEUser           : False
ASIERestriction    : False
ExpectedVisibility : Confidential
CTCoverage         : False
CTPrivate          : False
CTPublic           : False

ResultingVisibility           : Confidential
CTCoverage                    : False
CTPrivate                     : False
CTPublic                      : False
&#xD;
------------------------- Debug Trace -------------------------&#xD;
 do - 
 do - 
 do - 
 do - 
</system-out>
      </testcase>
      <testcase time="0" name="TestDefaultVisibilityDeal"
                classname="iCRM.ViewModels.Test.DealViewModelTest">
         <system-out>&#xD;
------------------------- Console Output -------------------------&#xD;
--------------------------------------
TEST CASE
ApplicationProfile : IFD
ASIEUser           : False
ASIERestriction    : False
ExpectedVisibility : MyTeam
CTCoverage         : False
CTPrivate          : False
CTPublic           : False

ResultingVisibility           : My Team
CTCoverage                    : False
CTPrivate                     : False
CTPublic                      : False
&#xD;
------------------------- Debug Trace -------------------------&#xD;
 do - 
 do - 
 do - 
 do - 
</system-out>
      </testcase>
      <testcase time="0" name="TestDefaultVisibilityDeal"
                classname="iCRM.ViewModels.Test.DealViewModelTest">
         <system-out>&#xD;
------------------------- Console Output -------------------------&#xD;
--------------------------------------
TEST CASE
ApplicationProfile : CORI
ASIEUser           : False
ASIERestriction    : False
ExpectedVisibility : ClientTeam
CTCoverage         : True
CTPrivate          : False
CTPublic           : False

ResultingVisibility           : Client Team
CTCoverage                    : True
CTPrivate                     : False
CTPublic                      : False
&#xD;
------------------------- Debug Trace -------------------------&#xD;
 do - 
 do - 
 do - 
 do - 
 do - 
 do - 
 do - 
 do - 
 do - 
 do - 
 do - 
 do - 
</system-out>
      </testcase>
      <testcase time="0" name="TestDefaultVisibilityDeal"
                classname="iCRM.ViewModels.Test.DealViewModelTest">
         <system-out>&#xD;
------------------------- Console Output -------------------------&#xD;
--------------------------------------
TEST CASE
ApplicationProfile : GLFI
ASIEUser           : False
ASIERestriction    : False
ExpectedVisibility : ClientTeam
CTCoverage         : True
CTPrivate          : False
CTPublic           : False

ResultingVisibility           : Client Team
CTCoverage                    : True
CTPrivate                     : False
CTPublic                      : False
&#xD;
------------------------- Debug Trace -------------------------&#xD;
 do - 
 do - 
 do - 
 do - 
 do - 
 do - 
 do - 
 do - 
 do - 
 do - 
 do - 
 do - 
</system-out>
      </testcase>
      <testcase time="0" name="TestDefaultVisibilityDeal"
                classname="iCRM.ViewModels.Test.DealViewModelTest">
         <system-out>&#xD;
------------------------- Console Output -------------------------&#xD;
--------------------------------------
TEST CASE
ApplicationProfile : CTY
ASIEUser           : False
ASIERestriction    : False
ExpectedVisibility : Confidential
CTCoverage         : False
CTPrivate          : False
CTPublic           : False

ResultingVisibility           : Confidential
CTCoverage                    : False
CTPrivate                     : False
CTPublic                      : False
&#xD;
------------------------- Debug Trace -------------------------&#xD;
 do - 
 do - 
 do - 
 do - 
</system-out>
      </testcase>
      <testcase time="0" name="TestDefaultVisibilityDeal"
                classname="iCRM.ViewModels.Test.DealViewModelTest">
         <system-out>&#xD;
------------------------- Console Output -------------------------&#xD;
--------------------------------------
TEST CASE
ApplicationProfile : SOL
ASIEUser           : True
ASIERestriction    : True
ExpectedVisibility : Confidential
CTCoverage         : False
CTPrivate          : False
CTPublic           : False

ResultingVisibility           : Confidential
CTCoverage                    : False
CTPrivate                     : False
CTPublic                      : False
&#xD;
------------------------- Debug Trace -------------------------&#xD;
 do - 
 do - 
 do - 
 do - 
</system-out>
      </testcase>
      <testcase time="0" name="TestDefaultVisibilityDeal"
                classname="iCRM.ViewModels.Test.DealViewModelTest">
         <system-out>&#xD;
------------------------- Console Output -------------------------&#xD;
--------------------------------------
TEST CASE
ApplicationProfile : LYXOR
ASIEUser           : True
ASIERestriction    : True
ExpectedVisibility : Confidential
CTCoverage         : False
CTPrivate          : False
CTPublic           : False

ResultingVisibility           : Confidential
CTCoverage                    : False
CTPrivate                     : False
CTPublic                      : False
&#xD;
------------------------- Debug Trace -------------------------&#xD;
 do - 
 do - 
 do - 
 do - 
</system-out>
      </testcase>
      <testcase time="0" name="TestDefaultVisibilityDeal"
                classname="iCRM.ViewModels.Test.DealViewModelTest">
         <system-out>&#xD;
------------------------- Console Output -------------------------&#xD;
--------------------------------------
TEST CASE
ApplicationProfile : IFD
ASIEUser           : True
ASIERestriction    : True
ExpectedVisibility : MyTeam
CTCoverage         : False
CTPrivate          : False
CTPublic           : False

ResultingVisibility           : My Team
CTCoverage                    : False
CTPrivate                     : False
CTPublic                      : False
&#xD;
------------------------- Debug Trace -------------------------&#xD;
 do - 
 do - 
 do - 
 do - 
</system-out>
      </testcase>
      <testcase time="0" name="TestDefaultVisibilityDeal"
                classname="iCRM.ViewModels.Test.DealViewModelTest">
         <system-out>&#xD;
------------------------- Console Output -------------------------&#xD;
--------------------------------------
TEST CASE
ApplicationProfile : CORI
ASIEUser           : True
ASIERestriction    : True
ExpectedVisibility : MyTeam
CTCoverage         : False
CTPrivate          : False
CTPublic           : False

ResultingVisibility           : My Team
CTCoverage                    : False
CTPrivate                     : False
CTPublic                      : False
&#xD;
------------------------- Debug Trace -------------------------&#xD;
 do - 
 do - 
 do - 
 do - 
 do - 
 do - 
</system-out>
      </testcase>
      <testcase time="0" name="TestDefaultVisibilityDeal"
                classname="iCRM.ViewModels.Test.DealViewModelTest">
         <system-out>&#xD;
------------------------- Console Output -------------------------&#xD;
--------------------------------------
TEST CASE
ApplicationProfile : GLFI
ASIEUser           : True
ASIERestriction    : True
ExpectedVisibility : MyTeam
CTCoverage         : False
CTPrivate          : False
CTPublic           : False

ResultingVisibility           : My Team
CTCoverage                    : False
CTPrivate                     : False
CTPublic                      : False
&#xD;
------------------------- Debug Trace -------------------------&#xD;
 do - 
 do - 
 do - 
 do - 
 do - 
 do - 
</system-out>
      </testcase>
      <testcase time="0" name="TestDefaultVisibilityDeal"
                classname="iCRM.ViewModels.Test.DealViewModelTest">
         <system-out>&#xD;
------------------------- Console Output -------------------------&#xD;
--------------------------------------
TEST CASE
ApplicationProfile : CTY
ASIEUser           : True
ASIERestriction    : True
ExpectedVisibility : Confidential
CTCoverage         : False
CTPrivate          : False
CTPublic           : False

ResultingVisibility           : Confidential
CTCoverage                    : False
CTPrivate                     : False
CTPublic                      : False
&#xD;
------------------------- Debug Trace -------------------------&#xD;
 do - 
 do - 
 do - 
 do - 
</system-out>
      </testcase>
      <testcase time="0" name="TestDefaultVisibilityDeal"
                classname="iCRM.ViewModels.Test.DealViewModelTest">
         <system-out>&#xD;
------------------------- Console Output -------------------------&#xD;
--------------------------------------
TEST CASE
ApplicationProfile : SOL
ASIEUser           : False
ASIERestriction    : True
ExpectedVisibility : Confidential
CTCoverage         : False
CTPrivate          : False
CTPublic           : False

ResultingVisibility           : Confidential
CTCoverage                    : False
CTPrivate                     : False
CTPublic                      : False
&#xD;
------------------------- Debug Trace -------------------------&#xD;
 do - 
 do - 
 do - 
 do - 
</system-out>
      </testcase>
      <testcase time="0" name="TestDefaultVisibilityDeal"
                classname="iCRM.ViewModels.Test.DealViewModelTest">
         <system-out>&#xD;
------------------------- Console Output -------------------------&#xD;
--------------------------------------
TEST CASE
ApplicationProfile : LYXOR
ASIEUser           : False
ASIERestriction    : True
ExpectedVisibility : Confidential
CTCoverage         : False
CTPrivate          : False
CTPublic           : False

ResultingVisibility           : Confidential
CTCoverage                    : False
CTPrivate                     : False
CTPublic                      : False
&#xD;
------------------------- Debug Trace -------------------------&#xD;
 do - 
 do - 
 do - 
 do - 
</system-out>
      </testcase>
      <testcase time="0" name="TestDefaultVisibilityDeal"
                classname="iCRM.ViewModels.Test.DealViewModelTest">
         <system-out>&#xD;
------------------------- Console Output -------------------------&#xD;
--------------------------------------
TEST CASE
ApplicationProfile : IFD
ASIEUser           : False
ASIERestriction    : True
ExpectedVisibility : MyTeam
CTCoverage         : False
CTPrivate          : False
CTPublic           : False

ResultingVisibility           : My Team
CTCoverage                    : False
CTPrivate                     : False
CTPublic                      : False
&#xD;
------------------------- Debug Trace -------------------------&#xD;
 do - 
 do - 
 do - 
 do - 
</system-out>
      </testcase>
      <testcase time="0" name="TestDefaultVisibilityDeal"
                classname="iCRM.ViewModels.Test.DealViewModelTest">
         <system-out>&#xD;
------------------------- Console Output -------------------------&#xD;
--------------------------------------
TEST CASE
ApplicationProfile : CORI
ASIEUser           : False
ASIERestriction    : True
ExpectedVisibility : MyTeam
CTCoverage         : False
CTPrivate          : False
CTPublic           : False

ResultingVisibility           : My Team
CTCoverage                    : False
CTPrivate                     : False
CTPublic                      : False
&#xD;
------------------------- Debug Trace -------------------------&#xD;
 do - 
 do - 
 do - 
 do - 
 do - 
 do - 
</system-out>
      </testcase>
      <testcase time="0" name="TestDefaultVisibilityDeal"
                classname="iCRM.ViewModels.Test.DealViewModelTest">
         <system-out>&#xD;
------------------------- Console Output -------------------------&#xD;
--------------------------------------
TEST CASE
ApplicationProfile : GLFI
ASIEUser           : False
ASIERestriction    : True
ExpectedVisibility : MyTeam
CTCoverage         : False
CTPrivate          : False
CTPublic           : False

ResultingVisibility           : My Team
CTCoverage                    : False
CTPrivate                     : False
CTPublic                      : False
&#xD;
------------------------- Debug Trace -------------------------&#xD;
 do - 
 do - 
 do - 
 do - 
 do - 
 do - 
</system-out>
      </testcase>
      <testcase time="0" name="TestDefaultVisibilityDeal"
                classname="iCRM.ViewModels.Test.DealViewModelTest">
         <system-out>&#xD;
------------------------- Console Output -------------------------&#xD;
--------------------------------------
TEST CASE
ApplicationProfile : CTY
ASIEUser           : False
ASIERestriction    : True
ExpectedVisibility : Confidential
CTCoverage         : False
CTPrivate          : False
CTPublic           : False

ResultingVisibility           : Confidential
CTCoverage                    : False
CTPrivate                     : False
CTPublic                      : False
&#xD;
------------------------- Debug Trace -------------------------&#xD;
 do - 
 do - 
 do - 
 do - 
</system-out>
      </testcase>
   </testsuite>
   <testsuite skipped="0" failures="0" errors="0" time="0" tests="40"
              name="iCRM.ViewModels.Test.DealViewModelTest">
      <testcase time="0" name="TestDealSelectUsersCommand"
                classname="iCRM.ViewModels.Test.DealViewModelTest"/>
      <testcase time="0" name="TestViewDealRelatedClientCommand"
                classname="iCRM.ViewModels.Test.DealViewModelTest"/>
      <testcase time="0" name="TestDealOpenMainContactListCommand"
                classname="iCRM.ViewModels.Test.DealViewModelTest"/>
      <testcase time="0" name="TestDealStatusManagement"
                classname="iCRM.ViewModels.Test.DealViewModelTest"/>
      <testcase time="0" name="TestAvailableProduct"
                classname="iCRM.ViewModels.Test.DealViewModelTest"/>
      <testcase time="0" name="TestDealOpenCustomerListCommand"
                classname="iCRM.ViewModels.Test.DealViewModelTest"/>
      <testcase time="0" name="TestOpenDealRelatedPitchCommand"
                classname="iCRM.ViewModels.Test.DealViewModelTest"/>
      <testcase time="0" name="TestSuccessProbability"
                classname="iCRM.ViewModels.Test.DealViewModelTest"/>
      <testcase time="0" name="TestValidationContext"
                classname="iCRM.ViewModels.Test.DealViewModelTest"/>
      <testcase time="0" name="TestDealIncrementSuccessProbabilityCommand"
                classname="iCRM.ViewModels.Test.DealViewModelTest"/>
      <testcase time="0" name="TestDealHistory"
                classname="iCRM.ViewModels.Test.DealViewModelTest"/>
      <testcase time="0" name="TestAttachTaskToDealCommand"
                classname="iCRM.ViewModels.Test.DealViewModelTest"/>
      <testcase time="0" name="TestDealClearMainClientContactCommand"
                classname="iCRM.ViewModels.Test.DealViewModelTest"/>
      <testcase time="0" name="TestUpdateDealCommand"
                classname="iCRM.ViewModels.Test.DealViewModelTest"/>
      <testcase time="0" name="TestDealInitContextAndPickLists"
                classname="iCRM.ViewModels.Test.DealViewModelTest"/>
      <testcase time="0" name="TestBusinessRulesIfd"
                classname="iCRM.ViewModels.Test.DealViewModelTest"/>
      <testcase time="0" name="TestComplianceMessage"
                classname="iCRM.ViewModels.Test.DealViewModelTest"/>
      <testcase time="0" name="TestAttachMinutesToDealCommandEx"
                classname="iCRM.ViewModels.Test.DealViewModelTest"/>
      <testcase time="0" name="TestLaunchSendMailToSGContactCommand"
                classname="iCRM.ViewModels.Test.DealViewModelTest"/>
      <testcase time="0" name="TestCreateDealCommand"
                classname="iCRM.ViewModels.Test.DealViewModelTest"/>
      <testcase time="0" name="TestLaunchSendMailToSGClientTeamCommand"
                classname="iCRM.ViewModels.Test.DealViewModelTest"/>
      <testcase time="0" name="TestCreateSaveDealCommand"
                classname="iCRM.ViewModels.Test.DealViewModelTest"/>
      <testcase time="0" name="TestDealSelectContactsCommand"
                classname="iCRM.ViewModels.Test.DealViewModelTest"/>
      <testcase time="0" name="TestAttachMinutesToDealCommand"
                classname="iCRM.ViewModels.Test.DealViewModelTest"/>
      <testcase time="0" name="TestCreateSaveDealCommandEx"
                classname="iCRM.ViewModels.Test.DealViewModelTest"/>
      <testcase time="0" name="TestAttachTaskToDealCommandEx"
                classname="iCRM.ViewModels.Test.DealViewModelTest"/>
      <testcase time="0" name="TestDealClearPricerCommand"
                classname="iCRM.ViewModels.Test.DealViewModelTest"/>
      <testcase time="0" name="TestDealDecrementSuccessProbabilityCommand"
                classname="iCRM.ViewModels.Test.DealViewModelTest"/>
      <testcase time="0" name="TestAttachNoteToDealCommand"
                classname="iCRM.ViewModels.Test.DealViewModelTest"/>
      <testcase time="0" name="TestDealCompletionReason"
                classname="iCRM.ViewModels.Test.DealViewModelTest"/>
      <testcase time="0" name="TestOpenDealCommand"
                classname="iCRM.ViewModels.Test.DealViewModelTest"/>
      <testcase time="0" name="TestDealOpenMainUserListCommand"
                classname="iCRM.ViewModels.Test.DealViewModelTest"/>
      <testcase time="0" name="TestCancelDealCommand"
                classname="iCRM.ViewModels.Test.DealViewModelTest"/>
      <testcase time="0" name="TestDoSendMailCommand"
                classname="iCRM.ViewModels.Test.DealViewModelTest"/>
      <testcase time="0" name="TestDeactivateDealCommand"
                classname="iCRM.ViewModels.Test.DealViewModelTest"/>
      <testcase time="0" name="TestCreateDealCommandEx"
                classname="iCRM.ViewModels.Test.DealViewModelTest"/>
      <testcase time="0" name="TestDealOpenUserListCommand"
                classname="iCRM.ViewModels.Test.DealViewModelTest"/>
      <testcase time="0" name="TestDealAvailableDealStatus"
                classname="iCRM.ViewModels.Test.DealViewModelTest"/>
      <testcase time="0" name="TestBusinessRulesCrossSell"
                classname="iCRM.ViewModels.Test.DealViewModelTest"/>
   </testsuite>
   <testsuite skipped="0" failures="0" errors="0" time="0" tests="14"
              name="iCRM.ViewModels.Test.CommunicationServiceViewModelTest">
      <testcase time="0" name="OpenNewContactFormTest"
                classname="iCRM.ViewModels.Test.CommunicationServiceViewModelTest"/>
      <testcase time="0" name="GetMinutesForAnEmailTest"
                classname="iCRM.ViewModels.Test.CommunicationServiceViewModelTest"/>
      <testcase time="0" name="OpenMeetingTest"
                classname="iCRM.ViewModels.Test.CommunicationServiceViewModelTest"/>
      <testcase time="0" name="OpenMinuteDetailsFormTest"
                classname="iCRM.ViewModels.Test.CommunicationServiceViewModelTest"/>
      <testcase time="0" name="GetMinutesForAMeetingTest"
                classname="iCRM.ViewModels.Test.CommunicationServiceViewModelTest"/>
      <testcase time="0" name="CreateMinuteForEmailTest"
                classname="iCRM.ViewModels.Test.CommunicationServiceViewModelTest"/>
      <testcase time="0" name="GetMinutesForAContactTest"
                classname="iCRM.ViewModels.Test.CommunicationServiceViewModelTest"/>
      <testcase time="0" name="CreateMinuteForMeetingTest"
                classname="iCRM.ViewModels.Test.CommunicationServiceViewModelTest"/>
      <testcase time="0" name="SendMessageTest"
                classname="iCRM.ViewModels.Test.CommunicationServiceViewModelTest"/>
      <testcase time="0" name="OpenContactFormTest"
                classname="iCRM.ViewModels.Test.CommunicationServiceViewModelTest"/>
      <testcase time="0" name="CreateMinuteForContactTest"
                classname="iCRM.ViewModels.Test.CommunicationServiceViewModelTest"/>
      <testcase time="0" name="OpenRegardingEntityFormTest"
                classname="iCRM.ViewModels.Test.CommunicationServiceViewModelTest"/>
      <testcase time="0" name="OpenNewContactFormExTest"
                classname="iCRM.ViewModels.Test.CommunicationServiceViewModelTest"/>
      <testcase time="0" name="OpenMailFormTest"
                classname="iCRM.ViewModels.Test.CommunicationServiceViewModelTest"/>
   </testsuite>
   <testsuite skipped="0" failures="0" errors="0" time="0" tests="5"
              name="iCRM.ViewModels.Test.MinutesAdressesListViewModelTest">
      <testcase time="0" name="TestProperties"
                classname="iCRM.ViewModels.Test.MinutesAdressesListViewModelTest"/>
      <testcase time="0" name="TestApplyListContext"
                classname="iCRM.ViewModels.Test.MinutesAdressesListViewModelTest"/>
      <testcase time="0" name="TestSearchButton_Clicked"
                classname="iCRM.ViewModels.Test.MinutesAdressesListViewModelTest"/>
      <testcase time="0" name="TestResetButton_Clicked"
                classname="iCRM.ViewModels.Test.MinutesAdressesListViewModelTest"/>
      <testcase time="0" name="TestLazyLoadItems"
                classname="iCRM.ViewModels.Test.MinutesAdressesListViewModelTest"/>
   </testsuite>
   <testsuite skipped="0" failures="0" errors="0" time="0" tests="2"
              name="iCRM.ViewModels.Test.CustomListListViewModelTest">
      <testcase time="0" name="LazyLoadListItemsTest"
                classname="iCRM.ViewModels.Test.CustomListListViewModelTest"/>
      <testcase time="0" name="CustomListListViewModelMiscTest"
                classname="iCRM.ViewModels.Test.CustomListListViewModelTest"/>
   </testsuite>
   <testsuite skipped="0" failures="0" errors="0" time="0" tests="1"
              name="iCRM.ViewModels.Test.DealMainSgUserListViewModelTest">
      <testcase time="0" name="DealMainSgUserListViewModelTests"
                classname="iCRM.ViewModels.Test.DealMainSgUserListViewModelTest"/>
   </testsuite>
   <testsuite skipped="0" failures="0" errors="0" time="0" tests="4"
              name="iCRM.ViewModels.Test.CustomerMifidViewModelTest">
      <testcase time="0" name="LookupDataTest"
                classname="iCRM.ViewModels.Test.CustomerMifidViewModelTest"/>
      <testcase time="0" name="IsDateOfStatusOutOfRangeTest"
                classname="iCRM.ViewModels.Test.CustomerMifidViewModelTest"/>
      <testcase time="0" name="LookupJedeaiDataTest"
                classname="iCRM.ViewModels.Test.CustomerMifidViewModelTest"/>
      <testcase time="0" name="CustomerMifidViewModelConstructorTest"
                classname="iCRM.ViewModels.Test.CustomerMifidViewModelTest"/>
   </testsuite>
   <testsuite skipped="0" failures="0" errors="0" time="0" tests="7"
              name="iCRM.ViewModels.Test.DealContactViewModelTest">
      <testcase time="0" name="DealContactViewModelCtor"
                classname="iCRM.ViewModels.Test.DealContactViewModelTest"/>
      <testcase time="0" name="LaunchOpenContactCommandTest"
                classname="iCRM.ViewModels.Test.DealContactViewModelTest"/>
      <testcase time="0" name="LaunchAddNewContactCommandTest"
                classname="iCRM.ViewModels.Test.DealContactViewModelTest"/>
      <testcase time="0" name="DoSendMailToCommandTest"
                classname="iCRM.ViewModels.Test.DealContactViewModelTest"/>
      <testcase time="0" name="LaunchAttachMinuteCommandTest"
                classname="iCRM.ViewModels.Test.DealContactViewModelTest"/>
      <testcase time="0" name="LaunchDeactivateCommandTest"
                classname="iCRM.ViewModels.Test.DealContactViewModelTest"/>
      <testcase time="0" name="LoadedCommandTest"
                classname="iCRM.ViewModels.Test.DealContactViewModelTest"/>
   </testsuite>
   <testsuite skipped="0" failures="0" errors="0" time="0" tests="11"
              name="iCRM.ViewModels.Test.ContactsListviewModelTest">
      <testcase time="0" name="TestCustomerContact"
                classname="iCRM.ViewModels.Test.ContactsListviewModelTest"/>
      <testcase time="0" name="ViewContextChanged"
                classname="iCRM.ViewModels.Test.ContactsListviewModelTest"/>
      <testcase time="0" name="ContactSelectionCommandTest"
                classname="iCRM.ViewModels.Test.ContactsListviewModelTest"/>
      <testcase time="0" name="CurrentLightContactTest"
                classname="iCRM.ViewModels.Test.ContactsListviewModelTest"/>
      <testcase time="0" name="TestContactSearch"
                classname="iCRM.ViewModels.Test.ContactsListviewModelTest"/>
      <testcase time="0" name="OnDisposeTest"
                classname="iCRM.ViewModels.Test.ContactsListviewModelTest"/>
      <testcase time="0" name="CreateContactCommandTest"
                classname="iCRM.ViewModels.Test.ContactsListviewModelTest"/>
      <testcase time="0" name="ContextMenuTest"
                classname="iCRM.ViewModels.Test.ContactsListviewModelTest"/>
      <testcase time="0" name="DoSendMailToMultipleCommandTest"
                classname="iCRM.ViewModels.Test.ContactsListviewModelTest"/>
      <testcase time="0" name="FilterChanged"
                classname="iCRM.ViewModels.Test.ContactsListviewModelTest"/>
      <testcase time="0" name="RefreshMessageSinkTest"
                classname="iCRM.ViewModels.Test.ContactsListviewModelTest"/>
   </testsuite>
   <testsuite skipped="0" failures="0" errors="0" time="0" tests="7"
              name="iCRM.ViewModels.Test.DealContactListViewModelTest">
      <testcase time="0" name="TestLaunchSelectContactsCommand"
                classname="iCRM.ViewModels.Test.DealContactListViewModelTest"/>
      <testcase time="0" name="TestHandleAsyncDealContactsResult"
                classname="iCRM.ViewModels.Test.DealContactListViewModelTest"/>
      <testcase time="0" name="TestProperties"
                classname="iCRM.ViewModels.Test.DealContactListViewModelTest"/>
      <testcase time="0" name="TestOnDispose"
                classname="iCRM.ViewModels.Test.DealContactListViewModelTest"/>
      <testcase time="0" name="TestLazyLoadListItems"
                classname="iCRM.ViewModels.Test.DealContactListViewModelTest"/>
      <testcase time="0" name="TestSendMailToMultipleCommand"
                classname="iCRM.ViewModels.Test.DealContactListViewModelTest"/>
      <testcase time="0" name="TestRefreshMessageSink"
                classname="iCRM.ViewModels.Test.DealContactListViewModelTest"/>
   </testsuite>
   <testsuite skipped="0" failures="0" errors="0" time="0" tests="12"
              name="iCRM.ViewModels.Test.CustomerDocumentViewModelTest">
      <testcase time="0" name="TestDefaultVisibilityFIC"
                classname="iCRM.ViewModels.Test.CustomerDocumentViewModelTest"/>
      <testcase time="0" name="TestDefaultVisibilityCORI"
                classname="iCRM.ViewModels.Test.CustomerDocumentViewModelTest"/>
      <testcase time="0" name="TestDefaultVisibilitySOL"
                classname="iCRM.ViewModels.Test.CustomerDocumentViewModelTest"/>
      <testcase time="0" name="TestDefaultVisibilityCORIUserASI"
                classname="iCRM.ViewModels.Test.CustomerDocumentViewModelTest"/>
      <testcase time="0" name="TestDefaultVisibilityGLFIUserASI"
                classname="iCRM.ViewModels.Test.CustomerDocumentViewModelTest"/>
      <testcase time="0" name="TestDefaultVisibilityLYXORUserASI"
                classname="iCRM.ViewModels.Test.CustomerDocumentViewModelTest"/>
      <testcase time="0" name="TestDefaultVisibilityIFD"
                classname="iCRM.ViewModels.Test.CustomerDocumentViewModelTest"/>
      <testcase time="0" name="TestDefaultVisibilityFICUserASI"
                classname="iCRM.ViewModels.Test.CustomerDocumentViewModelTest"/>
      <testcase time="0" name="TestDefaultVisibilitySOLUserASI"
                classname="iCRM.ViewModels.Test.CustomerDocumentViewModelTest"/>
      <testcase time="0" name="TestDefaultVisibilityGLFI"
                classname="iCRM.ViewModels.Test.CustomerDocumentViewModelTest"/>
      <testcase time="0" name="TestDefaultVisibilityLYXOR"
                classname="iCRM.ViewModels.Test.CustomerDocumentViewModelTest"/>
      <testcase time="0" name="TestDefaultVisibilityIFDUserASI"
                classname="iCRM.ViewModels.Test.CustomerDocumentViewModelTest"/>
   </testsuite>
   <testsuite skipped="0" failures="0" errors="0" time="0" tests="1"
              name="iCRM.ViewModels.Test.PitchDocumentViewModelTest">
      <testcase time="0" name="TestDefaultVisibilityPitchDocument"
                classname="iCRM.ViewModels.Test.PitchDocumentViewModelTest">
         <system-out>&#xD;
------------------------- Console Output -------------------------&#xD;
--------------------------------------
TEST CASE
ApplicationProfile : SOL
ASIEUser           : True
ASIERestriction    : True
ExpectedVisibility : myteam
CTCoverage         : False
CTPrivate          : False
CTPublic           : False

ResultingVisibility           : My Team
CTCoverage                    : False
CTPrivate                     : False
CTPublic                      : False
&#xD;
------------------------- Debug Trace -------------------------&#xD;
 do - 
 do - 
 do - 
 do - 
</system-out>
      </testcase>
   </testsuite>
   <testsuite skipped="0" failures="0" errors="0" time="0" tests="2"
              name="iCRM.ViewModels.Test.PitchDocumentViewModelTest">
      <testcase time="0" name="TestDefaultVisibilityUnitaire"
                classname="iCRM.ViewModels.Test.PitchDocumentViewModelTest">
         <system-out>&#xD;
------------------------- Console Output -------------------------&#xD;
--------------------------------------
TEST CASE
ApplicationProfile : SOL
ASIEUser           : True
ASIERestriction    : True
ExpectedVisibility : myteam
CTCoverage         : False
CTPrivate          : False
CTPublic           : False

ResultingVisibility           : My Team
CTCoverage                    : False
CTPrivate                     : False
CTPublic                      : False
&#xD;
------------------------- Debug Trace -------------------------&#xD;
 do - 
 do - 
 do - 
 do - 
</system-out>
      </testcase>
   </testsuite>
   <testsuite skipped="0" failures="0" errors="0" time="0" tests="7"
              name="iCRM.ViewModels.Test.CustomerPitchsViewModelTest">
      <testcase time="0" name="InitializeAddNewPitchCommandTest"
                classname="iCRM.ViewModels.Test.CustomerPitchsViewModelTest"/>
      <testcase time="0" name="RefreshMessageSinkTest"
                classname="iCRM.ViewModels.Test.CustomerPitchsViewModelTest"/>
      <testcase time="0" name="HandleAsyncTasksResultTest"
                classname="iCRM.ViewModels.Test.CustomerPitchsViewModelTest"/>
      <testcase time="0" name="PitchSelectionCommandTest"
                classname="iCRM.ViewModels.Test.CustomerPitchsViewModelTest"/>
      <testcase time="0" name="CustomerPitchsViewModelCtorTest"
                classname="iCRM.ViewModels.Test.CustomerPitchsViewModelTest"/>
      <testcase time="0" name="CanExecuteParentCreationPitchTest"
                classname="iCRM.ViewModels.Test.CustomerPitchsViewModelTest"/>
      <testcase time="0" name="LazyLoadListItemsTest"
                classname="iCRM.ViewModels.Test.CustomerPitchsViewModelTest"/>
   </testsuite>
   <testsuite skipped="0" failures="0" errors="0" time="0" tests="5"
              name="iCRM.ViewModels.Test.ContactPreviousJobViewModelTest">
      <testcase time="0" name="TestLaunchAddPreviousJob"
                classname="iCRM.ViewModels.Test.ContactPreviousJobViewModelTest"/>
      <testcase time="0" name="TestGetContactPreviousJobsList"
                classname="iCRM.ViewModels.Test.ContactPreviousJobViewModelTest"/>
      <testcase time="0" name="TestLaunchOpenPreviousJob"
                classname="iCRM.ViewModels.Test.ContactPreviousJobViewModelTest"/>
      <testcase time="0" name="TestUpdatePreviousJob"
                classname="iCRM.ViewModels.Test.ContactPreviousJobViewModelTest"/>
      <testcase time="0" name="TestCreatePreviousJob"
                classname="iCRM.ViewModels.Test.ContactPreviousJobViewModelTest"/>
   </testsuite>
   <testsuite skipped="0" failures="0" errors="0" time="0" tests="5"
              name="iCRM.ViewModels.Test.TaskListViewModelTest">
      <testcase time="0" name="TestAssignToAnotherUserToMultipleCommand"
                classname="iCRM.ViewModels.Test.TaskListViewModelTest"/>
      <testcase time="0" name="TestRefreshMessageSink"
                classname="iCRM.ViewModels.Test.TaskListViewModelTest"/>
      <testcase time="0" name="TestSetCompletedToMultipleCommand"
                classname="iCRM.ViewModels.Test.TaskListViewModelTest"/>
      <testcase time="0" name="TestProperties"
                classname="iCRM.ViewModels.Test.TaskListViewModelTest"/>
      <testcase time="0" name="TestCancelledToMultipleCommand"
                classname="iCRM.ViewModels.Test.TaskListViewModelTest"/>
   </testsuite>
   <testsuite skipped="0" failures="0" errors="0" time="0" tests="7"
              name="iCRM.ViewModels.Test.OnBoardingListViewModelTest">
      <testcase time="0" name="SetViewContextFullRefresh"
                classname="iCRM.ViewModels.Test.OnBoardingListViewModelTest"/>
      <testcase time="0" name="ViewManagedFundList"
                classname="iCRM.ViewModels.Test.OnBoardingListViewModelTest"/>
      <testcase time="0" name="RefreshCommandExecuteTest"
                classname="iCRM.ViewModels.Test.OnBoardingListViewModelTest"/>
      <testcase time="0" name="SetViewContext"
                classname="iCRM.ViewModels.Test.OnBoardingListViewModelTest"/>
      <testcase time="0" name="SpecificInitializeFiltersTest"
                classname="iCRM.ViewModels.Test.OnBoardingListViewModelTest"/>
      <testcase time="0" name="ValidateChooseOnBoardingCommandTest"
                classname="iCRM.ViewModels.Test.OnBoardingListViewModelTest"/>
      <testcase time="0" name="ctor"
                classname="iCRM.ViewModels.Test.OnBoardingListViewModelTest"/>
   </testsuite>
   <testsuite skipped="0" failures="0" errors="0" time="0" tests="3"
              name="iCRM.ViewModels.Test.ContactOwnerListViewModelTest">
      <testcase time="0" name="ContactOwnerListViewModelConstructorTest"
                classname="iCRM.ViewModels.Test.ContactOwnerListViewModelTest"/>
      <testcase time="0" name="CustomerServiceTest"
                classname="iCRM.ViewModels.Test.ContactOwnerListViewModelTest"/>
      <testcase time="0" name="LazyLoadListItemsTest"
                classname="iCRM.ViewModels.Test.ContactOwnerListViewModelTest"/>
   </testsuite>
   <testsuite skipped="0" failures="0" errors="0" time="0" tests="4"
              name="iCRM.ViewModels.Test.ContactMfidViewModelTest">
      <testcase time="0" name="RefreshUnderlyingsTest"
                classname="iCRM.ViewModels.Test.ContactMfidViewModelTest"/>
      <testcase time="0" name="InitRelationsTest"
                classname="iCRM.ViewModels.Test.ContactMfidViewModelTest"/>
      <testcase time="0" name="AvailableJobsDetailsTest"
                classname="iCRM.ViewModels.Test.ContactMfidViewModelTest"/>
      <testcase time="0" name="ContactMfidViewModelConstructorTest"
                classname="iCRM.ViewModels.Test.ContactMfidViewModelTest"/>
   </testsuite>
   <testsuite skipped="0" failures="0" errors="0" time="0" tests="14"
              name="iCRM.ViewModels.Test.CustomerTreeListViewModelTest">
      <testcase time="0" name="ExpandToLECommandTest"
                classname="iCRM.ViewModels.Test.CustomerTreeListViewModelTest"/>
      <testcase time="0" name="OrderByNameCommandTest"
                classname="iCRM.ViewModels.Test.CustomerTreeListViewModelTest"/>
      <testcase time="0" name="ExpandToSGRDCommandTest"
                classname="iCRM.ViewModels.Test.CustomerTreeListViewModelTest"/>
      <testcase time="0" name="ExpandToECCommandTest"
                classname="iCRM.ViewModels.Test.CustomerTreeListViewModelTest"/>
      <testcase time="0" name="FindNextCommandTest"
                classname="iCRM.ViewModels.Test.CustomerTreeListViewModelTest"/>
      <testcase time="0" name="ExpandToGRLETest"
                classname="iCRM.ViewModels.Test.CustomerTreeListViewModelTest"/>
      <testcase time="0" name="CustomerTreeListViewModelCtor"
                classname="iCRM.ViewModels.Test.CustomerTreeListViewModelTest"/>
      <testcase time="0" name="CloseCommandTest"
                classname="iCRM.ViewModels.Test.CustomerTreeListViewModelTest"/>
      <testcase time="0" name="ExpandAllCommandTest"
                classname="iCRM.ViewModels.Test.CustomerTreeListViewModelTest"/>
      <testcase time="0" name="ExpandToSLETest"
                classname="iCRM.ViewModels.Test.CustomerTreeListViewModelTest"/>
      <testcase time="0" name="ActivatedCommandTest"
                classname="iCRM.ViewModels.Test.CustomerTreeListViewModelTest"/>
      <testcase time="0" name="ExpandToCSGRCommandTest"
                classname="iCRM.ViewModels.Test.CustomerTreeListViewModelTest"/>
      <testcase time="0" name="OrderByCountryCommandTest"
                classname="iCRM.ViewModels.Test.CustomerTreeListViewModelTest"/>
      <testcase time="0" name="CollapseAllCommandTest"
                classname="iCRM.ViewModels.Test.CustomerTreeListViewModelTest"/>
   </testsuite>
   <testsuite skipped="0" failures="0" errors="0" time="0" tests="2"
              name="iCRM.ViewModels.Test.PitchOwnerListViewModelTest">
      <testcase time="0" name="PitchOwnerListViewModelConstructorTest"
                classname="iCRM.ViewModels.Test.PitchOwnerListViewModelTest"/>
      <testcase time="0" name="LazyLoadListItemsTest"
                classname="iCRM.ViewModels.Test.PitchOwnerListViewModelTest"/>
   </testsuite>
   <testsuite skipped="0" failures="0" errors="0" time="0" tests="4"
              name="iCRM.ViewModels.Test.MyDealsInPipelineViewModelTest">
      <testcase time="0" name="TestOnTabActivated"
                classname="iCRM.ViewModels.Test.MyDealsInPipelineViewModelTest"/>
      <testcase time="0" name="TestProperties"
                classname="iCRM.ViewModels.Test.MyDealsInPipelineViewModelTest"/>
      <testcase time="0" name="TestOnInitialize"
                classname="iCRM.ViewModels.Test.MyDealsInPipelineViewModelTest"/>
      <testcase time="0" name="TestOnDispose"
                classname="iCRM.ViewModels.Test.MyDealsInPipelineViewModelTest"/>
   </testsuite>
   <testsuite skipped="0" failures="0" errors="0" time="0" tests="7"
              name="iCRM.ViewModels.Test.PitchNotesViewModelTest">
      <testcase time="0" name="PitchLaunchOpenTest"
                classname="iCRM.ViewModels.Test.PitchNotesViewModelTest"/>
      <testcase time="0" name="PitchNotesViewModelConstructorTest"
                classname="iCRM.ViewModels.Test.PitchNotesViewModelTest"/>
      <testcase time="0" name="PitchRefreshMessageSinkTest"
                classname="iCRM.ViewModels.Test.PitchNotesViewModelTest"/>
      <testcase time="0" name="PitchGetParentVisibilityTest"
                classname="iCRM.ViewModels.Test.PitchNotesViewModelTest"/>
      <testcase time="0" name="PitchSearchNotesTest"
                classname="iCRM.ViewModels.Test.PitchNotesViewModelTest"/>
      <testcase time="0" name="PitchHandleSearchNotesModelsResultTest"
                classname="iCRM.ViewModels.Test.PitchNotesViewModelTest"/>
      <testcase time="0" name="PitchCreateNotesTest"
                classname="iCRM.ViewModels.Test.PitchNotesViewModelTest"/>
   </testsuite>
   <testsuite skipped="0" failures="0" errors="0" time="0" tests="2"
              name="iCRM.ViewModels.Test.CustomListRelatedDataViewModelTest">
      <testcase time="0" name="RefreshListsCommandTest"
                classname="iCRM.ViewModels.Test.CustomListRelatedDataViewModelTest"/>
      <testcase time="0" name="CustomListRelatedDataViewModelCtorTest"
                classname="iCRM.ViewModels.Test.CustomListRelatedDataViewModelTest"/>
   </testsuite>
   <testsuite skipped="0" failures="0" errors="0" time="0" tests="16"
              name="iCRM.ViewModels.Test.PitchNoteViewModelTest">
      <testcase time="0" name="TestDefaultVisibilityLYXORUserASIMyTeam"
                classname="iCRM.ViewModels.Test.PitchNoteViewModelTest"/>
      <testcase time="0" name="TestDefaultVisibilityFICUserASIConfidential"
                classname="iCRM.ViewModels.Test.PitchNoteViewModelTest"/>
      <testcase time="0" name="TestDefaultVisibilitySOLConfidential"
                classname="iCRM.ViewModels.Test.PitchNoteViewModelTest"/>
      <testcase time="0" name="TestDefaultVisibilitySOLUserASIMyTeam"
                classname="iCRM.ViewModels.Test.PitchNoteViewModelTest"/>
      <testcase time="0" name="TestDefaultVisibilityIFDUserASIConfidential"
                classname="iCRM.ViewModels.Test.PitchNoteViewModelTest"/>
      <testcase time="0" name="TestDefaultVisibilitySOLUserASIConfidential"
                classname="iCRM.ViewModels.Test.PitchNoteViewModelTest"/>
      <testcase time="0" name="TestDefaultVisibilityIFDMyTeam"
                classname="iCRM.ViewModels.Test.PitchNoteViewModelTest"/>
      <testcase time="0" name="TestDefaultVisibilityFICMyTeam"
                classname="iCRM.ViewModels.Test.PitchNoteViewModelTest"/>
      <testcase time="0" name="TestDefaultVisibilityLYXORUserASIConfidential"
                classname="iCRM.ViewModels.Test.PitchNoteViewModelTest"/>
      <testcase time="0" name="TestDefaultVisibilityFICUserASIMyTeam"
                classname="iCRM.ViewModels.Test.PitchNoteViewModelTest"/>
      <testcase time="0" name="TestDefaultVisibilitySOLMyTeam"
                classname="iCRM.ViewModels.Test.PitchNoteViewModelTest"/>
      <testcase time="0" name="TestDefaultVisibilityIFDConfidential"
                classname="iCRM.ViewModels.Test.PitchNoteViewModelTest"/>
      <testcase time="0" name="TestDefaultVisibilityIFDUserASIMyTeam"
                classname="iCRM.ViewModels.Test.PitchNoteViewModelTest"/>
      <testcase time="0" name="TestDefaultVisibilityFICConfidential"
                classname="iCRM.ViewModels.Test.PitchNoteViewModelTest"/>
      <testcase time="0" name="TestDefaultVisibilityLYXORConfidential"
                classname="iCRM.ViewModels.Test.PitchNoteViewModelTest"/>
      <testcase time="0" name="TestDefaultVisibilityLYXORMyTeam"
                classname="iCRM.ViewModels.Test.PitchNoteViewModelTest"/>
   </testsuite>
   <testsuite skipped="0" failures="0" errors="0" time="0" tests="10"
              name="iCRM.ViewModels.Test.DealDataTest">
      <testcase time="0" name="AvailableUnderlying"
                classname="iCRM.ViewModels.Test.DealDataTest"/>
      <testcase time="0" name="AvailableWinningCompetitor"
                classname="iCRM.ViewModels.Test.DealDataTest"/>
      <testcase time="0" name="AvailableBusinessLineRole"
                classname="iCRM.ViewModels.Test.DealDataTest"/>
      <testcase time="0" name="AvailableDealUserRoleTest"
                classname="iCRM.ViewModels.Test.DealDataTest"/>
      <testcase time="0" name="AvailableExpectedPL"
                classname="iCRM.ViewModels.Test.DealDataTest"/>
      <testcase time="0" name="AvailableProducts" classname="iCRM.ViewModels.Test.DealDataTest"/>
      <testcase time="0" name="AvailableExpectedNominal"
                classname="iCRM.ViewModels.Test.DealDataTest"/>
      <testcase time="0" name="AvailableDealStage"
                classname="iCRM.ViewModels.Test.DealDataTest"/>
      <testcase time="0" name="AvailableDealAim" classname="iCRM.ViewModels.Test.DealDataTest"/>
      <testcase time="0" name="AvailableExpectedMaturity"
                classname="iCRM.ViewModels.Test.DealDataTest"/>
   </testsuite>
   <testsuite skipped="0" failures="0" errors="0" time="0" tests="17"
              name="iCRM.ViewModels.Test.ContactCommercialFollowUpViewModelTest">
      <testcase time="0" name="SetParentMeetingsTest"
                classname="iCRM.ViewModels.Test.ContactCommercialFollowUpViewModelTest"/>
      <testcase time="0" name="LaunchAddMinuteCommandTest"
                classname="iCRM.ViewModels.Test.ContactCommercialFollowUpViewModelTest"/>
      <testcase time="0" name="SetParentMinutesTest"
                classname="iCRM.ViewModels.Test.ContactCommercialFollowUpViewModelTest"/>
      <testcase time="0" name="ContactCommercialFollowUpViewModelConstructorTest"
                classname="iCRM.ViewModels.Test.ContactCommercialFollowUpViewModelTest"/>
      <testcase time="0" name="SetParentEmailsTest"
                classname="iCRM.ViewModels.Test.ContactCommercialFollowUpViewModelTest"/>
      <testcase time="0" name="RetrieveParentNotesTest"
                classname="iCRM.ViewModels.Test.ContactCommercialFollowUpViewModelTest"/>
      <testcase time="0" name="RetrieveParentEmailsTest"
                classname="iCRM.ViewModels.Test.ContactCommercialFollowUpViewModelTest"/>
      <testcase time="0" name="RefreshMessageSinkTest"
                classname="iCRM.ViewModels.Test.ContactCommercialFollowUpViewModelTest"/>
      <testcase time="0" name="LaunchAddMinuteCommandTestForMeeting"
                classname="iCRM.ViewModels.Test.ContactCommercialFollowUpViewModelTest"/>
      <testcase time="0" name="RetrieveParentMinutesTest"
                classname="iCRM.ViewModels.Test.ContactCommercialFollowUpViewModelTest"/>
      <testcase time="0" name="SetMinuteAffectationTest"
                classname="iCRM.ViewModels.Test.ContactCommercialFollowUpViewModelTest"/>
      <testcase time="0" name="RetrieveParentMeetingsTest"
                classname="iCRM.ViewModels.Test.ContactCommercialFollowUpViewModelTest"/>
      <testcase time="0" name="AddMinutesTest"
                classname="iCRM.ViewModels.Test.ContactCommercialFollowUpViewModelTest"/>
      <testcase time="0" name="LaunchOpenMinuteCommandTest"
                classname="iCRM.ViewModels.Test.ContactCommercialFollowUpViewModelTest"/>
      <testcase time="0" name="ParentModelTest"
                classname="iCRM.ViewModels.Test.ContactCommercialFollowUpViewModelTest"/>
      <testcase time="0" name="GetParentIdTest"
                classname="iCRM.ViewModels.Test.ContactCommercialFollowUpViewModelTest"/>
      <testcase time="0" name="OnDisposeTest"
                classname="iCRM.ViewModels.Test.ContactCommercialFollowUpViewModelTest"/>
   </testsuite>
   <testsuite skipped="0" failures="0" errors="0" time="0" tests="6"
              name="iCRM.ViewModels.Test.CustomerCommercialStructureViewModelTest">
      <testcase time="0" name="CustomerTreeListViewModel_TreeInitializedTest"
                classname="iCRM.ViewModels.Test.CustomerCommercialStructureViewModelTest"/>
      <testcase time="0" name="CustomerCommercialStructureViewModelConstructorTest1"
                classname="iCRM.ViewModels.Test.CustomerCommercialStructureViewModelTest"/>
      <testcase time="0" name="CustomerRelatedDataViewModelTest"
                classname="iCRM.ViewModels.Test.CustomerCommercialStructureViewModelTest"/>
      <testcase time="0" name="CustomerCommercialStructureViewModelConstructorTest"
                classname="iCRM.ViewModels.Test.CustomerCommercialStructureViewModelTest"/>
      <testcase time="0" name="OnDisposeTest"
                classname="iCRM.ViewModels.Test.CustomerCommercialStructureViewModelTest"/>
      <testcase time="0" name="CustomerTreeListViewModelTest"
                classname="iCRM.ViewModels.Test.CustomerCommercialStructureViewModelTest"/>
   </testsuite>
   <testsuite skipped="0" failures="0" errors="0" time="0" tests="7"
              name="iCRM.ViewModels.Test.DealNotesViewModelTest">
      <testcase time="0" name="LaunchOpenTest"
                classname="iCRM.ViewModels.Test.DealNotesViewModelTest"/>
      <testcase time="0" name="SearchNotesTest"
                classname="iCRM.ViewModels.Test.DealNotesViewModelTest"/>
      <testcase time="0" name="RefreshMessageSinkTest"
                classname="iCRM.ViewModels.Test.DealNotesViewModelTest"/>
      <testcase time="0" name="CreateNotesTest"
                classname="iCRM.ViewModels.Test.DealNotesViewModelTest"/>
      <testcase time="0" name="GetParentVisibilityTest"
                classname="iCRM.ViewModels.Test.DealNotesViewModelTest"/>
      <testcase time="0" name="HandleSearchNotesModelsResultTest"
                classname="iCRM.ViewModels.Test.DealNotesViewModelTest"/>
      <testcase time="0" name="DealNotesViewModelConstructorTest"
                classname="iCRM.ViewModels.Test.DealNotesViewModelTest"/>
   </testsuite>
   <testsuite skipped="0" failures="0" errors="0" time="0" tests="3"
              name="iCRM.ViewModels.Test.CommonDataTest">
      <testcase time="0" name="EmailAddressRegardingTypesTest"
                classname="iCRM.ViewModels.Test.CommonDataTest"/>
      <testcase time="0" name="CommonDataConstructorTest"
                classname="iCRM.ViewModels.Test.CommonDataTest"/>
      <testcase time="0" name="PersonnalNoteRegardingTypesTest"
                classname="iCRM.ViewModels.Test.CommonDataTest"/>
   </testsuite>
   <testsuite skipped="0" failures="0" errors="0" time="0" tests="9"
              name="iCRM.ViewModels.Test.MyDealsInPipelineListViewModelTest">
      <testcase time="0" name="HandleAsyncTasksResultTest"
                classname="iCRM.ViewModels.Test.MyDealsInPipelineListViewModelTest"/>
      <testcase time="0" name="MyDealsInPipelineListViewModelConstructorTest1"
                classname="iCRM.ViewModels.Test.MyDealsInPipelineListViewModelTest"/>
      <testcase time="0" name="comboListFilter_ValueChangedTest"
                classname="iCRM.ViewModels.Test.MyDealsInPipelineListViewModelTest"/>
      <testcase time="0" name="InitializeContextTest"
                classname="iCRM.ViewModels.Test.MyDealsInPipelineListViewModelTest"/>
      <testcase time="0" name="MyDealsInPipelineListViewModelConstructorTest"
                classname="iCRM.ViewModels.Test.MyDealsInPipelineListViewModelTest"/>
      <testcase time="0" name="RefreshMessageSinkTest"
                classname="iCRM.ViewModels.Test.MyDealsInPipelineListViewModelTest"/>
      <testcase time="0" name="OnDisposeTest"
                classname="iCRM.ViewModels.Test.MyDealsInPipelineListViewModelTest"/>
      <testcase time="0" name="LazyLoadListItemsTest"
                classname="iCRM.ViewModels.Test.MyDealsInPipelineListViewModelTest"/>
      <testcase time="0" name="refreshCustomListFilter_ClickedTest"
                classname="iCRM.ViewModels.Test.MyDealsInPipelineListViewModelTest"/>
   </testsuite>
   <testsuite skipped="0" failures="0" errors="0" time="0" tests="1"
              name="iCRM.ViewModels.Test.MyContactsViewModelTest">
      <testcase time="0" name="MyContactsViewModelTests"
                classname="iCRM.ViewModels.Test.MyContactsViewModelTest"/>
   </testsuite>
   <testsuite skipped="0" failures="0" errors="0" time="0" tests="1"
              name="iCRM.ViewModels.Test.DealDocumentViewModelTest">
      <testcase time="0" name="TestDefaultVisibilityDealDocument"
                classname="iCRM.ViewModels.Test.DealDocumentViewModelTest">
         <system-out>&#xD;
------------------------- Console Output -------------------------&#xD;
--------------------------------------
TEST CASE
ApplicationProfile : SOL
ASIEUser           : True
ASIERestriction    : True
ExpectedVisibility : myteam
CTCoverage         : False
CTPrivate          : False
CTPublic           : False

ResultingVisibility           : My Team
CTCoverage                    : False
CTPrivate                     : False
CTPublic                      : False
&#xD;
------------------------- Debug Trace -------------------------&#xD;
 do - 
 do - 
 do - 
 do - 
</system-out>
      </testcase>
   </testsuite>
   <testsuite skipped="0" failures="0" errors="0" time="0" tests="2"
              name="iCRM.ViewModels.Test.DealDocumentViewModelTest">
      <testcase time="0" name="TestDefaultVisibilityUnitaire"
                classname="iCRM.ViewModels.Test.DealDocumentViewModelTest">
         <system-out>&#xD;
------------------------- Console Output -------------------------&#xD;
--------------------------------------
TEST CASE
ApplicationProfile : SOL
ASIEUser           : True
ASIERestriction    : True
ExpectedVisibility : myteam
CTCoverage         : False
CTPrivate          : False
CTPublic           : False

ResultingVisibility           : My Team
CTCoverage                    : False
CTPrivate                     : False
CTPublic                      : False
&#xD;
------------------------- Debug Trace -------------------------&#xD;
 do - 
 do - 
 do - 
 do - 
</system-out>
      </testcase>
   </testsuite>
   <testsuite skipped="0" failures="0" errors="0" time="0" tests="2"
              name="iCRM.ViewModels.Test.CustomerSynthetisViewModelTest">
      <testcase time="0" name="CalculatePitchResultsTest"
                classname="iCRM.ViewModels.Test.CustomerSynthetisViewModelTest"/>
      <testcase time="0" name="CalculateMeetingResultsTest"
                classname="iCRM.ViewModels.Test.CustomerSynthetisViewModelTest"/>
   </testsuite>
   <testsuite skipped="0" failures="0" errors="0" time="0" tests="18"
              name="iCRM.ViewModels.Test.CustomerNoteViewModelTest">
      <testcase time="0" name="RefreshMessageSinkTest"
                classname="iCRM.ViewModels.Test.CustomerNoteViewModelTest"/>
      <testcase time="0" name="TestDefaultVisibilityIFD"
                classname="iCRM.ViewModels.Test.CustomerNoteViewModelTest"/>
      <testcase time="0" name="TestDefaultVisibilityLYXORUserASI"
                classname="iCRM.ViewModels.Test.CustomerNoteViewModelTest"/>
      <testcase time="0" name="OpenNoteCommandTest"
                classname="iCRM.ViewModels.Test.CustomerNoteViewModelTest"/>
      <testcase time="0" name="TestDefaultVisibilitySOL"
                classname="iCRM.ViewModels.Test.CustomerNoteViewModelTest"/>
      <testcase time="0" name="TestDefaultVisibilityCORIUserASI"
                classname="iCRM.ViewModels.Test.CustomerNoteViewModelTest"/>
      <testcase time="0" name="AddNoteCommandTest"
                classname="iCRM.ViewModels.Test.CustomerNoteViewModelTest"/>
      <testcase time="0" name="GetContextMenusTest"
                classname="iCRM.ViewModels.Test.CustomerNoteViewModelTest"/>
      <testcase time="0" name="LaunchOpenTest"
                classname="iCRM.ViewModels.Test.CustomerNoteViewModelTest"/>
      <testcase time="0" name="TestDefaultVisibilityCORI"
                classname="iCRM.ViewModels.Test.CustomerNoteViewModelTest"/>
      <testcase time="0" name="TestDefaultVisibilityIFDUserASI"
                classname="iCRM.ViewModels.Test.CustomerNoteViewModelTest"/>
      <testcase time="0" name="TestDefaultVisibilitySOLUserASI"
                classname="iCRM.ViewModels.Test.CustomerNoteViewModelTest"/>
      <testcase time="0" name="SearchNotesExceptionTest"
                classname="iCRM.ViewModels.Test.CustomerNoteViewModelTest"/>
      <testcase time="0" name="TestDefaultVisibilityLYXOR"
                classname="iCRM.ViewModels.Test.CustomerNoteViewModelTest"/>
      <testcase time="0" name="TestDefaultVisibilityGLFI"
                classname="iCRM.ViewModels.Test.CustomerNoteViewModelTest"/>
      <testcase time="0" name="TestDefaultVisibilityGLFIUserASI"
                classname="iCRM.ViewModels.Test.CustomerNoteViewModelTest"/>
      <testcase time="0" name="SearchNotesTest"
                classname="iCRM.ViewModels.Test.CustomerNoteViewModelTest"/>
      <testcase time="0" name="SaveCommandTest"
                classname="iCRM.ViewModels.Test.CustomerNoteViewModelTest"/>
   </testsuite>
   <testsuite skipped="0" failures="0" errors="0" time="0" tests="5"
              name="iCRM.ViewModels.Test.PitchCreationListViewModelTest">
      <testcase time="0" name="PitchCreationListProcessCustomerTest"
                classname="iCRM.ViewModels.Test.PitchCreationListViewModelTest"/>
      <testcase time="0" name="PitchCreationListRemoveCustomerCommandTest"
                classname="iCRM.ViewModels.Test.PitchCreationListViewModelTest"/>
      <testcase time="0" name="PitchCreationListChangePitchDueDateCommandTest"
                classname="iCRM.ViewModels.Test.PitchCreationListViewModelTest"/>
      <testcase time="0" name="PitchCreationListContextMenuTest"
                classname="iCRM.ViewModels.Test.PitchCreationListViewModelTest"/>
      <testcase time="0" name="LaunchAddCustomerPitchCreationListCommand"
                classname="iCRM.ViewModels.Test.PitchCreationListViewModelTest"/>
   </testsuite>
   <testsuite skipped="0" failures="0" errors="0" time="0" tests="5"
              name="iCRM.ViewModels.Test.NotesPortfolioListViewModelTest">
      <testcase time="0" name="LaunchOpenTest"
                classname="iCRM.ViewModels.Test.NotesPortfolioListViewModelTest"/>
      <testcase time="0" name="NotesPortfolioListViewModelConstructorTest"
                classname="iCRM.ViewModels.Test.NotesPortfolioListViewModelTest"/>
      <testcase time="0" name="SearchNotesTest"
                classname="iCRM.ViewModels.Test.NotesPortfolioListViewModelTest"/>
      <testcase time="0" name="GetParentVisibilityTest"
                classname="iCRM.ViewModels.Test.NotesPortfolioListViewModelTest"/>
      <testcase time="0" name="HandleSearchNotesModelsResultTest"
                classname="iCRM.ViewModels.Test.NotesPortfolioListViewModelTest"/>
   </testsuite>
   <testsuite skipped="0" failures="0" errors="0" time="0" tests="3"
              name="iCRM.ViewModels.Test.NewsListViewModelTest">
      <testcase time="0" name="TestNewsMyPortfolio"
                classname="iCRM.ViewModels.Test.NewsListViewModelTest"/>
      <testcase time="0" name="TestNewsMyContacts"
                classname="iCRM.ViewModels.Test.NewsListViewModelTest"/>
      <testcase time="0" name="TestNewsMyDeals"
                classname="iCRM.ViewModels.Test.NewsListViewModelTest"/>
   </testsuite>
   <testsuite skipped="0" failures="0" errors="0" time="0" tests="7"
              name="iCRM.ViewModels.Test.ContactNotesViewModelTest">
      <testcase time="0" name="ContactLaunchOpenTest"
                classname="iCRM.ViewModels.Test.ContactNotesViewModelTest"/>
      <testcase time="0" name="ContactCreateNotesTest"
                classname="iCRM.ViewModels.Test.ContactNotesViewModelTest"/>
      <testcase time="0" name="ContactNotesViewModelConstructorTest"
                classname="iCRM.ViewModels.Test.ContactNotesViewModelTest"/>
      <testcase time="0" name="ContactHandleSearchNotesModelsResultTest"
                classname="iCRM.ViewModels.Test.ContactNotesViewModelTest"/>
      <testcase time="0" name="ContactRefreshMessageSinkTest"
                classname="iCRM.ViewModels.Test.ContactNotesViewModelTest"/>
      <testcase time="0" name="ContactGetParentVisibilityTest"
                classname="iCRM.ViewModels.Test.ContactNotesViewModelTest"/>
      <testcase time="0" name="ContactSearchNotesTest"
                classname="iCRM.ViewModels.Test.ContactNotesViewModelTest"/>
   </testsuite>
   <testsuite skipped="0" failures="0" errors="0" time="0" tests="6"
              name="iCRM.ViewModels.Test.CustomListUserRoleViewModelTest">
      <testcase time="0" name="TestInitializeContextMenu"
                classname="iCRM.ViewModels.Test.CustomListUserRoleViewModelTest"/>
      <testcase time="0" name="TestLaunchSearchUserCommand"
                classname="iCRM.ViewModels.Test.CustomListUserRoleViewModelTest"/>
      <testcase time="0" name="TestFormSave"
                classname="iCRM.ViewModels.Test.CustomListUserRoleViewModelTest"/>
      <testcase time="0" name="TestLaunchDeleteCustomListUserRoleCommand"
                classname="iCRM.ViewModels.Test.CustomListUserRoleViewModelTest"/>
      <testcase time="0" name="TestLaunchAddCustomListUserRoleCommand"
                classname="iCRM.ViewModels.Test.CustomListUserRoleViewModelTest"/>
      <testcase time="0" name="TestLaunchOpenCustomListUserRoleCommand"
                classname="iCRM.ViewModels.Test.CustomListUserRoleViewModelTest"/>
   </testsuite>
   <testsuite skipped="0" failures="0" errors="0" time="0" tests="7"
              name="iCRM.ViewModels.Test.CustomListNotesViewModelTest">
      <testcase time="0" name="CustomListGetParentVisibilityTest"
                classname="iCRM.ViewModels.Test.CustomListNotesViewModelTest"/>
      <testcase time="0" name="CustomListRefreshMessageSinkTest"
                classname="iCRM.ViewModels.Test.CustomListNotesViewModelTest"/>
      <testcase time="0" name="CustomListLaunchOpenTest"
                classname="iCRM.ViewModels.Test.CustomListNotesViewModelTest"/>
      <testcase time="0" name="CustomListHandleSearchNotesModelsResultTest"
                classname="iCRM.ViewModels.Test.CustomListNotesViewModelTest"/>
      <testcase time="0" name="CustomListSearchNotesTest"
                classname="iCRM.ViewModels.Test.CustomListNotesViewModelTest"/>
      <testcase time="0" name="CustomListNotesViewModelConstructorTest"
                classname="iCRM.ViewModels.Test.CustomListNotesViewModelTest"/>
      <testcase time="0" name="CustomListCreateNotesTest"
                classname="iCRM.ViewModels.Test.CustomListNotesViewModelTest"/>
   </testsuite>
   <testsuite skipped="0" failures="0" errors="0" time="0" tests="4"
              name="iCRM.ViewModels.Test.NoteDataTest">
      <testcase time="0" name="RegardingTypesTest"
                classname="iCRM.ViewModels.Test.NoteDataTest"/>
      <testcase time="0" name="AvailableVisibilityLevelsTest"
                classname="iCRM.ViewModels.Test.NoteDataTest"/>
      <testcase time="0" name="NoteDataConstructorTest"
                classname="iCRM.ViewModels.Test.NoteDataTest"/>
      <testcase time="0" name="AvailableTypesTest"
                classname="iCRM.ViewModels.Test.NoteDataTest"/>
   </testsuite>
   <testsuite skipped="0" failures="0" errors="0" time="0" tests="2"
              name="iCRM.ViewModels.Test.RecentItemsViewModelTest">
      <testcase time="0" name="RecentItemsViewModelConstructorTest"
                classname="iCRM.ViewModels.Test.RecentItemsViewModelTest"/>
      <testcase time="0" name="OpenLinkCommandTest"
                classname="iCRM.ViewModels.Test.RecentItemsViewModelTest"/>
   </testsuite>
   <testsuite skipped="0" failures="0" errors="0" time="0" tests="3"
              name="iCRM.ViewModels.Test.MyNotesViewModelTest">
      <testcase time="0" name="TestProperties"
                classname="iCRM.ViewModels.Test.MyNotesViewModelTest"/>
      <testcase time="0" name="TestOnDispose"
                classname="iCRM.ViewModels.Test.MyNotesViewModelTest"/>
      <testcase time="0" name="TestNotesPortfolioListViewModel_PropertyChanged"
                classname="iCRM.ViewModels.Test.MyNotesViewModelTest"/>
   </testsuite>
   <testsuite skipped="0" failures="0" errors="0" time="0" tests="5"
              name="iCRM.ViewModels.Test.MyTasksViewModelTest">
      <testcase time="0" name="TestRefreshMessageSink"
                classname="iCRM.ViewModels.Test.MyTasksViewModelTest"/>
      <testcase time="0" name="TestHandleAsyncTasksResult"
                classname="iCRM.ViewModels.Test.MyTasksViewModelTest"/>
      <testcase time="0" name="TestOnDispose"
                classname="iCRM.ViewModels.Test.MyTasksViewModelTest"/>
      <testcase time="0" name="TestLoadDataScow"
                classname="iCRM.ViewModels.Test.MyTasksViewModelTest"/>
      <testcase time="0" name="TestLazyLoadListItems"
                classname="iCRM.ViewModels.Test.MyTasksViewModelTest"/>
   </testsuite>
   <testsuite skipped="0" failures="0" errors="0" time="0" tests="3"
              name="iCRM.ViewModels.Test.SynthesisViewModelTest">
      <testcase time="0" name="ComputeValuesFromContactTest"
                classname="iCRM.ViewModels.Test.SynthesisViewModelTest"/>
      <testcase time="0" name="PeriodValuesTest"
                classname="iCRM.ViewModels.Test.SynthesisViewModelTest"/>
      <testcase time="0" name="ComputeValuesFromCustomerTest"
                classname="iCRM.ViewModels.Test.SynthesisViewModelTest"/>
   </testsuite>
   <testsuite skipped="0" failures="0" errors="0" time="0" tests="4"
              name="iCRM.ViewModels.Test.CustomerCommercialFollowUpViewModelTest">
      <testcase time="0" name="LaunchOpenCommandTest"
                classname="iCRM.ViewModels.Test.CustomerCommercialFollowUpViewModelTest"/>
      <testcase time="0" name="LaunchAddMinuteCommandTest"
                classname="iCRM.ViewModels.Test.CustomerCommercialFollowUpViewModelTest"/>
      <testcase time="0" name="LaunchOpenMeetingCommandTest"
                classname="iCRM.ViewModels.Test.CustomerCommercialFollowUpViewModelTest"/>
      <testcase time="0" name="LaunchOpenMinuteCommandTest"
                classname="iCRM.ViewModels.Test.CustomerCommercialFollowUpViewModelTest"/>
   </testsuite>
   <testsuite skipped="0" failures="0" errors="0" time="0" tests="2"
              name="iCRM.ViewModels.Test.MeetingListViewModelTest">
      <testcase time="0" name="TestProperties"
                classname="iCRM.ViewModels.Test.MeetingListViewModelTest"/>
      <testcase time="0" name="TestLaunchMeetingSelectionCommand"
                classname="iCRM.ViewModels.Test.MeetingListViewModelTest"/>
   </testsuite>
   <testsuite skipped="0" failures="0" errors="0" time="0" tests="4"
              name="iCRM.ViewModels.Test.ContactDocumentsViewModelTest">
      <testcase time="0" name="TestGetContextMenu"
                classname="iCRM.ViewModels.Test.ContactDocumentsViewModelTest"/>
      <testcase time="0" name="TestSaveDocument"
                classname="iCRM.ViewModels.Test.ContactDocumentsViewModelTest"/>
      <testcase time="0" name="TestIsGroupboxVisible"
                classname="iCRM.ViewModels.Test.ContactDocumentsViewModelTest"/>
      <testcase time="0" name="TestSelectedDocumentVM"
                classname="iCRM.ViewModels.Test.ContactDocumentsViewModelTest"/>
   </testsuite>
   <testsuite skipped="0" failures="0" errors="0" time="0" tests="3"
              name="iCRM.ViewModels.Test.CustomerSgContactsViewModelTest">
      <testcase time="0" name="AddTeamMemberCommandTest"
                classname="iCRM.ViewModels.Test.CustomerSgContactsViewModelTest"/>
      <testcase time="0" name="CustomerSgContactsViewModelCtorTest"
                classname="iCRM.ViewModels.Test.CustomerSgContactsViewModelTest"/>
      <testcase time="0" name="AddMeAsTeamMemberCommandTest"
                classname="iCRM.ViewModels.Test.CustomerSgContactsViewModelTest"/>
   </testsuite>
   <testsuite skipped="0" failures="0" errors="0" time="0" tests="2"
              name="iCRM.ViewModels.Test.MeetingDataTest">
      <testcase time="0" name="AvailableVisibilityLevelsTest"
                classname="iCRM.ViewModels.Test.MeetingDataTest"/>
      <testcase time="0" name="MeetingDataConstructorTest"
                classname="iCRM.ViewModels.Test.MeetingDataTest"/>
   </testsuite>
   <testsuite skipped="0" failures="0" errors="0" time="0" tests="1"
              name="iCRM.ViewModels.Test.ContactSynthetisViewModelTest">
      <testcase time="0" name="CalculateMeetingResultsTest"
                classname="iCRM.ViewModels.Test.ContactSynthetisViewModelTest"/>
   </testsuite>
   <testsuite skipped="0" failures="0" errors="0" time="0" tests="56"
              name="iCRM.ViewModels.Test.EmailViewModelTest">
      <testcase time="0" name="TestDefaultVisibilityEmail"
                classname="iCRM.ViewModels.Test.EmailViewModelTest">
         <system-out>&#xD;
------------------------- Console Output -------------------------&#xD;
--------------------------------------
TEST CASE
ApplicationProfile : FIC
HasCustomer        : False
ASIEUser           : True
ASIERestriction    : False
ExpectedVisibility : MyTeam
CTCoverage         : False
CTPrivate          : False
CTPublic           : False

ResultingVisibility           : My Team
CTCoverage                    : False
CTPrivate                     : False
CTPublic                      : False
&#xD;
------------------------- Debug Trace -------------------------&#xD;
 do - 
 do - 
</system-out>
      </testcase>
      <testcase time="0" name="TestDefaultVisibilityEmail"
                classname="iCRM.ViewModels.Test.EmailViewModelTest">
         <system-out>&#xD;
------------------------- Console Output -------------------------&#xD;
--------------------------------------
TEST CASE
ApplicationProfile : SOL
HasCustomer        : False
ASIEUser           : True
ASIERestriction    : False
ExpectedVisibility : MyTeam
CTCoverage         : False
CTPrivate          : False
CTPublic           : False

ResultingVisibility           : My Team
CTCoverage                    : False
CTPrivate                     : False
CTPublic                      : False
&#xD;
------------------------- Debug Trace -------------------------&#xD;
 do - 
 do - 
</system-out>
      </testcase>
      <testcase time="0" name="TestDefaultVisibilityEmail"
                classname="iCRM.ViewModels.Test.EmailViewModelTest">
         <system-out>&#xD;
------------------------- Console Output -------------------------&#xD;
--------------------------------------
TEST CASE
ApplicationProfile : LYXOR
HasCustomer        : False
ASIEUser           : True
ASIERestriction    : False
ExpectedVisibility : Confidential
CTCoverage         : False
CTPrivate          : False
CTPublic           : False

ResultingVisibility           : Confidential
CTCoverage                    : False
CTPrivate                     : False
CTPublic                      : False
&#xD;
------------------------- Debug Trace -------------------------&#xD;
 do - 
 do - 
</system-out>
      </testcase>
      <testcase time="0" name="TestDefaultVisibilityEmail"
                classname="iCRM.ViewModels.Test.EmailViewModelTest">
         <system-out>&#xD;
------------------------- Console Output -------------------------&#xD;
--------------------------------------
TEST CASE
ApplicationProfile : IFD
HasCustomer        : False
ASIEUser           : True
ASIERestriction    : False
ExpectedVisibility : MyTeam
CTCoverage         : False
CTPrivate          : False
CTPublic           : False

ResultingVisibility           : My Team
CTCoverage                    : False
CTPrivate                     : False
CTPublic                      : False
&#xD;
------------------------- Debug Trace -------------------------&#xD;
 do - 
 do - 
</system-out>
      </testcase>
      <testcase time="0" name="TestDefaultVisibilityEmail"
                classname="iCRM.ViewModels.Test.EmailViewModelTest">
         <system-out>&#xD;
------------------------- Console Output -------------------------&#xD;
--------------------------------------
TEST CASE
ApplicationProfile : CORI
HasCustomer        : False
ASIEUser           : True
ASIERestriction    : False
ExpectedVisibility : MyTeam
CTCoverage         : False
CTPrivate          : False
CTPublic           : False

ResultingVisibility           : My Team
CTCoverage                    : False
CTPrivate                     : False
CTPublic                      : False
&#xD;
------------------------- Debug Trace -------------------------&#xD;
 do - 
 do - 
 do - 
 do - 
</system-out>
      </testcase>
      <testcase time="0" name="TestDefaultVisibilityEmail"
                classname="iCRM.ViewModels.Test.EmailViewModelTest">
         <system-out>&#xD;
------------------------- Console Output -------------------------&#xD;
--------------------------------------
TEST CASE
ApplicationProfile : GLFI
HasCustomer        : False
ASIEUser           : True
ASIERestriction    : False
ExpectedVisibility : MyTeam
CTCoverage         : False
CTPrivate          : False
CTPublic           : False

ResultingVisibility           : My Team
CTCoverage                    : False
CTPrivate                     : False
CTPublic                      : False
&#xD;
------------------------- Debug Trace -------------------------&#xD;
 do - 
 do - 
 do - 
 do - 
</system-out>
      </testcase>
      <testcase time="0" name="TestDefaultVisibilityEmail"
                classname="iCRM.ViewModels.Test.EmailViewModelTest">
         <system-out>&#xD;
------------------------- Console Output -------------------------&#xD;
--------------------------------------
TEST CASE
ApplicationProfile : CTY
HasCustomer        : False
ASIEUser           : True
ASIERestriction    : False
ExpectedVisibility : MyTeam
CTCoverage         : False
CTPrivate          : False
CTPublic           : False

ResultingVisibility           : My Team
CTCoverage                    : False
CTPrivate                     : False
CTPublic                      : False
&#xD;
------------------------- Debug Trace -------------------------&#xD;
 do - 
 do - 
</system-out>
      </testcase>
      <testcase time="0" name="TestDefaultVisibilityEmail"
                classname="iCRM.ViewModels.Test.EmailViewModelTest">
         <system-out>&#xD;
------------------------- Console Output -------------------------&#xD;
--------------------------------------
TEST CASE
ApplicationProfile : FIC
HasCustomer        : True
ASIEUser           : False
ASIERestriction    : False
ExpectedVisibility : MyTeam
CTCoverage         : False
CTPrivate          : False
CTPublic           : False

ResultingVisibility           : My Team
CTCoverage                    : False
CTPrivate                     : False
CTPublic                      : False
&#xD;
------------------------- Debug Trace -------------------------&#xD;
 do - 
 do - 
</system-out>
      </testcase>
      <testcase time="0" name="TestDefaultVisibilityEmail"
                classname="iCRM.ViewModels.Test.EmailViewModelTest">
         <system-out>&#xD;
------------------------- Console Output -------------------------&#xD;
--------------------------------------
TEST CASE
ApplicationProfile : SOL
HasCustomer        : True
ASIEUser           : False
ASIERestriction    : False
ExpectedVisibility : MyTeam
CTCoverage         : False
CTPrivate          : False
CTPublic           : False

ResultingVisibility           : My Team
CTCoverage                    : False
CTPrivate                     : False
CTPublic                      : False
&#xD;
------------------------- Debug Trace -------------------------&#xD;
 do - 
 do - 
</system-out>
      </testcase>
      <testcase time="0" name="TestDefaultVisibilityEmail"
                classname="iCRM.ViewModels.Test.EmailViewModelTest">
         <system-out>&#xD;
------------------------- Console Output -------------------------&#xD;
--------------------------------------
TEST CASE
ApplicationProfile : LYXOR
HasCustomer        : True
ASIEUser           : False
ASIERestriction    : False
ExpectedVisibility : Confidential
CTCoverage         : False
CTPrivate          : False
CTPublic           : False

ResultingVisibility           : Confidential
CTCoverage                    : False
CTPrivate                     : False
CTPublic                      : False
&#xD;
------------------------- Debug Trace -------------------------&#xD;
 do - 
 do - 
</system-out>
      </testcase>
      <testcase time="0" name="TestDefaultVisibilityEmail"
                classname="iCRM.ViewModels.Test.EmailViewModelTest">
         <system-out>&#xD;
------------------------- Console Output -------------------------&#xD;
--------------------------------------
TEST CASE
ApplicationProfile : IFD
HasCustomer        : True
ASIEUser           : False
ASIERestriction    : False
ExpectedVisibility : MyTeam
CTCoverage         : False
CTPrivate          : False
CTPublic           : False

ResultingVisibility           : My Team
CTCoverage                    : False
CTPrivate                     : False
CTPublic                      : False
&#xD;
------------------------- Debug Trace -------------------------&#xD;
 do - 
 do - 
</system-out>
      </testcase>
      <testcase time="0" name="TestDefaultVisibilityEmail"
                classname="iCRM.ViewModels.Test.EmailViewModelTest">
         <system-out>&#xD;
------------------------- Console Output -------------------------&#xD;
--------------------------------------
TEST CASE
ApplicationProfile : CORI
HasCustomer        : True
ASIEUser           : False
ASIERestriction    : False
ExpectedVisibility : ClientTeam
CTCoverage         : True
CTPrivate          : False
CTPublic           : False

ResultingVisibility           : Client Team
CTCoverage                    : True
CTPrivate                     : False
CTPublic                      : False
&#xD;
------------------------- Debug Trace -------------------------&#xD;
 do - 
 do - 
 do - 
</system-out>
      </testcase>
      <testcase time="0" name="TestDefaultVisibilityEmail"
                classname="iCRM.ViewModels.Test.EmailViewModelTest">
         <system-out>&#xD;
------------------------- Console Output -------------------------&#xD;
--------------------------------------
TEST CASE
ApplicationProfile : GLFI
HasCustomer        : True
ASIEUser           : False
ASIERestriction    : False
ExpectedVisibility : ClientTeam
CTCoverage         : True
CTPrivate          : False
CTPublic           : False

ResultingVisibility           : Client Team
CTCoverage                    : True
CTPrivate                     : False
CTPublic                      : False
&#xD;
------------------------- Debug Trace -------------------------&#xD;
 do - 
 do - 
 do - 
</system-out>
      </testcase>
      <testcase time="0" name="TestDefaultVisibilityEmail"
                classname="iCRM.ViewModels.Test.EmailViewModelTest">
         <system-out>&#xD;
------------------------- Console Output -------------------------&#xD;
--------------------------------------
TEST CASE
ApplicationProfile : CTY
HasCustomer        : True
ASIEUser           : False
ASIERestriction    : False
ExpectedVisibility : MyTeam
CTCoverage         : False
CTPrivate          : False
CTPublic           : False

ResultingVisibility           : My Team
CTCoverage                    : False
CTPrivate                     : False
CTPublic                      : False
&#xD;
------------------------- Debug Trace -------------------------&#xD;
 do - 
 do - 
</system-out>
      </testcase>
      <testcase time="0" name="TestDefaultVisibilityEmail"
                classname="iCRM.ViewModels.Test.EmailViewModelTest">
         <system-out>&#xD;
------------------------- Console Output -------------------------&#xD;
--------------------------------------
TEST CASE
ApplicationProfile : FIC
HasCustomer        : True
ASIEUser           : True
ASIERestriction    : False
ExpectedVisibility : MyTeam
CTCoverage         : False
CTPrivate          : False
CTPublic           : False

ResultingVisibility           : My Team
CTCoverage                    : False
CTPrivate                     : False
CTPublic                      : False
&#xD;
------------------------- Debug Trace -------------------------&#xD;
 do - 
 do - 
</system-out>
      </testcase>
      <testcase time="0" name="TestDefaultVisibilityEmail"
                classname="iCRM.ViewModels.Test.EmailViewModelTest">
         <system-out>&#xD;
------------------------- Console Output -------------------------&#xD;
--------------------------------------
TEST CASE
ApplicationProfile : SOL
HasCustomer        : True
ASIEUser           : True
ASIERestriction    : False
ExpectedVisibility : MyTeam
CTCoverage         : False
CTPrivate          : False
CTPublic           : False

ResultingVisibility           : My Team
CTCoverage                    : False
CTPrivate                     : False
CTPublic                      : False
&#xD;
------------------------- Debug Trace -------------------------&#xD;
 do - 
 do - 
</system-out>
      </testcase>
      <testcase time="0" name="TestDefaultVisibilityEmail"
                classname="iCRM.ViewModels.Test.EmailViewModelTest">
         <system-out>&#xD;
------------------------- Console Output -------------------------&#xD;
--------------------------------------
TEST CASE
ApplicationProfile : LYXOR
HasCustomer        : True
ASIEUser           : True
ASIERestriction    : False
ExpectedVisibility : Confidential
CTCoverage         : False
CTPrivate          : False
CTPublic           : False

ResultingVisibility           : Confidential
CTCoverage                    : False
CTPrivate                     : False
CTPublic                      : False
&#xD;
------------------------- Debug Trace -------------------------&#xD;
 do - 
 do - 
</system-out>
      </testcase>
      <testcase time="0" name="TestDefaultVisibilityEmail"
                classname="iCRM.ViewModels.Test.EmailViewModelTest">
         <system-out>&#xD;
------------------------- Console Output -------------------------&#xD;
--------------------------------------
TEST CASE
ApplicationProfile : IFD
HasCustomer        : True
ASIEUser           : True
ASIERestriction    : False
ExpectedVisibility : MyTeam
CTCoverage         : False
CTPrivate          : False
CTPublic           : False

ResultingVisibility           : My Team
CTCoverage                    : False
CTPrivate                     : False
CTPublic                      : False
&#xD;
------------------------- Debug Trace -------------------------&#xD;
 do - 
 do - 
</system-out>
      </testcase>
      <testcase time="0" name="TestDefaultVisibilityEmail"
                classname="iCRM.ViewModels.Test.EmailViewModelTest">
         <system-out>&#xD;
------------------------- Console Output -------------------------&#xD;
--------------------------------------
TEST CASE
ApplicationProfile : CORI
HasCustomer        : True
ASIEUser           : True
ASIERestriction    : False
ExpectedVisibility : ClientTeam
CTCoverage         : True
CTPrivate          : False
CTPublic           : False

ResultingVisibility           : Client Team
CTCoverage                    : True
CTPrivate                     : False
CTPublic                      : False
&#xD;
------------------------- Debug Trace -------------------------&#xD;
 do - 
 do - 
 do - 
</system-out>
      </testcase>
      <testcase time="0" name="TestDefaultVisibilityEmail"
                classname="iCRM.ViewModels.Test.EmailViewModelTest">
         <system-out>&#xD;
------------------------- Console Output -------------------------&#xD;
--------------------------------------
TEST CASE
ApplicationProfile : GLFI
HasCustomer        : True
ASIEUser           : True
ASIERestriction    : False
ExpectedVisibility : ClientTeam
CTCoverage         : True
CTPrivate          : False
CTPublic           : False

ResultingVisibility           : Client Team
CTCoverage                    : True
CTPrivate                     : False
CTPublic                      : False
&#xD;
------------------------- Debug Trace -------------------------&#xD;
 do - 
 do - 
 do - 
</system-out>
      </testcase>
      <testcase time="0" name="TestDefaultVisibilityEmail"
                classname="iCRM.ViewModels.Test.EmailViewModelTest">
         <system-out>&#xD;
------------------------- Console Output -------------------------&#xD;
--------------------------------------
TEST CASE
ApplicationProfile : CTY
HasCustomer        : True
ASIEUser           : True
ASIERestriction    : False
ExpectedVisibility : MyTeam
CTCoverage         : False
CTPrivate          : False
CTPublic           : False

ResultingVisibility           : My Team
CTCoverage                    : False
CTPrivate                     : False
CTPublic                      : False
&#xD;
------------------------- Debug Trace -------------------------&#xD;
 do - 
 do - 
</system-out>
      </testcase>
      <testcase time="0" name="TestDefaultVisibilityEmail"
                classname="iCRM.ViewModels.Test.EmailViewModelTest">
         <system-out>&#xD;
------------------------- Console Output -------------------------&#xD;
--------------------------------------
TEST CASE
ApplicationProfile : FIC
HasCustomer        : False
ASIEUser           : False
ASIERestriction    : False
ExpectedVisibility : MyTeam
CTCoverage         : False
CTPrivate          : False
CTPublic           : False

ResultingVisibility           : My Team
CTCoverage                    : False
CTPrivate                     : False
CTPublic                      : False
&#xD;
------------------------- Debug Trace -------------------------&#xD;
 do - 
 do - 
</system-out>
      </testcase>
      <testcase time="0" name="TestDefaultVisibilityEmail"
                classname="iCRM.ViewModels.Test.EmailViewModelTest">
         <system-out>&#xD;
------------------------- Console Output -------------------------&#xD;
--------------------------------------
TEST CASE
ApplicationProfile : SOL
HasCustomer        : False
ASIEUser           : False
ASIERestriction    : False
ExpectedVisibility : MyTeam
CTCoverage         : False
CTPrivate          : False
CTPublic           : False

ResultingVisibility           : My Team
CTCoverage                    : False
CTPrivate                     : False
CTPublic                      : False
&#xD;
------------------------- Debug Trace -------------------------&#xD;
 do - 
 do - 
</system-out>
      </testcase>
      <testcase time="0" name="TestDefaultVisibilityEmail"
                classname="iCRM.ViewModels.Test.EmailViewModelTest">
         <system-out>&#xD;
------------------------- Console Output -------------------------&#xD;
--------------------------------------
TEST CASE
ApplicationProfile : LYXOR
HasCustomer        : False
ASIEUser           : False
ASIERestriction    : False
ExpectedVisibility : Confidential
CTCoverage         : False
CTPrivate          : False
CTPublic           : False

ResultingVisibility           : Confidential
CTCoverage                    : False
CTPrivate                     : False
CTPublic                      : False
&#xD;
------------------------- Debug Trace -------------------------&#xD;
 do - 
 do - 
</system-out>
      </testcase>
      <testcase time="0" name="TestDefaultVisibilityEmail"
                classname="iCRM.ViewModels.Test.EmailViewModelTest">
         <system-out>&#xD;
------------------------- Console Output -------------------------&#xD;
--------------------------------------
TEST CASE
ApplicationProfile : IFD
HasCustomer        : False
ASIEUser           : False
ASIERestriction    : False
ExpectedVisibility : MyTeam
CTCoverage         : False
CTPrivate          : False
CTPublic           : False

ResultingVisibility           : My Team
CTCoverage                    : False
CTPrivate                     : False
CTPublic                      : False
&#xD;
------------------------- Debug Trace -------------------------&#xD;
 do - 
 do - 
</system-out>
      </testcase>
      <testcase time="0" name="TestDefaultVisibilityEmail"
                classname="iCRM.ViewModels.Test.EmailViewModelTest">
         <system-out>&#xD;
------------------------- Console Output -------------------------&#xD;
--------------------------------------
TEST CASE
ApplicationProfile : CORI
HasCustomer        : False
ASIEUser           : False
ASIERestriction    : False
ExpectedVisibility : Public
CTCoverage         : False
CTPrivate          : False
CTPublic           : False

ResultingVisibility           : Public
CTCoverage                    : False
CTPrivate                     : False
CTPublic                      : False
&#xD;
------------------------- Debug Trace -------------------------&#xD;
 do - 
 do - 
</system-out>
      </testcase>
      <testcase time="0" name="TestDefaultVisibilityEmail"
                classname="iCRM.ViewModels.Test.EmailViewModelTest">
         <system-out>&#xD;
------------------------- Console Output -------------------------&#xD;
--------------------------------------
TEST CASE
ApplicationProfile : GLFI
HasCustomer        : False
ASIEUser           : False
ASIERestriction    : False
ExpectedVisibility : Public
CTCoverage         : False
CTPrivate          : False
CTPublic           : False

ResultingVisibility           : Public
CTCoverage                    : False
CTPrivate                     : False
CTPublic                      : False
&#xD;
------------------------- Debug Trace -------------------------&#xD;
 do - 
 do - 
</system-out>
      </testcase>
      <testcase time="0" name="TestDefaultVisibilityEmail"
                classname="iCRM.ViewModels.Test.EmailViewModelTest">
         <system-out>&#xD;
------------------------- Console Output -------------------------&#xD;
--------------------------------------
TEST CASE
ApplicationProfile : CTY
HasCustomer        : False
ASIEUser           : False
ASIERestriction    : False
ExpectedVisibility : MyTeam
CTCoverage         : False
CTPrivate          : False
CTPublic           : False

ResultingVisibility           : My Team
CTCoverage                    : False
CTPrivate                     : False
CTPublic                      : False
&#xD;
------------------------- Debug Trace -------------------------&#xD;
 do - 
 do - 
</system-out>
      </testcase>
      <testcase time="0" name="TestDefaultVisibilityEmail"
                classname="iCRM.ViewModels.Test.EmailViewModelTest">
         <system-out>&#xD;
------------------------- Console Output -------------------------&#xD;
--------------------------------------
TEST CASE
ApplicationProfile : FIC
HasCustomer        : False
ASIEUser           : True
ASIERestriction    : True
ExpectedVisibility : MyTeam
CTCoverage         : False
CTPrivate          : False
CTPublic           : False

ResultingVisibility           : My Team
CTCoverage                    : False
CTPrivate                     : False
CTPublic                      : False
&#xD;
------------------------- Debug Trace -------------------------&#xD;
 do - 
 do - 
</system-out>
      </testcase>
      <testcase time="0" name="TestDefaultVisibilityEmail"
                classname="iCRM.ViewModels.Test.EmailViewModelTest">
         <system-out>&#xD;
------------------------- Console Output -------------------------&#xD;
--------------------------------------
TEST CASE
ApplicationProfile : SOL
HasCustomer        : False
ASIEUser           : True
ASIERestriction    : True
ExpectedVisibility : MyTeam
CTCoverage         : False
CTPrivate          : False
CTPublic           : False

ResultingVisibility           : My Team
CTCoverage                    : False
CTPrivate                     : False
CTPublic                      : False
&#xD;
------------------------- Debug Trace -------------------------&#xD;
 do - 
 do - 
</system-out>
      </testcase>
      <testcase time="0" name="TestDefaultVisibilityEmail"
                classname="iCRM.ViewModels.Test.EmailViewModelTest">
         <system-out>&#xD;
------------------------- Console Output -------------------------&#xD;
--------------------------------------
TEST CASE
ApplicationProfile : LYXOR
HasCustomer        : False
ASIEUser           : True
ASIERestriction    : True
ExpectedVisibility : Confidential
CTCoverage         : False
CTPrivate          : False
CTPublic           : False

ResultingVisibility           : Confidential
CTCoverage                    : False
CTPrivate                     : False
CTPublic                      : False
&#xD;
------------------------- Debug Trace -------------------------&#xD;
 do - 
 do - 
</system-out>
      </testcase>
      <testcase time="0" name="TestDefaultVisibilityEmail"
                classname="iCRM.ViewModels.Test.EmailViewModelTest">
         <system-out>&#xD;
------------------------- Console Output -------------------------&#xD;
--------------------------------------
TEST CASE
ApplicationProfile : IFD
HasCustomer        : False
ASIEUser           : True
ASIERestriction    : True
ExpectedVisibility : MyTeam
CTCoverage         : False
CTPrivate          : False
CTPublic           : False

ResultingVisibility           : My Team
CTCoverage                    : False
CTPrivate                     : False
CTPublic                      : False
&#xD;
------------------------- Debug Trace -------------------------&#xD;
 do - 
 do - 
</system-out>
      </testcase>
      <testcase time="0" name="TestDefaultVisibilityEmail"
                classname="iCRM.ViewModels.Test.EmailViewModelTest">
         <system-out>&#xD;
------------------------- Console Output -------------------------&#xD;
--------------------------------------
TEST CASE
ApplicationProfile : CORI
HasCustomer        : False
ASIEUser           : True
ASIERestriction    : True
ExpectedVisibility : MyTeam
CTCoverage         : False
CTPrivate          : False
CTPublic           : False

ResultingVisibility           : My Team
CTCoverage                    : False
CTPrivate                     : False
CTPublic                      : False
&#xD;
------------------------- Debug Trace -------------------------&#xD;
 do - 
 do - 
</system-out>
      </testcase>
      <testcase time="0" name="TestDefaultVisibilityEmail"
                classname="iCRM.ViewModels.Test.EmailViewModelTest">
         <system-out>&#xD;
------------------------- Console Output -------------------------&#xD;
--------------------------------------
TEST CASE
ApplicationProfile : GLFI
HasCustomer        : False
ASIEUser           : True
ASIERestriction    : True
ExpectedVisibility : MyTeam
CTCoverage         : False
CTPrivate          : False
CTPublic           : False

ResultingVisibility           : My Team
CTCoverage                    : False
CTPrivate                     : False
CTPublic                      : False
&#xD;
------------------------- Debug Trace -------------------------&#xD;
 do - 
 do - 
</system-out>
      </testcase>
      <testcase time="0" name="TestDefaultVisibilityEmail"
                classname="iCRM.ViewModels.Test.EmailViewModelTest">
         <system-out>&#xD;
------------------------- Console Output -------------------------&#xD;
--------------------------------------
TEST CASE
ApplicationProfile : CTY
HasCustomer        : False
ASIEUser           : True
ASIERestriction    : True
ExpectedVisibility : MyTeam
CTCoverage         : False
CTPrivate          : False
CTPublic           : False

ResultingVisibility           : My Team
CTCoverage                    : False
CTPrivate                     : False
CTPublic                      : False
&#xD;
------------------------- Debug Trace -------------------------&#xD;
 do - 
 do - 
</system-out>
      </testcase>
      <testcase time="0" name="TestDefaultVisibilityEmail"
                classname="iCRM.ViewModels.Test.EmailViewModelTest">
         <system-out>&#xD;
------------------------- Console Output -------------------------&#xD;
--------------------------------------
TEST CASE
ApplicationProfile : FIC
HasCustomer        : True
ASIEUser           : False
ASIERestriction    : True
ExpectedVisibility : MyTeam
CTCoverage         : False
CTPrivate          : False
CTPublic           : False

ResultingVisibility           : My Team
CTCoverage                    : False
CTPrivate                     : False
CTPublic                      : False
&#xD;
------------------------- Debug Trace -------------------------&#xD;
 do - 
 do - 
</system-out>
      </testcase>
      <testcase time="0" name="TestDefaultVisibilityEmail"
                classname="iCRM.ViewModels.Test.EmailViewModelTest">
         <system-out>&#xD;
------------------------- Console Output -------------------------&#xD;
--------------------------------------
TEST CASE
ApplicationProfile : SOL
HasCustomer        : True
ASIEUser           : False
ASIERestriction    : True
ExpectedVisibility : MyTeam
CTCoverage         : False
CTPrivate          : False
CTPublic           : False

ResultingVisibility           : My Team
CTCoverage                    : False
CTPrivate                     : False
CTPublic                      : False
&#xD;
------------------------- Debug Trace -------------------------&#xD;
 do - 
 do - 
</system-out>
      </testcase>
      <testcase time="0" name="TestDefaultVisibilityEmail"
                classname="iCRM.ViewModels.Test.EmailViewModelTest">
         <system-out>&#xD;
------------------------- Console Output -------------------------&#xD;
--------------------------------------
TEST CASE
ApplicationProfile : LYXOR
HasCustomer        : True
ASIEUser           : False
ASIERestriction    : True
ExpectedVisibility : Confidential
CTCoverage         : False
CTPrivate          : False
CTPublic           : False

ResultingVisibility           : Confidential
CTCoverage                    : False
CTPrivate                     : False
CTPublic                      : False
&#xD;
------------------------- Debug Trace -------------------------&#xD;
 do - 
 do - 
</system-out>
      </testcase>
      <testcase time="0" name="TestDefaultVisibilityEmail"
                classname="iCRM.ViewModels.Test.EmailViewModelTest">
         <system-out>&#xD;
------------------------- Console Output -------------------------&#xD;
--------------------------------------
TEST CASE
ApplicationProfile : IFD
HasCustomer        : True
ASIEUser           : False
ASIERestriction    : True
ExpectedVisibility : MyTeam
CTCoverage         : False
CTPrivate          : False
CTPublic           : False

ResultingVisibility           : My Team
CTCoverage                    : False
CTPrivate                     : False
CTPublic                      : False
&#xD;
------------------------- Debug Trace -------------------------&#xD;
 do - 
 do - 
</system-out>
      </testcase>
      <testcase time="0" name="TestDefaultVisibilityEmail"
                classname="iCRM.ViewModels.Test.EmailViewModelTest">
         <system-out>&#xD;
------------------------- Console Output -------------------------&#xD;
--------------------------------------
TEST CASE
ApplicationProfile : CORI
HasCustomer        : True
ASIEUser           : False
ASIERestriction    : True
ExpectedVisibility : MyTeam
CTCoverage         : False
CTPrivate          : False
CTPublic           : False

ResultingVisibility           : My Team
CTCoverage                    : False
CTPrivate                     : False
CTPublic                      : False
&#xD;
------------------------- Debug Trace -------------------------&#xD;
 do - 
 do - 
</system-out>
      </testcase>
      <testcase time="0" name="TestDefaultVisibilityEmail"
                classname="iCRM.ViewModels.Test.EmailViewModelTest">
         <system-out>&#xD;
------------------------- Console Output -------------------------&#xD;
--------------------------------------
TEST CASE
ApplicationProfile : GLFI
HasCustomer        : True
ASIEUser           : False
ASIERestriction    : True
ExpectedVisibility : MyTeam
CTCoverage         : False
CTPrivate          : False
CTPublic           : False

ResultingVisibility           : My Team
CTCoverage                    : False
CTPrivate                     : False
CTPublic                      : False
&#xD;
------------------------- Debug Trace -------------------------&#xD;
 do - 
 do - 
</system-out>
      </testcase>
      <testcase time="0" name="TestDefaultVisibilityEmail"
                classname="iCRM.ViewModels.Test.EmailViewModelTest">
         <system-out>&#xD;
------------------------- Console Output -------------------------&#xD;
--------------------------------------
TEST CASE
ApplicationProfile : CTY
HasCustomer        : True
ASIEUser           : False
ASIERestriction    : True
ExpectedVisibility : MyTeam
CTCoverage         : False
CTPrivate          : False
CTPublic           : False

ResultingVisibility           : My Team
CTCoverage                    : False
CTPrivate                     : False
CTPublic                      : False
&#xD;
------------------------- Debug Trace -------------------------&#xD;
 do - 
 do - 
</system-out>
      </testcase>
      <testcase time="0" name="TestDefaultVisibilityEmail"
                classname="iCRM.ViewModels.Test.EmailViewModelTest">
         <system-out>&#xD;
------------------------- Console Output -------------------------&#xD;
--------------------------------------
TEST CASE
ApplicationProfile : FIC
HasCustomer        : True
ASIEUser           : True
ASIERestriction    : True
ExpectedVisibility : MyTeam
CTCoverage         : False
CTPrivate          : False
CTPublic           : False

ResultingVisibility           : My Team
CTCoverage                    : False
CTPrivate                     : False
CTPublic                      : False
&#xD;
------------------------- Debug Trace -------------------------&#xD;
 do - 
 do - 
</system-out>
      </testcase>
      <testcase time="0" name="TestDefaultVisibilityEmail"
                classname="iCRM.ViewModels.Test.EmailViewModelTest">
         <system-out>&#xD;
------------------------- Console Output -------------------------&#xD;
--------------------------------------
TEST CASE
ApplicationProfile : SOL
HasCustomer        : True
ASIEUser           : True
ASIERestriction    : True
ExpectedVisibility : MyTeam
CTCoverage         : False
CTPrivate          : False
CTPublic           : False

ResultingVisibility           : My Team
CTCoverage                    : False
CTPrivate                     : False
CTPublic                      : False
&#xD;
------------------------- Debug Trace -------------------------&#xD;
 do - 
 do - 
</system-out>
      </testcase>
      <testcase time="0" name="TestDefaultVisibilityEmail"
                classname="iCRM.ViewModels.Test.EmailViewModelTest">
         <system-out>&#xD;
------------------------- Console Output -------------------------&#xD;
--------------------------------------
TEST CASE
ApplicationProfile : LYXOR
HasCustomer        : True
ASIEUser           : True
ASIERestriction    : True
ExpectedVisibility : Confidential
CTCoverage         : False
CTPrivate          : False
CTPublic           : False

ResultingVisibility           : Confidential
CTCoverage                    : False
CTPrivate                     : False
CTPublic                      : False
&#xD;
------------------------- Debug Trace -------------------------&#xD;
 do - 
 do - 
</system-out>
      </testcase>
      <testcase time="0" name="TestDefaultVisibilityEmail"
                classname="iCRM.ViewModels.Test.EmailViewModelTest">
         <system-out>&#xD;
------------------------- Console Output -------------------------&#xD;
--------------------------------------
TEST CASE
ApplicationProfile : IFD
HasCustomer        : True
ASIEUser           : True
ASIERestriction    : True
ExpectedVisibility : MyTeam
CTCoverage         : False
CTPrivate          : False
CTPublic           : False

ResultingVisibility           : My Team
CTCoverage                    : False
CTPrivate                     : False
CTPublic                      : False
&#xD;
------------------------- Debug Trace -------------------------&#xD;
 do - 
 do - 
</system-out>
      </testcase>
      <testcase time="0" name="TestDefaultVisibilityEmail"
                classname="iCRM.ViewModels.Test.EmailViewModelTest">
         <system-out>&#xD;
------------------------- Console Output -------------------------&#xD;
--------------------------------------
TEST CASE
ApplicationProfile : CORI
HasCustomer        : True
ASIEUser           : True
ASIERestriction    : True
ExpectedVisibility : MyTeam
CTCoverage         : False
CTPrivate          : False
CTPublic           : False

ResultingVisibility           : My Team
CTCoverage                    : False
CTPrivate                     : False
CTPublic                      : False
&#xD;
------------------------- Debug Trace -------------------------&#xD;
 do - 
 do - 
</system-out>
      </testcase>
      <testcase time="0" name="TestDefaultVisibilityEmail"
                classname="iCRM.ViewModels.Test.EmailViewModelTest">
         <system-out>&#xD;
------------------------- Console Output -------------------------&#xD;
--------------------------------------
TEST CASE
ApplicationProfile : GLFI
HasCustomer        : True
ASIEUser           : True
ASIERestriction    : True
ExpectedVisibility : MyTeam
CTCoverage         : False
CTPrivate          : False
CTPublic           : False

ResultingVisibility           : My Team
CTCoverage                    : False
CTPrivate                     : False
CTPublic                      : False
&#xD;
------------------------- Debug Trace -------------------------&#xD;
 do - 
 do - 
</system-out>
      </testcase>
      <testcase time="0" name="TestDefaultVisibilityEmail"
                classname="iCRM.ViewModels.Test.EmailViewModelTest">
         <system-out>&#xD;
------------------------- Console Output -------------------------&#xD;
--------------------------------------
TEST CASE
ApplicationProfile : CTY
HasCustomer        : True
ASIEUser           : True
ASIERestriction    : True
ExpectedVisibility : MyTeam
CTCoverage         : False
CTPrivate          : False
CTPublic           : False

ResultingVisibility           : My Team
CTCoverage                    : False
CTPrivate                     : False
CTPublic                      : False
&#xD;
------------------------- Debug Trace -------------------------&#xD;
 do - 
 do - 
</system-out>
      </testcase>
      <testcase time="0" name="TestDefaultVisibilityEmail"
                classname="iCRM.ViewModels.Test.EmailViewModelTest">
         <system-out>&#xD;
------------------------- Console Output -------------------------&#xD;
--------------------------------------
TEST CASE
ApplicationProfile : FIC
HasCustomer        : False
ASIEUser           : False
ASIERestriction    : True
ExpectedVisibility : MyTeam
CTCoverage         : False
CTPrivate          : False
CTPublic           : False

ResultingVisibility           : My Team
CTCoverage                    : False
CTPrivate                     : False
CTPublic                      : False
&#xD;
------------------------- Debug Trace -------------------------&#xD;
 do - 
 do - 
</system-out>
      </testcase>
      <testcase time="0" name="TestDefaultVisibilityEmail"
                classname="iCRM.ViewModels.Test.EmailViewModelTest">
         <system-out>&#xD;
------------------------- Console Output -------------------------&#xD;
--------------------------------------
TEST CASE
ApplicationProfile : SOL
HasCustomer        : False
ASIEUser           : False
ASIERestriction    : True
ExpectedVisibility : MyTeam
CTCoverage         : False
CTPrivate          : False
CTPublic           : False

ResultingVisibility           : My Team
CTCoverage                    : False
CTPrivate                     : False
CTPublic                      : False
&#xD;
------------------------- Debug Trace -------------------------&#xD;
 do - 
 do - 
</system-out>
      </testcase>
      <testcase time="0" name="TestDefaultVisibilityEmail"
                classname="iCRM.ViewModels.Test.EmailViewModelTest">
         <system-out>&#xD;
------------------------- Console Output -------------------------&#xD;
--------------------------------------
TEST CASE
ApplicationProfile : LYXOR
HasCustomer        : False
ASIEUser           : False
ASIERestriction    : True
ExpectedVisibility : Confidential
CTCoverage         : False
CTPrivate          : False
CTPublic           : False

ResultingVisibility           : Confidential
CTCoverage                    : False
CTPrivate                     : False
CTPublic                      : False
&#xD;
------------------------- Debug Trace -------------------------&#xD;
 do - 
 do - 
</system-out>
      </testcase>
      <testcase time="0" name="TestDefaultVisibilityEmail"
                classname="iCRM.ViewModels.Test.EmailViewModelTest">
         <system-out>&#xD;
------------------------- Console Output -------------------------&#xD;
--------------------------------------
TEST CASE
ApplicationProfile : IFD
HasCustomer        : False
ASIEUser           : False
ASIERestriction    : True
ExpectedVisibility : MyTeam
CTCoverage         : False
CTPrivate          : False
CTPublic           : False

ResultingVisibility           : My Team
CTCoverage                    : False
CTPrivate                     : False
CTPublic                      : False
&#xD;
------------------------- Debug Trace -------------------------&#xD;
 do - 
 do - 
</system-out>
      </testcase>
      <testcase time="0" name="TestDefaultVisibilityEmail"
                classname="iCRM.ViewModels.Test.EmailViewModelTest">
         <system-out>&#xD;
------------------------- Console Output -------------------------&#xD;
--------------------------------------
TEST CASE
ApplicationProfile : CORI
HasCustomer        : False
ASIEUser           : False
ASIERestriction    : True
ExpectedVisibility : MyTeam
CTCoverage         : False
CTPrivate          : False
CTPublic           : False

ResultingVisibility           : My Team
CTCoverage                    : False
CTPrivate                     : False
CTPublic                      : False
&#xD;
------------------------- Debug Trace -------------------------&#xD;
 do - 
 do - 
</system-out>
      </testcase>
      <testcase time="0" name="TestDefaultVisibilityEmail"
                classname="iCRM.ViewModels.Test.EmailViewModelTest">
         <system-out>&#xD;
------------------------- Console Output -------------------------&#xD;
--------------------------------------
TEST CASE
ApplicationProfile : GLFI
HasCustomer        : False
ASIEUser           : False
ASIERestriction    : True
ExpectedVisibility : MyTeam
CTCoverage         : False
CTPrivate          : False
CTPublic           : False

ResultingVisibility           : My Team
CTCoverage                    : False
CTPrivate                     : False
CTPublic                      : False
&#xD;
------------------------- Debug Trace -------------------------&#xD;
 do - 
 do - 
</system-out>
      </testcase>
      <testcase time="0" name="TestDefaultVisibilityEmail"
                classname="iCRM.ViewModels.Test.EmailViewModelTest">
         <system-out>&#xD;
------------------------- Console Output -------------------------&#xD;
--------------------------------------
TEST CASE
ApplicationProfile : CTY
HasCustomer        : False
ASIEUser           : False
ASIERestriction    : True
ExpectedVisibility : MyTeam
CTCoverage         : False
CTPrivate          : False
CTPublic           : False

ResultingVisibility           : My Team
CTCoverage                    : False
CTPrivate                     : False
CTPublic                      : False
&#xD;
------------------------- Debug Trace -------------------------&#xD;
 do - 
 do - 
</system-out>
      </testcase>
   </testsuite>
   <testsuite skipped="0" failures="0" errors="0" time="0" tests="1"
              name="iCRM.ViewModels.Test.DealOwnerListViewModelTest">
      <testcase time="0" name="LazyLoadListItemsTest"
                classname="iCRM.ViewModels.Test.DealOwnerListViewModelTest"/>
   </testsuite>
   <testsuite skipped="0" failures="0" errors="0" time="0" tests="56"
              name="iCRM.ViewModels.Test.MeetingViewModelTest">
      <testcase time="0" name="TestDefaultVisibilityMeeting"
                classname="iCRM.ViewModels.Test.MeetingViewModelTest">
         <system-out>&#xD;
------------------------- Console Output -------------------------&#xD;
--------------------------------------
TEST CASE
ApplicationProfile : FIC
HasCustomer        : False
ASIEUser           : True
ASIERestriction    : False
ExpectedVisibility : MyTeam
CTCoverage         : False
CTPrivate          : False
CTPublic           : False

ResultingVisibility           : My Team
CTCoverage                    : False
CTPrivate                     : False
CTPublic                      : False
&#xD;
------------------------- Debug Trace -------------------------&#xD;
 do - 
 do - 
</system-out>
      </testcase>
      <testcase time="0" name="TestDefaultVisibilityMeeting"
                classname="iCRM.ViewModels.Test.MeetingViewModelTest">
         <system-out>&#xD;
------------------------- Console Output -------------------------&#xD;
--------------------------------------
TEST CASE
ApplicationProfile : SOL
HasCustomer        : False
ASIEUser           : True
ASIERestriction    : False
ExpectedVisibility : MyTeam
CTCoverage         : False
CTPrivate          : False
CTPublic           : False

ResultingVisibility           : My Team
CTCoverage                    : False
CTPrivate                     : False
CTPublic                      : False
&#xD;
------------------------- Debug Trace -------------------------&#xD;
 do - 
 do - 
</system-out>
      </testcase>
      <testcase time="0" name="TestDefaultVisibilityMeeting"
                classname="iCRM.ViewModels.Test.MeetingViewModelTest">
         <system-out>&#xD;
------------------------- Console Output -------------------------&#xD;
--------------------------------------
TEST CASE
ApplicationProfile : LYXOR
HasCustomer        : False
ASIEUser           : True
ASIERestriction    : False
ExpectedVisibility : Confidential
CTCoverage         : False
CTPrivate          : False
CTPublic           : False

ResultingVisibility           : Confidential
CTCoverage                    : False
CTPrivate                     : False
CTPublic                      : False
&#xD;
------------------------- Debug Trace -------------------------&#xD;
 do - 
 do - 
</system-out>
      </testcase>
      <testcase time="0" name="TestDefaultVisibilityMeeting"
                classname="iCRM.ViewModels.Test.MeetingViewModelTest">
         <system-out>&#xD;
------------------------- Console Output -------------------------&#xD;
--------------------------------------
TEST CASE
ApplicationProfile : IFD
HasCustomer        : False
ASIEUser           : True
ASIERestriction    : False
ExpectedVisibility : MyTeam
CTCoverage         : False
CTPrivate          : False
CTPublic           : False

ResultingVisibility           : My Team
CTCoverage                    : False
CTPrivate                     : False
CTPublic                      : False
&#xD;
------------------------- Debug Trace -------------------------&#xD;
 do - 
 do - 
</system-out>
      </testcase>
      <testcase time="0" name="TestDefaultVisibilityMeeting"
                classname="iCRM.ViewModels.Test.MeetingViewModelTest">
         <system-out>&#xD;
------------------------- Console Output -------------------------&#xD;
--------------------------------------
TEST CASE
ApplicationProfile : CORI
HasCustomer        : False
ASIEUser           : True
ASIERestriction    : False
ExpectedVisibility : MyTeam
CTCoverage         : False
CTPrivate          : False
CTPublic           : False

ResultingVisibility           : My Team
CTCoverage                    : False
CTPrivate                     : False
CTPublic                      : False
&#xD;
------------------------- Debug Trace -------------------------&#xD;
 do - 
 do - 
 do - 
 do - 
</system-out>
      </testcase>
      <testcase time="0" name="TestDefaultVisibilityMeeting"
                classname="iCRM.ViewModels.Test.MeetingViewModelTest">
         <system-out>&#xD;
------------------------- Console Output -------------------------&#xD;
--------------------------------------
TEST CASE
ApplicationProfile : GLFI
HasCustomer        : False
ASIEUser           : True
ASIERestriction    : False
ExpectedVisibility : MyTeam
CTCoverage         : False
CTPrivate          : False
CTPublic           : False

ResultingVisibility           : My Team
CTCoverage                    : False
CTPrivate                     : False
CTPublic                      : False
&#xD;
------------------------- Debug Trace -------------------------&#xD;
 do - 
 do - 
 do - 
 do - 
</system-out>
      </testcase>
      <testcase time="0" name="TestDefaultVisibilityMeeting"
                classname="iCRM.ViewModels.Test.MeetingViewModelTest">
         <system-out>&#xD;
------------------------- Console Output -------------------------&#xD;
--------------------------------------
TEST CASE
ApplicationProfile : CTY
HasCustomer        : False
ASIEUser           : True
ASIERestriction    : False
ExpectedVisibility : MyTeam
CTCoverage         : False
CTPrivate          : False
CTPublic           : False

ResultingVisibility           : My Team
CTCoverage                    : False
CTPrivate                     : False
CTPublic                      : False
&#xD;
------------------------- Debug Trace -------------------------&#xD;
 do - 
 do - 
</system-out>
      </testcase>
      <testcase time="0" name="TestDefaultVisibilityMeeting"
                classname="iCRM.ViewModels.Test.MeetingViewModelTest">
         <system-out>&#xD;
------------------------- Console Output -------------------------&#xD;
--------------------------------------
TEST CASE
ApplicationProfile : FIC
HasCustomer        : True
ASIEUser           : False
ASIERestriction    : False
ExpectedVisibility : MyTeam
CTCoverage         : False
CTPrivate          : False
CTPublic           : False

ResultingVisibility           : My Team
CTCoverage                    : False
CTPrivate                     : False
CTPublic                      : False
&#xD;
------------------------- Debug Trace -------------------------&#xD;
 do - 
 do - 
</system-out>
      </testcase>
      <testcase time="0" name="TestDefaultVisibilityMeeting"
                classname="iCRM.ViewModels.Test.MeetingViewModelTest">
         <system-out>&#xD;
------------------------- Console Output -------------------------&#xD;
--------------------------------------
TEST CASE
ApplicationProfile : SOL
HasCustomer        : True
ASIEUser           : False
ASIERestriction    : False
ExpectedVisibility : MyTeam
CTCoverage         : False
CTPrivate          : False
CTPublic           : False

ResultingVisibility           : My Team
CTCoverage                    : False
CTPrivate                     : False
CTPublic                      : False
&#xD;
------------------------- Debug Trace -------------------------&#xD;
 do - 
 do - 
</system-out>
      </testcase>
      <testcase time="0" name="TestDefaultVisibilityMeeting"
                classname="iCRM.ViewModels.Test.MeetingViewModelTest">
         <system-out>&#xD;
------------------------- Console Output -------------------------&#xD;
--------------------------------------
TEST CASE
ApplicationProfile : LYXOR
HasCustomer        : True
ASIEUser           : False
ASIERestriction    : False
ExpectedVisibility : Confidential
CTCoverage         : False
CTPrivate          : False
CTPublic           : False

ResultingVisibility           : Confidential
CTCoverage                    : False
CTPrivate                     : False
CTPublic                      : False
&#xD;
------------------------- Debug Trace -------------------------&#xD;
 do - 
 do - 
</system-out>
      </testcase>
      <testcase time="0" name="TestDefaultVisibilityMeeting"
                classname="iCRM.ViewModels.Test.MeetingViewModelTest">
         <system-out>&#xD;
------------------------- Console Output -------------------------&#xD;
--------------------------------------
TEST CASE
ApplicationProfile : IFD
HasCustomer        : True
ASIEUser           : False
ASIERestriction    : False
ExpectedVisibility : MyTeam
CTCoverage         : False
CTPrivate          : False
CTPublic           : False

ResultingVisibility           : My Team
CTCoverage                    : False
CTPrivate                     : False
CTPublic                      : False
&#xD;
------------------------- Debug Trace -------------------------&#xD;
 do - 
 do - 
</system-out>
      </testcase>
      <testcase time="0" name="TestDefaultVisibilityMeeting"
                classname="iCRM.ViewModels.Test.MeetingViewModelTest">
         <system-out>&#xD;
------------------------- Console Output -------------------------&#xD;
--------------------------------------
TEST CASE
ApplicationProfile : CORI
HasCustomer        : True
ASIEUser           : False
ASIERestriction    : False
ExpectedVisibility : ClientTeam
CTCoverage         : True
CTPrivate          : False
CTPublic           : False

ResultingVisibility           : Client Team
CTCoverage                    : True
CTPrivate                     : False
CTPublic                      : False
&#xD;
------------------------- Debug Trace -------------------------&#xD;
 do - 
 do - 
 do - 
</system-out>
      </testcase>
      <testcase time="0" name="TestDefaultVisibilityMeeting"
                classname="iCRM.ViewModels.Test.MeetingViewModelTest">
         <system-out>&#xD;
------------------------- Console Output -------------------------&#xD;
--------------------------------------
TEST CASE
ApplicationProfile : GLFI
HasCustomer        : True
ASIEUser           : False
ASIERestriction    : False
ExpectedVisibility : ClientTeam
CTCoverage         : True
CTPrivate          : False
CTPublic           : False

ResultingVisibility           : Client Team
CTCoverage                    : True
CTPrivate                     : False
CTPublic                      : False
&#xD;
------------------------- Debug Trace -------------------------&#xD;
 do - 
 do - 
 do - 
</system-out>
      </testcase>
      <testcase time="0" name="TestDefaultVisibilityMeeting"
                classname="iCRM.ViewModels.Test.MeetingViewModelTest">
         <system-out>&#xD;
------------------------- Console Output -------------------------&#xD;
--------------------------------------
TEST CASE
ApplicationProfile : CTY
HasCustomer        : True
ASIEUser           : False
ASIERestriction    : False
ExpectedVisibility : MyTeam
CTCoverage         : False
CTPrivate          : False
CTPublic           : False

ResultingVisibility           : My Team
CTCoverage                    : False
CTPrivate                     : False
CTPublic                      : False
&#xD;
------------------------- Debug Trace -------------------------&#xD;
 do - 
 do - 
</system-out>
      </testcase>
      <testcase time="0" name="TestDefaultVisibilityMeeting"
                classname="iCRM.ViewModels.Test.MeetingViewModelTest">
         <system-out>&#xD;
------------------------- Console Output -------------------------&#xD;
--------------------------------------
TEST CASE
ApplicationProfile : FIC
HasCustomer        : True
ASIEUser           : True
ASIERestriction    : False
ExpectedVisibility : MyTeam
CTCoverage         : False
CTPrivate          : False
CTPublic           : False

ResultingVisibility           : My Team
CTCoverage                    : False
CTPrivate                     : False
CTPublic                      : False
&#xD;
------------------------- Debug Trace -------------------------&#xD;
 do - 
 do - 
</system-out>
      </testcase>
      <testcase time="0" name="TestDefaultVisibilityMeeting"
                classname="iCRM.ViewModels.Test.MeetingViewModelTest">
         <system-out>&#xD;
------------------------- Console Output -------------------------&#xD;
--------------------------------------
TEST CASE
ApplicationProfile : SOL
HasCustomer        : True
ASIEUser           : True
ASIERestriction    : False
ExpectedVisibility : MyTeam
CTCoverage         : False
CTPrivate          : False
CTPublic           : False

ResultingVisibility           : My Team
CTCoverage                    : False
CTPrivate                     : False
CTPublic                      : False
&#xD;
------------------------- Debug Trace -------------------------&#xD;
 do - 
 do - 
</system-out>
      </testcase>
      <testcase time="0" name="TestDefaultVisibilityMeeting"
                classname="iCRM.ViewModels.Test.MeetingViewModelTest">
         <system-out>&#xD;
------------------------- Console Output -------------------------&#xD;
--------------------------------------
TEST CASE
ApplicationProfile : LYXOR
HasCustomer        : True
ASIEUser           : True
ASIERestriction    : False
ExpectedVisibility : Confidential
CTCoverage         : False
CTPrivate          : False
CTPublic           : False

ResultingVisibility           : Confidential
CTCoverage                    : False
CTPrivate                     : False
CTPublic                      : False
&#xD;
------------------------- Debug Trace -------------------------&#xD;
 do - 
 do - 
</system-out>
      </testcase>
      <testcase time="0" name="TestDefaultVisibilityMeeting"
                classname="iCRM.ViewModels.Test.MeetingViewModelTest">
         <system-out>&#xD;
------------------------- Console Output -------------------------&#xD;
--------------------------------------
TEST CASE
ApplicationProfile : IFD
HasCustomer        : True
ASIEUser           : True
ASIERestriction    : False
ExpectedVisibility : MyTeam
CTCoverage         : False
CTPrivate          : False
CTPublic           : False

ResultingVisibility           : My Team
CTCoverage                    : False
CTPrivate                     : False
CTPublic                      : False
&#xD;
------------------------- Debug Trace -------------------------&#xD;
 do - 
 do - 
</system-out>
      </testcase>
      <testcase time="0" name="TestDefaultVisibilityMeeting"
                classname="iCRM.ViewModels.Test.MeetingViewModelTest">
         <system-out>&#xD;
------------------------- Console Output -------------------------&#xD;
--------------------------------------
TEST CASE
ApplicationProfile : CORI
HasCustomer        : True
ASIEUser           : True
ASIERestriction    : False
ExpectedVisibility : ClientTeam
CTCoverage         : True
CTPrivate          : False
CTPublic           : False

ResultingVisibility           : Client Team
CTCoverage                    : True
CTPrivate                     : False
CTPublic                      : False
&#xD;
------------------------- Debug Trace -------------------------&#xD;
 do - 
 do - 
 do - 
</system-out>
      </testcase>
      <testcase time="0" name="TestDefaultVisibilityMeeting"
                classname="iCRM.ViewModels.Test.MeetingViewModelTest">
         <system-out>&#xD;
------------------------- Console Output -------------------------&#xD;
--------------------------------------
TEST CASE
ApplicationProfile : GLFI
HasCustomer        : True
ASIEUser           : True
ASIERestriction    : False
ExpectedVisibility : ClientTeam
CTCoverage         : True
CTPrivate          : False
CTPublic           : False

ResultingVisibility           : Client Team
CTCoverage                    : True
CTPrivate                     : False
CTPublic                      : False
&#xD;
------------------------- Debug Trace -------------------------&#xD;
 do - 
 do - 
 do - 
</system-out>
      </testcase>
      <testcase time="0" name="TestDefaultVisibilityMeeting"
                classname="iCRM.ViewModels.Test.MeetingViewModelTest">
         <system-out>&#xD;
------------------------- Console Output -------------------------&#xD;
--------------------------------------
TEST CASE
ApplicationProfile : CTY
HasCustomer        : True
ASIEUser           : True
ASIERestriction    : False
ExpectedVisibility : MyTeam
CTCoverage         : False
CTPrivate          : False
CTPublic           : False

ResultingVisibility           : My Team
CTCoverage                    : False
CTPrivate                     : False
CTPublic                      : False
&#xD;
------------------------- Debug Trace -------------------------&#xD;
 do - 
 do - 
</system-out>
      </testcase>
      <testcase time="0" name="TestDefaultVisibilityMeeting"
                classname="iCRM.ViewModels.Test.MeetingViewModelTest">
         <system-out>&#xD;
------------------------- Console Output -------------------------&#xD;
--------------------------------------
TEST CASE
ApplicationProfile : FIC
HasCustomer        : False
ASIEUser           : False
ASIERestriction    : False
ExpectedVisibility : MyTeam
CTCoverage         : False
CTPrivate          : False
CTPublic           : False

ResultingVisibility           : My Team
CTCoverage                    : False
CTPrivate                     : False
CTPublic                      : False
&#xD;
------------------------- Debug Trace -------------------------&#xD;
 do - 
 do - 
</system-out>
      </testcase>
      <testcase time="0" name="TestDefaultVisibilityMeeting"
                classname="iCRM.ViewModels.Test.MeetingViewModelTest">
         <system-out>&#xD;
------------------------- Console Output -------------------------&#xD;
--------------------------------------
TEST CASE
ApplicationProfile : SOL
HasCustomer        : False
ASIEUser           : False
ASIERestriction    : False
ExpectedVisibility : MyTeam
CTCoverage         : False
CTPrivate          : False
CTPublic           : False

ResultingVisibility           : My Team
CTCoverage                    : False
CTPrivate                     : False
CTPublic                      : False
&#xD;
------------------------- Debug Trace -------------------------&#xD;
 do - 
 do - 
</system-out>
      </testcase>
      <testcase time="0" name="TestDefaultVisibilityMeeting"
                classname="iCRM.ViewModels.Test.MeetingViewModelTest">
         <system-out>&#xD;
------------------------- Console Output -------------------------&#xD;
--------------------------------------
TEST CASE
ApplicationProfile : LYXOR
HasCustomer        : False
ASIEUser           : False
ASIERestriction    : False
ExpectedVisibility : Confidential
CTCoverage         : False
CTPrivate          : False
CTPublic           : False

ResultingVisibility           : Confidential
CTCoverage                    : False
CTPrivate                     : False
CTPublic                      : False
&#xD;
------------------------- Debug Trace -------------------------&#xD;
 do - 
 do - 
</system-out>
      </testcase>
      <testcase time="0" name="TestDefaultVisibilityMeeting"
                classname="iCRM.ViewModels.Test.MeetingViewModelTest">
         <system-out>&#xD;
------------------------- Console Output -------------------------&#xD;
--------------------------------------
TEST CASE
ApplicationProfile : IFD
HasCustomer        : False
ASIEUser           : False
ASIERestriction    : False
ExpectedVisibility : MyTeam
CTCoverage         : False
CTPrivate          : False
CTPublic           : False

ResultingVisibility           : My Team
CTCoverage                    : False
CTPrivate                     : False
CTPublic                      : False
&#xD;
------------------------- Debug Trace -------------------------&#xD;
 do - 
 do - 
</system-out>
      </testcase>
      <testcase time="0" name="TestDefaultVisibilityMeeting"
                classname="iCRM.ViewModels.Test.MeetingViewModelTest">
         <system-out>&#xD;
------------------------- Console Output -------------------------&#xD;
--------------------------------------
TEST CASE
ApplicationProfile : CORI
HasCustomer        : False
ASIEUser           : False
ASIERestriction    : False
ExpectedVisibility : Public
CTCoverage         : False
CTPrivate          : False
CTPublic           : False

ResultingVisibility           : Public
CTCoverage                    : False
CTPrivate                     : False
CTPublic                      : False
&#xD;
------------------------- Debug Trace -------------------------&#xD;
 do - 
 do - 
</system-out>
      </testcase>
      <testcase time="0" name="TestDefaultVisibilityMeeting"
                classname="iCRM.ViewModels.Test.MeetingViewModelTest">
         <system-out>&#xD;
------------------------- Console Output -------------------------&#xD;
--------------------------------------
TEST CASE
ApplicationProfile : GLFI
HasCustomer        : False
ASIEUser           : False
ASIERestriction    : False
ExpectedVisibility : Public
CTCoverage         : False
CTPrivate          : False
CTPublic           : False

ResultingVisibility           : Public
CTCoverage                    : False
CTPrivate                     : False
CTPublic                      : False
&#xD;
------------------------- Debug Trace -------------------------&#xD;
 do - 
 do - 
</system-out>
      </testcase>
      <testcase time="0" name="TestDefaultVisibilityMeeting"
                classname="iCRM.ViewModels.Test.MeetingViewModelTest">
         <system-out>&#xD;
------------------------- Console Output -------------------------&#xD;
--------------------------------------
TEST CASE
ApplicationProfile : CTY
HasCustomer        : False
ASIEUser           : False
ASIERestriction    : False
ExpectedVisibility : MyTeam
CTCoverage         : False
CTPrivate          : False
CTPublic           : False

ResultingVisibility           : My Team
CTCoverage                    : False
CTPrivate                     : False
CTPublic                      : False
&#xD;
------------------------- Debug Trace -------------------------&#xD;
 do - 
 do - 
</system-out>
      </testcase>
      <testcase time="0" name="TestDefaultVisibilityMeeting"
                classname="iCRM.ViewModels.Test.MeetingViewModelTest">
         <system-out>&#xD;
------------------------- Console Output -------------------------&#xD;
--------------------------------------
TEST CASE
ApplicationProfile : FIC
HasCustomer        : False
ASIEUser           : True
ASIERestriction    : True
ExpectedVisibility : MyTeam
CTCoverage         : False
CTPrivate          : False
CTPublic           : False

ResultingVisibility           : My Team
CTCoverage                    : False
CTPrivate                     : False
CTPublic                      : False
&#xD;
------------------------- Debug Trace -------------------------&#xD;
 do - 
 do - 
</system-out>
      </testcase>
      <testcase time="0" name="TestDefaultVisibilityMeeting"
                classname="iCRM.ViewModels.Test.MeetingViewModelTest">
         <system-out>&#xD;
------------------------- Console Output -------------------------&#xD;
--------------------------------------
TEST CASE
ApplicationProfile : SOL
HasCustomer        : False
ASIEUser           : True
ASIERestriction    : True
ExpectedVisibility : MyTeam
CTCoverage         : False
CTPrivate          : False
CTPublic           : False

ResultingVisibility           : My Team
CTCoverage                    : False
CTPrivate                     : False
CTPublic                      : False
&#xD;
------------------------- Debug Trace -------------------------&#xD;
 do - 
 do - 
</system-out>
      </testcase>
      <testcase time="0" name="TestDefaultVisibilityMeeting"
                classname="iCRM.ViewModels.Test.MeetingViewModelTest">
         <system-out>&#xD;
------------------------- Console Output -------------------------&#xD;
--------------------------------------
TEST CASE
ApplicationProfile : LYXOR
HasCustomer        : False
ASIEUser           : True
ASIERestriction    : True
ExpectedVisibility : Confidential
CTCoverage         : False
CTPrivate          : False
CTPublic           : False

ResultingVisibility           : Confidential
CTCoverage                    : False
CTPrivate                     : False
CTPublic                      : False
&#xD;
------------------------- Debug Trace -------------------------&#xD;
 do - 
 do - 
</system-out>
      </testcase>
      <testcase time="0" name="TestDefaultVisibilityMeeting"
                classname="iCRM.ViewModels.Test.MeetingViewModelTest">
         <system-out>&#xD;
------------------------- Console Output -------------------------&#xD;
--------------------------------------
TEST CASE
ApplicationProfile : IFD
HasCustomer        : False
ASIEUser           : True
ASIERestriction    : True
ExpectedVisibility : MyTeam
CTCoverage         : False
CTPrivate          : False
CTPublic           : False

ResultingVisibility           : My Team
CTCoverage                    : False
CTPrivate                     : False
CTPublic                      : False
&#xD;
------------------------- Debug Trace -------------------------&#xD;
 do - 
 do - 
</system-out>
      </testcase>
      <testcase time="0" name="TestDefaultVisibilityMeeting"
                classname="iCRM.ViewModels.Test.MeetingViewModelTest">
         <system-out>&#xD;
------------------------- Console Output -------------------------&#xD;
--------------------------------------
TEST CASE
ApplicationProfile : CORI
HasCustomer        : False
ASIEUser           : True
ASIERestriction    : True
ExpectedVisibility : MyTeam
CTCoverage         : False
CTPrivate          : False
CTPublic           : False

ResultingVisibility           : My Team
CTCoverage                    : False
CTPrivate                     : False
CTPublic                      : False
&#xD;
------------------------- Debug Trace -------------------------&#xD;
 do - 
 do - 
</system-out>
      </testcase>
      <testcase time="0" name="TestDefaultVisibilityMeeting"
                classname="iCRM.ViewModels.Test.MeetingViewModelTest">
         <system-out>&#xD;
------------------------- Console Output -------------------------&#xD;
--------------------------------------
TEST CASE
ApplicationProfile : GLFI
HasCustomer        : False
ASIEUser           : True
ASIERestriction    : True
ExpectedVisibility : MyTeam
CTCoverage         : False
CTPrivate          : False
CTPublic           : False

ResultingVisibility           : My Team
CTCoverage                    : False
CTPrivate                     : False
CTPublic                      : False
&#xD;
------------------------- Debug Trace -------------------------&#xD;
 do - 
 do - 
</system-out>
      </testcase>
      <testcase time="0" name="TestDefaultVisibilityMeeting"
                classname="iCRM.ViewModels.Test.MeetingViewModelTest">
         <system-out>&#xD;
------------------------- Console Output -------------------------&#xD;
--------------------------------------
TEST CASE
ApplicationProfile : CTY
HasCustomer        : False
ASIEUser           : True
ASIERestriction    : True
ExpectedVisibility : MyTeam
CTCoverage         : False
CTPrivate          : False
CTPublic           : False

ResultingVisibility           : My Team
CTCoverage                    : False
CTPrivate                     : False
CTPublic                      : False
&#xD;
------------------------- Debug Trace -------------------------&#xD;
 do - 
 do - 
</system-out>
      </testcase>
      <testcase time="0" name="TestDefaultVisibilityMeeting"
                classname="iCRM.ViewModels.Test.MeetingViewModelTest">
         <system-out>&#xD;
------------------------- Console Output -------------------------&#xD;
--------------------------------------
TEST CASE
ApplicationProfile : FIC
HasCustomer        : True
ASIEUser           : False
ASIERestriction    : True
ExpectedVisibility : MyTeam
CTCoverage         : False
CTPrivate          : False
CTPublic           : False

ResultingVisibility           : My Team
CTCoverage                    : False
CTPrivate                     : False
CTPublic                      : False
&#xD;
------------------------- Debug Trace -------------------------&#xD;
 do - 
 do - 
</system-out>
      </testcase>
      <testcase time="0" name="TestDefaultVisibilityMeeting"
                classname="iCRM.ViewModels.Test.MeetingViewModelTest">
         <system-out>&#xD;
------------------------- Console Output -------------------------&#xD;
--------------------------------------
TEST CASE
ApplicationProfile : SOL
HasCustomer        : True
ASIEUser           : False
ASIERestriction    : True
ExpectedVisibility : MyTeam
CTCoverage         : False
CTPrivate          : False
CTPublic           : False

ResultingVisibility           : My Team
CTCoverage                    : False
CTPrivate                     : False
CTPublic                      : False
&#xD;
------------------------- Debug Trace -------------------------&#xD;
 do - 
 do - 
</system-out>
      </testcase>
      <testcase time="0" name="TestDefaultVisibilityMeeting"
                classname="iCRM.ViewModels.Test.MeetingViewModelTest">
         <system-out>&#xD;
------------------------- Console Output -------------------------&#xD;
--------------------------------------
TEST CASE
ApplicationProfile : LYXOR
HasCustomer        : True
ASIEUser           : False
ASIERestriction    : True
ExpectedVisibility : Confidential
CTCoverage         : False
CTPrivate          : False
CTPublic           : False

ResultingVisibility           : Confidential
CTCoverage                    : False
CTPrivate                     : False
CTPublic                      : False
&#xD;
------------------------- Debug Trace -------------------------&#xD;
 do - 
 do - 
</system-out>
      </testcase>
      <testcase time="0" name="TestDefaultVisibilityMeeting"
                classname="iCRM.ViewModels.Test.MeetingViewModelTest">
         <system-out>&#xD;
------------------------- Console Output -------------------------&#xD;
--------------------------------------
TEST CASE
ApplicationProfile : IFD
HasCustomer        : True
ASIEUser           : False
ASIERestriction    : True
ExpectedVisibility : MyTeam
CTCoverage         : False
CTPrivate          : False
CTPublic           : False

ResultingVisibility           : My Team
CTCoverage                    : False
CTPrivate                     : False
CTPublic                      : False
&#xD;
------------------------- Debug Trace -------------------------&#xD;
 do - 
 do - 
</system-out>
      </testcase>
      <testcase time="0" name="TestDefaultVisibilityMeeting"
                classname="iCRM.ViewModels.Test.MeetingViewModelTest">
         <system-out>&#xD;
------------------------- Console Output -------------------------&#xD;
--------------------------------------
TEST CASE
ApplicationProfile : CORI
HasCustomer        : True
ASIEUser           : False
ASIERestriction    : True
ExpectedVisibility : MyTeam
CTCoverage         : False
CTPrivate          : False
CTPublic           : False

ResultingVisibility           : My Team
CTCoverage                    : False
CTPrivate                     : False
CTPublic                      : False
&#xD;
------------------------- Debug Trace -------------------------&#xD;
 do - 
 do - 
</system-out>
      </testcase>
      <testcase time="0" name="TestDefaultVisibilityMeeting"
                classname="iCRM.ViewModels.Test.MeetingViewModelTest">
         <system-out>&#xD;
------------------------- Console Output -------------------------&#xD;
--------------------------------------
TEST CASE
ApplicationProfile : GLFI
HasCustomer        : True
ASIEUser           : False
ASIERestriction    : True
ExpectedVisibility : MyTeam
CTCoverage         : False
CTPrivate          : False
CTPublic           : False

ResultingVisibility           : My Team
CTCoverage                    : False
CTPrivate                     : False
CTPublic                      : False
&#xD;
------------------------- Debug Trace -------------------------&#xD;
 do - 
 do - 
</system-out>
      </testcase>
      <testcase time="0" name="TestDefaultVisibilityMeeting"
                classname="iCRM.ViewModels.Test.MeetingViewModelTest">
         <system-out>&#xD;
------------------------- Console Output -------------------------&#xD;
--------------------------------------
TEST CASE
ApplicationProfile : CTY
HasCustomer        : True
ASIEUser           : False
ASIERestriction    : True
ExpectedVisibility : MyTeam
CTCoverage         : False
CTPrivate          : False
CTPublic           : False

ResultingVisibility           : My Team
CTCoverage                    : False
CTPrivate                     : False
CTPublic                      : False
&#xD;
------------------------- Debug Trace -------------------------&#xD;
 do - 
 do - 
</system-out>
      </testcase>
      <testcase time="0" name="TestDefaultVisibilityMeeting"
                classname="iCRM.ViewModels.Test.MeetingViewModelTest">
         <system-out>&#xD;
------------------------- Console Output -------------------------&#xD;
--------------------------------------
TEST CASE
ApplicationProfile : FIC
HasCustomer        : True
ASIEUser           : True
ASIERestriction    : True
ExpectedVisibility : MyTeam
CTCoverage         : False
CTPrivate          : False
CTPublic           : False

ResultingVisibility           : My Team
CTCoverage                    : False
CTPrivate                     : False
CTPublic                      : False
&#xD;
------------------------- Debug Trace -------------------------&#xD;
 do - 
 do - 
</system-out>
      </testcase>
      <testcase time="0" name="TestDefaultVisibilityMeeting"
                classname="iCRM.ViewModels.Test.MeetingViewModelTest">
         <system-out>&#xD;
------------------------- Console Output -------------------------&#xD;
--------------------------------------
TEST CASE
ApplicationProfile : SOL
HasCustomer        : True
ASIEUser           : True
ASIERestriction    : True
ExpectedVisibility : MyTeam
CTCoverage         : False
CTPrivate          : False
CTPublic           : False

ResultingVisibility           : My Team
CTCoverage                    : False
CTPrivate                     : False
CTPublic                      : False
&#xD;
------------------------- Debug Trace -------------------------&#xD;
 do - 
 do - 
</system-out>
      </testcase>
      <testcase time="0" name="TestDefaultVisibilityMeeting"
                classname="iCRM.ViewModels.Test.MeetingViewModelTest">
         <system-out>&#xD;
------------------------- Console Output -------------------------&#xD;
--------------------------------------
TEST CASE
ApplicationProfile : LYXOR
HasCustomer        : True
ASIEUser           : True
ASIERestriction    : True
ExpectedVisibility : Confidential
CTCoverage         : False
CTPrivate          : False
CTPublic           : False

ResultingVisibility           : Confidential
CTCoverage                    : False
CTPrivate                     : False
CTPublic                      : False
&#xD;
------------------------- Debug Trace -------------------------&#xD;
 do - 
 do - 
</system-out>
      </testcase>
      <testcase time="0" name="TestDefaultVisibilityMeeting"
                classname="iCRM.ViewModels.Test.MeetingViewModelTest">
         <system-out>&#xD;
------------------------- Console Output -------------------------&#xD;
--------------------------------------
TEST CASE
ApplicationProfile : IFD
HasCustomer        : True
ASIEUser           : True
ASIERestriction    : True
ExpectedVisibility : MyTeam
CTCoverage         : False
CTPrivate          : False
CTPublic           : False

ResultingVisibility           : My Team
CTCoverage                    : False
CTPrivate                     : False
CTPublic                      : False
&#xD;
------------------------- Debug Trace -------------------------&#xD;
 do - 
 do - 
</system-out>
      </testcase>
      <testcase time="0" name="TestDefaultVisibilityMeeting"
                classname="iCRM.ViewModels.Test.MeetingViewModelTest">
         <system-out>&#xD;
------------------------- Console Output -------------------------&#xD;
--------------------------------------
TEST CASE
ApplicationProfile : CORI
HasCustomer        : True
ASIEUser           : True
ASIERestriction    : True
ExpectedVisibility : MyTeam
CTCoverage         : False
CTPrivate          : False
CTPublic           : False

ResultingVisibility           : My Team
CTCoverage                    : False
CTPrivate                     : False
CTPublic                      : False
&#xD;
------------------------- Debug Trace -------------------------&#xD;
 do - 
 do - 
</system-out>
      </testcase>
      <testcase time="0" name="TestDefaultVisibilityMeeting"
                classname="iCRM.ViewModels.Test.MeetingViewModelTest">
         <system-out>&#xD;
------------------------- Console Output -------------------------&#xD;
--------------------------------------
TEST CASE
ApplicationProfile : GLFI
HasCustomer        : True
ASIEUser           : True
ASIERestriction    : True
ExpectedVisibility : MyTeam
CTCoverage         : False
CTPrivate          : False
CTPublic           : False

ResultingVisibility           : My Team
CTCoverage                    : False
CTPrivate                     : False
CTPublic                      : False
&#xD;
------------------------- Debug Trace -------------------------&#xD;
 do - 
 do - 
</system-out>
      </testcase>
      <testcase time="0" name="TestDefaultVisibilityMeeting"
                classname="iCRM.ViewModels.Test.MeetingViewModelTest">
         <system-out>&#xD;
------------------------- Console Output -------------------------&#xD;
--------------------------------------
TEST CASE
ApplicationProfile : CTY
HasCustomer        : True
ASIEUser           : True
ASIERestriction    : True
ExpectedVisibility : MyTeam
CTCoverage         : False
CTPrivate          : False
CTPublic           : False

ResultingVisibility           : My Team
CTCoverage                    : False
CTPrivate                     : False
CTPublic                      : False
&#xD;
------------------------- Debug Trace -------------------------&#xD;
 do - 
 do - 
</system-out>
      </testcase>
      <testcase time="0" name="TestDefaultVisibilityMeeting"
                classname="iCRM.ViewModels.Test.MeetingViewModelTest">
         <system-out>&#xD;
------------------------- Console Output -------------------------&#xD;
--------------------------------------
TEST CASE
ApplicationProfile : FIC
HasCustomer        : False
ASIEUser           : False
ASIERestriction    : True
ExpectedVisibility : MyTeam
CTCoverage         : False
CTPrivate          : False
CTPublic           : False

ResultingVisibility           : My Team
CTCoverage                    : False
CTPrivate                     : False
CTPublic                      : False
&#xD;
------------------------- Debug Trace -------------------------&#xD;
 do - 
 do - 
</system-out>
      </testcase>
      <testcase time="0" name="TestDefaultVisibilityMeeting"
                classname="iCRM.ViewModels.Test.MeetingViewModelTest">
         <system-out>&#xD;
------------------------- Console Output -------------------------&#xD;
--------------------------------------
TEST CASE
ApplicationProfile : SOL
HasCustomer        : False
ASIEUser           : False
ASIERestriction    : True
ExpectedVisibility : MyTeam
CTCoverage         : False
CTPrivate          : False
CTPublic           : False

ResultingVisibility           : My Team
CTCoverage                    : False
CTPrivate                     : False
CTPublic                      : False
&#xD;
------------------------- Debug Trace -------------------------&#xD;
 do - 
 do - 
</system-out>
      </testcase>
      <testcase time="0" name="TestDefaultVisibilityMeeting"
                classname="iCRM.ViewModels.Test.MeetingViewModelTest">
         <system-out>&#xD;
------------------------- Console Output -------------------------&#xD;
--------------------------------------
TEST CASE
ApplicationProfile : LYXOR
HasCustomer        : False
ASIEUser           : False
ASIERestriction    : True
ExpectedVisibility : Confidential
CTCoverage         : False
CTPrivate          : False
CTPublic           : False

ResultingVisibility           : Confidential
CTCoverage                    : False
CTPrivate                     : False
CTPublic                      : False
&#xD;
------------------------- Debug Trace -------------------------&#xD;
 do - 
 do - 
</system-out>
      </testcase>
      <testcase time="0" name="TestDefaultVisibilityMeeting"
                classname="iCRM.ViewModels.Test.MeetingViewModelTest">
         <system-out>&#xD;
------------------------- Console Output -------------------------&#xD;
--------------------------------------
TEST CASE
ApplicationProfile : IFD
HasCustomer        : False
ASIEUser           : False
ASIERestriction    : True
ExpectedVisibility : MyTeam
CTCoverage         : False
CTPrivate          : False
CTPublic           : False

ResultingVisibility           : My Team
CTCoverage                    : False
CTPrivate                     : False
CTPublic                      : False
&#xD;
------------------------- Debug Trace -------------------------&#xD;
 do - 
 do - 
</system-out>
      </testcase>
      <testcase time="0" name="TestDefaultVisibilityMeeting"
                classname="iCRM.ViewModels.Test.MeetingViewModelTest">
         <system-out>&#xD;
------------------------- Console Output -------------------------&#xD;
--------------------------------------
TEST CASE
ApplicationProfile : CORI
HasCustomer        : False
ASIEUser           : False
ASIERestriction    : True
ExpectedVisibility : MyTeam
CTCoverage         : False
CTPrivate          : False
CTPublic           : False

ResultingVisibility           : My Team
CTCoverage                    : False
CTPrivate                     : False
CTPublic                      : False
&#xD;
------------------------- Debug Trace -------------------------&#xD;
 do - 
 do - 
</system-out>
      </testcase>
      <testcase time="0" name="TestDefaultVisibilityMeeting"
                classname="iCRM.ViewModels.Test.MeetingViewModelTest">
         <system-out>&#xD;
------------------------- Console Output -------------------------&#xD;
--------------------------------------
TEST CASE
ApplicationProfile : GLFI
HasCustomer        : False
ASIEUser           : False
ASIERestriction    : True
ExpectedVisibility : MyTeam
CTCoverage         : False
CTPrivate          : False
CTPublic           : False

ResultingVisibility           : My Team
CTCoverage                    : False
CTPrivate                     : False
CTPublic                      : False
&#xD;
------------------------- Debug Trace -------------------------&#xD;
 do - 
 do - 
</system-out>
      </testcase>
      <testcase time="0" name="TestDefaultVisibilityMeeting"
                classname="iCRM.ViewModels.Test.MeetingViewModelTest">
         <system-out>&#xD;
------------------------- Console Output -------------------------&#xD;
--------------------------------------
TEST CASE
ApplicationProfile : CTY
HasCustomer        : False
ASIEUser           : False
ASIERestriction    : True
ExpectedVisibility : MyTeam
CTCoverage         : False
CTPrivate          : False
CTPublic           : False

ResultingVisibility           : My Team
CTCoverage                    : False
CTPrivate                     : False
CTPublic                      : False
&#xD;
------------------------- Debug Trace -------------------------&#xD;
 do - 
 do - 
</system-out>
      </testcase>
   </testsuite>
   <testsuite skipped="0" failures="0" errors="0" time="0" tests="2"
              name="iCRM.ViewModels.Test.MeetingViewModelTest">
      <testcase time="0" name="CreateMeetingTest"
                classname="iCRM.ViewModels.Test.MeetingViewModelTest"/>
   </testsuite>
   <testsuite skipped="0" failures="0" errors="0" time="0" tests="2"
              name="iCRM.ViewModels.Test.MinutesDataTest">
      <testcase time="0" name="AvailableVisibilityTest"
                classname="iCRM.ViewModels.Test.MinutesDataTest"/>
      <testcase time="0" name="MinutesDataConstructorTest"
                classname="iCRM.ViewModels.Test.MinutesDataTest"/>
   </testsuite>
   <testsuite skipped="0" failures="0" errors="0" time="0" tests="2"
              name="iCRM.ViewModels.Test.PnLListViewModelTest">
      <testcase time="0" name="SimplePnLListViewModelTest"
                classname="iCRM.ViewModels.Test.PnLListViewModelTest"/>
      <testcase time="0" name="ValidateChoosePnLClientCommand"
                classname="iCRM.ViewModels.Test.PnLListViewModelTest"/>
   </testsuite>
   <testsuite skipped="0" failures="0" errors="0" time="0" tests="4"
              name="iCRM.ViewModels.Test.QuickSearchViewModelTest">
      <testcase time="0" name="AutoCompletePredicateTest"
                classname="iCRM.ViewModels.Test.QuickSearchViewModelTest"/>
      <testcase time="0" name="QuickSearchViewModelCtor"
                classname="iCRM.ViewModels.Test.QuickSearchViewModelTest"/>
      <testcase time="0" name="DoSearchCommandTest"
                classname="iCRM.ViewModels.Test.QuickSearchViewModelTest"/>
      <testcase time="0" name="AutoCompleteSearchCommandTest"
                classname="iCRM.ViewModels.Test.QuickSearchViewModelTest"/>
   </testsuite>
   <testsuite skipped="0" failures="0" errors="0" time="0" tests="1"
              name="iCRM.ViewModels.Test.Modules.Shell.ShellViewModelTest">
      <testcase time="0" name="TestShellViewModel"
                classname="iCRM.ViewModels.Test.Modules.Shell.ShellViewModelTest"/>
   </testsuite>
   <testsuite skipped="0" failures="0" errors="0" time="0" tests="3"
              name="iCRM.ViewModels.Test.DocumentDataTest">
      <testcase time="0" name="AvailableOtherDocumentTypesTest"
                classname="iCRM.ViewModels.Test.DocumentDataTest"/>
      <testcase time="0" name="AvailableDocumentTypesTest"
                classname="iCRM.ViewModels.Test.DocumentDataTest"/>
      <testcase time="0" name="DocumentDataConstructorTest"
                classname="iCRM.ViewModels.Test.DocumentDataTest"/>
   </testsuite>
   <testsuite skipped="0" failures="0" errors="0" time="0" tests="1"
              name="iCRM.ViewModels.Test.ContactDocumentViewModelTest">
      <testcase time="0" name="TestDefaultVisibilityContactDocument"
                classname="iCRM.ViewModels.Test.ContactDocumentViewModelTest">
         <system-out>&#xD;
------------------------- Console Output -------------------------&#xD;
--------------------------------------
TEST CASE
ApplicationProfile : SOL
ASIEUser           : True
ASIERestriction    : True
ExpectedVisibility : myteam
CTCoverage         : False
CTPrivate          : False
CTPublic           : False

ResultingVisibility           : My Team
CTCoverage                    : False
CTPrivate                     : False
CTPublic                      : False
&#xD;
------------------------- Debug Trace -------------------------&#xD;
 do - 
 do - 
 do - 
 do - 
</system-out>
      </testcase>
   </testsuite>
   <testsuite skipped="0" failures="0" errors="0" time="0" tests="2"
              name="iCRM.ViewModels.Test.ContactDocumentViewModelTest">
      <testcase time="0" name="TestDefaultVisibilityUnitaire"
                classname="iCRM.ViewModels.Test.ContactDocumentViewModelTest">
         <system-out>&#xD;
------------------------- Console Output -------------------------&#xD;
--------------------------------------
TEST CASE
ApplicationProfile : SOL
ASIEUser           : True
ASIERestriction    : True
ExpectedVisibility : myteam
CTCoverage         : False
CTPrivate          : False
CTPublic           : False

ResultingVisibility           : My Team
CTCoverage                    : False
CTPrivate                     : False
CTPublic                      : False
&#xD;
------------------------- Debug Trace -------------------------&#xD;
 do - 
 do - 
 do - 
 do - 
</system-out>
      </testcase>
   </testsuite>
   <testsuite skipped="0" failures="0" errors="0" time="0" tests="1"
              name="iCRM.ViewModels.Test.PortfolioViewModelTest">
      <testcase time="0" name="CreatePortfolio"
                classname="iCRM.ViewModels.Test.PortfolioViewModelTest"/>
   </testsuite>
   <testsuite skipped="0" failures="0" errors="0" time="0" tests="1"
              name="iCRM.ViewModels.Test.MinutesOwnerListViewModelTest">
      <testcase time="0" name="TestLazyLoadItems"
                classname="iCRM.ViewModels.Test.MinutesOwnerListViewModelTest"/>
   </testsuite>
   <testsuite skipped="0" failures="0" errors="0" time="0" tests="3"
              name="iCRM.ViewModels.Test.PitchTasksListViewModelTest">
      <testcase time="0" name="RefreshMessageSink"
                classname="iCRM.ViewModels.Test.PitchTasksListViewModelTest"/>
      <testcase time="0" name="AddNewTaskCommand"
                classname="iCRM.ViewModels.Test.PitchTasksListViewModelTest"/>
      <testcase time="0" name="LazyLoadTest"
                classname="iCRM.ViewModels.Test.PitchTasksListViewModelTest"/>
   </testsuite>
   <testsuite skipped="0" failures="0" errors="0" time="0" tests="1"
              name="iCRM.ViewModels.Test.HomeViewModelTest">
      <testcase time="0" name="HomeViewModelTests"
                classname="iCRM.ViewModels.Test.HomeViewModelTest"/>
   </testsuite>
   <testsuite skipped="0" failures="0" errors="0" time="0" tests="2"
              name="iCRM.ViewModels.Test.CustomerCommercialStructureRelatedDataViewModelTest">
      <testcase time="0" name="CustomerCommercialStructureRelatedDataViewModelCtorTest"
                classname="iCRM.ViewModels.Test.CustomerCommercialStructureRelatedDataViewModelTest"/>
      <testcase time="0" name="CanRefreshListCommandTest"
                classname="iCRM.ViewModels.Test.CustomerCommercialStructureRelatedDataViewModelTest"/>
   </testsuite>
   <testsuite skipped="0" failures="0" errors="0" time="0" tests="1"
              name="iCRM.ViewModels.Test.MyCustomListsViewModelTest">
      <testcase time="0" name="MyCustomListsViewModelConstructorTest"
                classname="iCRM.ViewModels.Test.MyCustomListsViewModelTest"/>
   </testsuite>
   <testsuite skipped="0" failures="0" errors="0" time="0" tests="3"
              name="iCRM.Services.iCRM.Tests.iCRMUserSessionContextProviderTest">
      <testcase time="0" name="GetItemTest"
                classname="iCRM.Services.iCRM.Tests.iCRMUserSessionContextProviderTest"/>
      <testcase time="0" name="ExternalApplicationConverterBaseTest"
                classname="iCRM.Services.iCRM.Tests.iCRMUserSessionContextProviderTest"/>
      <testcase time="0" name="iCRMUserSessionContextProviderConstructorTest"
                classname="iCRM.Services.iCRM.Tests.iCRMUserSessionContextProviderTest"/>
   </testsuite>
</testsuites>